t1152212857.193444_x0.3068230_y-0.0158034_a-0.0096662.jpeg CR-A
t1152212857.398868_x0.3111470_y-0.0155626_a-0.0081455.jpeg CR-A
t1152212857.606703_x0.3338330_y-0.0088175_a0.0242882.jpeg CR-A
t1152212857.810708_x0.3504390_y0.0041387_a0.0743100.jpeg CR-A
t1152212858.014719_x0.3732950_y0.0184935_a0.1258430.jpeg CR-A
t1152212858.222732_x0.4404570_y0.0524854_a0.2248600.jpeg CR-A
t1152212858.431753_x0.4404570_y0.0524854_a0.2248600.jpeg CR-A
t1152212858.634756_x0.4690160_y0.0707641_a0.2795660.jpeg CR-A
t1152212858.842767_x0.5129820_y0.0948176_a0.3211980.jpeg CR-A
t1152212859.048926_x0.5565920_y0.1152530_a0.3281240.jpeg CR-A
t1152212859.258993_x0.6152980_y0.1356600_a0.3325380.jpeg CR-A
t1152212859.462986_x0.6776420_y0.1575870_a0.3309000.jpeg CR-A
t1152212859.666989_x0.7319640_y0.1766660_a0.3307450.jpeg CR-A
t1152212859.875001_x0.7932380_y0.1978100_a0.3292800.jpeg CR-A
t1152212860.083012_x0.7932380_y0.1978100_a0.3292800.jpeg CR-A
t1152212860.291054_x0.8531530_y0.2200020_a0.3323590.jpeg CR-A
t1152212860.494991_x0.9093170_y0.2456780_a0.3467720.jpeg CR-A
t1152212860.703507_x0.9827950_y0.2735730_a0.3568900.jpeg CR-A
t1152212860.907227_x1.0533600_y0.3044650_a0.3706310.jpeg CR-A
t1152212861.118336_x1.1204100_y0.3314550_a0.3794930.jpeg CR-A
t1152212861.322952_x1.2007800_y0.3634830_a0.3885400.jpeg CR-A
t1152212861.527019_x1.2566300_y0.3927820_a0.4007720.jpeg CR-A
t1152212861.734913_x1.3208900_y0.4272280_a0.4080640.jpeg CR-A
t1152212861.941217_x1.3908500_y0.4545180_a0.4075200.jpeg CR-A
t1152212862.147275_x1.4589700_y0.4838420_a0.4071890.jpeg CR-A
t1152212862.351030_x1.5325200_y0.5188920_a0.4035570.jpeg CR-A
t1152212862.555059_x1.6014500_y0.5500340_a0.4027510.jpeg CR-A
t1152212862.759040_x1.6700900_y0.5771890_a0.4019460.jpeg CR-A
t1152212862.963188_x1.8124900_y0.6390840_a0.4026480.jpeg CR-A
t1152212863.171377_x1.8124900_y0.6390840_a0.4026480.jpeg CR-A
t1152212863.375366_x1.8907600_y0.6727260_a0.3984220.jpeg CR-A
t1152212863.583145_x1.9550500_y0.6997450_a0.4002260.jpeg CR-A
t1152212863.787431_x2.0266100_y0.7298480_a0.3977830.jpeg CR-A
t1152212863.995660_x2.0978100_y0.7626470_a0.3945400.jpeg CR-A
t1152212864.203732_x2.1704700_y0.7928850_a0.3852490.jpeg CR-A
t1152212864.417696_x2.2228600_y0.8101890_a0.3740030.jpeg CR-A
t1152212864.623758_x2.3042300_y0.8356310_a0.3551900.jpeg CR-A
t1152212864.827764_x2.4413400_y0.8803050_a0.3326980.jpeg CR-A
t1152212865.032929_x2.4413400_y0.8803050_a0.3326980.jpeg CR-A
t1152212865.239321_x2.5214400_y0.9123150_a0.3206540.jpeg CR-A
t1152212865.443337_x2.5847100_y0.9374120_a0.3363570.jpeg CR-A
t1152212865.647222_x2.6422100_y0.9584510_a0.3240130.jpeg CR-A
t1152212865.851230_x2.6910500_y0.9777020_a0.3340400.jpeg CR-A
t1152212866.055235_x2.6910500_y0.9777020_a0.3340400.jpeg CR-A
t1152212866.259358_x2.8360200_y1.0323200_a0.3340980.jpeg CR-A
t1152212866.463454_x2.8360200_y1.0323200_a0.3340980.jpeg CR-A
t1152212866.671607_x2.8881700_y1.0508500_a0.3322800.jpeg CR-A
t1152212866.880198_x2.9737200_y1.0751500_a0.3226240.jpeg CR-A
t1152212867.091161_x3.1185600_y1.1223300_a0.3158110.jpeg CR-A
t1152212867.295373_x3.1185600_y1.1223300_a0.3158110.jpeg CR-A
t1152212867.503312_x3.1831300_y1.1462000_a0.3243060.jpeg CR-A
t1152212867.707304_x3.2886100_y1.1737400_a0.3084930.jpeg CR-A
t1152212867.911834_x3.4584000_y1.2272700_a0.3078610.jpeg CR-A
t1152212868.116493_x3.4584000_y1.2272700_a0.3078610.jpeg CR-A
t1152212868.319369_x3.5283800_y1.2493100_a0.3035250.jpeg CR-A
t1152212868.523383_x3.6074200_y1.2737500_a0.3035250.jpeg CR-A
t1152212868.731443_x3.6814100_y1.2986000_a0.3060070.jpeg CR-A
t1152212868.936822_x3.7591400_y1.3233900_a0.3069750.jpeg CR-A
t1152212869.147697_x3.8405900_y1.3495200_a0.3054250.jpeg CR-A
t1152212869.351476_x3.9213200_y1.3744500_a0.3044580.jpeg CR-A
t1152212869.555466_x3.9999000_y1.4011000_a0.3131830.jpeg CR-A
t1152212869.759476_x4.1645300_y1.4554700_a0.3080180.jpeg CR-A
t1152212869.963820_x4.1645300_y1.4554700_a0.3080180.jpeg CR-A
t1152212870.171531_x4.2445700_y1.4801500_a0.3030670.jpeg CR-A
t1152212870.379815_x4.3401300_y1.5089700_a0.2938900.jpeg CR-A
t1152212870.583834_x4.4243400_y1.5338200_a0.2956340.jpeg CR-A
t1152212870.791580_x4.5870500_y1.5822600_a0.2956340.jpeg CR-A
t1152212870.996726_x4.5870500_y1.5822600_a0.2956340.jpeg CR-A
t1152212871.204152_x4.7331300_y1.6178500_a0.2978660.jpeg CR-A
t1152212871.424207_x4.8921400_y1.6640000_a0.2916320.jpeg CR-A
t1152212871.627772_x4.8921400_y1.6640000_a0.2916320.jpeg CR-A
t1152212871.831604_x4.9791800_y1.6900600_a0.2891970.jpeg CR-A
t1152212872.037516_x4.9791800_y1.6900600_a0.2891970.jpeg CR-A
t1152212872.241894_x5.0611500_y1.7066600_a0.2587170.jpeg CR-A
t1152212872.453896_x5.1369400_y1.7168700_a0.2246880.jpeg CR-A
t1152212872.655661_x5.2604400_y1.7203800_a0.1278580.jpeg CR-A
t1152212872.859663_x5.2604400_y1.7203800_a0.1278580.jpeg CR-A
t1152212873.072233_x5.3311700_y1.7182300_a0.0756809.jpeg CR-A
t1152212873.280359_x5.4040700_y1.7051000_a0.0274222.jpeg CR-A
t1152212873.491068_x5.4769000_y1.6943600_a-0.0332493.jpeg CR-A
t1152212873.695712_x5.5442300_y1.6723700_a-0.1075830.jpeg CR-A
t1152212873.900462_x5.6133300_y1.6494300_a-0.1633500.jpeg CR-A
t1152212874.104347_x5.6727000_y1.6186600_a-0.2508130.jpeg CR-A
t1152212874.311929_x5.7216500_y1.5936300_a-0.3006530.jpeg CR-A
t1152212874.515929_x5.7800300_y1.5093800_a-0.5665430.jpeg CR-A
t1152212874.719961_x5.7800300_y1.5093800_a-0.5665430.jpeg CR-A
t1152212874.923968_x5.7742700_y1.4694800_a-0.7352380.jpeg CR-A
t1152212875.134257_x5.7682700_y1.4239100_a-0.9062240.jpeg CR-A
t1152212875.339947_x5.7515400_y1.3329900_a-1.1840500.jpeg CR-A
t1152212875.547816_x5.7515400_y1.3329900_a-1.1840500.jpeg CR-A
t1152212875.751847_x5.7403400_y1.2908500_a-1.2980100.jpeg CR-A
t1152212875.960035_x5.7409300_y1.2388200_a-1.3547300.jpeg CR-A
t1152212876.164008_x5.7526300_y1.1011200_a-1.3939400.jpeg CR-A
t1152212876.368059_x5.7526300_y1.1011200_a-1.3939400.jpeg CR-A
t1152212876.572055_x5.7662100_y1.0172300_a-1.4055200.jpeg CR-A
t1152212876.775901_x5.7722800_y0.9299280_a-1.4356300.jpeg CR-A
t1152212876.984553_x5.7754600_y0.8463320_a-1.4810000.jpeg CR-A
t1152212877.187934_x5.7672700_y0.7724110_a-1.5401600.jpeg CR-A
t1152212877.392118_x5.7511300_y0.6766080_a-1.6202600.jpeg CR-A
t1152212877.595970_x5.7278400_y0.6137570_a-1.6892700.jpeg CR-A
t1152212877.800959_x5.6867500_y0.4839630_a-1.8087700.jpeg CR-A
t1152212878.008273_x5.6867500_y0.4839630_a-1.8087700.jpeg CR-A
t1152212878.212196_x5.6867500_y0.4839630_a-1.8087700.jpeg CR-A
t1152212878.416148_x5.6591500_y0.4151480_a-1.8694900.jpeg CR-A
t1152212878.622337_x5.6218600_y0.3495280_a-1.9198700.jpeg CR-A
t1152212878.828552_x5.5549400_y0.2311130_a-2.0070600.jpeg CR-A
t1152212879.034143_x5.5549400_y0.2311130_a-2.0070600.jpeg CR-A
t1152212879.242507_x5.5127700_y0.1569420_a-2.0450200.jpeg CR-A
t1152212879.450729_x5.4660500_y0.1013580_a-2.1200200.jpeg CR-A
t1152212879.656024_x5.3590200_y-0.0099666_a-2.2448700.jpeg CR-A
t1152212879.860032_x5.3590200_y-0.0099666_a-2.2448700.jpeg CR-A
t1152212880.068287_x5.3077500_y-0.0467668_a-2.3227900.jpeg CR-A
t1152212880.272584_x5.1712200_y-0.1257230_a-2.4828600.jpeg CR-A
t1152212880.479515_x5.1712200_y-0.1257230_a-2.4828600.jpeg CR-A
t1152212880.684176_x5.1093100_y-0.1532510_a-2.5609100.jpeg CR-A
t1152212880.889477_x5.0559000_y-0.1673870_a-2.6348400.jpeg CR-A
t1152212881.097833_x4.9905500_y-0.1763450_a-2.7279800.jpeg CR-A
t1152212881.308185_x4.8476700_y-0.1857830_a-2.9107500.jpeg CR-A
t1152212881.516142_x4.8476700_y-0.1857830_a-2.9107500.jpeg CR-A
t1152212881.724552_x4.7740300_y-0.1920380_a-3.0099500.jpeg CR-A
t1152212881.928290_x4.7082900_y-0.1832170_a-3.0709000.jpeg CR-A
t1152212882.134908_x4.6399500_y-0.1734960_a-3.1262300.jpeg CR-A
t1152212882.344712_x4.5847200_y-0.1578520_a3.0922200.jpeg CR-A
t1152212882.552857_x4.4644100_y-0.1194210_a2.9660400.jpeg CR-A
t1152212882.760459_x4.4644100_y-0.1194210_a2.9660400.jpeg CR-A
t1152212882.964403_x4.4155300_y-0.1007460_a2.8949900.jpeg CR-A
t1152212883.172966_x4.2816300_y-0.0651351_a2.8897300.jpeg CR-A
t1152212883.376611_x4.2816300_y-0.0651351_a2.8897300.jpeg CR-A
t1152212883.580618_x4.2008900_y-0.0441425_a2.8864800.jpeg CR-A
t1152212883.788520_x4.0613600_y-0.0065866_a2.8841800.jpeg CR-A
t1152212883.992363_x4.0613600_y-0.0065866_a2.8841800.jpeg CR-A
t1152212884.196363_x4.0613600_y-0.0065866_a2.8841800.jpeg CR-A
t1152212884.400979_x4.0019700_y0.0090348_a2.8852300.jpeg CR-A
t1152212884.608560_x3.9389000_y0.0257113_a2.8849600.jpeg CR-A
t1152212884.812567_x3.8807600_y0.0415234_a2.8846700.jpeg CR-A
t1152212885.020601_x3.7465700_y0.0764167_a2.8853600.jpeg CR-A
t1152212885.224898_x3.7465700_y0.0764167_a2.8853600.jpeg CR-A
t1152212885.428913_x3.6819700_y0.0929580_a2.8849900.jpeg CR-A
t1152212885.636909_x3.6246600_y0.1025990_a2.8820700.jpeg CR-A
t1152212885.844916_x3.5590000_y0.1184700_a2.8825100.jpeg CR-A
t1152212886.048825_x3.4865000_y0.1380180_a2.8699800.jpeg CR-A
t1152212886.252722_x3.3666900_y0.1976290_a2.7763900.jpeg CR-A
t1152212886.456658_x3.3666900_y0.1976290_a2.7763900.jpeg CR-A
t1152212886.661226_x3.3143400_y0.2320990_a2.7147400.jpeg CR-A
t1152212886.868713_x3.2726400_y0.2571740_a2.6743100.jpeg CR-A
t1152212887.073180_x3.1426400_y0.3283310_a2.6569800.jpeg CR-A
t1152212887.280602_x3.1426400_y0.3283310_a2.6569800.jpeg CR-A
t1152212887.488588_x3.0803600_y0.3624360_a2.6535400.jpeg CR-A
t1152212887.696564_x2.9524800_y0.4308820_a2.6535400.jpeg CR-A
t1152212887.900593_x2.9524800_y0.4308820_a2.6535400.jpeg CR-A
t1152212888.104614_x2.8832900_y0.4690660_a2.6461900.jpeg CR-A
t1152212888.312639_x2.7533900_y0.5411110_a2.6412400.jpeg CR-A
t1152212888.516650_x2.7533900_y0.5411110_a2.6412400.jpeg CR-A
t1152212888.724967_x2.6760100_y0.5833550_a2.6423100.jpeg CR-A
t1152212888.932729_x2.6201800_y0.6147520_a2.6389500.jpeg CR-A
t1152212889.141136_x2.5566600_y0.6467470_a2.6380100.jpeg CR-A
t1152212889.352690_x2.4204600_y0.7219560_a2.6344600.jpeg CR-A
t1152212889.556703_x2.4204600_y0.7219560_a2.6344600.jpeg CR-A
t1152212889.760712_x2.3542900_y0.7572930_a2.6335300.jpeg CR-A
t1152212889.964720_x2.2811200_y0.7994160_a2.6298400.jpeg CR-A
t1152212890.169488_x2.2811200_y0.7994160_a2.6298400.jpeg CR-A
t1152212890.373079_x2.2155300_y0.8346550_a2.6302300.jpeg CR-A
t1152212890.577080_x2.1514700_y0.8715970_a2.6275700.jpeg CR-A
t1152212890.780824_x2.0158800_y0.9478380_a2.6270200.jpeg CR-A
t1152212890.985750_x2.0158800_y0.9478380_a2.6270200.jpeg CR-A
t1152212891.196816_x1.9427000_y0.9895410_a2.6243200.jpeg CR-A
t1152212891.428684_x1.8120400_y1.0662100_a2.6220600.jpeg CR-A
t1152212891.633164_x1.8120400_y1.0662100_a2.6220600.jpeg CR-A
t1152212891.845655_x1.7521900_y1.1005800_a2.6263000.jpeg CR-A
t1152212892.053628_x1.5993800_y1.1889600_a2.6203300.jpeg CR-A
t1152212892.261021_x1.5993800_y1.1889600_a2.6203300.jpeg CR-A
t1152212892.465041_x1.5226300_y1.2335600_a2.6186300.jpeg CR-A
t1152212892.668884_x1.4515300_y1.2757900_a2.6107000.jpeg CR-A
t1152212892.877222_x1.3062100_y1.3631900_a2.6133100.jpeg CR-A
t1152212893.089100_x1.3062100_y1.3631900_a2.6133100.jpeg CR-A
t1152212893.296945_x1.2362700_y1.4049200_a2.6081200.jpeg CR-A
t1152212893.500965_x1.1648700_y1.4490800_a2.6057500.jpeg CR-A
t1152212893.709239_x1.0883400_y1.4927300_a2.6054600.jpeg CR-A
t1152212893.913007_x0.9392710_y1.5818400_a2.6001000.jpeg CR-A
t1152212894.116989_x0.9392710_y1.5818400_a2.6001000.jpeg CR-A
t1152212894.321322_x0.8716900_y1.6255300_a2.5998700.jpeg CR-A
t1152212894.525328_x0.7942470_y1.6665400_a2.5967300.jpeg CR-A
t1152212894.733339_x0.7246190_y1.7073300_a2.5924800.jpeg CR-A
t1152212894.937320_x0.6552750_y1.7469100_a2.5902000.jpeg CR-A
t1152212895.141330_x0.5020680_y1.8411800_a2.5844300.jpeg CR-A
t1152212895.349992_x0.5020680_y1.8411800_a2.5844300.jpeg CR-A
t1152212895.554031_x0.4354170_y1.8909900_a2.5848500.jpeg CR-A
t1152212895.757268_x0.2952630_y1.9801800_a2.5837200.jpeg CR-A
t1152212895.965113_x0.2952630_y1.9801800_a2.5837200.jpeg CR-A
t1152212896.171386_x0.2181930_y2.0252700_a2.5971100.jpeg CR-A
t1152212896.390731_x0.0761322_y2.0902400_a2.6641300.jpeg CR-A
t1152212896.598739_x0.0761322_y2.0902400_a2.6641300.jpeg CR-A
t1152212896.805750_x0.0125559_y2.0892100_a2.7083900.jpeg CR-A
t1152212897.013180_x-0.1335510_y2.1308700_a2.7996900.jpeg CR-A
t1152212897.217781_x-0.1335510_y2.1308700_a2.7996900.jpeg CR-A
t1152212897.425476_x-0.1335510_y2.1308700_a2.7996900.jpeg CR-A
t1152212897.629179_x-0.1960090_y2.1378600_a2.8708800.jpeg CR-A
t1152212897.833184_x-0.3467770_y2.1406500_a2.9954900.jpeg CR-A
t1152212898.037196_x-0.3467770_y2.1406500_a2.9954900.jpeg CR-A
t1152212898.241208_x-0.4824600_y2.1259100_a3.1267400.jpeg CR-A
t1152212898.445230_x-0.4824600_y2.1259100_a3.1267400.jpeg CR-A
t1152212898.649235_x-0.5526890_y2.1222000_a-3.1215700.jpeg CR-A
t1152212898.857470_x-0.6724280_y2.0989700_a-3.0498700.jpeg CR-A
t1152212899.065306_x-0.6724280_y2.0989700_a-3.0498700.jpeg CR-A
t1152212899.269644_x-0.7330420_y2.0896800_a-3.0123200.jpeg CR-A
t1152212899.476252_x-0.7920940_y2.0728200_a-2.9750000.jpeg CR-A
t1152212899.684017_x-0.9058110_y2.0311700_a-2.8899800.jpeg CR-A
t1152212899.892004_x-0.9058110_y2.0311700_a-2.8899800.jpeg CR-A
t1152212900.100009_x-0.9715800_y1.9956100_a-2.8285100.jpeg CR-A
t1152212900.306056_x-1.0294700_y1.9585600_a-2.7487100.jpeg CR-A
t1152212900.513568_x-1.0749800_y1.8821700_a-2.5301100.jpeg CR-A
t1152212900.717437_x-1.0749800_y1.8821700_a-2.5301100.jpeg CR-A
t1152212900.925421_x-1.0848000_y1.8545300_a-2.4132600.jpeg CR-A
t1152212901.130653_x-1.0958800_y1.8115700_a-2.3077700.jpeg CR-A
t1152212901.337601_x-1.0756300_y1.7382600_a-2.0408600.jpeg CR-A
t1152212901.541635_x-1.0756300_y1.7382600_a-2.0408600.jpeg CR-A
t1152212901.745624_x-1.0703600_y1.7006500_a-1.9482700.jpeg CR-A
t1152212901.953773_x-1.0557200_y1.6771600_a-1.8622300.jpeg CR-A
t1152212902.158087_x-1.0448900_y1.6456300_a-1.7717700.jpeg CR-A
t1152212902.363799_x-1.0309300_y1.6153100_a-1.6795100.jpeg CR-A
t1152212902.570127_x-1.0197800_y1.5841900_a-1.6090800.jpeg CR-A
t1152212902.773542_x-1.0084000_y1.5669600_a-1.5760200.jpeg CR-A
t1152212902.977801_x-1.0084000_y1.5669600_a-1.5760200.jpeg CR-A
t1152212903.181576_x-1.0071900_y1.5175700_a-1.5534900.jpeg CR-A
t1152212903.393881_x-1.0048400_y1.4585300_a-1.5455100.jpeg CR-A
t1152212903.597819_x-0.9951820_y1.3960500_a-1.5468400.jpeg CR-A
t1152212903.805799_x-0.9938440_y1.3380800_a-1.5469800.jpeg CR-A
t1152212904.009773_x-0.9938010_y1.2833800_a-1.5483900.jpeg CR-A
t1152212904.213905_x-0.9959970_y1.2292200_a-1.5480800.jpeg CR-A
t1152212904.417786_x-0.9946670_y1.1696100_a-1.5480300.jpeg CR-A
t1152212904.622761_x-0.9933320_y1.1003200_a-1.5461600.jpeg CR-A
t1152212904.825683_x-0.9942460_y1.0265800_a-1.5477100.jpeg CR-A
t1152212905.029681_x-0.9984790_y0.9553940_a-1.5498900.jpeg CR-A
t1152212905.237650_x-1.0003900_y0.8748740_a-1.5571200.jpeg CR-A
t1152212905.441669_x-1.0032200_y0.8074150_a-1.5562400.jpeg CR-A
t1152212905.649617_x-1.0061600_y0.7318710_a-1.5593000.jpeg CR-A
t1152212905.855927_x-1.0087000_y0.6561330_a-1.5571100.jpeg CR-A
t1152212906.065913_x-1.0089200_y0.5791100_a-1.5583500.jpeg CR-A
t1152212906.273756_x-1.0143100_y0.5731010_a-1.5558900.jpeg CR-A
t1152212906.477771_x-1.0134200_y0.4945480_a-1.5558900.jpeg CR-A
t1152212906.681700_x-1.0132800_y0.5105230_a-1.5522600.jpeg CR-A
t1152212906.890217_x-1.0060100_y0.5419770_a-1.5572400.jpeg CR-A
t1152212907.093896_x-1.0093700_y0.4555260_a-1.5616600.jpeg CR-A
t1152212907.302426_x-1.0114700_y0.3794720_a-1.5603700.jpeg CR-A
t1152212907.510340_x-1.0139500_y0.3017660_a-1.5603600.jpeg CR-A
t1152212907.718475_x-1.0059200_y0.1820200_a-1.5595900.jpeg CR-A
t1152212907.925933_x-1.0059200_y0.1820200_a-1.5595900.jpeg CR-A
t1152212908.130667_x-1.0004100_y0.0861251_a-1.5635000.jpeg CR-A
t1152212908.338011_x-1.0004900_y0.0088983_a-1.5657600.jpeg CR-A
t1152212908.541826_x-0.9933130_y-0.0694766_a-1.5663700.jpeg CR-A
t1152212908.746323_x-0.9908170_y-0.1480640_a-1.5680400.jpeg CR-A
t1152212908.953965_x-0.9972240_y-0.2215920_a-1.5657200.jpeg CR-A
t1152212909.158520_x-0.9972240_y-0.2215920_a-1.5657200.jpeg CR-A
t1152212909.364383_x-0.9973350_y-0.2952890_a-1.5685400.jpeg CR-A
t1152212909.570915_x-1.0010100_y-0.4493180_a-1.5698000.jpeg CR-A
t1152212909.778092_x-1.0010100_y-0.4493180_a-1.5698000.jpeg CR-A
t1152212909.982105_x-1.0002600_y-0.5298270_a-1.5741300.jpeg CR-A
t1152212910.186115_x-1.0021000_y-0.6031270_a-1.5746300.jpeg CR-A
t1152212910.390280_x-1.0039700_y-0.6683600_a-1.5772700.jpeg CR-A
t1152212910.598333_x-1.0068800_y-0.7250370_a-1.5764900.jpeg CR-A
t1152212910.802943_x-1.0040000_y-0.7816030_a-1.5589300.jpeg CR-A
t1152212911.006059_x-0.9915020_y-0.8420910_a-1.5570600.jpeg CR-A
t1152212911.210369_x-0.9858970_y-0.9008830_a-1.5507300.jpeg CR-A
t1152212911.429653_x-0.9858320_y-0.9460560_a-1.5489800.jpeg CR-A
t1152212911.635533_x-0.9905890_y-0.9875150_a-1.5497400.jpeg CR-A
t1152212911.843909_x-0.9922190_y-0.9891010_a-1.5504300.jpeg CR-A
t1152212912.054137_x-0.9922630_y-1.0294400_a-1.5490500.jpeg CR-A
t1152212912.258732_x-0.9876310_y-1.0700300_a-1.5500900.jpeg CR-A
t1152212912.466744_x-0.9897350_y-1.1103700_a-1.5521400.jpeg CR-A
t1152212912.670306_x-0.9910400_y-1.1434800_a-1.5535600.jpeg CR-A
t1152212912.874338_x-0.9927380_y-1.1823400_a-1.5484300.jpeg CR-A
t1152212913.082171_x-0.9802750_y-1.2071500_a-1.5108200.jpeg CR-A
t1152212913.290915_x-0.9749920_y-1.2446300_a-1.4970100.jpeg CR-A
t1152212913.494217_x-0.9749450_y-1.2785900_a-1.4947200.jpeg CR-A
t1152212913.698388_x-0.9737610_y-1.3112900_a-1.4951500.jpeg CR-A
t1152212913.902246_x-0.9713420_y-1.3470100_a-1.4951500.jpeg CR-A
t1152212914.109303_x-0.9712680_y-1.3804000_a-1.4987100.jpeg CR-A
t1152212914.315012_x-0.9697160_y-1.4126300_a-1.4987100.jpeg CR-A
t1152212914.526232_x-0.9718740_y-1.4488700_a-1.5060700.jpeg CR-A
t1152212914.730281_x-0.9712660_y-1.4824800_a-1.5093000.jpeg CR-A
t1152212914.934522_x-0.9719570_y-1.5104700_a-1.5136800.jpeg CR-A
t1152212915.138465_x-0.9719570_y-1.5104700_a-1.5136800.jpeg CR-A
t1152212915.342473_x-0.9706310_y-1.5460100_a-1.5135100.jpeg CR-A
t1152212915.550314_x-0.9682310_y-1.5823600_a-1.5135500.jpeg CR-A
t1152212915.754979_x-0.9676060_y-1.6182500_a-1.5145000.jpeg CR-A
t1152212915.967031_x-0.9672400_y-1.6637000_a-1.5164200.jpeg CR-A
t1152212916.170420_x-0.9658130_y-1.7322400_a-1.5194900.jpeg CR-A
t1152212916.375125_x-0.9632590_y-1.7802500_a-1.5189200.jpeg CR-A
t1152212916.582406_x-0.9536220_y-1.8387000_a-1.5196800.jpeg CR-A
t1152212916.786687_x-0.9520590_y-1.8946400_a-1.5230100.jpeg CR-A
t1152212916.990617_x-0.9483600_y-1.9535900_a-1.5203600.jpeg CR-A
t1152212917.194678_x-0.9469160_y-2.0167800_a-1.5221000.jpeg CR-A
t1152212917.402095_x-0.9475400_y-2.0784300_a-1.5237400.jpeg CR-A
t1152212917.606599_x-0.9434770_y-2.1407300_a-1.5230100.jpeg CR-A
t1152212917.810771_x-0.9423610_y-2.2083400_a-1.5265100.jpeg CR-A
t1152212918.014513_x-0.9375760_y-2.2754300_a-1.5266400.jpeg CR-A
t1152212918.219348_x-0.9399130_y-2.3431200_a-1.5283800.jpeg CR-A
t1152212918.423467_x-0.9369120_y-2.4138200_a-1.5325600.jpeg CR-A
t1152212918.632131_x-0.9324000_y-2.4806400_a-1.5321100.jpeg CR-A
t1152212918.834543_x-0.9309770_y-2.5506300_a-1.5329600.jpeg CR-A
t1152212919.042733_x-0.9262950_y-2.6250500_a-1.5375600.jpeg CR-A
t1152212919.246552_x-0.9200210_y-2.7046600_a-1.5370500.jpeg CR-A
t1152212919.450572_x-0.9185270_y-2.7747200_a-1.5384100.jpeg CR-A
t1152212919.655221_x-0.9193630_y-2.8498200_a-1.5389300.jpeg CR-A
t1152212919.858879_x-0.9176910_y-2.9250500_a-1.5389300.jpeg CR-A
t1152212920.062892_x-0.9167910_y-2.9970400_a-1.5471400.jpeg CR-A
t1152212920.266925_x-0.9157110_y-3.0789800_a-1.5471400.jpeg CR-A
t1152212920.470917_x-0.9157110_y-3.0789800_a-1.5471400.jpeg CR-A
t1152212920.674776_x-0.9148440_y-3.1530600_a-1.5471400.jpeg CR-A
t1152212920.879528_x-0.9140740_y-3.2281300_a-1.5471400.jpeg CR-A
t1152212921.091408_x-0.9125110_y-3.3062200_a-1.5471400.jpeg CR-A
t1152212921.298656_x-0.9115470_y-3.3871500_a-1.5471400.jpeg CR-A
t1152212921.502691_x-0.9017250_y-3.4624800_a-1.5572800.jpeg CR-A
t1152212921.707305_x-0.9044320_y-3.5287300_a-1.5569000.jpeg CR-A
t1152212921.919036_x-0.9043190_y-3.6129800_a-1.5569000.jpeg CR-A
t1152212922.132457_x-0.9008850_y-3.6954200_a-1.5612800.jpeg CR-A
t1152212922.342767_x-0.8973170_y-3.8653500_a-1.5639700.jpeg CR-A
t1152212922.546778_x-0.8973170_y-3.8653500_a-1.5639700.jpeg CR-A
t1152212922.755364_x-0.8865410_y-3.9721200_a-1.5631900.jpeg CR-A
t1152212922.967201_x-0.8892290_y-4.0654300_a-1.5610600.jpeg CR-A
t1152212923.174856_x-0.8888950_y-4.1493900_a-1.5604400.jpeg CR-A
t1152212923.402956_x-0.9000420_y-4.2465000_a-1.5610200.jpeg CR-A
t1152212923.610823_x-0.8992120_y-4.3377500_a-1.5656700.jpeg CR-A
t1152212923.819022_x-0.9023800_y-4.4360000_a-1.5657300.jpeg CR-A
t1152212924.022862_x-0.9035430_y-4.6084300_a-1.5642100.jpeg CR-A
t1152212924.231146_x-0.9035430_y-4.6084300_a-1.5642100.jpeg CR-A
t1152212924.434948_x-0.9065510_y-4.6995800_a-1.5712700.jpeg CR-A
t1152212924.642910_x-0.9034600_y-4.9166900_a-1.5756900.jpeg CR-A
t1152212924.847069_x-0.9034600_y-4.9166900_a-1.5756900.jpeg CR-A
t1152212925.055502_x-0.9039510_y-5.0166300_a-1.5754600.jpeg CR-A
t1152212925.259516_x-0.9072870_y-5.1904500_a-1.5766100.jpeg CR-A
t1152212925.463531_x-0.9072870_y-5.1904500_a-1.5766100.jpeg CR-A
t1152212925.667351_x-0.9097510_y-5.2911900_a-1.5764000.jpeg CR-A
t1152212925.871568_x-0.9075460_y-5.3993900_a-1.5759700.jpeg CR-A
t1152212926.079000_x-0.9104050_y-5.5919700_a-1.5816800.jpeg CR-A
t1152212926.283791_x-0.9104050_y-5.5919700_a-1.5816800.jpeg CR-A
t1152212926.490991_x-0.9178090_y-5.6743600_a-1.5816100.jpeg CR-A
t1152212926.695091_x-0.9181990_y-5.7823100_a-1.5841600.jpeg CR-A
t1152212926.903220_x-0.9207070_y-5.8684000_a-1.5841600.jpeg CR-A
t1152212927.111234_x-0.9242740_y-5.9671600_a-1.5905500.jpeg CR-A
t1152212927.319239_x-0.9263300_y-6.0553000_a-1.5935200.jpeg CR-A
t1152212927.523330_x-0.9205080_y-6.1317700_a-1.5911700.jpeg CR-A
t1152212927.731112_x-0.9234080_y-6.2235500_a-1.5911700.jpeg CR-A
t1152212927.935033_x-0.9234080_y-6.2235500_a-1.5911700.jpeg CR-A
t1152212928.139620_x-0.9277270_y-6.4030500_a-1.6003400.jpeg CR-A
t1152212928.349673_x-0.9277270_y-6.4030500_a-1.6003400.jpeg CR-A
t1152212928.555179_x-0.9207100_y-6.4774000_a-1.5990900.jpeg CR-A
t1152212928.763167_x-0.9244390_y-6.5490800_a-1.6036500.jpeg CR-A
t1152212928.967461_x-0.9320810_y-6.7265500_a-1.6036500.jpeg CR-A
t1152212929.171497_x-0.9320810_y-6.7265500_a-1.6036500.jpeg CR-A
t1152212929.375786_x-0.9379790_y-6.8183600_a-1.6158100.jpeg CR-A
t1152212929.583388_x-0.9478660_y-7.0011900_a-1.6158100.jpeg CR-A
t1152212929.791402_x-0.9478660_y-7.0011900_a-1.6158100.jpeg CR-A
t1152212929.995950_x-0.9538270_y-7.0750400_a-1.6111000.jpeg CR-A
t1152212930.199956_x-0.9695690_y-7.2645000_a-1.6175000.jpeg CR-A
t1152212930.403981_x-0.9695690_y-7.2645000_a-1.6175000.jpeg CR-A
t1152212930.607682_x-0.9945410_y-7.3169700_a-1.6194200.jpeg CR-A
t1152212930.815267_x-1.0022500_y-7.3936100_a-1.6168700.jpeg CR-A
t1152212931.021735_x-0.9994080_y-7.4617100_a-1.6241700.jpeg CR-A
t1152212931.227316_x-1.0064200_y-7.5640700_a-1.6238900.jpeg CR-A
t1152212931.431971_x-1.0181800_y-7.7477100_a-1.6279200.jpeg CR-A
t1152212931.643356_x-1.0181800_y-7.7477100_a-1.6279200.jpeg CR-A
t1152212931.847383_x-1.0204900_y-7.8463700_a-1.6336400.jpeg CR-A
t1152212932.055366_x-1.0246800_y-7.9437300_a-1.6340000.jpeg CR-A
t1152212932.260053_x-1.0288200_y-8.0294800_a-1.6373200.jpeg CR-A
t1152212932.464070_x-1.0397200_y-8.2157400_a-1.6416600.jpeg CR-A
t1152212932.667376_x-1.0397200_y-8.2157400_a-1.6416600.jpeg CR-A
t1152212932.871367_x-1.0445700_y-8.3066200_a-1.6425500.jpeg CR-A
t1152212933.079507_x-1.0581500_y-8.4738900_a-1.6447700.jpeg CR-A
t1152212933.283733_x-1.0581500_y-8.4738900_a-1.6447700.jpeg CR-A
t1152212933.487424_x-1.0581500_y-8.4738900_a-1.6447700.jpeg CR-A
t1152212933.695472_x-1.0711600_y-8.5664300_a-1.6482500.jpeg CR-A
t1152212933.899487_x-1.0766400_y-8.7080900_a-1.6438000.jpeg CR-A
t1152212934.107667_x-1.0766400_y-8.7080900_a-1.6438000.jpeg CR-A
t1152212934.311530_x-1.0852700_y-8.7698700_a-1.6456000.jpeg CR-A
t1152212934.515525_x-1.0879000_y-8.8095300_a-1.6474000.jpeg CR-A
t1152212934.719730_x-1.0932600_y-8.8637800_a-1.6519900.jpeg CR-A
t1152212934.923466_x-1.1034600_y-8.9748700_a-1.6540200.jpeg CR-A
t1152212935.127613_x-1.1034600_y-8.9748700_a-1.6540200.jpeg CR-A
t1152212935.331568_x-1.1088300_y-9.0336600_a-1.6535300.jpeg CR-A
t1152212935.539590_x-1.1050000_y-9.0806300_a-1.6523500.jpeg CR-A
t1152212935.743848_x-1.1096300_y-9.1292400_a-1.6584600.jpeg CR-A
t1152212935.947591_x-1.1137800_y-9.1725600_a-1.6583600.jpeg CR-A
t1152212936.152049_x-1.1257400_y-9.2542900_a-1.6600700.jpeg CR-A
t1152212936.355587_x-1.1257400_y-9.2542900_a-1.6600700.jpeg CR-A
t1152212936.559654_x-1.1222700_y-9.2893100_a-1.6615500.jpeg CR-A
t1152212936.763707_x-1.1259200_y-9.3228500_a-1.6672500.jpeg CR-A
t1152212936.967656_x-1.1271400_y-9.3486000_a-1.6822000.jpeg CR-A
t1152212937.172661_x-1.1342500_y-9.3701100_a-1.7005300.jpeg CR-A
t1152212937.379330_x-1.1389300_y-9.3817300_a-1.7171000.jpeg CR-A
t1152212937.583716_x-1.1443900_y-9.3937500_a-1.7251900.jpeg CR-A
t1152212937.792438_x-1.1461800_y-9.3902800_a-1.7260700.jpeg CR-A
t1152212937.996024_x-1.1486100_y-9.3902600_a-1.7353800.jpeg CR-A
t1152212938.199923_x-1.1534200_y-9.3894000_a-1.7598100.jpeg CR-A
t1152212938.407773_x-1.1608700_y-9.3966100_a-1.8040200.jpeg CR-A
t1152212938.612252_x-1.1608700_y-9.3966100_a-1.8040200.jpeg CR-A
t1152212938.815840_x-1.1766500_y-9.3930500_a-1.8883400.jpeg CR-A
t1152212939.019766_x-1.1921700_y-9.3904500_a-1.9685700.jpeg CR-A
t1152212939.227815_x-1.2216400_y-9.3712700_a-2.1286600.jpeg CR-A
t1152212939.431929_x-1.2216400_y-9.3712700_a-2.1286600.jpeg CR-A
t1152212939.640105_x-1.2335900_y-9.3632400_a-2.1998200.jpeg CR-A
t1152212939.843887_x-1.2465700_y-9.3532700_a-2.2807500.jpeg CR-A
t1152212940.048491_x-1.2573500_y-9.3441300_a-2.3542000.jpeg CR-A
t1152212940.256479_x-1.2779800_y-9.3201000_a-2.5075500.jpeg CR-A
t1152212940.460495_x-1.2779800_y-9.3201000_a-2.5075500.jpeg CR-A
t1152212940.664021_x-1.2870700_y-9.3075800_a-2.5833700.jpeg CR-A
t1152212940.872210_x-1.3036000_y-9.2816800_a-2.7344200.jpeg CR-A
t1152212941.075966_x-1.3036000_y-9.2816800_a-2.7344200.jpeg CR-A
t1152212941.280913_x-1.3096800_y-9.2685100_a-2.7993000.jpeg CR-A
t1152212941.484009_x-1.3176800_y-9.2391600_a-2.9515800.jpeg CR-A
t1152212941.692677_x-1.3176800_y-9.2391600_a-2.9515800.jpeg CR-A
t1152212941.895980_x-1.3208300_y-9.2248600_a-3.0217500.jpeg CR-A
t1152212942.100573_x-1.3223100_y-9.1935500_a3.1079200.jpeg CR-A
t1152212942.305723_x-1.3223100_y-9.1935500_a3.1079200.jpeg CR-A
t1152212942.516196_x-1.3228800_y-9.1909500_a3.0991000.jpeg CR-A
t1152212942.720213_x-1.3231800_y-9.1887800_a3.0997700.jpeg CR-A
t1152212942.924199_x-1.3330300_y-9.1883900_a3.1033900.jpeg CR-A
t1152212943.128253_x-1.3330300_y-9.1883900_a3.1033900.jpeg CR-A
t1152212943.332221_x-1.3433100_y-9.1868100_a3.0984500.jpeg CR-A
t1152212943.536233_x-1.3744700_y-9.1826300_a3.0904900.jpeg CR-A
t1152212943.740242_x-1.4137800_y-9.1803600_a3.0877600.jpeg CR-A
t1152212943.944112_x-1.4137800_y-9.1803600_a3.0877600.jpeg CR-A
t1152212944.152292_x-1.5189100_y-9.1662900_a3.0864700.jpeg CR-A
t1152212944.360310_x-1.5189100_y-9.1662900_a3.0864700.jpeg CR-A
t1152212944.568324_x-1.5567700_y-9.1569100_a3.0886500.jpeg CR-A
t1152212944.772480_x-1.5938700_y-9.1544500_a3.0894400.jpeg CR-A
t1152212944.976808_x-1.6569000_y-9.1567800_a3.0952200.jpeg CR-A
t1152212945.184139_x-1.6569000_y-9.1567800_a3.0952200.jpeg CR-A
t1152212945.397722_x-1.6861800_y-9.1559000_a3.0956900.jpeg CR-A
t1152212945.600217_x-1.7461600_y-9.1533600_a3.0956900.jpeg CR-A
t1152212945.806022_x-1.7461600_y-9.1533600_a3.0956900.jpeg CR-A
t1152212946.008269_x-1.7670300_y-9.1541400_a3.0938800.jpeg CR-A
t1152212946.217787_x-1.8233100_y-9.1527400_a3.0983400.jpeg 2PO-A
t1152212946.424273_x-1.8233100_y-9.1527400_a3.0983400.jpeg 2PO-A
t1152212946.628238_x-1.8778300_y-9.1398700_a3.0799200.jpeg 2PO-A
t1152212946.832564_x-1.8778300_y-9.1398700_a3.0799200.jpeg 2PO-A
t1152212947.040575_x-1.9040300_y-9.1390500_a3.0769500.jpeg 2PO-A
t1152212947.247646_x-1.9311500_y-9.1364200_a3.0786900.jpeg 2PO-A
t1152212947.455664_x-1.9621300_y-9.1323500_a3.0794300.jpeg 2PO-A
t1152212947.660601_x-1.9947600_y-9.1303000_a3.0786500.jpeg 2PO-A
t1152212947.868335_x-2.0574800_y-9.1273300_a3.0766400.jpeg 2PO-A
t1152212948.076370_x-2.0574800_y-9.1273300_a3.0766400.jpeg 2PO-A
t1152212948.284699_x-2.0925100_y-9.1175400_a3.0762100.jpeg 2PO-A
t1152212948.492572_x-2.1375200_y-9.1198900_a3.0960300.jpeg 2PO-A
t1152212948.697290_x-2.1899100_y-9.1141700_a3.0850000.jpeg 2PO-A
t1152212948.904869_x-2.1899100_y-9.1141700_a3.0850000.jpeg 2PO-A
t1152212949.108579_x-2.2170900_y-9.1153000_a3.0956500.jpeg 2PO-A
t1152212949.312448_x-2.2456000_y-9.1144200_a3.1152100.jpeg 2PO-A
t1152212949.520633_x-2.2827400_y-9.1347200_a-3.0525800.jpeg 2PO-A
t1152212949.728675_x-2.2827400_y-9.1347200_a-3.0525800.jpeg 2PO-A
t1152212949.932539_x-2.2895500_y-9.1515700_a-2.9634700.jpeg 2PO-A
t1152212950.136931_x-2.2895500_y-9.1515700_a-2.9634700.jpeg 2PO-A
t1152212950.340946_x-2.2906900_y-9.1891300_a-2.7965300.jpeg 2PO-A
t1152212950.544961_x-2.2906900_y-9.1891300_a-2.7965300.jpeg 2PO-A
t1152212950.752712_x-2.3145900_y-9.2084500_a-2.7560300.jpeg 2PO-A
t1152212950.960554_x-2.3145900_y-9.2084500_a-2.7560300.jpeg 2PO-A
t1152212951.164668_x-2.3363500_y-9.2192900_a-2.7567900.jpeg 2PO-A
t1152212951.372876_x-2.3543200_y-9.2277500_a-2.7592200.jpeg 2PO-A
t1152212951.576889_x-2.3779400_y-9.2383800_a-2.7612600.jpeg 2PO-A
t1152212951.781829_x-2.4012000_y-9.2467100_a-2.7610000.jpeg 2PO-A
t1152212951.988612_x-2.4490800_y-9.2664200_a-2.7626300.jpeg 2PO-A
t1152212952.193634_x-2.4490800_y-9.2664200_a-2.7626300.jpeg 2PO-A
t1152212952.408659_x-2.4750800_y-9.2748600_a-2.7617700.jpeg 2PO-A
t1152212952.612673_x-2.5108200_y-9.2878300_a-2.7616000.jpeg 2PO-A
t1152212952.817238_x-2.5457400_y-9.3019000_a-2.7631700.jpeg 2PO-A
t1152212953.020677_x-2.6140600_y-9.3291600_a-2.7618700.jpeg 2PO-A
t1152212953.228697_x-2.6140600_y-9.3291600_a-2.7618700.jpeg 2PO-A
t1152212953.432681_x-2.6522700_y-9.3493000_a-2.7598500.jpeg 2PO-A
t1152212953.636688_x-2.6836800_y-9.3601000_a-2.7629700.jpeg 2PO-A
t1152212953.844724_x-2.7264200_y-9.3754200_a-2.7630000.jpeg 2PO-A
t1152212954.053559_x-2.7538300_y-9.3864400_a-2.7641900.jpeg 2PO-A
t1152212954.260729_x-2.7960600_y-9.4071500_a-2.7704500.jpeg 2PO-A
t1152212954.464742_x-2.8327500_y-9.4203600_a-2.7708900.jpeg 2PO-A
t1152212954.668756_x-2.8665200_y-9.4320200_a-2.7700700.jpeg 2PO-A
t1152212954.877596_x-2.9413100_y-9.4586900_a-2.7702400.jpeg 2PO-A
t1152212955.080792_x-2.9413100_y-9.4586900_a-2.7702400.jpeg 2PO-A
t1152212955.284803_x-2.9864200_y-9.4777400_a-2.7724400.jpeg 2PO-A
t1152212955.488816_x-3.0285800_y-9.4944900_a-2.7723800.jpeg 2PO-A
t1152212955.692827_x-3.0721500_y-9.5086100_a-2.7714500.jpeg 2PO-A
t1152212955.896845_x-3.0721500_y-9.5086100_a-2.7714500.jpeg 2PO-A
t1152212956.105048_x-3.1197100_y-9.5292200_a-2.7720700.jpeg 2PO-A
t1152212956.309340_x-3.2104600_y-9.5642200_a-2.7754300.jpeg 2PO-A
t1152212956.517071_x-3.2104600_y-9.5642200_a-2.7754300.jpeg 2PO-A
t1152212956.725063_x-3.2499400_y-9.5780100_a-2.7763300.jpeg 2PO-A
t1152212956.932860_x-3.2869100_y-9.5942100_a-2.7764700.jpeg 2PO-A
t1152212957.141233_x-3.3247700_y-9.6051800_a-2.7746500.jpeg 2PO-A
t1152212957.349267_x-3.4049200_y-9.6328800_a-2.7728800.jpeg 2PO-A
t1152212957.557134_x-3.4049200_y-9.6328800_a-2.7728800.jpeg 2PO-A
t1152212957.761267_x-3.5041700_y-9.6660600_a-2.7867400.jpeg 2PO-A
t1152212957.965090_x-3.5041700_y-9.6660600_a-2.7867400.jpeg 2PO-A
t1152212958.173619_x-3.5476900_y-9.6802300_a-2.7972100.jpeg 2PO-A
t1152212958.381326_x-3.6022100_y-9.6757900_a-2.8768400.jpeg 2PO-A
t1152212958.589030_x-3.6022100_y-9.6757900_a-2.8768400.jpeg 2PO-A
t1152212958.793040_x-3.6335700_y-9.6683500_a-2.9546200.jpeg 2PO-A
t1152212958.997053_x-3.6775500_y-9.6441100_a-3.0966200.jpeg 2PO-A
t1152212959.205235_x-3.6775500_y-9.6441100_a-3.0966200.jpeg 2PO-A
t1152212959.409065_x-3.6966400_y-9.6369800_a3.1204100.jpeg 2PO-A
t1152212959.614968_x-3.7123500_y-9.6319700_a3.0919000.jpeg 2PO-A
t1152212959.817404_x-3.7249900_y-9.6227400_a3.0599700.jpeg 2PO-A
t1152212960.021417_x-3.7491900_y-9.5881300_a2.9177100.jpeg 2PO-A
t1152212960.229115_x-3.7491900_y-9.5881300_a2.9177100.jpeg 2PO-A
t1152212960.433348_x-3.7627000_y-9.5671600_a2.8449700.jpeg 2PO-A
t1152212960.637140_x-3.7704500_y-9.5482900_a2.7685300.jpeg 2PO-A
t1152212960.845173_x-3.8060800_y-9.4844400_a2.5759800.jpeg 2PO-A
t1152212961.053351_x-3.8060800_y-9.4844400_a2.5759800.jpeg 2PO-A
t1152212961.257991_x-3.8242300_y-9.4528800_a2.4956700.jpeg 2PO-A
t1152212961.462037_x-3.8299900_y-9.4159600_a2.4295200.jpeg 2PO-A
t1152212961.665210_x-3.8508200_y-9.3361100_a2.2650500.jpeg 2PO-A
t1152212961.873495_x-3.8508200_y-9.3361100_a2.2650500.jpeg 2PO-A
t1152212962.081683_x-3.8508200_y-9.3361100_a2.2650500.jpeg 2PO-A
t1152212962.285859_x-3.8639000_y-9.2976400_a2.2025600.jpeg 2PO-A
t1152212962.489223_x-3.8539400_y-9.2354900_a1.9959600.jpeg 2PO-A
t1152212962.694037_x-3.8539400_y-9.2354900_a1.9959600.jpeg 2PO-A
t1152212962.902921_x-3.8457400_y-9.2119000_a1.8701500.jpeg 2PO-A
t1152212963.105331_x-3.7979200_y-9.1572900_a1.6014500.jpeg 2PO-A
t1152212963.309770_x-3.7979200_y-9.1572900_a1.6014500.jpeg 2PO-A
t1152212963.517301_x-3.7697200_y-9.1356900_a1.4640500.jpeg 2PO-A
t1152212963.721946_x-3.7363700_y-9.1194000_a1.3280000.jpeg 2PO-A
t1152212963.933393_x-3.7038100_y-9.0967100_a1.2174900.jpeg 2PO-A
t1152212964.137803_x-3.6549000_y-9.0521500_a1.0908400.jpeg 2PO-A
t1152212964.341511_x-3.6549000_y-9.0521500_a1.0908400.jpeg 2PO-A
t1152212964.545404_x-3.6325900_y-9.0302800_a1.0421700.jpeg 2PO-A
t1152212964.749672_x-3.6056400_y-9.0052700_a1.0102000.jpeg 2PO-A
t1152212964.954028_x-3.5561300_y-8.9588000_a0.9294460.jpeg 2PO-A
t1152212965.161426_x-3.5561300_y-8.9588000_a0.9294460.jpeg 2PO-A
t1152212965.365434_x-3.5161000_y-8.9379600_a0.8489010.jpeg 2PO-A
t1152212965.569473_x-3.4740000_y-8.9322900_a0.7473790.jpeg 2PO-A
t1152212965.778224_x-3.4342600_y-8.9223300_a0.6514930.jpeg 2PO-A
t1152212965.981791_x-3.3529100_y-8.9159500_a0.4740210.jpeg 2PO-A
t1152212966.185469_x-3.3529100_y-8.9159500_a0.4740210.jpeg 2PO-A
t1152212966.417479_x-3.3111600_y-8.9151500_a0.3845150.jpeg 2PO-A
t1152212966.621833_x-3.2711200_y-8.9259000_a0.2942460.jpeg 2PO-A
t1152212966.829505_x-3.2359300_y-8.9343600_a0.2165820.jpeg 2PO-A
t1152212967.037721_x-3.1549600_y-8.9479000_a0.0906058.jpeg 2PO-A
t1152212967.241573_x-3.1549600_y-8.9479000_a0.0906058.jpeg 2PO-A
t1152212967.445593_x-3.1200700_y-8.9578100_a0.0303965.jpeg 2PO-A
t1152212967.654174_x-3.0768800_y-8.9633900_a0.0013054.jpeg 2PO-A
t1152212967.858989_x-2.9749500_y-8.9708500_a-0.0422505.jpeg 2PO-A
t1152212968.067380_x-2.9749500_y-8.9708500_a-0.0422505.jpeg 2PO-A
t1152212968.275771_x-2.9749500_y-8.9708500_a-0.0422505.jpeg 2PO-A
t1152212968.483801_x-2.9050600_y-8.9715900_a-0.0429863.jpeg 2PO-A
t1152212968.693955_x-2.8393000_y-8.9753200_a-0.0424977.jpeg 2PO-A
t1152212968.901851_x-2.7847100_y-8.9791400_a-0.0503235.jpeg 2PO-A
t1152212969.106113_x-2.6720400_y-8.9983700_a-0.1089620.jpeg 2PO-A
t1152212969.314149_x-2.6720400_y-8.9983700_a-0.1089620.jpeg 2PO-A
t1152212969.521712_x-2.6097800_y-9.0094000_a-0.1274300.jpeg 2PO-A
t1152212969.726531_x-2.5409500_y-9.0209600_a-0.1594030.jpeg 2PO-A
t1152212969.930038_x-2.4281000_y-9.0475700_a-0.1887960.jpeg 2PO-A
t1152212970.133732_x-2.4281000_y-9.0475700_a-0.1887960.jpeg 2PO-A
t1152212970.338483_x-2.3665000_y-9.0607800_a-0.1982170.jpeg 2PO-A
t1152212970.542493_x-2.2546900_y-9.0826400_a-0.1961210.jpeg 2PO-A
t1152212970.749787_x-2.2546900_y-9.0826400_a-0.1961210.jpeg 2PO-A
t1152212970.954098_x-2.1414300_y-9.1054000_a-0.1993530.jpeg 2PO-A
t1152212971.162532_x-2.1414300_y-9.1054000_a-0.1993530.jpeg 2PO-A
t1152212971.365828_x-2.0856200_y-9.1165200_a-0.1993530.jpeg 2PO-A
t1152212971.570006_x-1.9653200_y-9.1391100_a-0.2009200.jpeg 2PO-A
t1152212971.778032_x-1.9653200_y-9.1391100_a-0.2009200.jpeg 2PO-A
t1152212971.989945_x-1.9455500_y-9.1315700_a-0.2041330.jpeg 2PO-A
t1152212972.194189_x-1.9004800_y-9.1370900_a-0.2081140.jpeg 2PO-A
t1152212972.401878_x-1.8312700_y-9.1505400_a-0.2092130.jpeg 2PO-A
t1152212972.606359_x-1.8052200_y-9.1514200_a-0.2111610.jpeg 2PO-A
t1152212972.814390_x-1.7199800_y-9.1685600_a-0.2091340.jpeg CR-A
t1152212973.022096_x-1.7199800_y-9.1685600_a-0.2091340.jpeg CR-A
t1152212973.226481_x-1.6675000_y-9.1796600_a-0.2081080.jpeg CR-A
t1152212973.437594_x-1.6348000_y-9.1833000_a-0.2018880.jpeg CR-A
t1152212973.645970_x-1.5042200_y-9.2088900_a-0.2035300.jpeg CR-A
t1152212973.850987_x-1.5042200_y-9.2088900_a-0.2035300.jpeg CR-A
t1152212974.059407_x-1.4852200_y-9.2123300_a-0.1970620.jpeg CR-A
t1152212974.262157_x-1.4228900_y-9.2014600_a-0.0981731.jpeg CR-A
t1152212974.466171_x-1.4228900_y-9.2014600_a-0.0981731.jpeg CR-A
t1152212974.672385_x-1.4228900_y-9.2014600_a-0.0981731.jpeg CR-A
t1152212974.878641_x-1.3896400_y-9.1909000_a-0.0325375.jpeg CR-A
t1152212975.085907_x-1.3247100_y-9.1734500_a0.0444318.jpeg CR-A
t1152212975.292534_x-1.3247100_y-9.1734500_a0.0444318.jpeg CR-A
t1152212975.496549_x-1.2969900_y-9.1596200_a0.1060630.jpeg CR-A
t1152212975.700556_x-1.2235800_y-9.1192700_a0.2361680.jpeg CR-A
t1152212975.906391_x-1.2235800_y-9.1192700_a0.2361680.jpeg CR-A
t1152212976.114289_x-1.1821600_y-9.0971200_a0.2947990.jpeg CR-A
t1152212976.326734_x-1.1434000_y-9.0710100_a0.3522870.jpeg CR-A
t1152212976.534757_x-1.1052300_y-9.0575900_a0.3496710.jpeg CR-A
t1152212976.742227_x-0.9983780_y-9.0189500_a0.3466560.jpeg CR-A
t1152212976.946326_x-0.9983780_y-9.0189500_a0.3466560.jpeg CR-A
t1152212977.150377_x-0.9481290_y-9.0010200_a0.3447520.jpeg CR-A
t1152212977.354368_x-0.8954150_y-8.9823800_a0.3431290.jpeg CR-A
t1152212977.558333_x-0.7917520_y-8.9448400_a0.3422900.jpeg CR-A
t1152212977.762378_x-0.7917520_y-8.9448400_a0.3422900.jpeg CR-A
t1152212977.966270_x-0.7459740_y-8.9274100_a0.3475900.jpeg CR-A
t1152212978.172636_x-0.6743060_y-8.8704700_a0.4689080.jpeg CR-A
t1152212978.378767_x-0.6743060_y-8.8704700_a0.4689080.jpeg CR-A
t1152212978.586447_x-0.6459670_y-8.8408300_a0.5422730.jpeg CR-A
t1152212978.794560_x-0.6248050_y-8.7649600_a0.7649010.jpeg CR-A
t1152212979.002604_x-0.6248050_y-8.7649600_a0.7649010.jpeg CR-A
t1152212979.206345_x-0.6099930_y-8.7167100_a0.8809250.jpeg CR-A
t1152212979.410470_x-0.6256890_y-8.6433200_a1.1392000.jpeg CR-A
t1152212979.618917_x-0.6256890_y-8.6433200_a1.1392000.jpeg CR-A
t1152212979.826929_x-0.6484290_y-8.6083700_a1.2976500.jpeg CR-A
t1152212980.030668_x-0.6695480_y-8.5804600_a1.4232900.jpeg CR-A
t1152212980.234653_x-0.6889260_y-8.5187000_a1.5262700.jpeg CR-A
t1152212980.438678_x-0.6889260_y-8.5187000_a1.5262700.jpeg CR-A
t1152212980.642681_x-0.6889260_y-8.5187000_a1.5262700.jpeg CR-A
t1152212980.847579_x-0.7055230_y-8.4135200_a1.5829500.jpeg CR-A
t1152212981.050637_x-0.7055230_y-8.4135200_a1.5829500.jpeg CR-A
t1152212981.258612_x-0.7107060_y-8.3107600_a1.5766400.jpeg CR-A
t1152212981.462582_x-0.7107060_y-8.3107600_a1.5766400.jpeg CR-A
t1152212981.670771_x-0.7133720_y-8.2504100_a1.5763900.jpeg CR-A
t1152212981.878780_x-0.7266070_y-8.1720200_a1.5747500.jpeg CR-A
t1152212982.086378_x-0.7282030_y-8.0864300_a1.5725300.jpeg CR-A
t1152212982.290540_x-0.7316460_y-8.0091700_a1.5696100.jpeg CR-A
t1152212982.494524_x-0.7332350_y-7.8631900_a1.5658300.jpeg CR-A
t1152212982.698521_x-0.7332350_y-7.8631900_a1.5658300.jpeg CR-A
t1152212982.902857_x-0.6889920_y-7.7769400_a1.3797400.jpeg CR-A
t1152212983.106580_x-0.6889920_y-7.7769400_a1.3797400.jpeg CR-A
t1152212983.314555_x-0.6593490_y-7.7351200_a1.2848800.jpeg CR-A
t1152212983.522758_x-0.5901290_y-7.7031600_a1.0402100.jpeg CR-A
t1152212983.726783_x-0.5901290_y-7.7031600_a1.0402100.jpeg CR-A
t1152212983.934956_x-0.5550410_y-7.6867100_a0.9355690.jpeg CR-A
t1152212984.138574_x-0.4872140_y-7.6280200_a0.8603610.jpeg CR-A
t1152212984.342614_x-0.4872140_y-7.6280200_a0.8603610.jpeg CR-A
t1152212984.550821_x-0.4385230_y-7.5768400_a0.8358230.jpeg CR-A
t1152212984.758834_x-0.3900050_y-7.5405900_a0.7852590.jpeg CR-A
t1152212984.966635_x-0.3397850_y-7.5353700_a0.6380610.jpeg CR-A
t1152212985.170972_x-0.2673200_y-7.5450200_a0.4009450.jpeg CR-A
t1152212985.378301_x-0.2673200_y-7.5450200_a0.4009450.jpeg CR-A
t1152212985.586313_x-0.2510580_y-7.5546200_a0.3164430.jpeg CR-A
t1152212985.791209_x-0.2376230_y-7.5718800_a0.2137120.jpeg CR-A
t1152212985.995486_x-0.2171240_y-7.5979200_a0.0728825.jpeg CR-A
t1152212986.203372_x-0.2171240_y-7.5979200_a0.0728825.jpeg CR-A
t1152212986.421954_x-0.2071750_y-7.6050600_a0.0353740.jpeg CR-A
t1152212986.631494_x-0.1886630_y-7.6000000_a0.0545777.jpeg CR-A
t1152212986.835078_x-0.1886630_y-7.6000000_a0.0545777.jpeg CR-A
t1152212987.039253_x-0.1095130_y-7.6101600_a0.0617815.jpeg CR-A
t1152212987.244176_x-0.1095130_y-7.6101600_a0.0617815.jpeg CR-A
t1152212987.448192_x0.0090857_y-7.6014300_a0.0774833.jpeg PA-A
t1152212987.656925_x0.0090857_y-7.6014300_a0.0774833.jpeg PA-A
t1152212987.864941_x0.0698293_y-7.5890000_a0.1108380.jpeg PA-A
t1152212988.072950_x0.1728190_y-7.5722600_a0.1374350.jpeg PA-A
t1152212988.280959_x0.1728190_y-7.5722600_a0.1374350.jpeg PA-A
t1152212988.488978_x0.1983420_y-7.5745600_a0.1450280.jpeg PA-A
t1152212988.696982_x0.2347230_y-7.5739200_a0.1503920.jpeg PA-A
t1152212988.906917_x0.2673020_y-7.5663200_a0.1513400.jpeg PA-A
t1152212989.110908_x0.3216130_y-7.5667600_a0.1516360.jpeg PA-A
t1152212989.315224_x0.3216130_y-7.5667600_a0.1516360.jpeg PA-A
t1152212989.518967_x0.3527720_y-7.5596800_a0.1529900.jpeg PA-A
t1152212989.727172_x0.3837590_y-7.5533700_a0.1551320.jpeg PA-A
t1152212989.935159_x0.4467830_y-7.5389300_a0.1579510.jpeg PA-A
t1152212990.139451_x0.4467830_y-7.5389300_a0.1579510.jpeg PA-A
t1152212990.347337_x0.4867560_y-7.5287900_a0.1526450.jpeg PA-A
t1152212990.551328_x0.5477400_y-7.5246800_a0.1486530.jpeg PA-A
t1152212990.755336_x0.5477400_y-7.5246800_a0.1486530.jpeg PA-A
t1152212990.959225_x0.5870300_y-7.5203200_a0.1459070.jpeg PA-A
t1152212991.163167_x0.6636040_y-7.4953400_a0.1821960.jpeg PA-A
t1152212991.371344_x0.6636040_y-7.4953400_a0.1821960.jpeg PA-A
t1152212991.579259_x0.6807780_y-7.4871600_a0.1987920.jpeg PA-A
t1152212991.783154_x0.7554980_y-7.4490600_a0.2532220.jpeg PA-A
t1152212991.991389_x0.7554980_y-7.4490600_a0.2532220.jpeg PA-A
t1152212992.195766_x0.7873780_y-7.4439300_a0.2735580.jpeg PA-A
t1152212992.399455_x0.8934820_y-7.4110800_a0.2588500.jpeg PA-A
t1152212992.603273_x0.8934820_y-7.4110800_a0.2588500.jpeg PA-A
t1152212992.807187_x0.8934820_y-7.4110800_a0.2588500.jpeg PA-A
t1152212993.015185_x0.9568410_y-7.3889100_a0.2577380.jpeg PA-A
t1152212993.219138_x1.0176100_y-7.3748700_a0.2542180.jpeg PA-A
t1152212993.429467_x1.1597800_y-7.3385600_a0.2542180.jpeg PA-A
t1152212993.631369_x1.1597800_y-7.3385600_a0.2542180.jpeg PA-A
t1152212993.835397_x1.2349100_y-7.3194000_a0.2529600.jpeg PA-A
t1152212994.043424_x1.3039300_y-7.2999600_a0.2506700.jpeg PA-A
t1152212994.247578_x1.3749000_y-7.2830300_a0.2525450.jpeg PA-A
t1152212994.451605_x1.4435600_y-7.2655900_a0.2525450.jpeg PA-A
t1152212994.661665_x1.5127300_y-7.2476100_a0.2494270.jpeg PA-A
t1152212994.867875_x1.6518000_y-7.2126700_a0.2494270.jpeg PA-A
t1152212995.071242_x1.6518000_y-7.2126700_a0.2494270.jpeg PA-A
t1152212995.275303_x1.7145700_y-7.1996000_a0.2437080.jpeg PA-A
t1152212995.479319_x1.7841300_y-7.1824500_a0.2440590.jpeg PA-A
t1152212995.683327_x1.8665900_y-7.1647100_a0.2435370.jpeg PA-A
t1152212995.891534_x2.0057200_y-7.1322300_a0.2430100.jpeg PA-A
t1152212996.099349_x2.0057200_y-7.1322300_a0.2430100.jpeg PA-A
t1152212996.307384_x2.0756000_y-7.1152900_a0.2424470.jpeg PA-A
t1152212996.515452_x2.1430100_y-7.0985900_a0.2398510.jpeg PA-A
t1152212996.719407_x2.2870500_y-7.0643500_a0.2398510.jpeg PA-A
t1152212996.923662_x2.2870500_y-7.0643500_a0.2398510.jpeg PA-A
t1152212997.131458_x2.3611400_y-7.0468000_a0.2398510.jpeg PA-A
t1152212997.335615_x2.4745500_y-7.0429400_a0.1514850.jpeg PA-A
t1152212997.543634_x2.4745500_y-7.0429400_a0.1514850.jpeg PA-A
t1152212997.751742_x2.5950500_y-7.0383500_a0.1047080.jpeg PA-A
t1152212997.959490_x2.5950500_y-7.0383500_a0.1047080.jpeg PA-A
t1152212998.163655_x2.6450700_y-7.0371900_a0.0849978.jpeg PA-A
t1152212998.371759_x2.7089600_y-7.0311400_a0.0849978.jpeg PA-A
t1152212998.575510_x2.7089600_y-7.0311400_a0.0849978.jpeg PA-A
t1152212998.783511_x2.8291100_y-7.0163100_a0.0989811.jpeg PA-A
t1152212998.988473_x2.8291100_y-7.0163100_a0.0989811.jpeg PA-A
t1152212999.195567_x2.8959000_y-7.0076900_a0.1046980.jpeg PA-A
t1152212999.400884_x2.9711900_y-6.9998900_a0.1049590.jpeg PA-A
t1152212999.603895_x3.0462200_y-6.9914500_a0.1049590.jpeg PA-A
t1152212999.811900_x3.1577200_y-6.9736400_a0.1171670.jpeg PA-A
t1152213000.019589_x3.1577200_y-6.9736400_a0.1171670.jpeg PA-A
t1152213000.227630_x3.2283500_y-6.9653800_a0.1171670.jpeg PA-A
t1152213000.431653_x3.2952500_y-6.9575000_a0.1171670.jpeg PA-A
t1152213000.635653_x3.3417700_y-6.9542900_a0.1049630.jpeg PA-A
t1152213000.839661_x3.3878400_y-6.9536200_a0.0846016.jpeg PA-A
t1152213001.048241_x3.4090100_y-6.9530100_a0.0733734.jpeg PA-A
t1152213001.252252_x3.4467400_y-6.9543700_a0.0537649.jpeg PA-A
t1152213001.456263_x3.5027300_y-6.9775400_a-0.0657268.jpeg PA-A
t1152213001.662271_x3.5027300_y-6.9775400_a-0.0657268.jpeg PA-A
t1152213001.868180_x3.5192700_y-6.9914600_a-0.1338460.jpeg PA-A
t1152213002.071874_x3.5148900_y-7.0048900_a-0.2062610.jpeg PA-A
t1152213002.275945_x3.5113600_y-7.0191200_a-0.2795720.jpeg PA-A
t1152213002.479902_x3.5066300_y-7.0335300_a-0.3554530.jpeg PA-A
t1152213002.684410_x3.5006600_y-7.0478800_a-0.4331630.jpeg PA-A
t1152213002.891771_x3.4957700_y-7.0595300_a-0.4959890.jpeg PA-A
t1152213003.096381_x3.4954800_y-7.0799800_a-0.5839840.jpeg PA-A
t1152213003.300400_x3.4954800_y-7.0799800_a-0.5839840.jpeg PA-A
t1152213003.503871_x3.4956600_y-7.0909200_a-0.6286440.jpeg PA-A
t1152213003.712121_x3.4955500_y-7.1090100_a-0.7019140.jpeg PA-A
t1152213003.919833_x3.4851000_y-7.1433600_a-0.8590220.jpeg PA-A
t1152213004.127919_x3.4851000_y-7.1433600_a-0.8590220.jpeg PA-A
t1152213004.331884_x3.4851000_y-7.1433600_a-0.8590220.jpeg PA-A
t1152213004.540071_x3.4772300_y-7.1600300_a-0.9416070.jpeg PA-A
t1152213004.748184_x3.4686200_y-7.1763800_a-1.0204500.jpeg PA-A
t1152213004.952473_x3.4597900_y-7.1909900_a-1.0957100.jpeg PA-A
t1152213005.158452_x3.4365100_y-7.2178000_a-1.2563300.jpeg PA-A
t1152213005.367926_x3.4365100_y-7.2178000_a-1.2563300.jpeg PA-A
t1152213005.571962_x3.4088500_y-7.2287400_a-1.3713500.jpeg PA-A
t1152213005.775951_x3.3699800_y-7.2464000_a-1.5715700.jpeg PA-A
t1152213005.984162_x3.3699800_y-7.2464000_a-1.5715700.jpeg PA-A
t1152213006.192706_x3.3142900_y-7.2600500_a-1.8236800.jpeg PA-A
t1152213006.416004_x3.3142900_y-7.2600500_a-1.8236800.jpeg PA-A
t1152213006.626410_x3.2875000_y-7.2517900_a-1.9382700.jpeg PA-A
t1152213006.836067_x3.2354100_y-7.2450600_a-2.1736100.jpeg PA-A
t1152213007.040655_x3.2354100_y-7.2450600_a-2.1736100.jpeg PA-A
t1152213007.245988_x3.2097300_y-7.2737000_a-2.2851100.jpeg PA-A
t1152213007.450007_x3.1857400_y-7.2626600_a-2.3951400.jpeg PA-A
t1152213007.652244_x3.1647600_y-7.2504000_a-2.5110700.jpeg PA-A
t1152213007.856580_x3.1297700_y-7.2159900_a-2.7376500.jpeg PA-A
t1152213008.060420_x3.1297700_y-7.2159900_a-2.7376500.jpeg PA-A
t1152213008.268301_x3.1151900_y-7.1991100_a-2.8510500.jpeg PA-A
t1152213008.472286_x3.1051300_y-7.1764600_a-2.9754700.jpeg PA-A
t1152213008.680433_x3.0833800_y-7.1436700_a3.1412200.jpeg PA-A
t1152213008.884757_x3.0833800_y-7.1436700_a3.1412200.jpeg PA-A
t1152213009.089777_x3.0711700_y-7.1386400_a3.1162500.jpeg PA-A
t1152213009.298127_x3.0456900_y-7.1380900_a3.1172600.jpeg PA-A
t1152213009.508382_x3.0038000_y-7.1369200_a3.1174100.jpeg PA-A
t1152213009.720422_x2.9071700_y-7.1339000_a3.1166900.jpeg PA-A
t1152213009.924558_x2.9071700_y-7.1339000_a3.1166900.jpeg PA-A
t1152213010.132599_x2.8634300_y-7.1325600_a3.1168600.jpeg PA-A
t1152213010.344433_x2.8177100_y-7.1313600_a3.1173200.jpeg PA-A
t1152213010.548373_x2.7172500_y-7.1277200_a3.1114000.jpeg PA-A
t1152213010.752381_x2.7172500_y-7.1277200_a3.1114000.jpeg PA-A
t1152213010.957330_x2.6850800_y-7.1297100_a3.1263900.jpeg PA-A
t1152213011.164908_x2.6850800_y-7.1297100_a3.1263900.jpeg PA-A
t1152213011.372323_x2.6575600_y-7.1347500_a-3.1378000.jpeg PA-A
t1152213011.576339_x2.6427600_y-7.1453400_a-3.0698700.jpeg PA-A
t1152213011.780520_x2.6132500_y-7.1517400_a-3.0461200.jpeg PA-A
t1152213011.988533_x2.5702400_y-7.1543000_a-3.0488300.jpeg PA-A
t1152213012.196388_x2.5219000_y-7.1579600_a-3.0528800.jpeg PA-A
t1152213012.400371_x2.4573900_y-7.1666500_a-3.0451700.jpeg PA-A
t1152213012.604879_x2.3932300_y-7.1734700_a-3.0456600.jpeg PA-A
t1152213012.808564_x2.3320500_y-7.1803100_a-3.0451300.jpeg PA-A
t1152213013.012621_x2.2670400_y-7.1859000_a-3.0468200.jpeg PA-A
t1152213013.216416_x2.1362600_y-7.1990900_a-3.0512100.jpeg PA-A
t1152213013.420424_x2.1362600_y-7.1990900_a-3.0512100.jpeg PA-A
t1152213013.627002_x2.0596800_y-7.2064900_a-3.0494900.jpeg PA-A
t1152213013.828480_x1.9821500_y-7.2139600_a-3.0479300.jpeg PA-A
t1152213014.032527_x1.8342000_y-7.2274500_a-3.0541700.jpeg PA-A
t1152213014.236507_x1.8342000_y-7.2274500_a-3.0541700.jpeg PA-A
t1152213014.442269_x1.7626300_y-7.2336000_a-3.0587900.jpeg PA-A
t1152213014.644707_x1.6825400_y-7.2410200_a-3.0589900.jpeg PA-A
t1152213014.852542_x1.5311700_y-7.2588900_a-3.0417900.jpeg PA-A
t1152213015.056576_x1.5311700_y-7.2588900_a-3.0417900.jpeg PA-A
t1152213015.264571_x1.4510300_y-7.2729200_a-3.0164500.jpeg PA-A
t1152213015.471038_x1.3160800_y-7.3071000_a-2.9479000.jpeg PA-A
t1152213015.676596_x1.3160800_y-7.3071000_a-2.9479000.jpeg PA-A
t1152213015.884783_x1.2773800_y-7.3239900_a-2.8973800.jpeg PA-A
t1152213016.090366_x1.1643100_y-7.3571800_a-2.8812000.jpeg PA-A
t1152213016.293837_x1.1643100_y-7.3571800_a-2.8812000.jpeg PA-A
t1152213016.496652_x1.1643100_y-7.3571800_a-2.8812000.jpeg PA-A
t1152213016.701070_x1.1002800_y-7.3717300_a-2.8854800.jpeg PA-A
t1152213016.912845_x0.9721830_y-7.3969600_a-2.8914300.jpeg PA-A
t1152213017.116853_x0.9721830_y-7.3969600_a-2.8914300.jpeg PA-A
t1152213017.324996_x0.9024240_y-7.4126500_a-2.8905700.jpeg PA-A
t1152213017.532763_x0.7772240_y-7.4410200_a-2.8939300.jpeg PA-A
t1152213017.736723_x0.7772240_y-7.4410200_a-2.8939300.jpeg PA-A
t1152213017.945186_x0.7126330_y-7.4622600_a-2.8931000.jpeg PA-A
t1152213018.152747_x0.6472930_y-7.4794400_a-2.8972000.jpeg PA-A
t1152213018.356884_x0.5141120_y-7.5166100_a-2.8984100.jpeg PA-A
t1152213018.560781_x0.5141120_y-7.5166100_a-2.8984100.jpeg PA-A
t1152213018.764791_x0.4433290_y-7.5263700_a-2.8974300.jpeg PA-A
t1152213018.969473_x0.3977840_y-7.5380200_a-2.8949000.jpeg PA-A
t1152213019.173940_x0.3014060_y-7.5561700_a-2.8999300.jpeg PA-A
t1152213019.377236_x0.3014060_y-7.5561700_a-2.8999300.jpeg PA-A
t1152213019.584821_x0.2674130_y-7.5601800_a-2.9032100.jpeg PA-A
t1152213019.789004_x0.2224690_y-7.5696200_a-2.9027100.jpeg PA-A
t1152213019.994309_x0.2224690_y-7.5696200_a-2.9027100.jpeg PA-A
t1152213020.205048_x0.1936540_y-7.5766700_a-2.9027100.jpeg PA-A
t1152213020.426712_x0.1381610_y-7.5861300_a-2.9031200.jpeg PA-A
t1152213020.628872_x0.1381610_y-7.5861300_a-2.9031200.jpeg PA-A
t1152213020.836886_x0.0817988_y-7.5972400_a-2.9047200.jpeg PA-A
t1152213021.041436_x0.0817988_y-7.5972400_a-2.9047200.jpeg PA-A
t1152213021.245111_x0.0575338_y-7.6070600_a-2.9064500.jpeg PA-A
t1152213021.449098_x-0.0042341_y-7.6191900_a-2.9083300.jpeg PA-A
t1152213021.657244_x-0.0042341_y-7.6191900_a-2.9083300.jpeg PA-A
t1152213021.861259_x-0.0354397_y-7.6225100_a-2.9208800.jpeg PA-A
t1152213022.068969_x-0.0586653_y-7.6289600_a-2.9182600.jpeg CR-A
t1152213022.274586_x-0.0882486_y-7.6365100_a-2.9164600.jpeg CR-A
t1152213022.482602_x-0.1301660_y-7.6521900_a-2.9179400.jpeg CR-A
t1152213022.693755_x-0.1301660_y-7.6521900_a-2.9179400.jpeg CR-A
t1152213022.902392_x-0.1681890_y-7.6619500_a-2.9168300.jpeg CR-A
t1152213023.109077_x-0.1681890_y-7.6619500_a-2.9168300.jpeg CR-A
t1152213023.315538_x-0.2003800_y-7.6681500_a-2.9144200.jpeg CR-A
t1152213023.525285_x-0.2493920_y-7.6843000_a-2.9142100.jpeg CR-A
t1152213023.733423_x-0.2493920_y-7.6843000_a-2.9142100.jpeg CR-A
t1152213023.945084_x-0.2855620_y-7.6939500_a-2.9153500.jpeg CR-A
t1152213024.154279_x-0.3719480_y-7.7098300_a-2.9189700.jpeg CR-A
t1152213024.361300_x-0.3719480_y-7.7098300_a-2.9189700.jpeg CR-A
t1152213024.573154_x-0.4423620_y-7.7281300_a-2.9286800.jpeg CR-A
t1152213024.777761_x-0.4423620_y-7.7281300_a-2.9286800.jpeg CR-A
t1152213024.981155_x-0.4991780_y-7.7365800_a-2.9632600.jpeg CR-A
t1152213025.189188_x-0.5810120_y-7.7346900_a-3.0349400.jpeg CR-A
t1152213025.395298_x-0.5810120_y-7.7346900_a-3.0349400.jpeg CR-A
t1152213025.603298_x-0.6229130_y-7.7311300_a-3.0736900.jpeg CR-A
t1152213025.807304_x-0.6863790_y-7.7320400_a-3.1138500.jpeg CR-A
t1152213026.015491_x-0.6863790_y-7.7320400_a-3.1138500.jpeg CR-A
t1152213026.221424_x-0.7169230_y-7.7305100_a-3.1307200.jpeg CR-A
t1152213026.425248_x-0.7541890_y-7.7306600_a-3.1307200.jpeg CR-A
t1152213026.633652_x-0.7798950_y-7.7309000_a-3.1341200.jpeg CR-A
t1152213026.838174_x-0.8631500_y-7.7290200_a3.1326200.jpeg CR-A
t1152213027.049310_x-0.8631500_y-7.7290200_a3.1326200.jpeg CR-A
t1152213027.254972_x-0.9106190_y-7.7282100_a3.1300400.jpeg CR-A
t1152213027.463014_x-0.9583850_y-7.7266800_a3.1331900.jpeg CR-A
t1152213027.665246_x-1.0318300_y-7.6970900_a3.0036400.jpeg CR-A
t1152213027.869335_x-1.0318300_y-7.6970900_a3.0036400.jpeg CR-A
t1152213028.073350_x-1.0670400_y-7.6641500_a2.9083000.jpeg CR-A
t1152213028.277999_x-1.1162100_y-7.5864400_a2.6317200.jpeg CR-A
t1152213028.489360_x-1.1162100_y-7.5864400_a2.6317200.jpeg CR-A
t1152213028.697364_x-1.1186500_y-7.5068400_a2.3353500.jpeg CR-A
t1152213028.905429_x-1.1186500_y-7.5068400_a2.3353500.jpeg CR-A
t1152213029.113439_x-1.1112900_y-7.4753000_a2.1999800.jpeg CR-A
t1152213029.318701_x-1.1115700_y-7.4146500_a2.0495800.jpeg CR-A
t1152213029.529464_x-1.1115700_y-7.4146500_a2.0495800.jpeg CR-A
t1152213029.733995_x-1.1073700_y-7.3776200_a1.9416500.jpeg CR-A
t1152213029.941837_x-1.1073700_y-7.3776200_a1.9416500.jpeg CR-A
t1152213030.149475_x-1.1021200_y-7.3499000_a1.8729400.jpeg CR-A
t1152213030.355667_x-1.0812400_y-7.3164200_a1.7381100.jpeg CR-A
t1152213030.563683_x-1.0812400_y-7.3164200_a1.7381100.jpeg CR-A
t1152213030.767690_x-1.0680500_y-7.3083500_a1.6778500.jpeg CR-A
t1152213030.973725_x-1.0583300_y-7.2956000_a1.6226100.jpeg CR-A
t1152213031.181612_x-1.0515200_y-7.2829300_a1.5851900.jpeg CR-A
t1152213031.414188_x-1.0327600_y-7.2415100_a1.5058500.jpeg CR-A
t1152213031.621918_x-1.0327600_y-7.2415100_a1.5058500.jpeg CR-A
t1152213031.829519_x-1.0298500_y-7.2050700_a1.5071700.jpeg CR-A
t1152213032.037615_x-1.0240300_y-7.0864500_a1.5065300.jpeg CR-A
t1152213032.245633_x-1.0240300_y-7.0864500_a1.5065300.jpeg CR-A
t1152213032.449645_x-1.0132800_y-7.0069700_a1.4999900.jpeg CR-A
t1152213032.657827_x-0.9997720_y-6.8432200_a1.4905500.jpeg CR-A
t1152213032.861791_x-0.9997720_y-6.8432200_a1.4905500.jpeg CR-A
t1152213033.065804_x-0.9890000_y-6.6768800_a1.4870200.jpeg CR-A
t1152213033.269817_x-0.9890000_y-6.6768800_a1.4870200.jpeg CR-A
t1152213033.473830_x-0.9822490_y-6.5931300_a1.4870200.jpeg CR-A
t1152213033.677834_x-0.9714590_y-6.4277200_a1.5159500.jpeg CR-A
t1152213033.881846_x-0.9714590_y-6.4277200_a1.5159500.jpeg CR-A
t1152213034.089592_x-0.9712940_y-6.3354200_a1.5494100.jpeg CR-A
t1152213034.298640_x-0.9783120_y-6.2618900_a1.5815800.jpeg CR-A
t1152213034.501822_x-0.9868170_y-6.1282800_a1.5923100.jpeg CR-A
t1152213034.709954_x-0.9868170_y-6.1282800_a1.5923100.jpeg CR-A
t1152213034.917971_x-0.9890190_y-6.0501000_a1.5940200.jpeg CR-A
t1152213035.125792_x-0.9908630_y-5.9689500_a1.5873400.jpeg CR-A
t1152213035.330057_x-0.9926670_y-5.8890100_a1.5839800.jpeg CR-A
t1152213035.533989_x-1.0015700_y-5.7157300_a1.5834500.jpeg CR-A
t1152213035.738024_x-1.0015700_y-5.7157300_a1.5834500.jpeg CR-A
t1152213035.946460_x-1.0027800_y-5.6295200_a1.5807800.jpeg CR-A
t1152213036.149863_x-1.0022900_y-5.4167800_a1.5758100.jpeg CR-A
t1152213036.353941_x-1.0022900_y-5.4167800_a1.5758100.jpeg CR-A
t1152213036.557899_x-1.0022900_y-5.4167800_a1.5758100.jpeg CR-A
t1152213036.762470_x-1.0070200_y-5.3287800_a1.5748400.jpeg CR-A
t1152213036.970528_x-1.0058400_y-5.1574600_a1.5694600.jpeg CR-A
t1152213037.178566_x-1.0058400_y-5.1574600_a1.5694600.jpeg CR-A
t1152213037.381945_x-1.0007600_y-5.0235100_a1.5689800.jpeg CR-A
t1152213037.586099_x-0.9990550_y-4.8500200_a1.5682900.jpeg CR-A
t1152213037.791255_x-0.9990550_y-4.8500200_a1.5682900.jpeg CR-A
t1152213037.994596_x-1.0007100_y-4.7632500_a1.5772400.jpeg CR-A
t1152213038.202001_x-1.0020700_y-4.6912300_a1.5627300.jpeg CR-A
t1152213038.429129_x-1.0043800_y-4.5145600_a1.5595800.jpeg CR-A
t1152213038.634075_x-1.0043800_y-4.5145600_a1.5595800.jpeg CR-A
t1152213038.838641_x-1.0022900_y-4.4303400_a1.5535000.jpeg CR-A
t1152213039.042224_x-0.9995030_y-4.3463400_a1.5515200.jpeg CR-A
t1152213039.246486_x-0.9936320_y-4.2536900_a1.5488600.jpeg CR-A
t1152213039.450504_x-0.9931080_y-4.1717400_a1.5529900.jpeg CR-A
t1152213039.658054_x-0.9864650_y-3.9943100_a1.5495700.jpeg CR-A
t1152213039.863181_x-0.9864650_y-3.9943100_a1.5495700.jpeg CR-A
t1152213040.066424_x-0.9839910_y-3.9070800_a1.5467200.jpeg CR-A
t1152213040.274921_x-0.9839060_y-3.8342100_a1.5491500.jpeg CR-A
t1152213040.478936_x-0.9790540_y-3.7424900_a1.5411900.jpeg CR-A
t1152213040.686944_x-0.9754230_y-3.6818400_a1.5324900.jpeg CR-A
t1152213040.890956_x-0.9784880_y-3.6202500_a1.5421100.jpeg CR-A
t1152213041.102149_x-0.9742630_y-3.5324000_a1.5402800.jpeg CR-A
t1152213041.310247_x-0.9701020_y-3.4480700_a1.5384400.jpeg CR-A
t1152213041.514479_x-0.9685150_y-3.2701900_a1.5340000.jpeg CR-A
t1152213041.722519_x-0.9685150_y-3.2701900_a1.5340000.jpeg CR-A
t1152213041.930583_x-0.9655990_y-3.1975200_a1.5326100.jpeg CR-A
t1152213042.134256_x-0.9653570_y-3.1068600_a1.5183900.jpeg CR-A
t1152213042.342700_x-0.9645280_y-3.0169000_a1.5286000.jpeg CR-A
t1152213042.550444_x-0.9595430_y-2.9293200_a1.5286000.jpeg CR-A
t1152213042.758288_x-0.9517940_y-2.7611200_a1.5262400.jpeg CR-A
t1152213042.962881_x-0.9517940_y-2.7611200_a1.5262400.jpeg CR-A
t1152213043.166579_x-0.9517940_y-2.7611200_a1.5262400.jpeg CR-A
t1152213043.375571_x-0.9490290_y-2.6826700_a1.5215700.jpeg CR-A
t1152213043.579584_x-0.9354640_y-2.5691100_a1.5012500.jpeg CR-A
t1152213043.786522_x-0.9329480_y-2.4015800_a1.5366600.jpeg CR-A
t1152213043.994381_x-0.9329480_y-2.4015800_a1.5366600.jpeg CR-A
t1152213044.198676_x-0.9389520_y-2.3224800_a1.5777300.jpeg CR-A
t1152213044.402522_x-0.9427930_y-2.2446600_a1.6169400.jpeg CR-A
t1152213044.610353_x-0.9535050_y-2.0874700_a1.6299800.jpeg CR-A
t1152213044.814564_x-0.9535050_y-2.0874700_a1.6299800.jpeg CR-A
t1152213045.018428_x-0.9588890_y-2.0096500_a1.6292600.jpeg CR-A
t1152213045.222738_x-0.9632260_y-1.9440200_a1.6324800.jpeg CR-A
t1152213045.429847_x-0.9667380_y-1.7813700_a1.6054400.jpeg CR-A
t1152213045.634768_x-0.9667380_y-1.7813700_a1.6054400.jpeg CR-A
t1152213045.838775_x-0.9613940_y-1.7061300_a1.5695800.jpeg CR-A
t1152213046.042665_x-0.9610540_y-1.6302300_a1.5677200.jpeg CR-A
t1152213046.246958_x-0.9610850_y-1.4758300_a1.5670100.jpeg CR-A
t1152213046.450984_x-0.9610850_y-1.4758300_a1.5670100.jpeg CR-A
t1152213046.655128_x-0.9611150_y-1.3216700_a1.5649400.jpeg CR-A
t1152213046.866828_x-0.9611150_y-1.3216700_a1.5649400.jpeg CR-A
t1152213047.078727_x-0.9571800_y-1.2404700_a1.5648800.jpeg CR-A
t1152213047.286739_x-0.9564950_y-1.1239900_a1.5634700.jpeg CR-A
t1152213047.494755_x-0.9564950_y-1.1239900_a1.5634700.jpeg CR-A
t1152213047.698909_x-0.9555620_y-1.0458500_a1.5628600.jpeg CR-A
t1152213047.904709_x-0.9555620_y-1.0458500_a1.5628600.jpeg CR-A
t1152213048.109073_x-0.9550560_y-1.0207500_a1.5587300.jpeg CR-A
t1152213048.310621_x-0.9569540_y-1.0005100_a1.5567800.jpeg CR-A
t1152213048.514640_x-0.9570120_y-0.9850210_a1.5543900.jpeg CR-A
t1152213048.722943_x-0.9571140_y-0.9626780_a1.5554400.jpeg CR-A
t1152213048.931027_x-0.9571140_y-0.9626780_a1.5554400.jpeg CR-A
t1152213049.138625_x-0.9548870_y-0.9429770_a1.5561100.jpeg CR-A
t1152213049.343292_x-0.9539000_y-0.9210200_a1.5536800.jpeg CR-A
t1152213049.550695_x-0.9537680_y-0.8988250_a1.5536800.jpeg CR-A
t1152213049.756047_x-0.9533620_y-0.8770930_a1.5536800.jpeg CR-A
t1152213049.963176_x-0.9533130_y-0.8557870_a1.5528400.jpeg CR-A
t1152213050.167052_x-0.9477730_y-0.8412740_a1.5495200.jpeg CR-A
t1152213050.370738_x-0.9551050_y-0.8174790_a1.5520100.jpeg CR-A
t1152213050.582729_x-0.9571120_y-0.8094420_a1.5520700.jpeg CR-A
t1152213050.786739_x-0.9614240_y-0.7894710_a1.5518400.jpeg CR-A
t1152213050.990749_x-0.9608670_y-0.7632100_a1.5524500.jpeg CR-A
t1152213051.199122_x-0.9600420_y-0.7307130_a1.5516700.jpeg CR-A
t1152213051.431897_x-0.9597910_y-0.7163730_a1.5517100.jpeg CR-A
t1152213051.635146_x-0.9593960_y-0.6951130_a1.5512300.jpeg CR-A
t1152213051.844169_x-0.9592670_y-0.6719550_a1.5512300.jpeg CR-A
t1152213052.052550_x-0.9581060_y-0.6583760_a1.5513800.jpeg CR-A
t1152213052.255070_x-0.9575490_y-0.6106230_a1.5506600.jpeg CR-A
t1152213052.459055_x-0.9575490_y-0.6106230_a1.5506600.jpeg CR-A
t1152213052.664505_x-0.9569450_y-0.5797830_a1.5505900.jpeg CR-A
t1152213052.871358_x-0.9563360_y-0.5307920_a1.5524900.jpeg CR-A
t1152213053.075609_x-0.9555390_y-0.4890970_a1.5517800.jpeg CR-A
t1152213053.279206_x-0.9543390_y-0.4510040_a1.5504900.jpeg CR-A
t1152213053.486923_x-0.9536360_y-0.4237440_a1.5487200.jpeg CR-A
t1152213053.694971_x-0.9513160_y-0.3277390_a1.5460500.jpeg CR-A
t1152213053.903158_x-0.9513160_y-0.3277390_a1.5460500.jpeg CR-A
t1152213054.107208_x-0.9499200_y-0.2687240_a1.5448500.jpeg CR-A
t1152213054.311508_x-0.9481770_y-0.2194120_a1.5391300.jpeg CR-A
t1152213054.515030_x-0.9469920_y-0.1711190_a1.5413800.jpeg CR-A
t1152213054.723660_x-0.9401760_y-0.1034880_a1.5424900.jpeg CR-A
t1152213054.927366_x-0.9339700_y0.0253647_a1.5352900.jpeg CR-A
t1152213055.135470_x-0.9339700_y0.0253647_a1.5352900.jpeg CR-A
t1152213055.339241_x-0.9289430_y0.0870015_a1.5224700.jpeg CR-A
t1152213055.543165_x-0.9289430_y0.0870015_a1.5224700.jpeg CR-A
t1152213055.747137_x-0.9127510_y0.1468850_a1.4815800.jpeg CR-A
t1152213055.951149_x-0.8928840_y0.2080230_a1.4438900.jpeg CR-A
t1152213056.155294_x-0.8734860_y0.2680010_a1.4043100.jpeg CR-A
t1152213056.363331_x-0.8462630_y0.3303090_a1.3652400.jpeg CR-A
t1152213056.571321_x-0.8259930_y0.3855880_a1.3265500.jpeg CR-A
t1152213056.779163_x-0.7981740_y0.4480190_a1.2913300.jpeg CR-A
t1152213056.983479_x-0.7709880_y0.5055530_a1.2482000.jpeg CR-A
t1152213057.191199_x-0.7341130_y0.5489150_a1.1681900.jpeg CR-A
t1152213057.395658_x-0.6586140_y0.6090140_a0.9869940.jpeg CR-A
t1152213057.603193_x-0.6586140_y0.6090140_a0.9869940.jpeg CR-A
t1152213057.811472_x-0.6210670_y0.6280520_a0.9029010.jpeg CR-A
t1152213058.019212_x-0.5803090_y0.6457870_a0.8046930.jpeg CR-A
t1152213058.227253_x-0.5184040_y0.6446110_a0.6204560.jpeg CR-A
t1152213058.432107_x-0.5184040_y0.6446110_a0.6204560.jpeg CR-A
t1152213058.636340_x-0.4671800_y0.6566000_a0.5087990.jpeg CR-A
t1152213058.839460_x-0.4175170_y0.6578250_a0.4066370.jpeg CR-A
t1152213059.047478_x-0.3886680_y0.6438360_a0.2870960.jpeg CR-A
t1152213059.255484_x-0.3585630_y0.6338570_a0.2023780.jpeg CR-A
t1152213059.459483_x-0.3177510_y0.6203130_a0.1072560.jpeg CR-A
t1152213059.664246_x-0.2811970_y0.6109170_a0.0473470.jpeg CR-A
t1152213059.875630_x-0.2254460_y0.6060160_a0.0349406.jpeg CR-A
t1152213060.083237_x-0.1530330_y0.6044660_a0.0215974.jpeg CR-A
t1152213060.287832_x-0.0076482_y0.6018520_a0.0099179.jpeg CR-A
t1152213060.499591_x-0.0076482_y0.6018520_a0.0099179.jpeg CR-A
t1152213060.707681_x0.0671869_y0.6065310_a0.0089206.jpeg CR-A
t1152213060.911693_x0.1458950_y0.6082140_a0.0074768.jpeg CR-A
t1152213061.115707_x0.2223180_y0.6110050_a0.0083065.jpeg CR-A
t1152213061.319713_x0.2824460_y0.6110210_a0.0107850.jpeg CR-A
t1152213061.523675_x0.2824460_y0.6110210_a0.0107850.jpeg CR-A
t1152213061.731676_x0.3589610_y0.6061460_a-0.0048423.jpeg CR-A
t1152213061.935917_x0.3589610_y0.6061460_a-0.0048423.jpeg CR-A
t1152213072.872360_x0.3729170_y0.6069160_a0.0057902.jpeg CR-A
t1152213073.076694_x0.3729170_y0.6069160_a0.0057902.jpeg CR-A
t1152213073.284448_x0.3729110_y0.6069270_a0.0057710.jpeg CR-A
