t1152886489.631946_x0.200554_y0.000158_a0.000639.jpeg CR-A
t1152886489.835959_x0.200554_y0.000160_a0.000644.jpeg CR-A
t1152886490.040076_x0.205133_y0.000557_a0.002507.jpeg CR-A
t1152886490.243983_x0.234744_y0.001126_a0.004295.jpeg CR-A
t1152886490.447999_x0.288369_y0.002794_a0.007820.jpeg CR-A
t1152886490.652111_x0.345015_y0.003458_a0.008731.jpeg CR-A
t1152886490.860024_x0.403128_y0.004437_a0.009037.jpeg CR-A
t1152886491.064036_x0.470989_y0.006685_a0.009282.jpeg CR-A
t1152886491.268246_x0.526275_y-0.002074_a-0.032673.jpeg CR-A
t1152886491.472060_x0.583943_y-0.014188_a-0.092029.jpeg CR-A
t1152886491.676270_x0.637405_y-0.021935_a-0.103682.jpeg CR-A
t1152886491.880087_x0.707577_y-0.027716_a-0.103981.jpeg CR-A
t1152886492.084098_x0.734360_y-0.030512_a-0.103981.jpeg CR-A
t1152886492.288111_x0.787196_y-0.034376_a-0.103585.jpeg CR-A
t1152886492.492124_x0.841561_y-0.039536_a-0.101366.jpeg CR-A
t1152886492.696138_x0.894989_y-0.044415_a-0.098983.jpeg CR-A
t1152886492.900172_x0.947348_y-0.049763_a-0.099562.jpeg CR-A
t1152886493.104165_x1.002639_y-0.055388_a-0.100122.jpeg CR-A
t1152886493.308177_x1.056169_y-0.055862_a-0.097966.jpeg CR-A
t1152886493.512189_x1.108209_y-0.050179_a-0.097296.jpeg CR-A
t1152886493.716202_x1.186172_y-0.050798_a-0.094773.jpeg CR-A
t1152886493.920214_x1.240467_y-0.056367_a-0.096489.jpeg CR-A
t1152886494.124228_x1.294913_y-0.064316_a-0.108732.jpeg CR-A
t1152886494.328240_x1.347654_y-0.083411_a-0.166899.jpeg CR-A
t1152886494.532252_x1.373381_y-0.092064_a-0.186857.jpeg CR-A
t1152886494.736265_x1.464509_y-0.103143_a-0.182574.jpeg CR-A
t1152886494.940379_x1.518552_y-0.112440_a-0.179734.jpeg CR-A
t1152886495.144291_x1.615578_y-0.123833_a-0.175830.jpeg CR-A
t1152886495.348302_x1.669139_y-0.133426_a-0.176146.jpeg CR-A
t1152886495.552318_x1.749822_y-0.140788_a-0.172187.jpeg CR-A
t1152886495.756331_x1.836006_y-0.153093_a-0.172490.jpeg CR-A
t1152886495.960341_x1.883189_y-0.161957_a-0.175326.jpeg CR-A
t1152886496.164559_x1.953956_y-0.173433_a-0.180093.jpeg CR-A
t1152886496.368418_x2.007775_y-0.172897_a-0.162934.jpeg CR-A
t1152886496.572587_x2.068454_y-0.182243_a-0.151743.jpeg CR-A
t1152886496.776392_x2.095303_y-0.186003_a-0.155621.jpeg CR-A
t1152886496.980425_x2.159976_y-0.195294_a-0.159277.jpeg CR-A
t1152886497.184423_x2.210465_y-0.204046_a-0.161517.jpeg CR-A
t1152886497.388431_x2.261691_y-0.215214_a-0.172889.jpeg CR-A
t1152886497.592443_x2.317337_y-0.219892_a-0.166835.jpeg CR-A
t1152886497.796455_x2.373573_y-0.216847_a-0.113115.jpeg CR-A
t1152886498.000469_x2.427604_y-0.219650_a-0.099443.jpeg CR-A
t1152886498.204482_x2.465943_y-0.227769_a-0.113712.jpeg CR-A
t1152886498.408495_x2.519112_y-0.234264_a-0.115641.jpeg CR-A
t1152886498.612507_x2.592888_y-0.241595_a-0.108018.jpeg CR-A
t1152886498.816519_x2.642273_y-0.246178_a-0.104695.jpeg CR-A
t1152886499.020534_x2.696254_y-0.251499_a-0.103161.jpeg CR-A
t1152886499.224547_x2.723028_y-0.254271_a-0.103161.jpeg CR-A
t1152886499.428559_x2.770776_y-0.263641_a-0.113875.jpeg CR-A
t1152886499.632570_x2.824602_y-0.269435_a-0.112341.jpeg CR-A
t1152886499.836687_x2.892064_y-0.273632_a-0.100879.jpeg CR-A
t1152886500.040597_x2.946053_y-0.279501_a-0.102565.jpeg CR-A
t1152886500.244610_x2.999746_y-0.285091_a-0.102717.jpeg CR-A
t1152886500.448723_x3.043953_y-0.294051_a-0.115958.jpeg CR-A
t1152886500.652637_x3.096458_y-0.300421_a-0.117006.jpeg CR-A
t1152886500.856648_x3.159865_y-0.304916_a-0.108885.jpeg CR-A
t1152886501.060682_x3.213042_y-0.310934_a-0.109842.jpeg CR-A
t1152886501.264675_x3.239075_y-0.320490_a-0.115457.jpeg CR-A
t1152886501.468963_x3.266769_y-0.323441_a-0.114242.jpeg CR-A
t1152886501.672698_x3.346349_y-0.332016_a-0.114243.jpeg CR-A
t1152886501.876711_x3.401019_y-0.336830_a-0.110738.jpeg CR-A
t1152886502.080922_x3.474873_y-0.344764_a-0.109448.jpeg CR-A
t1152886502.284737_x3.559017_y-0.349888_a-0.104495.jpeg CR-A
t1152886502.488866_x3.613794_y-0.342342_a-0.045475.jpeg CR-A
t1152886502.692762_x3.669905_y-0.337367_a-0.013123.jpeg CR-A
t1152886502.896774_x3.716715_y-0.339124_a-0.017735.jpeg CR-A
t1152886503.100788_x3.769893_y-0.340507_a-0.019800.jpeg CR-A
t1152886503.304804_x3.818525_y-0.346515_a-0.043557.jpeg CR-A
t1152886503.508814_x3.843613_y-0.350095_a-0.076476.jpeg CR-A
t1152886503.712826_x3.871072_y-0.352550_a-0.078116.jpeg CR-A
t1152886503.916840_x3.916849_y-0.354188_a-0.073287.jpeg PA-A
t1152886504.120853_x3.969795_y-0.357437_a-0.070447.jpeg PA-A
t1152886504.324967_x4.000833_y-0.362323_a-0.072376.jpeg PA-A
t1152886504.528876_x4.054909_y-0.366942_a-0.075444.jpeg PA-A
t1152886504.732890_x4.107391_y-0.371336_a-0.076715.jpeg PA-A
t1152886504.936905_x4.169306_y-0.378825_a-0.085875.jpeg PA-A
t1152886505.140938_x4.223018_y-0.383790_a-0.087409.jpeg PA-A
t1152886505.345033_x4.278923_y-0.389200_a-0.089284.jpeg PA-A
t1152886505.548940_x4.323846_y-0.391645_a-0.084153.jpeg PA-A
t1152886505.752956_x4.382555_y-0.400233_a-0.085416.jpeg PA-A
t1152886505.956968_x4.425624_y-0.405834_a-0.085158.jpeg PA-A
t1152886506.160980_x4.451997_y-0.408086_a-0.085158.jpeg PA-A
t1152886506.364990_x4.503401_y-0.413377_a-0.085087.jpeg PA-A
t1152886506.569056_x4.561503_y-0.423088_a-0.108627.jpeg PA-A
t1152886506.773016_x4.614442_y-0.440350_a-0.160224.jpeg PA-A
t1152886506.977221_x4.661760_y-0.473439_a-0.277002.jpeg PA-A
t1152886507.181042_x4.688810_y-0.525968_a-0.469587.jpeg PA-A
t1152886507.385250_x4.719984_y-0.574837_a-0.659216.jpeg PA-A
t1152886507.589067_x4.763347_y-0.615625_a-0.710713.jpeg PA-A
t1152886507.793082_x4.809268_y-0.652343_a-0.706574.jpeg PA-A
t1152886507.997209_x4.871922_y-0.703609_a-0.708900.jpeg PA-A
t1152886508.201107_x4.897884_y-0.723984_a-0.709986.jpeg PA-A
t1152886508.405119_x4.917191_y-0.736803_a-0.709554.jpeg PA-A
t1152886508.609132_x4.961451_y-0.776740_a-0.714447.jpeg PA-A
t1152886508.813146_x4.992307_y-0.805188_a-0.716985.jpeg PA-A
t1152886509.017158_x5.031611_y-0.840958_a-0.721345.jpeg PA-A
t1152886509.221190_x5.086178_y-0.888174_a-0.723128.jpeg PA-A
t1152886509.425186_x5.117535_y-0.918446_a-0.731794.jpeg PA-A
t1152886509.629195_x5.149874_y-0.950375_a-0.781143.jpeg PA-A
t1152886509.833208_x5.177006_y-1.008071_a-0.901582.jpeg PA-A
t1152886510.037225_x5.200648_y-1.059089_a-0.959844.jpeg PA-A
t1152886510.241244_x5.229148_y-1.093076_a-0.953697.jpeg PA-A
t1152886510.445248_x5.257909_y-1.136223_a-0.961129.jpeg PA-A
t1152886510.649359_x5.283713_y-1.184168_a-0.990398.jpeg PA-A
t1152886510.853275_x5.293975_y-1.211157_a-1.019507.jpeg PA-A
t1152886511.057493_x5.311971_y-1.281907_a-1.124706.jpeg PA-A
t1152886511.265301_x5.312574_y-1.340852_a-1.248505.jpeg PA-A
t1152886511.469312_x5.328764_y-1.390260_a-1.252761.jpeg PA-A
t1152886511.673323_x5.350338_y-1.444268_a-1.244564.jpeg PA-A
t1152886511.877335_x5.375277_y-1.494880_a-1.248309.jpeg PA-A
t1152886512.081366_x5.383582_y-1.539850_a-1.289473.jpeg PA-A
t1152886512.285551_x5.375442_y-1.586407_a-1.364486.jpeg PA-A
t1152886512.489374_x5.377593_y-1.628256_a-1.376415.jpeg PA-A
t1152886512.693388_x5.388218_y-1.680520_a-1.380403.jpeg PA-A
t1152886512.897512_x5.393024_y-1.721610_a-1.375319.jpeg PA-A
t1152886513.101412_x5.398192_y-1.747712_a-1.375319.jpeg PA-A
t1152886513.305449_x5.404057_y-1.797026_a-1.373032.jpeg PA-A
t1152886513.509439_x5.410011_y-1.824824_a-1.370505.jpeg PA-A
t1152886513.713453_x5.417184_y-1.869308_a-1.366505.jpeg PA-A
t1152886513.917465_x5.427482_y-1.916403_a-1.368577.jpeg PA-A
t1152886514.121477_x5.435431_y-1.965584_a-1.369033.jpeg PA-A
t1152886514.325594_x5.446434_y-2.033618_a-1.370789.jpeg PA-A
t1152886514.529504_x5.457903_y-2.079015_a-1.375861.jpeg PA-A
t1152886514.733514_x5.461768_y-2.123538_a-1.399241.jpeg PA-A
t1152886514.937529_x5.464511_y-2.180690_a-1.435642.jpeg PA-A
t1152886515.141539_x5.470421_y-2.235829_a-1.443730.jpeg PA-A
t1152886515.345554_x5.476830_y-2.292911_a-1.454552.jpeg PA-A
t1152886515.549669_x5.481495_y-2.322181_a-1.454567.jpeg PA-A
t1152886515.753579_x5.486935_y-2.378234_a-1.457843.jpeg PA-A
t1152886515.957596_x5.492360_y-2.432463_a-1.458863.jpeg PA-A
t1152886516.161708_x5.497361_y-2.488719_a-1.461466.jpeg PA-A
t1152886516.365616_x5.502362_y-2.551519_a-1.476722.jpeg PA-A
t1152886516.569784_x5.495513_y-2.606381_a-1.544184.jpeg PA-A
t1152886516.773643_x5.478488_y-2.654917_a-1.619103.jpeg PA-A
t1152886516.977655_x5.473730_y-2.707460_a-1.628314.jpeg PA-A
t1152886517.181667_x5.470408_y-2.759388_a-1.629712.jpeg PA-A
t1152886517.385703_x5.471178_y-2.813381_a-1.637283.jpeg PA-A
t1152886517.589693_x5.470246_y-2.868652_a-1.640160.jpeg PA-A
t1152886517.793918_x5.468349_y-2.895952_a-1.640160.jpeg PA-A
t1152886517.997818_x5.464290_y-2.950283_a-1.645058.jpeg PA-A
t1152886518.201927_x5.460660_y-3.003719_a-1.643524.jpeg PA-A
t1152886518.405744_x5.457089_y-3.057589_a-1.645259.jpeg PA-A
t1152886518.609760_x5.452304_y-3.116627_a-1.646894.jpeg PA-A
t1152886518.813770_x5.447510_y-3.174995_a-1.648497.jpeg PA-A
t1152886519.017784_x5.443587_y-3.224551_a-1.649612.jpeg PA-A
t1152886519.221794_x5.419116_y-3.282827_a-1.726376.jpeg PA-A
t1152886519.425811_x5.371134_y-3.330516_a-1.906085.jpeg PA-A
t1152886519.629821_x5.311276_y-3.355844_a-2.120488.jpeg PA-A
t1152886519.833834_x5.247968_y-3.375193_a-2.319982.jpeg PA-A
t1152886520.037845_x5.199789_y-3.404679_a-2.404339.jpeg PA-A
t1152886520.241861_x5.180185_y-3.421716_a-2.406978.jpeg PA-A
t1152886520.445871_x5.137500_y-3.457577_a-2.416724.jpeg PA-A
t1152886520.649885_x5.061802_y-3.477743_a-2.572825.jpeg PA-A
t1152886520.853897_x5.014151_y-3.458706_a-2.763632.jpeg PA-A
t1152886521.058123_x4.951218_y-3.433848_a-2.969470.jpeg PA-A
t1152886522.031987_x4.746333_y-3.275748_a2.732444.jpeg PA-A
t1152886522.238006_x4.703155_y-3.252795_a2.705599.jpeg PA-A
t1152886522.442000_x4.652969_y-3.211811_a2.630193.jpeg PA-A
t1152886522.646012_x4.625325_y-3.140419_a2.445718.jpeg PA-A
t1152886522.850025_x4.615190_y-3.071177_a2.242279.jpeg PA-A
t1152886523.054035_x4.628374_y-3.003827_a2.027777.jpeg PA-A
t1152886523.258048_x4.638246_y-2.938797_a1.860859.jpeg PA-A
t1152886523.462062_x4.638414_y-2.875078_a1.784821.jpeg PA-A
t1152886523.666272_x4.620630_y-2.821448_a1.791912.jpeg PA-A
t1152886523.870086_x4.614866_y-2.795805_a1.791912.jpeg PA-A
t1152886524.074099_x4.599598_y-2.740733_a1.790039.jpeg PA-A
t1152886524.278111_x4.582196_y-2.679921_a1.778926.jpeg PA-A
t1152886524.482124_x4.598456_y-2.661603_a1.679851.jpeg PA-A
t1152886524.686241_x4.642055_y-2.604279_a1.478204.jpeg PA-A
t1152886524.890150_x4.699906_y-2.550226_a1.285307.jpeg PA-A
t1152886525.094162_x4.757428_y-2.515948_a1.087425.jpeg PA-A
t1152886525.298358_x4.821676_y-2.490226_a0.884960.jpeg PA-A
t1152886525.502188_x4.860888_y-2.463819_a0.829593.jpeg PA-A
t1152886525.706208_x4.895291_y-2.414759_a0.846816.jpeg PA-A
t1152886525.910213_x4.930260_y-2.373975_a0.850432.jpeg PA-A
t1152886526.114225_x4.946610_y-2.352870_a0.856328.jpeg PA-A
t1152886526.318262_x4.980053_y-2.309518_a0.865404.jpeg PA-A
t1152886526.522252_x5.016927_y-2.261935_a0.860220.jpeg PA-A
t1152886526.726263_x5.069357_y-2.206783_a0.859886.jpeg PA-A
t1152886526.930276_x5.100849_y-2.170213_a0.859886.jpeg PA-A
t1152886527.134290_x5.136321_y-2.129020_a0.859886.jpeg PA-A
t1152886527.338302_x5.171516_y-2.088147_a0.859886.jpeg PA-A
t1152886527.542315_x5.206890_y-2.048916_a0.858858.jpeg PA-A
t1152886527.746329_x5.242241_y-2.007792_a0.859283.jpeg PA-A
t1152886527.950457_x5.273425_y-1.953942_a0.905826.jpeg PA-A
t1152886528.154354_x5.290956_y-1.880406_a1.013259.jpeg PA-A
t1152886528.358368_x5.279028_y-1.812215_a1.216812.jpeg PA-A
t1152886528.562378_x5.270479_y-1.781867_a1.303811.jpeg PA-A
t1152886528.766428_x5.251065_y-1.758719_a1.392967.jpeg PA-A
t1152886528.970407_x5.256948_y-1.709051_a1.403585.jpeg PA-A
t1152886529.174610_x5.266635_y-1.647137_a1.405215.jpeg PA-A
t1152886529.378431_x5.276381_y-1.594120_a1.401440.jpeg PA-A
t1152886529.582642_x5.283690_y-1.539140_a1.407980.jpeg PA-A
t1152886529.786456_x5.299716_y-1.479422_a1.401503.jpeg PA-A
t1152886529.990478_x5.311036_y-1.429913_a1.397089.jpeg PA-A
t1152886530.194481_x5.324002_y-1.383634_a1.392653.jpeg PA-A
t1152886530.398517_x5.332600_y-1.326605_a1.396108.jpeg PA-A
t1152886530.602507_x5.342824_y-1.275681_a1.391504.jpeg PA-A
t1152886530.806520_x5.348693_y-1.247364_a1.389151.jpeg PA-A
t1152886531.010536_x5.354694_y-1.193364_a1.393062.jpeg PA-A
t1152886531.214549_x5.365359_y-1.137062_a1.390481.jpeg PA-A
t1152886531.418559_x5.370133_y-1.081463_a1.415270.jpeg PA-A
t1152886531.622570_x5.366066_y-1.025996_a1.470388.jpeg PA-A
t1152886531.826696_x5.365605_y-0.959149_a1.495069.jpeg PA-A
t1152886532.030595_x5.366728_y-0.906556_a1.508317.jpeg PA-A
t1152886532.234619_x5.345747_y-0.851303_a1.617532.jpeg PA-A
t1152886532.438622_x5.299893_y-0.801294_a1.810054.jpeg PA-A
t1152886532.642634_x5.261187_y-0.759879_a1.946957.jpeg PA-A
t1152886532.846650_x5.200673_y-0.720854_a2.119290.jpeg PA-A
t1152886533.050659_x5.177011_y-0.705689_a2.176841.jpeg PA-A
t1152886533.254676_x5.144459_y-0.666625_a2.232669.jpeg PA-A
t1152886533.458686_x5.099998_y-0.641819_a2.291965.jpeg PA-A
t1152886533.662698_x5.051721_y-0.621604_a2.398838.jpeg PA-A
t1152886533.866711_x5.019259_y-0.593864_a2.417490.jpeg PA-A
t1152886534.070919_x4.981567_y-0.563358_a2.417460.jpeg PA-A
t1152886534.274741_x4.934706_y-0.535853_a2.465302.jpeg PA-A
t1152886534.478969_x4.866903_y-0.512198_a2.577158.jpeg PA-A
t1152886534.682763_x4.817481_y-0.495339_a2.630132.jpeg PA-A
t1152886534.886774_x4.780512_y-0.489752_a2.655024.jpeg PA-A
t1152886535.090787_x4.746422_y-0.472785_a2.673842.jpeg PA-A
t1152886535.294799_x4.674827_y-0.458332_a2.758552.jpeg PA-A
t1152886535.498812_x4.642518_y-0.464799_a2.843018.jpeg PA-A
t1152886535.703027_x4.593608_y-0.479965_a2.961955.jpeg PA-A
t1152886535.906841_x4.540262_y-0.469854_a2.959241.jpeg PA-A
t1152886536.110852_x4.486922_y-0.462306_a2.963540.jpeg PA-A
t1152886536.314865_x4.455559_y-0.455250_a2.959547.jpeg PA-A
t1152886536.518876_x4.401379_y-0.445089_a2.958786.jpeg PA-A
t1152886536.722888_x4.348424_y-0.432721_a2.957815.jpeg PA-A
t1152886536.926902_x4.278833_y-0.411169_a2.956254.jpeg PA-A
t1152886537.130914_x4.243294_y-0.404222_a2.950972.jpeg PA-A
t1152886537.334935_x4.237210_y-0.404391_a2.951306.jpeg PA-A
t1152886537.538939_x4.240966_y-0.404786_a2.948891.jpeg PA-A
t1152886537.742952_x4.240966_y-0.404786_a2.948891.jpeg PA-A
t1152886537.946967_x4.240966_y-0.404786_a2.948891.jpeg PA-A
t1152886538.150977_x4.242868_y-0.405645_a2.948534.jpeg PA-A
t1152886538.354991_x4.242055_y-0.405665_a2.949274.jpeg PA-A
t1152886538.559033_x4.243689_y-0.406946_a2.948481.jpeg PA-A
t1152886538.763019_x4.243638_y-0.407057_a2.949037.jpeg PA-A
t1152886538.967083_x4.243384_y-0.407195_a2.949139.jpeg PA-A
t1152886539.171042_x4.243681_y-0.407377_a2.948680.jpeg PA-A
t1152886539.375251_x4.243266_y-0.407584_a2.949048.jpeg PA-A
t1152886539.579069_x4.243764_y-0.407664_a2.948532.jpeg PA-A
t1152886539.783080_x4.243492_y-0.407520_a2.948875.jpeg PA-A
t1152886539.987195_x4.244321_y-0.407711_a2.948455.jpeg PA-A
t1152886540.195106_x4.244666_y-0.407844_a2.948224.jpeg PA-A
t1152886540.399119_x4.244610_y-0.407662_a2.947979.jpeg PA-A
t1152886540.603133_x4.244693_y-0.407492_a2.946409.jpeg PA-A
t1152886540.807145_x4.245667_y-0.407372_a2.946286.jpeg PA-A
t1152886541.011162_x4.245584_y-0.407506_a2.946444.jpeg PA-A
t1152886541.215171_x4.244402_y-0.407673_a2.949501.jpeg PA-A
t1152886541.419184_x4.244465_y-0.407563_a2.949225.jpeg PA-A
t1152886541.623196_x4.244860_y-0.407807_a2.949207.jpeg PA-A
t1152886541.827320_x4.244978_y-0.407906_a2.948692.jpeg PA-A
t1152886542.031221_x4.245184_y-0.408061_a2.948654.jpeg PA-A
t1152886542.235234_x4.245089_y-0.408173_a2.948494.jpeg PA-A
t1152886542.439247_x4.244504_y-0.408218_a2.949090.jpeg PA-A
t1152886542.643282_x4.244630_y-0.408540_a2.949419.jpeg PA-A
t1152886542.847274_x4.244832_y-0.408726_a2.949351.jpeg PA-A
t1152886543.051285_x4.245290_y-0.408932_a2.949337.jpeg PA-A
t1152886543.255398_x4.243842_y-0.408463_a2.948712.jpeg PA-A
t1152886543.459311_x4.243805_y-0.408348_a2.948607.jpeg PA-A
t1152886543.663423_x4.236566_y-0.407055_a2.949482.jpeg PA-A
t1152886543.867337_x4.214926_y-0.403211_a2.948536.jpeg PA-A
t1152886544.071347_x4.185224_y-0.396986_a2.947444.jpeg PA-A
t1152886544.275569_x4.156517_y-0.391092_a2.947208.jpeg PA-A
t1152886544.479374_x4.129388_y-0.385871_a2.948346.jpeg PA-A
t1152886544.683387_x4.088709_y-0.376052_a2.947031.jpeg PA-A
t1152886544.887598_x4.074458_y-0.372526_a2.946292.jpeg PA-A
t1152886545.091412_x4.041247_y-0.365566_a2.946465.jpeg PA-A
t1152886545.295623_x4.003651_y-0.357715_a2.945651.jpeg PA-A
t1152886545.503438_x3.963951_y-0.349631_a2.946421.jpeg PA-A
t1152886545.707451_x3.924302_y-0.340687_a2.949554.jpeg PA-A
t1152886545.911463_x3.883445_y-0.331512_a2.948506.jpeg CR-A
t1152886546.115479_x3.847819_y-0.323817_a2.945472.jpeg CR-A
t1152886546.319490_x3.816915_y-0.320532_a2.941447.jpeg CR-A
t1152886546.523502_x3.782420_y-0.314026_a2.941827.jpeg CR-A
t1152886546.727536_x3.746998_y-0.306641_a2.940825.jpeg CR-A
t1152886546.931529_x3.692987_y-0.287577_a2.946367.jpeg CR-A
t1152886547.135540_x3.655636_y-0.280473_a2.945599.jpeg CR-A
t1152886547.339553_x3.637277_y-0.278340_a2.952703.jpeg CR-A
t1152886547.543566_x3.603676_y-0.276519_a2.973545.jpeg CR-A
t1152886547.747580_x3.570007_y-0.270995_a2.976073.jpeg CR-A
t1152886547.951591_x3.539505_y-0.267506_a2.979539.jpeg CR-A
t1152886548.155606_x3.508934_y-0.266141_a2.993417.jpeg CR-A
t1152886548.359617_x3.474877_y-0.279787_a3.068783.jpeg CR-A
t1152886548.563733_x3.436888_y-0.291812_a3.133950.jpeg CR-A
t1152886548.767678_x3.400842_y-0.292163_a3.140080.jpeg CR-A
t1152886548.971655_x3.367858_y-0.293532_a-3.141031.jpeg CR-A
t1152886549.175666_x3.334124_y-0.292366_a3.137602.jpeg CR-A
t1152886549.379682_x3.298422_y-0.289939_a3.134948.jpeg CR-A
t1152886549.583693_x3.280387_y-0.291576_a3.135149.jpeg CR-A
t1152886549.787901_x3.232409_y-0.287592_a3.129206.jpeg CR-A
t1152886549.991720_x3.178153_y-0.289139_a3.127871.jpeg CR-A
t1152886550.195923_x3.120006_y-0.287968_a3.126509.jpeg CR-A
t1152886550.399744_x3.060051_y-0.284055_a3.120306.jpeg CR-A
t1152886550.603757_x2.970693_y-0.272368_a3.125423.jpeg CR-A
t1152886550.807792_x2.906114_y-0.272103_a3.124410.jpeg CR-A
t1152886551.011787_x2.869198_y-0.274360_a3.124048.jpeg CR-A
t1152886551.215796_x2.820200_y-0.272320_a3.120597.jpeg CR-A
t1152886551.419809_x2.793881_y-0.272406_a3.120911.jpeg CR-A
t1152886551.623907_x2.728934_y-0.272448_a3.116357.jpeg CR-A
t1152886551.827943_x2.669017_y-0.271597_a3.115843.jpeg CR-A
t1152886552.031847_x2.654384_y-0.271054_a3.113741.jpeg CR-A
t1152886552.235860_x2.603616_y-0.271578_a3.109550.jpeg CR-A
t1152886552.439872_x2.565929_y-0.269564_a3.104446.jpeg CR-A
t1152886552.643885_x2.512749_y-0.261360_a3.102312.jpeg CR-A
t1152886552.847898_x2.456528_y-0.259144_a3.104422.jpeg CR-A
t1152886553.051910_x2.415671_y-0.259110_a3.107875.jpeg CR-A
t1152886553.255923_x2.368426_y-0.258018_a3.107780.jpeg CR-A
t1152886553.460041_x2.334887_y-0.259883_a3.102986.jpeg CR-A
t1152886553.663947_x2.275175_y-0.258002_a3.104929.jpeg CR-A
t1152886553.867962_x2.221185_y-0.253299_a3.096804.jpeg CR-A
t1152886554.072076_x2.157915_y-0.248827_a3.093265.jpeg CR-A
t1152886554.275987_x2.137561_y-0.250139_a3.090606.jpeg CR-A
t1152886554.479999_x2.050991_y-0.242662_a3.088914.jpeg CR-A
t1152886554.684011_x1.947292_y-0.237877_a3.086177.jpeg CR-A
t1152886554.888048_x1.893918_y-0.236311_a3.087069.jpeg CR-A
t1152886555.092037_x1.833087_y-0.240377_a3.118601.jpeg CR-A
t1152886555.296050_x1.776034_y-0.248909_a3.125241.jpeg CR-A
t1152886555.500062_x1.713158_y-0.247881_a3.125241.jpeg CR-A
t1152886555.704180_x1.649934_y-0.244014_a3.121720.jpeg CR-A
t1152886555.908090_x1.585319_y-0.236713_a3.115123.jpeg CR-A
t1152886556.112102_x1.520639_y-0.228829_a3.109500.jpeg CR-A
t1152886556.931844_x1.254615_y-0.202709_a3.103581.jpeg CR-A
t1152886557.136253_x1.189759_y-0.197884_a3.100878.jpeg CR-A
t1152886557.340180_x1.078488_y-0.190210_a3.111491.jpeg CR-A
t1152886557.544191_x1.011318_y-0.185916_a3.110990.jpeg CR-A
t1152886557.748202_x0.950122_y-0.182672_a3.112583.jpeg CR-A
t1152886557.952215_x0.886089_y-0.180315_a3.112478.jpeg CR-A
t1152886558.156232_x0.823626_y-0.178137_a3.110944.jpeg CR-A
t1152886558.360241_x0.760441_y-0.180533_a3.110461.jpeg CR-A
t1152886558.564254_x0.695478_y-0.168660_a3.107574.jpeg CR-A
t1152886558.768303_x0.632264_y-0.166937_a3.109321.jpeg CR-A
t1152886558.972386_x0.600705_y-0.165918_a3.109321.jpeg CR-A
t1152886559.176292_x0.538521_y-0.163959_a3.109549.jpeg CR-A
t1152886559.380505_x0.476066_y-0.162281_a3.110855.jpeg CR-A
t1152886559.584342_x0.412013_y-0.160312_a3.110855.jpeg CR-A
t1152886559.788331_x0.345447_y-0.148697_a3.102228.jpeg CR-A
t1152886559.992549_x0.282391_y-0.145856_a3.100694.jpeg CR-A
t1152886560.196356_x0.219587_y-0.143286_a3.100694.jpeg CR-A
t1152886560.400369_x0.157308_y-0.137004_a3.096033.jpeg CR-A
t1152886560.604576_x0.067910_y-0.135645_a3.095271.jpeg CR-A
t1152886560.808394_x0.024409_y-0.136155_a3.086628.jpeg CR-A
t1152886561.012412_x-0.038697_y-0.132461_a3.086034.jpeg CR-A
t1152886561.216421_x-0.074722_y-0.124868_a3.085899.jpeg CR-A
t1152886561.420435_x-0.106591_y-0.121361_a3.084986.jpeg CR-A
t1152886561.624444_x-0.188190_y-0.116021_a3.085259.jpeg CR-A
t1152886561.828459_x-0.253411_y-0.109860_a3.085030.jpeg CR-A
t1152886562.032472_x-0.316537_y-0.105940_a3.083496.jpeg CR-A
t1152886562.236484_x-0.388124_y-0.099389_a3.078536.jpeg CR-A
t1152886562.440496_x-0.458467_y-0.091631_a3.074328.jpeg CR-A
t1152886562.644594_x-0.528399_y-0.091761_a3.072334.jpeg CR-A
t1152886562.848526_x-0.606003_y-0.085316_a3.068204.jpeg CR-A
t1152886563.052536_x-0.673562_y-0.078777_a3.066468.jpeg CR-A
t1152886563.256559_x-0.735134_y-0.075437_a3.065589.jpeg CR-A
t1152886563.460560_x-0.819944_y-0.066554_a3.062016.jpeg CR-A
t1152886563.664595_x-0.852624_y-0.063285_a3.061041.jpeg CR-A
t1152886563.868586_x-0.930327_y-0.053963_a3.056379.jpeg CR-A
t1152886564.072597_x-0.999938_y-0.048995_a3.057584.jpeg CR-A
t1152886564.276611_x-1.069570_y-0.040844_a3.056716.jpeg CR-A
t1152886564.480623_x-1.128915_y-0.040196_a3.048821.jpeg CR-A
t1152886564.684639_x-1.199549_y-0.032798_a3.047766.jpeg CR-A
t1152886564.888649_x-1.269327_y-0.029363_a3.046262.jpeg CR-A
t1152886565.092661_x-1.330984_y-0.026619_a3.043586.jpeg CR-A
t1152886565.296675_x-1.393497_y-0.020506_a3.043723.jpeg CR-A
t1152886565.500787_x-1.441559_y-0.022591_a3.045141.jpeg CR-A
t1152886565.704700_x-1.502648_y-0.016716_a3.043947.jpeg CR-A
t1152886565.908924_x-1.531520_y-0.011366_a3.034027.jpeg CR-A
t1152886566.112726_x-1.588824_y-0.004047_a3.027782.jpeg CR-A
t1152886566.316739_x-1.660038_y0.007209_a3.028061.jpeg CR-A
t1152886566.520751_x-1.739414_y0.018359_a3.027923.jpeg CR-A
t1152886566.724763_x-1.802024_y0.025037_a3.026958.jpeg CR-A
t1152886566.928776_x-1.867718_y0.037583_a3.026118.jpeg CR-A
t1152886567.132988_x-1.941284_y0.045428_a3.031927.jpeg CR-A
t1152886567.336803_x-2.015853_y0.056360_a3.029091.jpeg CR-A
t1152886567.541028_x-2.074670_y0.064213_a3.024639.jpeg CR-A
t1152886567.744850_x-2.138877_y0.071805_a3.022704.jpeg CR-A
t1152886567.948841_x-2.203805_y0.082349_a3.020982.jpeg CR-A
t1152886568.152852_x-2.265806_y0.089437_a3.018743.jpeg CR-A
t1152886568.356867_x-2.296266_y0.093264_a3.018439.jpeg CR-A
t1152886568.560879_x-2.367841_y0.098399_a3.013830.jpeg CR-A
t1152886568.764901_x-2.431662_y0.104974_a3.008769.jpeg CR-A
t1152886568.968959_x-2.496080_y0.114765_a3.013957.jpeg CR-A
t1152886569.172917_x-2.564840_y0.108838_a3.082503.jpeg CR-A
t1152886569.376930_x-2.681335_y0.100803_a3.130706.jpeg CR-A
t1152886569.580945_x-2.766005_y0.103210_a3.124263.jpeg CR-A
t1152886569.784954_x-2.825793_y0.101915_a3.113891.jpeg CR-A
t1152886569.988971_x-2.885481_y0.105439_a3.113475.jpeg CR-A
t1152886570.192983_x-2.952014_y0.108552_a3.111017.jpeg CR-A
t1152886570.396995_x-3.016802_y0.110354_a3.109931.jpeg CR-A
t1152886570.601008_x-3.047985_y0.111454_a3.109414.jpeg CR-A
t1152886570.805119_x-3.115911_y0.112261_a3.107765.jpeg CR-A
t1152886571.009038_x-3.168485_y0.115101_a3.107428.jpeg CR-A
t1152886571.213046_x-3.233685_y0.120071_a3.106569.jpeg CR-A
t1152886571.417057_x-3.296871_y0.125375_a3.103936.jpeg CR-A
t1152886571.621070_x-3.359770_y0.128184_a3.101962.jpeg CR-A
t1152886571.825220_x-3.423900_y0.145955_a3.099539.jpeg CR-A
t1152886572.029096_x-3.497471_y0.151412_a3.097891.jpeg CR-A
t1152886572.233108_x-3.551898_y0.157946_a3.099945.jpeg CR-A
t1152886572.437312_x-3.595280_y0.164911_a3.094040.jpeg CR-A
t1152886572.641134_x-3.638735_y0.168222_a3.053740.jpeg CR-A
t1152886572.845147_x-3.718158_y0.175538_a3.040139.jpeg CR-A
t1152886573.049260_x-3.752433_y0.178666_a3.044422.jpeg CR-A
t1152886573.253172_x-3.821231_y0.187388_a3.044398.jpeg CR-A
t1152886573.457288_x-3.888989_y0.196641_a3.042281.jpeg CR-A
t1152886573.661197_x-3.956445_y0.205547_a3.038604.jpeg CR-A
t1152886573.865210_x-4.030262_y0.212330_a3.034410.jpeg CR-A
t1152886574.069224_x-4.092400_y0.218421_a3.036810.jpeg CR-A
t1152886574.273237_x-4.154978_y0.222883_a3.031122.jpeg CR-A
t1152886574.477248_x-4.219783_y0.230783_a3.030406.jpeg CR-A
t1152886574.681262_x-4.281469_y0.237531_a3.028897.jpeg CR-A
t1152886574.885275_x-4.341963_y0.242556_a3.027522.jpeg CR-A
t1152886575.089287_x-4.404796_y0.249829_a3.026454.jpeg CR-A
t1152886575.293301_x-4.435786_y0.253104_a3.027869.jpeg CR-A
t1152886575.497311_x-4.501012_y0.262267_a3.023601.jpeg CR-A
t1152886575.701325_x-4.562670_y0.270425_a3.022305.jpeg CR-A
t1152886575.905361_x-4.663099_y0.282248_a3.015662.jpeg CR-A
t1152886576.109361_x-4.722893_y0.291295_a3.018693.jpeg CR-A
t1152886576.313364_x-4.787461_y0.293157_a3.056576.jpeg CR-A
t1152886576.517378_x-4.855065_y0.284341_a-3.137738.jpeg CR-A
t1152886576.721489_x-4.916990_y0.255879_a-2.988481.jpeg CR-A
t1152886576.925401_x-4.973857_y0.230555_a-2.919120.jpeg CR-A
t1152886577.129414_x-5.025090_y0.212614_a-2.889454.jpeg CR-A
t1152886577.333427_x-5.084431_y0.198585_a-2.891663.jpeg CR-A
t1152886577.537440_x-5.137401_y0.179757_a-2.859790.jpeg CR-A
t1152886577.741452_x-5.163965_y0.167236_a-2.835112.jpeg CR-A
t1152886577.945661_x-5.210282_y0.137538_a-2.757506.jpeg CR-A
t1152886578.149478_x-5.257745_y0.094861_a-2.652156.jpeg CR-A
t1152886578.353686_x-5.311331_y0.031897_a-2.546176.jpeg CR-A
t1152886578.557504_x-5.342556_y-0.010924_a-2.443306.jpeg CR-A
t1152886578.761516_x-5.373532_y-0.056984_a-2.373479.jpeg CR-A
t1152886578.965528_x-5.418539_y-0.102844_a-2.368081.jpeg CR-A
t1152886579.169597_x-5.464890_y-0.159728_a-2.331247.jpeg CR-A
t1152886579.373558_x-5.485750_y-0.223930_a-2.204094.jpeg CR-A
t1152886579.577568_x-5.505382_y-0.293130_a-2.098808.jpeg CR-A
t1152886579.781581_x-5.531161_y-0.340958_a-2.092060.jpeg CR-A
t1152886579.985616_x-5.551078_y-0.373397_a-2.099986.jpeg CR-A
t1152886580.189606_x-5.579465_y-0.422520_a-2.097765.jpeg CR-A
t1152886580.393625_x-5.612757_y-0.477017_a-2.103727.jpeg CR-A
t1152886580.597631_x-5.651498_y-0.533004_a-2.116086.jpeg CR-A
t1152886580.801644_x-5.694302_y-0.588187_a-2.152103.jpeg CR-A
t1152886581.005663_x-5.725028_y-0.632246_a-2.152909.jpeg CR-A
t1152886581.209670_x-5.757750_y-0.679957_a-2.156442.jpeg CR-A
t1152886581.413683_x-5.792265_y-0.732077_a-2.154877.jpeg CR-A
t1152886581.617695_x-5.824484_y-0.781397_a-2.152303.jpeg CR-A
t1152886581.821708_x-5.857915_y-0.830943_a-2.154436.jpeg CR-A
t1152886582.025721_x-5.893021_y-0.883928_a-2.154869.jpeg CR-A
t1152886582.229734_x-5.913117_y-0.913984_a-2.155927.jpeg CR-A
t1152886582.433746_x-5.935148_y-0.981216_a-2.075429.jpeg CR-A
t1152886582.637760_x-5.935624_y-1.055141_a-1.919001.jpeg CR-A
t1152886582.841890_x-5.918185_y-1.122547_a-1.748713.jpeg CR-A
t1152886583.045784_x-5.916372_y-1.184965_a-1.694975.jpeg CR-A
t1152886583.249993_x-5.915933_y-1.262646_a-1.664626.jpeg CR-A
t1152886583.453811_x-5.920617_y-1.327335_a-1.670190.jpeg CR-A
t1152886583.657823_x-5.927076_y-1.386958_a-1.670433.jpeg CR-A
t1152886583.861835_x-5.933375_y-1.452270_a-1.674362.jpeg CR-A
t1152886584.065871_x-5.936232_y-1.515037_a-1.657560.jpeg CR-A
t1152886584.269863_x-5.922830_y-1.577025_a-1.576900.jpeg CR-A
t1152886584.473873_x-5.916008_y-1.638321_a-1.546736.jpeg 2PO1-A
t1152886584.677892_x-5.916212_y-1.669417_a-1.551140.jpeg 2PO1-A
t1152886584.882087_x-5.915533_y-1.731899_a-1.553358.jpeg 2PO1-A
t1152886585.085911_x-5.914952_y-1.794882_a-1.555659.jpeg 2PO1-A
t1152886585.289925_x-5.914196_y-1.857346_a-1.556426.jpeg 2PO1-A
t1152886585.493937_x-5.913052_y-1.920359_a-1.555317.jpeg 2PO1-A
t1152886585.697951_x-5.915862_y-1.982204_a-1.572226.jpeg 2PO1-A
t1152886585.901964_x-5.920346_y-2.044973_a-1.591100.jpeg 2PO1-A
t1152886586.105976_x-5.935452_y-2.094147_a-1.585281.jpeg 2PO1-A
t1152886586.309989_x-5.936313_y-2.155927_a-1.585327.jpeg 2PO1-A
t1152886586.514002_x-5.937557_y-2.218221_a-1.586861.jpeg 2PO1-A
t1152886586.718014_x-5.938709_y-2.289912_a-1.586861.jpeg 2PO1-A
t1152886586.922027_x-5.939497_y-2.338951_a-1.586861.jpeg 2PO1-A
t1152886587.126039_x-5.940426_y-2.396811_a-1.586861.jpeg 2PO1-A
t1152886587.330052_x-5.941436_y-2.459678_a-1.586861.jpeg 2PO1-A
t1152886587.534064_x-5.941949_y-2.522260_a-1.584659.jpeg 2PO1-A
t1152886587.738077_x-5.942777_y-2.584584_a-1.584507.jpeg 2PO1-A
t1152886587.942091_x-5.943464_y-2.647614_a-1.583793.jpeg 2PO1-A
t1152886588.146322_x-5.944277_y-2.710197_a-1.583793.jpeg 2PO1-A
t1152886588.350117_x-5.959073_y-2.783269_a-1.592542.jpeg 2PO1-A
t1152886588.554129_x-5.979238_y-2.873164_a-1.604967.jpeg 2PO1-A
t1152886588.758269_x-5.980990_y-2.935230_a-1.603466.jpeg 2PO1-A
t1152886588.962162_x-5.983391_y-2.975953_a-1.594504.jpeg 2PO1-A
t1152886589.166220_x-5.985547_y-3.038762_a-1.595580.jpeg 2PO1-A
t1152886589.370180_x-5.986316_y-3.069732_a-1.595580.jpeg 2PO1-A
t1152886589.574191_x-5.986690_y-3.132090_a-1.590324.jpeg 2PO1-A
t1152886589.778392_x-5.979315_y-3.195183_a-1.537453.jpeg 2PO1-A
t1152886589.982220_x-5.967553_y-3.219334_a-1.473447.jpeg 2PO1-A
t1152886590.186230_x-5.957751_y-3.267853_a-1.450552.jpeg 2PO1-A
t1152886590.390243_x-5.951253_y-3.319879_a-1.446277.jpeg 2PO1-A
t1152886590.594256_x-5.946124_y-3.387215_a-1.451227.jpeg 2PO1-A
t1152886590.798270_x-5.936245_y-3.446799_a-1.446142.jpeg 2PO1-A
t1152886591.002296_x-5.928496_y-3.509333_a-1.446548.jpeg 2PO1-A
t1152886591.206298_x-5.921190_y-3.571054_a-1.448232.jpeg 2PO1-A
t1152886591.410307_x-5.913401_y-3.633389_a-1.447676.jpeg 2PO1-A
t1152886591.614320_x-5.909615_y-3.663990_a-1.447676.jpeg 2PO1-A
t1152886591.818331_x-5.897678_y-3.724837_a-1.445400.jpeg 2PO1-A
t1152886592.022344_x-5.889844_y-3.786979_a-1.445400.jpeg 2PO1-A
t1152886592.226383_x-5.882365_y-3.849264_a-1.446934.jpeg 2PO1-A
t1152886592.430373_x-5.874920_y-3.911637_a-1.448416.jpeg 2PO1-A
t1152886592.634383_x-5.854359_y-3.968792_a-1.446938.jpeg 2PO1-A
t1152886592.838397_x-5.846389_y-4.030572_a-1.445693.jpeg 2PO1-A
t1152886593.042410_x-5.838774_y-4.093600_a-1.446938.jpeg 2PO1-A
t1152886593.246428_x-5.819860_y-4.172215_a-1.441698.jpeg 2PO1-A
t1152886593.450436_x-5.811193_y-4.234827_a-1.439329.jpeg 2PO1-A
t1152886593.654656_x-5.795381_y-4.295001_a-1.439727.jpeg 2PO1-A
t1152886593.858460_x-5.787606_y-4.340911_a-1.442097.jpeg 2PO1-A
t1152886594.062667_x-5.766667_y-4.403493_a-1.438153.jpeg 2PO1-A
t1152886594.266485_x-5.758613_y-4.465488_a-1.439161.jpeg 2PO1-A
t1152886594.470497_x-5.750443_y-4.528190_a-1.439687.jpeg 2PO1-A
t1152886594.674511_x-5.743655_y-4.578411_a-1.447531.jpeg 2PO1-A
t1152886594.878523_x-5.733895_y-4.624878_a-1.451368.jpeg 2PO1-A
t1152886595.082535_x-5.733343_y-4.626898_a-1.449834.jpeg 2PO1-A
t1152886595.286730_x-5.732094_y-4.626069_a-1.452820.jpeg 2PO1-A
t1152886595.490562_x-5.729666_y-4.627090_a-1.442281.jpeg 2PO1-A
t1152886595.694577_x-5.718372_y-4.622241_a-1.387753.jpeg 2PO1-A
t1152886595.898588_x-5.687256_y-4.612580_a-1.228111.jpeg 2PO1-A
t1152886596.102601_x-5.657232_y-4.597648_a-1.063001.jpeg 2PO1-A
t1152886596.306638_x-5.641836_y-4.588334_a-0.972952.jpeg 2PO1-A
t1152886596.510626_x-5.613414_y-4.563219_a-0.785123.jpeg 2PO1-A
t1152886596.714638_x-5.589960_y-4.536306_a-0.611622.jpeg 2PO1-A
t1152886596.918651_x-5.571911_y-4.506059_a-0.425644.jpeg 2PO1-A
t1152886597.122663_x-5.560146_y-4.473414_a-0.252864.jpeg 2PO1-A
t1152886597.326788_x-5.552210_y-4.438907_a-0.075981.jpeg 2PO1-A
t1152886597.530696_x-5.554543_y-4.404297_a0.106986.jpeg 2PO1-A
t1152886597.734749_x-5.560937_y-4.368361_a0.289817.jpeg 2PO1-A
t1152886597.938716_x-5.572010_y-4.335276_a0.466937.jpeg 2PO1-A
t1152886598.142727_x-5.591741_y-4.304908_a0.648100.jpeg 2PO1-A
t1152886598.346741_x-5.615290_y-4.278432_a0.827742.jpeg 2PO1-A
t1152886598.550752_x-5.628053_y-4.267263_a0.914684.jpeg 2PO1-A
t1152886598.754767_x-5.659438_y-4.247093_a1.100856.jpeg 2PO1-A
t1152886598.958979_x-5.692382_y-4.234482_a1.277713.jpeg 2PO1-A
t1152886599.162791_x-5.728077_y-4.227664_a1.459725.jpeg 2PO1-A
t1152886599.366859_x-5.763083_y-4.227286_a1.635201.jpeg 2PO1-A
t1152886599.570930_x-5.780539_y-4.229796_a1.723143.jpeg 2PO1-A
t1152886599.774831_x-5.782282_y-4.230072_a1.731968.jpeg 2PO1-A
t1152886599.978842_x-5.781830_y-4.229998_a1.729675.jpeg 2PO1-A
t1152886600.182854_x-5.765021_y-4.230890_a1.644973.jpeg 2PO1-A
t1152886600.386890_x-5.760859_y-4.230897_a1.623589.jpeg 2PO1-A
t1152886600.591055_x-5.760370_y-4.230872_a1.621142.jpeg 2PO1-A
t1152886600.794894_x-5.759696_y-4.230473_a1.617679.jpeg 2PO1-A
t1152886600.998914_x-5.758279_y-4.230055_a1.610054.jpeg 2PO1-A
t1152886601.202922_x-5.757514_y-4.223084_a1.604957.jpeg 2PO1-A
t1152886601.406932_x-5.755356_y-4.206558_a1.591861.jpeg 2PO1-A
t1152886601.610945_x-5.752397_y-4.197209_a1.576636.jpeg 2PO1-A
t1152886601.814964_x-5.752837_y-4.178184_a1.578674.jpeg 2PO1-A
t1152886602.018970_x-5.753472_y-4.156028_a1.580801.jpeg 2PO1-A
t1152886602.222982_x-5.752969_y-4.136575_a1.578493.jpeg 2PO1-A
t1152886602.426997_x-5.753140_y-4.114513_a1.578493.jpeg 2PO1-A
t1152886602.631007_x-5.752412_y-4.096703_a1.574420.jpeg 2PO1-A
t1152886602.835122_x-5.753876_y-4.061401_a1.578644.jpeg 2PO1-A
t1152886603.039034_x-5.753474_y-4.029000_a1.575599.jpeg 2PO1-A
t1152886603.243147_x-5.751581_y-4.029113_a1.569237.jpeg 2PO1-A
t1152886603.447059_x-5.751294_y-4.013201_a1.567795.jpeg 2PO1-A
t1152886603.651072_x-5.750017_y-3.995611_a1.563015.jpeg 2PO1-A
t1152886603.855089_x-5.749084_y-3.964537_a1.559811.jpeg 2PO1-A
t1152886604.059099_x-5.745219_y-3.933686_a1.543121.jpeg 2PO1-A
t1152886604.263109_x-5.747339_y-3.875800_a1.551594.jpeg 2PO1-A
t1152886604.467333_x-5.741591_y-3.859344_a1.528350.jpeg 2PO1-A
t1152886604.671137_x-5.741416_y-3.816617_a1.532274.jpeg 2PO1-A
t1152886604.875346_x-5.739103_y-3.785352_a1.527186.jpeg 2PO1-A
t1152886605.079160_x-5.736044_y-3.773859_a1.518031.jpeg 2PO1-A
t1152886605.283260_x-5.735465_y-3.741433_a1.518479.jpeg 2PO1-A
t1152886605.487187_x-5.734617_y-3.725246_a1.518479.jpeg 2PO1-A
t1152886605.691200_x-5.731916_y-3.699319_a1.509968.jpeg 2PO1-A
t1152886605.895212_x-5.730011_y-3.668047_a1.509968.jpeg 2PO1-A
t1152886606.099232_x-5.728906_y-3.625794_a1.515362.jpeg 2PO1-A
t1152886606.303239_x-5.727820_y-3.581011_a1.520041.jpeg 2PO1-A
t1152886606.507252_x-5.726258_y-3.550246_a1.520041.jpeg 2PO1-A
t1152886606.711264_x-5.727654_y-3.511958_a1.529467.jpeg 2PO1-A
t1152886606.915276_x-5.733403_y-3.478374_a1.540432.jpeg 2PO1-A
t1152886607.119288_x-5.734720_y-3.434104_a1.540182.jpeg 2PO1-A
t1152886607.323302_x-5.739013_y-3.409277_a1.545379.jpeg 2PO1-A
t1152886607.527313_x-5.737877_y-3.378032_a1.543845.jpeg 2PO1-A
t1152886607.731328_x-5.736793_y-3.358011_a1.541096.jpeg 2PO1-A
t1152886607.935341_x-5.735995_y-3.340443_a1.539774.jpeg 2PO1-A
t1152886608.139468_x-5.734751_y-3.303637_a1.539288.jpeg 2PO1-A
t1152886608.343365_x-5.742538_y-3.278129_a1.548886.jpeg 2PO1-A
t1152886608.547400_x-5.741379_y-3.243838_a1.551160.jpeg 2PO1-A
t1152886608.751391_x-5.738007_y-3.207688_a1.553023.jpeg 2PO1-A
t1152886608.955403_x-5.734084_y-3.170936_a1.554563.jpeg 2PO1-A
t1152886609.159416_x-5.732853_y-3.144215_a1.564553.jpeg 2PO1-A
t1152886609.363429_x-5.739831_y-3.099305_a1.595583.jpeg 2PO1-A
t1152886609.567498_x-5.743854_y-3.063765_a1.609676.jpeg 2PO1-A
t1152886609.771664_x-5.740233_y-3.005051_a1.588119.jpeg 2PO1-A
t1152886609.975469_x-5.741177_y-2.969503_a1.589653.jpeg 2PO1-A
t1152886610.179480_x-5.740416_y-2.948410_a1.586137.jpeg 2PO1-A
t1152886610.383501_x-5.741023_y-2.912264_a1.586325.jpeg 2PO1-A
t1152886610.587504_x-5.740986_y-2.875048_a1.584104.jpeg 2PO1-A
t1152886610.791517_x-5.740567_y-2.835361_a1.579654.jpeg 2PO1-A
t1152886610.995540_x-5.740890_y-2.798590_a1.579665.jpeg 2PO1-A
t1152886611.582474_x-5.741566_y-2.665979_a1.578147.jpeg 2PO1-A
t1152886611.783582_x-5.741648_y-2.618601_a1.577089.jpeg 2PO1-A
t1152886611.987593_x-5.741912_y-2.594478_a1.577561.jpeg 2PO1-A
t1152886612.191606_x-5.742131_y-2.548639_a1.577412.jpeg 2PO1-A
t1152886612.395618_x-5.742615_y-2.498380_a1.578126.jpeg 2PO1-A
t1152886612.599632_x-5.742524_y-2.443241_a1.575859.jpeg 2PO1-A
t1152886612.803645_x-5.742116_y-2.393655_a1.573357.jpeg 2PO1-A
t1152886613.007679_x-5.742758_y-2.347702_a1.575758.jpeg 2PO1-A
t1152886613.211670_x-5.744025_y-2.303510_a1.580575.jpeg 2PO1-A
t1152886613.415684_x-5.744491_y-2.255910_a1.580575.jpeg 2PO1-A
t1152886613.619695_x-5.744716_y-2.207045_a1.579651.jpeg 2PO1-A
t1152886613.823709_x-5.744849_y-2.157918_a1.578218.jpeg 2PO1-A
t1152886614.027720_x-5.743248_y-2.106000_a1.569911.jpeg 2PO1-A
t1152886614.231736_x-5.743226_y-2.080894_a1.569911.jpeg 2PO1-A
t1152886614.435747_x-5.743183_y-2.032613_a1.569911.jpeg 2PO1-A
t1152886614.639761_x-5.741795_y-1.978913_a1.564389.jpeg 2PO1-A
t1152886614.843772_x-5.741359_y-1.926786_a1.561960.jpeg 2PO1-A
t1152886615.047785_x-5.740771_y-1.875714_a1.561175.jpeg 2PO1-A
t1152886625.248444_x-5.737002_y-1.740947_a1.561410.jpeg 2PO1-A
t1152886625.452535_x-5.740157_y-1.718080_a1.577296.jpeg 2PO1-A
t1152886625.656449_x-5.742208_y-1.687216_a1.585740.jpeg 2PO1-A
t1152886625.860461_x-5.741270_y-1.674281_a1.581838.jpeg 2PO1-A
t1152886626.064475_x-5.740154_y-1.663541_a1.575461.jpeg 2PO1-A
t1152886626.268484_x-5.745303_y-1.641386_a1.599260.jpeg 2PO1-A
t1152886626.472499_x-5.741458_y-1.624162_a1.584015.jpeg 2PO1-A
t1152886626.676716_x-5.738955_y-1.602744_a1.575443.jpeg 2PO1-A
t1152886626.880530_x-5.733984_y-1.582448_a1.560910.jpeg CR-A
t1152886627.084536_x-5.733647_y-1.548316_a1.560910.jpeg CR-A
t1152886627.288550_x-5.731862_y-1.520264_a1.551158.jpeg CR-A
t1152886627.492562_x-5.731278_y-1.480001_a1.552097.jpeg CR-A
t1152886627.696576_x-5.730571_y-1.434589_a1.551201.jpeg CR-A
t1152886627.900588_x-5.730452_y-1.401575_a1.551529.jpeg CR-A
t1152886628.104604_x-5.730813_y-1.389012_a1.550380.jpeg CR-A
t1152886628.308615_x-5.728767_y-1.345264_a1.549162.jpeg CR-A
t1152886628.512626_x-5.728394_y-1.305722_a1.548816.jpeg CR-A
t1152886628.716638_x-5.729364_y-1.280552_a1.543772.jpeg CR-A
t1152886628.920652_x-5.728264_y-1.236000_a1.544514.jpeg CR-A
t1152886629.124663_x-5.727896_y-1.176294_a1.547996.jpeg CR-A
t1152886629.328700_x-5.729707_y-1.146360_a1.553603.jpeg CR-A
t1152886629.532691_x-5.729082_y-1.083844_a1.546581.jpeg CR-A
t1152886629.736750_x-5.727299_y-1.033780_a1.543747.jpeg CR-A
t1152886629.940960_x-5.725687_y-0.982631_a1.541607.jpeg CR-A
t1152886630.144727_x-5.724809_y-0.946262_a1.542453.jpeg CR-A
t1152886630.348841_x-5.723606_y-0.896549_a1.542813.jpeg CR-A
t1152886630.552755_x-5.721378_y-0.863139_a1.537368.jpeg CR-A
t1152886630.756767_x-5.719543_y-0.816345_a1.538344.jpeg CR-A
t1152886630.960880_x-5.716475_y-0.754442_a1.535533.jpeg CR-A
t1152886631.164790_x-5.715171_y-0.712994_a1.535266.jpeg CR-A
t1152886631.368859_x-5.713392_y-0.665491_a1.536070.jpeg CR-A
t1152886631.572818_x-5.712122_y-0.617992_a1.538556.jpeg CR-A
t1152886631.776830_x-5.709151_y-0.562065_a1.536736.jpeg CR-A
t1152886631.980845_x-5.709618_y-0.490581_a1.547450.jpeg CR-A
t1152886632.184857_x-5.722534_y-0.443073_a1.604542.jpeg CR-A
t1152886632.388870_x-5.739955_y-0.403163_a1.674706.jpeg CR-A
t1152886632.592997_x-5.750491_y-0.349351_a1.706848.jpeg CR-A
t1152886632.796893_x-5.754291_y-0.330383_a1.705592.jpeg CR-A
t1152886633.000908_x-5.762791_y-0.279423_a1.705863.jpeg CR-A
t1152886633.204920_x-5.773824_y-0.219865_a1.707698.jpeg CR-A
t1152886633.408954_x-5.783192_y-0.173714_a1.708540.jpeg CR-A
t1152886633.612944_x-5.789972_y-0.127341_a1.711891.jpeg CR-A
t1152886633.816959_x-5.812676_y-0.073567_a1.774866.jpeg CR-A
t1152886634.020971_x-5.868777_y-0.036739_a1.965708.jpeg CR-A
t1152886634.224984_x-5.924110_y-0.011554_a2.151505.jpeg CR-A
t1152886634.428995_x-5.983425_y0.004949_a2.332940.jpeg CR-A
t1152886634.633009_x-6.046490_y0.012602_a2.515456.jpeg CR-A
t1152886634.837024_x-6.095727_y-0.003895_a2.696869.jpeg CR-A
t1152886635.041035_x-6.182255_y-0.002221_a2.840393.jpeg CR-A
t1152886635.245163_x-6.210190_y-0.012740_a2.926737.jpeg CR-A
t1152886635.449061_x-6.246024_y-0.033857_a3.047456.jpeg CR-A
t1152886635.653072_x-6.304115_y-0.031036_a3.049630.jpeg CR-A
t1152886635.857185_x-6.356051_y-0.026013_a3.044035.jpeg CR-A
t1152886636.061099_x-6.402623_y-0.021774_a3.044512.jpeg CR-A
t1152886636.265211_x-6.451347_y-0.016493_a3.042094.jpeg CR-A
t1152886636.469123_x-6.493797_y-0.026759_a3.082474.jpeg CR-A
t1152886636.673136_x-6.542192_y-0.045104_a-3.094931.jpeg CR-A
t1152886636.877148_x-6.587307_y-0.063428_a-3.021225.jpeg CR-A
t1152886637.081165_x-6.633513_y-0.068364_a-3.020564.jpeg CR-A
t1152886637.285176_x-6.686758_y-0.078562_a-3.020276.jpeg CR-A
t1152886637.489401_x-6.709454_y-0.081034_a-3.020025.jpeg CR-A
t1152886637.693198_x-6.761204_y-0.089403_a-3.023565.jpeg CR-A
t1152886637.897408_x-6.819844_y-0.088490_a-3.032193.jpeg CR-A
t1152886638.101226_x-6.875189_y-0.092681_a-3.035315.jpeg CR-A
t1152886638.305238_x-6.928887_y-0.097620_a-3.035895.jpeg CR-A
t1152886638.509251_x-6.978784_y-0.103316_a-3.035593.jpeg CR-A
t1152886638.713264_x-7.030538_y-0.103829_a-3.036234.jpeg CR-A
t1152886638.917277_x-7.079668_y-0.108111_a-3.036362.jpeg CR-A
t1152886639.121288_x-7.131253_y-0.115165_a-3.046445.jpeg CR-A
t1152886639.325410_x-7.181363_y-0.120723_a-3.046295.jpeg CR-A
t1152886639.529315_x-7.228238_y-0.124506_a-3.046213.jpeg CR-A
t1152886639.733326_x-7.299904_y-0.130568_a-3.051866.jpeg CR-A
t1152886639.937343_x-7.299904_y-0.130568_a-3.051866.jpeg CR-A
t1152886640.141352_x-7.351772_y-0.136567_a-3.054159.jpeg CR-A
t1152886640.345366_x-7.398286_y-0.140978_a-3.051671.jpeg CR-A
t1152886640.549377_x-7.442174_y-0.148808_a-3.054056.jpeg CR-A
t1152886640.753391_x-7.486479_y-0.151247_a-3.053516.jpeg CR-A
t1152886640.957404_x-7.531455_y-0.154428_a-3.053377.jpeg CR-A
t1152886641.161632_x-7.582796_y-0.161866_a-3.058101.jpeg CR-A
t1152886641.365429_x-7.622577_y-0.165186_a-3.056300.jpeg CR-A
t1152886641.569520_x-7.662864_y-0.168522_a-3.055330.jpeg CR-A
t1152886641.773456_x-7.695594_y-0.170026_a-3.058246.jpeg CR-A
t1152886641.977469_x-7.743020_y-0.173169_a-3.059249.jpeg CR-A
t1152886642.181484_x-7.768893_y-0.175403_a-3.060828.jpeg CR-A
t1152886642.385494_x-7.817036_y-0.178765_a-3.060666.jpeg CR-A
t1152886642.589505_x-7.867884_y-0.184447_a-3.057081.jpeg CR-A
t1152886642.793722_x-7.915366_y-0.187518_a-3.059145.jpeg CR-A
t1152886642.997531_x-7.957185_y-0.188887_a-3.058525.jpeg CR-A
t1152886643.201545_x-8.007570_y-0.192688_a-3.067709.jpeg CR-A
t1152886643.405557_x-8.065733_y-0.197618_a-3.067613.jpeg CR-A
t1152886643.609571_x-8.110766_y-0.202236_a-3.072675.jpeg CR-A
t1152886643.813582_x-8.158748_y-0.203820_a-3.076635.jpeg CR-A
t1152886644.017598_x-8.209260_y-0.207659_a-3.079313.jpeg CR-A
t1152886644.221607_x-8.273760_y-0.211924_a-3.081186.jpeg CR-A
t1152886644.425622_x-8.294864_y-0.212945_a-3.082312.jpeg CR-A
t1152886644.629632_x-8.355860_y-0.214746_a-3.101131.jpeg CR-A
t1152886644.833645_x-8.404841_y-0.212244_a-3.123238.jpeg CR-A
t1152886645.037660_x-8.453593_y-0.212287_a-3.126824.jpeg CR-A
t1152886645.241674_x-8.502861_y-0.210871_a-3.131531.jpeg CR-A
t1152886645.445786_x-8.587188_y-0.210715_a-3.129477.jpeg CR-A
t1152886645.649718_x-8.636713_y-0.211315_a-3.129477.jpeg CR-A
t1152886645.853710_x-8.685129_y-0.211902_a-3.129477.jpeg CR-A
t1152886646.057727_x-8.728990_y-0.214184_a-3.135411.jpeg CR-A
t1152886646.826843_x-8.905639_y-0.213531_a-3.139528.jpeg CR-A
t1152886647.029783_x-8.954621_y-0.213462_a-3.140332.jpeg CR-A
t1152886647.233799_x-9.006018_y-0.213352_a-3.141062.jpeg CR-A
t1152886647.437812_x-9.077478_y-0.211094_a-3.139368.jpeg CR-A
t1152886647.641823_x-9.130833_y-0.211200_a-3.138843.jpeg CR-A
t1152886647.845836_x-9.184164_y-0.211525_a-3.138956.jpeg CR-A
t1152886648.049847_x-9.210536_y-0.211588_a-3.138987.jpeg CR-A
t1152886648.253860_x-9.264956_y-0.209914_a3.139253.jpeg CR-A
t1152886648.457874_x-9.320041_y-0.209053_a3.140947.jpeg CR-A
t1152886648.661885_x-9.373340_y-0.206930_a3.135158.jpeg CR-A
t1152886648.866102_x-9.424929_y-0.206869_a3.132461.jpeg CR-A
t1152886649.069911_x-9.478267_y-0.206389_a3.134555.jpeg CR-A
t1152886649.274134_x-9.531322_y-0.206547_a3.137334.jpeg CR-A
t1152886649.477937_x-9.606038_y-0.205395_a3.132601.jpeg CR-A
t1152886649.681948_x-9.659917_y-0.204976_a3.132875.jpeg CR-A
t1152886649.885961_x-9.710711_y-0.203664_a3.128654.jpeg CR-A
t1152886650.089976_x-9.764660_y-0.203290_a3.129975.jpeg CR-A
t1152886650.294009_x-9.796818_y-0.202378_a3.127988.jpeg CR-A
t1152886650.497999_x-9.851841_y-0.201200_a3.126341.jpeg CR-A
t1152886650.702012_x-9.903697_y-0.200465_a3.126095.jpeg CR-A
t1152886650.906028_x-9.960383_y-0.199198_a3.124877.jpeg CR-A
t1152886651.110038_x-10.022104_y-0.195050_a3.116093.jpeg CR-A
t1152886651.314050_x-10.075659_y-0.193684_a3.116093.jpeg CR-A
t1152886651.518063_x-10.124513_y-0.192825_a3.117137.jpeg CR-A
t1152886651.722077_x-10.177411_y-0.192204_a3.118808.jpeg CR-A
t1152886651.926088_x-10.256258_y-0.163143_a3.106757.jpeg CR-A
t1152886652.130102_x-10.317764_y-0.161052_a3.104678.jpeg CR-A
t1152886652.334118_x-10.374156_y-0.157451_a3.103234.jpeg CR-A
t1152886652.538130_x-10.433994_y-0.155155_a3.103514.jpeg CR-A
t1152886652.742141_x-10.467923_y-0.151597_a3.101085.jpeg CR-A
t1152886652.946152_x-10.533407_y-0.149621_a3.099864.jpeg CR-A
t1152886653.150268_x-10.597950_y-0.152235_a3.111133.jpeg CR-A
t1152886653.354183_x-10.659493_y-0.150603_a3.124099.jpeg CR-A
t1152886653.558293_x-10.729735_y-0.148436_a3.122343.jpeg CR-A
t1152886653.762203_x-10.790962_y-0.148913_a3.113014.jpeg CR-A
t1152886653.966273_x-10.847076_y-0.146933_a3.109552.jpeg CR-A
t1152886654.170430_x-10.911670_y-0.143452_a3.114200.jpeg CR-A
t1152886654.374266_x-10.980232_y-0.139159_a3.112226.jpeg CR-A
t1152886654.578254_x-11.041820_y-0.137753_a3.114325.jpeg CR-A
t1152886654.782464_x-11.117586_y-0.135591_a3.113297.jpeg CR-A
t1152886654.986282_x-11.149080_y-0.134575_a3.112720.jpeg CR-A
t1152886655.190412_x-11.211724_y-0.132337_a3.110808.jpeg CR-A
t1152886655.394305_x-11.277883_y-0.130077_a3.115090.jpeg CR-A
t1152886655.598317_x-11.342936_y-0.127105_a3.111603.jpeg CR-A
t1152886655.802517_x-11.409217_y-0.124481_a3.107988.jpeg CR-A
t1152886656.006476_x-11.465491_y-0.121645_a3.104436.jpeg CR-A
t1152886656.210357_x-11.528205_y-0.121648_a3.115045.jpeg CR-A
t1152886656.414369_x-11.591623_y-0.133647_a-3.108892.jpeg CR-A
t1152886656.618383_x-11.686822_y-0.148110_a-3.063920.jpeg CR-A
t1152886656.822396_x-11.741704_y-0.151730_a-3.066790.jpeg CR-A
t1152886657.026407_x-11.806575_y-0.158164_a-3.063614.jpeg CR-A
t1152886657.230421_x-11.855354_y-0.156617_a-3.075928.jpeg CR-A
t1152886657.434439_x-11.888658_y-0.158637_a-3.076210.jpeg CR-A
t1152886657.638450_x-11.947489_y-0.159304_a-3.086959.jpeg CR-A
t1152886657.842459_x-12.009102_y-0.165123_a-3.081948.jpeg CR-A
t1152886658.046470_x-12.072856_y-0.168749_a-3.082768.jpeg CR-A
t1152886658.250487_x-12.132340_y-0.171163_a-3.085106.jpeg CR-A
t1152886658.454519_x-12.187740_y-0.172699_a-3.088259.jpeg CR-A
t1152886658.658510_x-12.245049_y-0.175325_a-3.089625.jpeg CR-A
t1152886658.862522_x-12.304326_y-0.178231_a-3.090442.jpeg CR-A
t1152886659.066744_x-12.366748_y-0.180025_a-3.095943.jpeg CR-A
t1152886659.270549_x-12.429401_y-0.182941_a-3.095280.jpeg CR-A
t1152886659.474561_x-12.503115_y-0.172955_a-3.103686.jpeg CR-A
t1152886659.678674_x-12.533410_y-0.163178_a-3.106844.jpeg CR-A
t1152886659.882587_x-12.593601_y-0.157955_a-3.108440.jpeg CR-A
t1152886660.086701_x-12.654060_y-0.160415_a-3.109884.jpeg CR-A
t1152886660.290612_x-12.716021_y-0.164073_a-3.112466.jpeg CR-A
t1152886660.494623_x-12.786053_y-0.167244_a-3.115522.jpeg CR-A
t1152886660.698638_x-12.848961_y-0.171652_a-3.121809.jpeg CR-A
t1152886660.902650_x-12.915165_y-0.177684_a-3.127316.jpeg CR-A
t1152886661.106664_x-12.973965_y-0.181567_a-3.134682.jpeg CR-A
t1152886661.310867_x-13.037310_y-0.182469_a-3.134727.jpeg CR-A
t1152886661.514690_x-13.097904_y-0.179785_a-3.134561.jpeg CR-A
t1152886661.718798_x-13.160237_y-0.178942_a-3.133762.jpeg CR-A
t1152886661.922714_x-13.190017_y-0.180624_a-3.134945.jpeg CR-A
t1152886662.126725_x-13.251494_y-0.179703_a-3.132722.jpeg CR-A
t1152886662.330743_x-13.311426_y-0.176540_a-3.131209.jpeg CR-A
t1152886662.534784_x-13.373240_y-0.176675_a-3.133236.jpeg CR-A
t1152886662.738816_x-13.435299_y-0.176068_a-3.136220.jpeg CR-A
t1152886662.942777_x-13.517652_y-0.175545_a-3.139192.jpeg CR-A
t1152886663.146793_x-13.577865_y-0.175286_a-3.137747.jpeg CR-A
t1152886663.350804_x-13.637564_y-0.176088_a3.140963.jpeg CR-A
t1152886663.554816_x-13.698621_y-0.180830_a3.137072.jpeg CR-A
t1152886663.758842_x-13.761186_y-0.180888_a3.138606.jpeg CR-A
t1152886663.962842_x-13.821106_y-0.180798_a3.130644.jpeg CR-A
t1152886664.166910_x-13.882945_y-0.178415_a3.127015.jpeg CR-A
t1152886664.370868_x-13.916486_y-0.178460_a3.125202.jpeg CR-A
t1152886664.574878_x-13.968544_y-0.175074_a3.129798.jpeg CR-A
t1152886664.778893_x-14.033688_y-0.170926_a3.130030.jpeg CR-A
t1152886664.983006_x-14.095889_y-0.169916_a3.128678.jpeg CR-A
t1152886665.186918_x-14.155745_y-0.169830_a3.131624.jpeg CR-A
t1152886665.390930_x-14.218547_y-0.167073_a3.131515.jpeg CR-A
t1152886665.595046_x-14.284142_y-0.168469_a3.128593.jpeg CR-A
t1152886665.798956_x-14.336982_y-0.173570_a3.128869.jpeg CR-A
t1152886666.002973_x-14.404373_y-0.170759_a3.127205.jpeg CR-A
t1152886666.206981_x-14.468475_y-0.170548_a3.124832.jpeg CR-A
t1152886666.410996_x-14.532993_y-0.167371_a3.124406.jpeg CR-A
t1152886666.615220_x-14.563946_y-0.166839_a3.124406.jpeg CR-A
t1152886666.819020_x-14.625876_y-0.162308_a3.121106.jpeg CR-A
t1152886667.023032_x-14.693385_y-0.159721_a3.118690.jpeg CR-A
t1152886667.227146_x-14.757953_y-0.158222_a3.118603.jpeg CR-A
t1152886667.431057_x-14.821033_y-0.157743_a3.123096.jpeg CR-A
t1152886667.635073_x-14.886425_y-0.173531_a-3.084367.jpeg CR-A
t1152886667.839085_x-14.953780_y-0.211285_a-2.928812.jpeg CR-A
t1152886668.043097_x-14.995673_y-0.255609_a-2.744267.jpeg CR-A
t1152886668.247110_x-15.022325_y-0.310408_a-2.562326.jpeg CR-A
t1152886668.451123_x-15.042244_y-0.375668_a-2.379910.jpeg CR-A
t1152886668.655134_x-15.036659_y-0.440921_a-2.199274.jpeg CR-A
t1152886668.859152_x-15.036103_y-0.546436_a-1.945180.jpeg CR-A
t1152886669.063159_x-15.038944_y-0.557420_a-1.925730.jpeg CR-A
t1152886669.267173_x-15.029218_y-0.621353_a-1.790209.jpeg CR-A
t1152886669.471187_x-15.026384_y-0.688257_a-1.723912.jpeg CR-A
t1152886669.675199_x-15.028809_y-0.735039_a-1.707970.jpeg CR-A
t1152886669.879210_x-15.039210_y-0.802081_a-1.711104.jpeg CR-A
t1152886670.083224_x-15.046885_y-0.853423_a-1.714844.jpeg CR-A
t1152886670.287236_x-15.055142_y-0.914243_a-1.717866.jpeg CR-A
t1152886670.491353_x-15.065678_y-0.991868_a-1.711871.jpeg CR-A
t1152886670.695284_x-15.075317_y-1.051325_a-1.716354.jpeg CR-A
t1152886670.899276_x-15.084036_y-1.113446_a-1.714666.jpeg CR-A
t1152886671.103288_x-15.096791_y-1.193279_a-1.720798.jpeg CR-A
t1152886671.307301_x-15.101862_y-1.225626_a-1.720203.jpeg CR-A
t1152886671.511314_x-15.110966_y-1.290531_a-1.719119.jpeg CR-A
t1152886671.715326_x-15.121495_y-1.371991_a-1.717108.jpeg ST-A
t1152886671.919337_x-15.129780_y-1.433360_a-1.713858.jpeg ST-A
t1152886672.123553_x-15.137323_y-1.482021_a-1.716715.jpeg ST-A
t1152886672.327470_x-15.145651_y-1.544232_a-1.712242.jpeg ST-A
t1152886672.531572_x-15.141498_y-1.611981_a-1.648993.jpeg ST-A
t1152886672.735395_x-15.117978_y-1.672347_a-1.480684.jpeg ST-A
t1152886672.939405_x-15.081404_y-1.728254_a-1.346144.jpeg ST-A
t1152886673.143416_x-15.060503_y-1.787095_a-1.316025.jpeg ST-A
t1152886673.347428_x-15.036000_y-1.866105_a-1.295747.jpeg ST-A
t1152886673.551440_x-15.018221_y-1.932470_a-1.304144.jpeg ST-A
t1152886673.755458_x-15.009625_y-1.962565_a-1.302461.jpeg ST-A
t1152886673.959467_x-14.992776_y-2.023343_a-1.301810.jpeg ST-A
t1152886674.163480_x-14.976032_y-2.072415_a-1.297903.jpeg ST-A
t1152886674.367546_x-14.973030_y-2.082348_a-1.300881.jpeg ST-A
t1152886674.571591_x-14.983472_y-2.083711_a-1.300286.jpeg ST-A
t1152887010.252666_x-15.033601_y-2.124740_a-1.311053.jpeg ST-A
t1152887010.456496_x-15.030831_y-2.137487_a-1.302432.jpeg ST-A
t1152887010.660508_x-15.020059_y-2.146441_a-1.263181.jpeg ST-A
t1152887010.864525_x-14.992160_y-2.164736_a-1.162121.jpeg ST-A
t1152887011.068536_x-14.958053_y-2.165540_a-1.012599.jpeg ST-A
t1152887011.272548_x-14.942476_y-2.167343_a-0.967691.jpeg ST-A
t1152887011.476559_x-14.933115_y-2.179733_a-0.952316.jpeg ST-A
t1152887011.680572_x-14.919157_y-2.197034_a-0.939315.jpeg ST-A
t1152887011.884586_x-14.912646_y-2.208832_a-0.938714.jpeg ST-A
t1152887012.088598_x-14.895727_y-2.236373_a-0.935514.jpeg ST-A
t1152887012.292696_x-14.886952_y-2.253867_a-0.934695.jpeg ST-A
t1152887012.496624_x-14.868831_y-2.280164_a-0.933260.jpeg ST-A
t1152887012.700635_x-14.854583_y-2.301574_a-0.932654.jpeg ST-A
t1152887012.904774_x-14.847478_y-2.309008_a-0.918907.jpeg ST-A
t1152887013.108661_x-14.820528_y-2.333490_a-0.877174.jpeg ST-A
t1152887013.312675_x-14.775231_y-2.341538_a-0.737190.jpeg ST-A
t1152887013.516687_x-14.730106_y-2.343468_a-0.592725.jpeg ST-A
t1152887013.720699_x-14.698506_y-2.336926_a-0.488285.jpeg ST-A
t1152887013.924713_x-14.672378_y-2.339912_a-0.445174.jpeg ST-A
t1152887014.128918_x-14.645478_y-2.342735_a-0.417877.jpeg ST-A
t1152887014.332737_x-14.616828_y-2.357237_a-0.415424.jpeg ST-A
t1152887014.536948_x-14.602138_y-2.365642_a-0.403456.jpeg ST-A
t1152887014.740762_x-14.558138_y-2.359088_a-0.287749.jpeg ST-A
t1152887014.944778_x-14.513719_y-2.335634_a-0.118536.jpeg ST-A
t1152887015.148788_x-14.491491_y-2.318986_a-0.034861.jpeg ST-A
t1152887015.352802_x-14.454020_y-2.305124_a0.050326.jpeg ST-A
t1152887015.556813_x-14.428889_y-2.301224_a0.057528.jpeg ST-A
t1152887015.760874_x-14.392153_y-2.296898_a0.068015.jpeg ST-A
t1152887015.964843_x-14.366479_y-2.294381_a0.071616.jpeg ST-A
t1152887016.168913_x-14.330942_y-2.293670_a0.073581.jpeg ST-A
t1152887016.372867_x-14.297656_y-2.291982_a0.069232.jpeg ST-A
t1152887016.576878_x-14.271514_y-2.292081_a0.069671.jpeg ST-A
t1152887016.780890_x-14.235494_y-2.289404_a0.060622.jpeg ST-A
t1152887016.984928_x-14.204446_y-2.288234_a0.059278.jpeg ST-A
t1152887017.188917_x-14.185482_y-2.288086_a0.056868.jpeg ST-A
t1152887017.392931_x-14.162063_y-2.283789_a0.059373.jpeg ST-A
t1152887017.596942_x-14.163127_y-2.284041_a0.060092.jpeg ST-A
t1152887017.800956_x-14.164702_y-2.283646_a0.057928.jpeg ST-A
t1152887018.004966_x-14.164771_y-2.283414_a0.057839.jpeg ST-A
t1152887018.208981_x-14.164721_y-2.283397_a0.057906.jpeg ST-A
t1152887018.412994_x-14.164128_y-2.283186_a0.058476.jpeg ST-A
t1152887018.617005_x-14.164639_y-2.283331_a0.058237.jpeg ST-A
t1152887135.272295_x-14.167490_y-2.285247_a0.049026.jpeg ST-A
t1152887135.476310_x-14.161475_y-2.285526_a0.049910.jpeg ST-A
t1152887135.680321_x-14.130776_y-2.285258_a0.040089.jpeg ST-A
t1152887135.884333_x-14.066276_y-2.285242_a0.029492.jpeg ST-A
t1152887136.088346_x-14.004880_y-2.284076_a0.030282.jpeg ST-A
t1152887136.292359_x-13.924726_y-2.283068_a0.027242.jpeg ST-A
t1152887136.496372_x-13.878868_y-2.284957_a0.021170.jpeg ST-A
t1152887136.700387_x-13.819160_y-2.284438_a0.017934.jpeg ST-A
t1152887136.904398_x-13.744172_y-2.284130_a0.012288.jpeg ST-A
t1152887137.108410_x-13.687926_y-2.282639_a0.012047.jpeg ST-A
t1152887137.312423_x-13.626253_y-2.280298_a0.012550.jpeg ST-A
t1152887137.516641_x-13.575043_y-2.278662_a0.021018.jpeg ST-A
t1152887137.720447_x-13.552130_y-2.278479_a0.019268.jpeg ST-A
t1152887137.924482_x-13.490110_y-2.276056_a0.025128.jpeg ST-A
t1152887138.128474_x-13.425829_y-2.275438_a0.021695.jpeg ST-A
t1152887138.332486_x-13.385315_y-2.274782_a0.020557.jpeg ST-A
t1152887138.536499_x-13.322154_y-2.283463_a0.009752.jpeg ST-A
t1152887138.740698_x-13.273053_y-2.285994_a0.006706.jpeg ST-A
t1152887138.944527_x-13.218611_y-2.285668_a0.003745.jpeg ST-A
t1152887139.148537_x-13.163566_y-2.291864_a0.000122.jpeg ST-A
t1152887139.352551_x-13.105486_y-2.291405_a-0.003463.jpeg ST-A
t1152887139.556564_x-13.056384_y-2.292821_a-0.009354.jpeg TL-A
t1152887139.760606_x-13.003127_y-2.296480_a-0.007732.jpeg TL-A
t1152887139.964588_x-12.983407_y-2.292897_a-0.007127.jpeg TL-A
t1152887140.168655_x-12.929726_y-2.292886_a0.000326.jpeg TL-A
t1152887140.372614_x-12.884412_y-2.284664_a0.004132.jpeg TL-A
t1152887140.576762_x-12.825601_y-2.283632_a0.002608.jpeg TL-A
t1152887140.780641_x-12.766274_y-2.280164_a-0.002789.jpeg TL-A
t1152887140.984651_x-12.704877_y-2.281096_a-0.000661.jpeg TL-A
t1152887141.188666_x-12.650110_y-2.286591_a-0.002248.jpeg TL-A
t1152887141.392680_x-12.591714_y-2.288399_a-0.005010.jpeg TL-A
t1152887141.596690_x-12.536310_y-2.289733_a-0.005222.jpeg TL-A
t1152887141.800707_x-12.503381_y-2.292557_a-0.006978.jpeg TL-A
t1152887142.004742_x-12.428376_y-2.296013_a-0.007282.jpeg TL-A
t1152887142.208729_x-12.370318_y-2.298556_a-0.006718.jpeg TL-A
t1152887142.412950_x-12.343295_y-2.298738_a-0.006718.jpeg TL-A
t1152887142.616754_x-12.267677_y-2.300306_a-0.009150.jpeg TL-A
t1152887142.820767_x-12.218143_y-2.300759_a-0.009150.jpeg TL-A
t1152887143.024883_x-12.201571_y-2.303288_a-0.012709.jpeg TL-A
t1152887143.228793_x-12.144672_y-2.303994_a-0.018781.jpeg TL-A
t1152887143.432805_x-12.072935_y-2.315647_a-0.071419.jpeg TL-A
t1152887143.636818_x-12.019431_y-2.342050_a-0.194610.jpeg TL-A
t1152887143.840832_x-11.966518_y-2.397502_a-0.400023.jpeg TL-A
t1152887144.044845_x-11.939333_y-2.466197_a-0.604081.jpeg TL-A
t1152887144.248857_x-11.912876_y-2.538858_a-0.794370.jpeg TL-A
t1152887144.452871_x-11.915232_y-2.604064_a-1.001768.jpeg TL-A
t1152887144.656884_x-11.918144_y-2.629779_a-1.101074.jpeg TL-A
t1152887144.860895_x-11.934487_y-2.696539_a-1.298225.jpeg TL-A
t1152887145.064909_x-11.958922_y-2.767928_a-1.502085.jpeg TL-A
t1152887145.268920_x-11.998246_y-2.803163_a-1.708128.jpeg TL-A
t1152887145.472934_x-12.038995_y-2.850047_a-1.897119.jpeg TL-A
t1152887145.676945_x-12.073249_y-2.893986_a-1.976538.jpeg TL-A
t1152887145.880959_x-12.087814_y-2.935338_a-1.985463.jpeg TL-A
t1152887146.084993_x-12.107870_y-2.989645_a-1.983929.jpeg TL-A
t1152887146.288984_x-12.130919_y-3.042283_a-1.981220.jpeg TL-A
t1152887146.492996_x-12.144348_y-3.078416_a-1.980883.jpeg TL-A
t1152887146.697009_x-12.173658_y-3.146558_a-1.981113.jpeg TL-A
t1152887146.901023_x-12.184488_y-3.171001_a-1.981964.jpeg TL-A
t1152887147.105035_x-12.210545_y-3.212758_a-1.987229.jpeg TL-A
t1152887147.309048_x-12.232644_y-3.262721_a-1.987229.jpeg TL-A
t1152887147.513062_x-12.256727_y-3.308624_a-1.988256.jpeg TL-A
t1152887147.717074_x-12.277051_y-3.354775_a-1.988352.jpeg TL-A
t1152887147.921086_x-12.300520_y-3.411511_a-1.987561.jpeg TL-A
t1152887148.125098_x-12.328296_y-3.468807_a-1.987238.jpeg TL-A
t1152887148.329216_x-12.354736_y-3.523475_a-1.990584.jpeg TL-A
t1152887148.533124_x-12.368413_y-3.568538_a-1.990572.jpeg TL-A
t1152887148.737137_x-12.392578_y-3.608307_a-1.994505.jpeg TL-A
t1152887148.941336_x-12.410089_y-3.651473_a-1.995831.jpeg TL-A
t1152887149.145163_x-12.413453_y-3.700075_a-1.930772.jpeg TL-A
t1152887149.349176_x-12.411722_y-3.757543_a-1.841370.jpeg TL-A
t1152887149.553189_x-12.406094_y-3.807106_a-1.758282.jpeg TL-A
t1152887149.757231_x-12.417020_y-3.856182_a-1.765056.jpeg TL-A
t1152887149.961217_x-12.428356_y-3.914034_a-1.765056.jpeg TL-A
t1152887150.165247_x-12.441090_y-3.955588_a-1.753617.jpeg TL-A
t1152887150.369278_x-12.419867_y-4.004343_a-1.625823.jpeg TL-A
t1152887150.573251_x-12.414592_y-4.058828_a-1.573810.jpeg TL-A
t1152887150.777267_x-12.414494_y-4.132732_a-1.569374.jpeg TL-A
t1152887150.981278_x-12.413794_y-4.192949_a-1.566700.jpeg TL-A
t1152887151.185293_x-12.415103_y-4.239294_a-1.572495.jpeg TL-A
t1152887151.389303_x-12.426167_y-4.287689_a-1.579954.jpeg TL-A
t1152887151.593316_x-12.430257_y-4.316669_a-1.579658.jpeg TL-A
t1152887151.797328_x-12.429542_y-4.363696_a-1.584632.jpeg TL-A
t1152887152.001345_x-12.430077_y-4.418643_a-1.583430.jpeg TL-A
t1152887152.205457_x-12.431016_y-4.475752_a-1.581959.jpeg TL-A
t1152887152.409366_x-12.441346_y-4.522509_a-1.589082.jpeg TL-A
t1152887152.613380_x-12.442926_y-4.577638_a-1.591822.jpeg TL-A
t1152887152.817493_x-12.444272_y-4.630353_a-1.593011.jpeg TL-A
t1152887153.021405_x-12.445479_y-4.684662_a-1.593011.jpeg TL-A
t1152887153.225418_x-12.447413_y-4.741998_a-1.595640.jpeg TL-A
t1152887153.429429_x-12.448937_y-4.793663_a-1.596475.jpeg TL-A
t1152887153.633443_x-12.450675_y-4.847322_a-1.598009.jpeg TL-A
t1152887153.837645_x-12.452135_y-4.900918_a-1.598009.jpeg TL-A
t1152887154.041469_x-12.452877_y-4.928184_a-1.598009.jpeg TL-A
t1152887154.245504_x-12.454324_y-4.981338_a-1.598009.jpeg TL-A
t1152887154.449494_x-12.454033_y-5.021265_a-1.591479.jpeg TL-A
t1152887154.653506_x-12.454116_y-5.031177_a-1.590901.jpeg TL-A
t1152887154.857520_x-12.454321_y-5.031657_a-1.591873.jpeg TL-A
t1152887155.061533_x-12.454321_y-5.031657_a-1.591873.jpeg TL-A
t1152887155.265546_x-12.452384_y-5.032029_a-1.582167.jpeg TL-A
t1152887155.469558_x-12.434374_y-5.030516_a-1.491821.jpeg TL-A
t1152887155.673570_x-12.403821_y-5.026070_a-1.337288.jpeg TL-A
t1152887155.877583_x-12.369256_y-5.015477_a-1.155921.jpeg TL-A
t1152887156.081597_x-12.336297_y-4.996315_a-0.964853.jpeg TL-A
t1152887156.285609_x-12.322588_y-4.984718_a-0.875186.jpeg TL-A
t1152887156.489623_x-12.312346_y-4.968981_a-0.746918.jpeg TL-A
t1152887156.693635_x-12.296481_y-4.933545_a-0.580374.jpeg TL-A
t1152887156.897647_x-12.278441_y-4.908659_a-0.398667.jpeg TL-A
t1152887157.101664_x-12.267948_y-4.873171_a-0.213409.jpeg TL-A
t1152887157.305674_x-12.264004_y-4.824404_a0.032034.jpeg TL-A
t1152887157.509685_x-12.265485_y-4.802119_a0.152568.jpeg TL-A
t1152887157.713904_x-12.274346_y-4.769362_a0.330995.jpeg TL-A
t1152887157.917709_x-12.288514_y-4.737135_a0.510055.jpeg TL-A
t1152887158.121824_x-12.308862_y-4.707874_a0.690275.jpeg TL-A
t1152887158.325858_x-12.334987_y-4.682967_a0.872729.jpeg TL-A
t1152887158.529830_x-12.362772_y-4.662170_a1.052567.jpeg TL-A
t1152887158.733946_x-12.379378_y-4.654270_a1.145280.jpeg TL-A
t1152887158.937774_x-12.413171_y-4.642471_a1.324483.jpeg TL-A
t1152887159.141787_x-12.450901_y-4.637707_a1.517355.jpeg TL-A
t1152887159.346010_x-12.482327_y-4.639332_a1.674224.jpeg TL-A
t1152887159.549813_x-12.491242_y-4.639975_a1.719105.jpeg TL-A
t1152887159.753826_x-12.492819_y-4.640365_a1.728452.jpeg TL-A
t1152887159.957839_x-12.490973_y-4.640080_a1.719116.jpeg TL-A
t1152887160.161851_x-12.481226_y-4.640264_a1.671113.jpeg TL-A
t1152887160.365864_x-12.457888_y-4.642531_a1.554727.jpeg TL-A
t1152887160.569932_x-12.451234_y-4.641913_a1.522132.jpeg TL-A
t1152887160.773889_x-12.451561_y-4.642728_a1.524793.jpeg TL-A
t1152887160.977902_x-12.451587_y-4.645290_a1.525058.jpeg TL-A
t1152887161.181917_x-12.453701_y-4.640409_a1.518345.jpeg TL-A
t1152887161.385928_x-12.450464_y-4.623863_a1.500846.jpeg TL-A
t1152887161.589941_x-12.447702_y-4.597954_a1.483408.jpeg TL-A
t1152887161.793953_x-12.446674_y-4.586311_a1.485338.jpeg TL-A
t1152887161.998081_x-12.447468_y-4.570531_a1.496714.jpeg TL-A
t1152887162.201981_x-12.443742_y-4.536927_a1.490962.jpeg TL-A
t1152887162.406017_x-12.441032_y-4.509532_a1.488563.jpeg TL-A
t1152887162.610008_x-12.438181_y-4.480118_a1.486312.jpeg TL-A
t1152887162.814016_x-12.433603_y-4.443638_a1.482288.jpeg TL-A
t1152887163.018128_x-12.431617_y-4.416278_a1.483428.jpeg TL-A
t1152887163.222043_x-12.429194_y-4.397235_a1.479979.jpeg TL-A
t1152887163.426057_x-12.427407_y-4.357570_a1.482287.jpeg TL-A
t1152887163.630067_x-12.424931_y-4.325250_a1.485553.jpeg TL-A
t1152887163.834080_x-12.422081_y-4.288083_a1.486151.jpeg TL-A
t1152887164.038258_x-12.420214_y-4.249154_a1.488673.jpeg TL-A
t1152887164.242301_x-12.416985_y-4.212289_a1.488397.jpeg TL-A
t1152887164.446119_x-12.412096_y-4.169047_a1.484172.jpeg TL-A
t1152887164.650132_x-12.407112_y-4.126958_a1.479898.jpeg TL-A
t1152887164.854146_x-12.386443_y-4.087781_a1.481961.jpeg TL-A
t1152887165.058157_x-12.382801_y-4.046595_a1.482149.jpeg TL-A
t1152887165.262183_x-12.379417_y-4.007312_a1.482274.jpeg TL-A
t1152887165.466184_x-12.380137_y-3.963679_a1.478854.jpeg TL-A
t1152887165.670195_x-12.378434_y-3.945166_a1.480513.jpeg TL-A
t1152887165.874208_x-12.374183_y-3.905317_a1.479871.jpeg TL-A
t1152887166.078223_x-12.369988_y-3.870352_a1.483073.jpeg TL-A
t1152887166.282233_x-12.365330_y-3.829114_a1.480468.jpeg TL-A
t1152887166.486269_x-12.361443_y-3.788915_a1.479299.jpeg TL-A
t1152887166.690260_x-12.357002_y-3.750903_a1.474540.jpeg TL-A
t1152887166.894271_x-12.352929_y-3.712994_a1.472268.jpeg TL-A
t1152887167.098503_x-12.348921_y-3.672712_a1.472145.jpeg TL-A
t1152887167.302300_x-12.344325_y-3.630213_a1.470389.jpeg TL-A
t1152887167.506312_x-12.340279_y-3.590062_a1.470389.jpeg TL-A
t1152887167.710322_x-12.336179_y-3.549357_a1.470389.jpeg TL-A
t1152887167.914544_x-12.333241_y-3.529807_a1.467214.jpeg TL-A
t1152887168.118348_x-12.327480_y-3.486796_a1.465223.jpeg TL-A
t1152887168.322360_x-12.325670_y-3.442068_a1.463476.jpeg TL-A
t1152887168.526373_x-12.317169_y-3.403994_a1.465010.jpeg TL-A
t1152887168.730386_x-12.310446_y-3.363467_a1.462443.jpeg TL-A
t1152887168.934417_x-12.306426_y-3.320776_a1.461614.jpeg TL-A
t1152887169.138412_x-12.299829_y-3.278359_a1.460155.jpeg TL-A
t1152887169.342426_x-12.292304_y-3.232891_a1.454591.jpeg TL-A
t1152887169.546646_x-12.286598_y-3.191654_a1.456080.jpeg TL-A
t1152887169.750451_x-12.280764_y-3.147212_a1.451192.jpeg TL-A
t1152887169.954470_x-12.275233_y-3.109394_a1.449693.jpeg TL-A
t1152887170.158476_x-12.271761_y-3.088575_a1.449884.jpeg TL-A
t1152887170.362489_x-12.265479_y-3.048374_a1.447637.jpeg TL-A
t1152887170.566579_x-12.256231_y-3.004229_a1.447188.jpeg TL-A
t1152887170.770544_x-12.251707_y-2.965235_a1.444441.jpeg TL-A
t1152887170.974526_x-12.246703_y-2.927749_a1.443115.jpeg TL-A
t1152887171.178541_x-12.241643_y-2.889303_a1.442061.jpeg TL-A
t1152887171.382551_x-12.237147_y-2.853833_a1.439152.jpeg TL-A
t1152887171.586568_x-12.228332_y-2.804972_a1.440804.jpeg TL-A
t1152887171.790578_x-12.222372_y-2.765320_a1.439333.jpeg TL-A
t1152887171.994590_x-12.218479_y-2.722293_a1.436136.jpeg TL-A
t1152887172.198603_x-12.217362_y-2.686541_a1.446048.jpeg TL-A
t1152887172.402621_x-12.210460_y-2.652136_a1.439997.jpeg TL-A
t1152887172.606630_x-12.209442_y-2.650083_a1.439129.jpeg TL-A
t1152887172.810855_x-12.208813_y-2.651112_a1.437364.jpeg TL-A
t1152887173.014654_x-12.209062_y-2.651278_a1.440134.jpeg TL-A
t1152887179.339241_x-12.206835_y-2.649260_a1.436875.jpeg TL-A
t1152887179.543062_x-12.206854_y-2.649516_a1.436928.jpeg TL-A
t1152887179.747075_x-12.207343_y-2.649185_a1.437294.jpeg TL-A
t1152887179.951086_x-12.208258_y-2.643055_a1.437538.jpeg TL-A
t1152887180.155101_x-12.205418_y-2.619596_a1.437672.jpeg TL-A
t1152887180.359114_x-12.200745_y-2.589814_a1.438447.jpeg TL-A
t1152887180.563126_x-12.209368_y-2.557062_a1.470098.jpeg TL-A
t1152887180.767175_x-12.233555_y-2.523510_a1.599297.jpeg TL-A
t1152887180.971151_x-12.260793_y-2.498884_a1.721832.jpeg TL-A
t1152887181.175166_x-12.270839_y-2.479195_a1.741131.jpeg TL-A
t1152887181.379177_x-12.274969_y-2.454650_a1.750096.jpeg TL-A
t1152887181.583189_x-12.282169_y-2.430334_a1.763637.jpeg TL-A
t1152887181.787202_x-12.293048_y-2.417412_a1.809273.jpeg TL-A
t1152887181.991216_x-12.315416_y-2.374698_a1.871898.jpeg TL-A
t1152887182.195228_x-12.356410_y-2.356803_a2.047392.jpeg TL-A
t1152887182.399240_x-12.395307_y-2.353542_a2.201911.jpeg TL-A
t1152887182.603255_x-12.442842_y-2.357268_a2.391494.jpeg TL-A
t1152887182.807296_x-12.492520_y-2.366920_a2.583139.jpeg TL-A
t1152887183.011280_x-12.537107_y-2.377806_a2.741885.jpeg TL-A
t1152887183.215291_x-12.565675_y-2.378206_a2.799880.jpeg TL-A
t1152887183.419305_x-12.591263_y-2.371207_a2.810928.jpeg TL-A
t1152887183.623318_x-12.612923_y-2.361343_a2.817898.jpeg TL-A
t1152887183.827435_x-12.631339_y-2.354137_a2.821505.jpeg TL-A
t1152887184.031342_x-12.657032_y-2.345273_a2.820369.jpeg TL-A
t1152887184.235545_x-12.661398_y-2.343026_a2.824497.jpeg TL-A
t1152887184.439368_x-12.684605_y-2.327929_a2.819886.jpeg TL-A
t1152887184.643382_x-12.704311_y-2.320955_a2.819593.jpeg TL-A
t1152887184.847393_x-12.732665_y-2.310932_a2.814993.jpeg TL-A
t1152887185.051407_x-12.749181_y-2.304396_a2.814213.jpeg TL-A
t1152887185.255420_x-12.774755_y-2.295671_a2.814551.jpeg TL-A
t1152887185.459432_x-12.808089_y-2.293952_a2.856380.jpeg TL-A
t1152887185.663445_x-12.844014_y-2.303885_a2.950972.jpeg TL-A
t1152887185.867458_x-12.873198_y-2.310743_a3.009353.jpeg TL-A
t1152887186.071470_x-12.900590_y-2.306924_a3.008405.jpeg TL-A
t1152887186.275483_x-12.933165_y-2.298264_a3.019483.jpeg TL-A
t1152887186.479494_x-12.947803_y-2.305587_a3.053184.jpeg TL-A
t1152887186.683509_x-12.977054_y-2.335247_a-3.100622.jpeg TL-A
t1152887186.887546_x-12.996811_y-2.346692_a-3.049407.jpeg TL-A
t1152887187.091536_x-13.013227_y-2.350166_a-3.036367.jpeg TL-A
t1152887187.295546_x-13.047933_y-2.349597_a-3.039739.jpeg TL-A
t1152887187.499659_x-13.080475_y-2.349315_a-3.040061.jpeg TL-A
t1152887187.703577_x-13.107179_y-2.349991_a-3.041717.jpeg ST-A
t1152887187.907585_x-13.122611_y-2.350859_a-3.038525.jpeg ST-A
t1152887188.111597_x-13.149890_y-2.353239_a-3.038895.jpeg ST-A
t1152887188.315610_x-13.177547_y-2.348646_a-3.074549.jpeg ST-A
t1152887188.519622_x-13.205661_y-2.347200_a-3.091377.jpeg ST-A
t1152887188.723831_x-13.234049_y-2.346865_a-3.099486.jpeg ST-A
t1152887188.927648_x-13.248682_y-2.347344_a-3.100473.jpeg ST-A
t1152887189.131661_x-13.276107_y-2.347675_a-3.104161.jpeg ST-A
t1152887189.335675_x-13.319295_y-2.350016_a-3.100926.jpeg ST-A
t1152887189.539687_x-13.362891_y-2.354363_a-3.091334.jpeg ST-A
t1152887189.743699_x-13.418591_y-2.346377_a-3.100035.jpeg ST-A
t1152887189.947714_x-13.485106_y-2.343778_a-3.112411.jpeg ST-A
t1152887190.151725_x-13.542967_y-2.346420_a-3.120043.jpeg ST-A
t1152887190.355778_x-13.583461_y-2.346566_a-3.122271.jpeg ST-A
t1152887190.559750_x-13.620761_y-2.357806_a-3.116434.jpeg ST-A
t1152887190.763764_x-13.657421_y-2.360459_a-3.118538.jpeg ST-A
t1152887190.967850_x-13.693490_y-2.361620_a-3.117004.jpeg ST-A
t1152887191.171792_x-13.708871_y-2.362205_a-3.117896.jpeg ST-A
t1152887191.375802_x-13.743387_y-2.363930_a-3.117771.jpeg ST-A
t1152887191.579815_x-13.775039_y-2.365608_a-3.118996.jpeg ST-A
t1152887191.783829_x-13.795427_y-2.364717_a-3.121830.jpeg ST-A
t1152887191.987840_x-13.840250_y-2.364027_a-3.122598.jpeg ST-A
t1152887192.191854_x-13.879587_y-2.364465_a-3.123082.jpeg ST-A
t1152887192.395866_x-13.907600_y-2.364755_a-3.124355.jpeg ST-A
t1152887192.599878_x-13.952989_y-2.366079_a-3.121249.jpeg ST-A
t1152887192.803897_x-13.988540_y-2.366500_a-3.121984.jpeg ST-A
t1152887193.007906_x-14.023062_y-2.367050_a-3.126313.jpeg ST-A
t1152887193.211916_x-14.059534_y-2.367684_a-3.127239.jpeg ST-A
t1152887193.415931_x-14.077529_y-2.367943_a-3.127239.jpeg ST-A
t1152887193.620141_x-14.111034_y-2.368017_a-3.129470.jpeg ST-A
t1152887193.823954_x-14.147544_y-2.368345_a-3.129971.jpeg ST-A
t1152887194.028176_x-14.187474_y-2.368573_a-3.130625.jpeg ST-A
t1152887194.231980_x-14.233948_y-2.368342_a-3.134756.jpeg ST-A
t1152887194.435993_x-14.276739_y-2.371590_a-3.133556.jpeg ST-A
t1152887194.640005_x-14.311375_y-2.370500_a-3.135229.jpeg ST-A
t1152887194.844018_x-14.347959_y-2.371036_a-3.138524.jpeg ST-A
t1152887195.048051_x-14.378817_y-2.372078_a3.137559.jpeg ST-A
t1152887195.252229_x-14.410152_y-2.365866_a3.133367.jpeg ST-A
t1152887195.456056_x-14.446015_y-2.365571_a3.132909.jpeg ST-A
t1152887195.660070_x-14.484520_y-2.370049_a-3.139533.jpeg ST-A
t1152887195.864082_x-14.502668_y-2.368855_a-3.136046.jpeg ST-A
t1152887196.068096_x-14.538926_y-2.369392_a-3.134512.jpeg ST-A
t1152887196.272108_x-14.586354_y-2.372262_a-3.140496.jpeg ST-A
t1152887196.476120_x-14.617336_y-2.371522_a3.134557.jpeg ST-A
t1152887196.680133_x-14.643609_y-2.370397_a3.137353.jpeg ST-A
t1152887196.884147_x-14.675892_y-2.370305_a3.136127.jpeg ST-A
t1152887197.088159_x-14.726754_y-2.369758_a3.130654.jpeg ST-A
t1152887197.292173_x-14.772253_y-2.367602_a3.130052.jpeg ST-A
t1152887197.496184_x-14.809237_y-2.363603_a3.113104.jpeg ST-A
t1152887197.700196_x-14.852934_y-2.339652_a3.009870.jpeg ST-A
t1152887197.904212_x-14.890068_y-2.297279_a2.841723.jpeg ST-A
t1152887198.108224_x-14.923592_y-2.279706_a2.791176.jpeg ST-A
t1152887198.312234_x-14.944509_y-2.245769_a2.697270.jpeg ST-A
t1152887198.516349_x-14.990540_y-2.224951_a2.697911.jpeg ST-A
t1152887198.720260_x-15.034440_y-2.203883_a2.695450.jpeg ST-A
t1152887198.924468_x-15.045194_y-2.182293_a2.630958.jpeg ST-A
t1152887199.128307_x-15.064041_y-2.128886_a2.461900.jpeg ST-A
t1152887199.332302_x-15.075937_y-2.077610_a2.316955.jpeg ST-A
t1152887199.536311_x-15.097806_y-2.039023_a2.272042.jpeg ST-A
t1152887199.740325_x-15.126685_y-1.993007_a2.239132.jpeg ST-A
t1152887199.944338_x-15.153889_y-1.958622_a2.239420.jpeg ST-A
t1152887200.148541_x-15.182183_y-1.923572_a2.241486.jpeg ST-A
t1152887200.352364_x-15.202317_y-1.883498_a2.198873.jpeg ST-A
t1152887200.556518_x-15.204179_y-1.857909_a2.134621.jpeg ST-A
t1152887200.760417_x-15.194053_y-1.801006_a1.958177.jpeg ST-A
t1152887200.964401_x-15.172563_y-1.746889_a1.777672.jpeg ST-A
t1152887201.168472_x-15.163032_y-1.644935_a1.604461.jpeg ST-A
t1152887201.372428_x-15.160995_y-1.611789_a1.584720.jpeg ST-A
t1152887201.576440_x-15.161552_y-1.566546_a1.584251.jpeg ST-A
t1152887201.780453_x-15.162210_y-1.520952_a1.584554.jpeg ST-A
t1152887201.984466_x-15.160476_y-1.495826_a1.577114.jpeg ST-A
t1152887202.188477_x-15.160439_y-1.448419_a1.576031.jpeg ST-A
t1152887202.392493_x-15.160986_y-1.401819_a1.577277.jpeg ST-A
t1152887202.596505_x-15.160887_y-1.359497_a1.576446.jpeg ST-A
t1152887202.800516_x-15.160599_y-1.337069_a1.574487.jpeg ST-A
t1152887203.004530_x-15.161064_y-1.290120_a1.575747.jpeg CR-A
t1152887203.208568_x-15.160927_y-1.245717_a1.574213.jpeg CR-A
t1152887203.412664_x-15.160574_y-1.189866_a1.573139.jpeg CR-A
t1152887203.616565_x-15.158997_y-1.143355_a1.569525.jpeg CR-A
t1152887203.820681_x-15.151205_y-1.102557_a1.569501.jpeg CR-A
t1152887204.024592_x-15.151104_y-1.059314_a1.568695.jpeg CR-A
t1152887204.228605_x-15.150679_y-1.021698_a1.568682.jpeg CR-A
t1152887204.432618_x-15.151111_y-0.976426_a1.570515.jpeg CR-A
t1152887204.636630_x-15.153742_y-0.924717_a1.569763.jpeg CR-A
t1152887204.840644_x-15.150276_y-0.860764_a1.561770.jpeg CR-A
t1152887205.044862_x-15.148658_y-0.809179_a1.558687.jpeg CR-A
t1152887205.248668_x-15.148356_y-0.782153_a1.558808.jpeg CR-A
t1152887205.452682_x-15.147216_y-0.741333_a1.558538.jpeg CR-A
t1152887205.656693_x-15.146974_y-0.692610_a1.560232.jpeg CR-A
t1152887205.860709_x-15.143912_y-0.643748_a1.557946.jpeg CR-A
t1152887206.064719_x-15.141762_y-0.603170_a1.558632.jpeg CR-A
t1152887206.268734_x-15.140557_y-0.554138_a1.556028.jpeg CR-A
t1152887206.472747_x-15.134894_y-0.504979_a1.554855.jpeg CR-A
t1152887206.676760_x-15.133835_y-0.456318_a1.553519.jpeg CR-A
t1152887206.880770_x-15.132524_y-0.403773_a1.552067.jpeg CR-A
t1152887207.084783_x-15.129866_y-0.353113_a1.549440.jpeg CR-A
t1152887207.288819_x-15.117945_y-0.278933_a1.515915.jpeg CR-A
t1152887207.492813_x-15.098835_y-0.242787_a1.435753.jpeg CR-A
t1152887207.696822_x-15.075281_y-0.200781_a1.356422.jpeg CR-A
t1152887207.900834_x-15.058719_y-0.162047_a1.323318.jpeg CR-A
t1152887208.104851_x-15.049544_y-0.127962_a1.323943.jpeg CR-A
t1152887208.308862_x-15.038398_y-0.081459_a1.325000.jpeg CR-A
t1152887208.512872_x-15.025337_y-0.040175_a1.323624.jpeg CR-A
t1152887208.716885_x-15.009344_y0.009585_a1.311061.jpeg CR-A
t1152887208.920898_x-14.969681_y0.050371_a1.185842.jpeg CR-A
t1152887209.124910_x-14.911453_y0.078741_a0.992317.jpeg CR-A
t1152887209.328924_x-14.848324_y0.093544_a0.792190.jpeg CR-A
t1152887209.532936_x-14.788641_y0.113992_a0.638634.jpeg CR-A
t1152887209.736950_x-14.753616_y0.118097_a0.535403.jpeg CR-A
t1152887209.941388_x-14.687834_y0.106002_a0.337993.jpeg CR-A
t1152887210.144977_x-14.616012_y0.090114_a0.140994.jpeg CR-A
t1152887210.349178_x-14.560515_y0.076544_a0.030303.jpeg CR-A
t1152887210.553001_x-14.512247_y0.078855_a0.034476.jpeg CR-A
t1152887210.757013_x-14.463054_y0.081512_a0.038735.jpeg CR-A
t1152887210.961025_x-14.413892_y0.082320_a0.037397.jpeg CR-A
t1152887211.165041_x-14.367757_y0.081652_a0.036217.jpeg CR-A
t1152887211.369126_x-14.319299_y0.083462_a0.036445.jpeg CR-A
t1152887211.573065_x-14.269924_y0.085262_a0.036445.jpeg CR-A
t1152887211.777077_x-14.221616_y0.086139_a0.031584.jpeg CR-A
t1152887211.981090_x-14.167233_y0.087980_a0.030999.jpeg CR-A
t1152887212.185102_x-14.139846_y0.088829_a0.030999.jpeg CR-A
t1152887212.389117_x-14.075429_y0.089384_a0.024750.jpeg CR-A
t1152887212.593128_x-14.017801_y0.090282_a0.019899.jpeg CR-A
t1152887212.797141_x-13.964318_y0.089539_a0.016826.jpeg CR-A
t1152887213.001153_x-13.911440_y0.089896_a0.016766.jpeg CR-A
t1152887213.205169_x-13.858122_y0.088636_a0.014020.jpeg CR-A
t1152887213.409179_x-13.805280_y0.087980_a0.011737.jpeg CR-A
t1152887213.613191_x-13.732359_y0.089227_a0.013316.jpeg CR-A
t1152887213.817205_x-13.678584_y0.090696_a0.015119.jpeg CR-A
t1152887214.021217_x-13.623988_y0.088812_a0.011504.jpeg CR-A
t1152887214.225230_x-13.570056_y0.087379_a0.012563.jpeg CR-A
t1152887214.429244_x-13.543072_y0.087718_a0.012563.jpeg CR-A
t1152887214.633256_x-13.493653_y0.085430_a0.008114.jpeg CR-A
t1152887214.837462_x-13.434973_y0.088826_a0.010821.jpeg CR-A
t1152887215.041281_x-13.369783_y0.084447_a0.009863.jpeg CR-A
t1152887215.245504_x-13.312603_y0.084560_a0.006918.jpeg CR-A
t1152887215.449327_x-13.258299_y0.084936_a0.006918.jpeg CR-A
t1152887215.653334_x-13.209547_y0.082692_a0.004056.jpeg CR-A
t1152887215.857331_x-13.149579_y0.082380_a0.004026.jpeg CR-A
t1152887216.061344_x-13.101247_y0.079643_a-0.016394.jpeg CR-A
t1152887216.265443_x-13.045916_y0.070977_a-0.050696.jpeg CR-A
t1152887216.469371_x-12.993664_y0.044425_a-0.157362.jpeg CR-A
t1152887216.673383_x-12.966058_y0.015443_a-0.254012.jpeg CR-A
t1152887216.877396_x-12.945237_y0.008672_a-0.262909.jpeg CR-A
t1152887217.081408_x-12.878588_y-0.006633_a-0.266584.jpeg CR-A
t1152887217.322213_x-12.801625_y-0.026866_a-0.265538.jpeg CR-A
t1152887217.525436_x-12.776689_y-0.034361_a-0.268391.jpeg CR-A
t1152887217.729449_x-12.727320_y-0.050731_a-0.266369.jpeg CR-A
t1152887217.933462_x-12.670415_y-0.063725_a-0.253533.jpeg CR-A
t1152887218.137474_x-12.603388_y-0.066621_a-0.139364.jpeg CR-A
t1152887218.341489_x-12.555848_y-0.040196_a0.007946.jpeg CR-A
t1152887218.545696_x-12.534201_y-0.033308_a0.007219.jpeg CR-A
t1152887218.749513_x-12.486335_y-0.037314_a-0.000959.jpeg CR-A
t1152887218.953526_x-12.430911_y-0.034143_a0.001595.jpeg CR-A
t1152887219.157643_x-12.376944_y-0.034692_a-0.002679.jpeg CR-A
t1152887219.361550_x-12.328348_y-0.039334_a-0.005102.jpeg CR-A
t1152887219.565586_x-12.278955_y-0.043342_a-0.004200.jpeg CR-A
t1152887219.769614_x-12.207415_y-0.040071_a-0.008760.jpeg CR-A
t1152887219.973591_x-12.191035_y-0.041283_a-0.010861.jpeg CR-A
t1152887220.177603_x-12.138696_y-0.042213_a-0.012395.jpeg CR-A
t1152887220.381615_x-12.085211_y-0.042132_a-0.013346.jpeg CR-A
t1152887220.585628_x-12.037886_y-0.045470_a-0.014896.jpeg CR-A
t1152887220.789642_x-11.976421_y-0.045285_a-0.018302.jpeg CR-A
t1152887220.993653_x-11.925499_y-0.046123_a-0.020523.jpeg CR-A
t1152887221.197668_x-11.855465_y-0.047812_a-0.021539.jpeg CR-A
t1152887221.401678_x-11.793645_y-0.051964_a-0.024249.jpeg CR-A
t1152887221.605692_x-11.725674_y-0.053541_a-0.023809.jpeg CR-A
t1152887221.809704_x-11.669078_y-0.061737_a-0.032008.jpeg CR-A
t1152887222.013716_x-11.604128_y-0.060136_a-0.034811.jpeg CR-A
t1152887222.217729_x-11.570834_y-0.061642_a-0.036414.jpeg CR-A
t1152887222.421742_x-11.498505_y-0.061711_a-0.036432.jpeg CR-A
t1152887222.625755_x-11.429042_y-0.067848_a-0.041775.jpeg CR-A
t1152887222.829768_x-11.365527_y-0.071398_a-0.042390.jpeg CR-A
t1152887223.033780_x-11.292682_y-0.074978_a-0.041675.jpeg CR-A
t1152887223.237797_x-11.221989_y-0.080838_a-0.045299.jpeg CR-A
t1152887223.441808_x-11.135635_y-0.081522_a-0.051079.jpeg CR-A
t1152887223.645841_x-11.069402_y-0.085291_a-0.045941.jpeg CR-A
t1152887223.849832_x-11.001570_y-0.091257_a-0.048025.jpeg CR-A
t1152887224.053845_x-10.934115_y-0.094499_a-0.048025.jpeg CR-A
t1152887224.257856_x-10.856271_y-0.110382_a-0.056483.jpeg CR-A
t1152887224.461869_x-10.780631_y-0.114530_a-0.054062.jpeg CR-A
t1152887224.665882_x-10.743201_y-0.118566_a-0.055246.jpeg CR-A
t1152887224.869895_x-10.674164_y-0.114104_a-0.049858.jpeg CR-A
t1152887225.074096_x-10.679324_y-0.118520_a-0.056206.jpeg CR-A
t1152887225.277920_x-10.606259_y-0.128356_a-0.059888.jpeg CR-A
t1152887225.481933_x-10.545534_y-0.139926_a-0.061043.jpeg CR-A
t1152887225.686048_x-10.479131_y-0.150098_a-0.062843.jpeg CR-A
t1152887225.889959_x-10.410751_y-0.157201_a-0.067417.jpeg CR-A
t1152887226.093972_x-10.315295_y-0.162496_a-0.066479.jpeg CR-A
t1152887226.297984_x-10.276889_y-0.168106_a-0.069980.jpeg CR-A
t1152887226.501998_x-10.205568_y-0.177575_a-0.075088.jpeg CR-A
t1152887226.706011_x-10.129420_y-0.179956_a-0.079762.jpeg CR-A
t1152887226.910024_x-10.092461_y-0.183979_a-0.079139.jpeg CR-A
t1152887227.114035_x-10.025585_y-0.192168_a-0.079979.jpeg CR-A
t1152887227.318048_x-9.957106_y-0.194165_a-0.080383.jpeg CR-A
t1152887227.522060_x-9.889106_y-0.199127_a-0.080327.jpeg CR-A
t1152887227.726095_x-9.817164_y-0.209040_a-0.083249.jpeg CR-A
t1152887227.930088_x-9.766120_y-0.203353_a-0.024540.jpeg CR-A
t1152887228.134098_x-9.701114_y-0.188863_a0.044503.jpeg CR-A
t1152887228.338115_x-9.632515_y-0.178625_a0.050767.jpeg CR-A
t1152887228.542127_x-9.564707_y-0.177568_a0.048057.jpeg CR-A
t1152887228.746137_x-9.494759_y-0.175954_a0.044961.jpeg CR-A
t1152887228.950250_x-9.423175_y-0.174344_a0.039879.jpeg CR-A
t1152887229.154162_x-9.387170_y-0.173934_a0.038874.jpeg CR-A
t1152887229.358175_x-9.319496_y-0.170060_a0.036446.jpeg CR-A
t1152887229.562188_x-9.233410_y-0.167925_a0.031372.jpeg CR-A
t1152887229.766234_x-9.163942_y-0.164941_a0.029753.jpeg CR-A
t1152887229.970428_x-9.082946_y-0.166137_a0.022305.jpeg CR-A
t1152887230.174226_x-9.019450_y-0.167679_a0.025460.jpeg CR-A
t1152887230.378240_x-8.951692_y-0.162811_a0.023181.jpeg CR-A
t1152887230.582253_x-8.885747_y-0.164975_a0.024535.jpeg CR-A
t1152887230.786263_x-8.820372_y-0.169810_a0.021682.jpeg CR-A
t1152887230.990277_x-8.753727_y-0.171809_a0.021440.jpeg CR-A
t1152887231.194293_x-8.687442_y-0.174777_a0.019433.jpeg CR-A
t1152887231.398303_x-8.619869_y-0.175919_a0.020048.jpeg CR-A
t1152887231.602315_x-8.586369_y-0.176516_a0.019935.jpeg CR-A
t1152887231.806350_x-8.516813_y-0.171482_a0.011482.jpeg CR-A
t1152887232.010342_x-8.449267_y-0.168169_a0.008262.jpeg CR-A
t1152887232.214355_x-8.356734_y-0.168333_a0.008185.jpeg CR-A
t1152887232.418368_x-8.302602_y-0.166424_a0.003867.jpeg CR-A
t1152887232.622379_x-8.219786_y-0.166388_a0.000209.jpeg CR-A
t1152887232.826497_x-8.151800_y-0.166267_a0.000634.jpeg CR-A
t1152887233.030406_x-8.072615_y-0.166904_a-0.005751.jpeg CR-A
t1152887233.234417_x-8.003426_y-0.168510_a-0.005507.jpeg CR-A
t1152887233.438435_x-7.929728_y-0.168679_a-0.008334.jpeg CR-A
t1152887233.642445_x-7.851170_y-0.174959_a-0.010829.jpeg CR-A
t1152887233.846541_x-7.826150_y-0.171795_a-0.011495.jpeg CR-A
t1152887234.050469_x-7.763747_y-0.174359_a-0.013857.jpeg CR-A
t1152887234.254482_x-7.696682_y-0.175442_a-0.014570.jpeg CR-A
t1152887234.458687_x-7.621667_y-0.178357_a-0.019429.jpeg CR-A
t1152887234.662507_x-7.554838_y-0.179579_a-0.023488.jpeg CR-A
t1152887234.866727_x-7.501536_y-0.183787_a-0.023767.jpeg CR-A
t1152887235.070532_x-7.436587_y-0.186880_a-0.025131.jpeg CR-A
t1152887235.274545_x-7.369504_y-0.189576_a-0.025658.jpeg CR-A
t1152887235.478558_x-7.302168_y-0.191149_a-0.028189.jpeg CR-A
t1152887235.682570_x-7.229900_y-0.192014_a-0.022370.jpeg CR-A
t1152887235.886604_x-7.155455_y-0.189732_a-0.005889.jpeg CR-A
t1152887236.090784_x-7.087209_y-0.183549_a0.006318.jpeg CR-A
t1152887236.294609_x-7.054015_y-0.183158_a0.007153.jpeg CR-A
t1152887236.498812_x-6.986797_y-0.182118_a0.009601.jpeg CR-A
t1152887236.702636_x-6.919259_y-0.181912_a0.007609.jpeg CR-A
t1152887236.906648_x-6.851744_y-0.181513_a0.007153.jpeg CR-A
t1152887237.110660_x-6.782138_y-0.188643_a0.001950.jpeg CR-A
t1152887237.314674_x-6.714716_y-0.190317_a0.000182.jpeg CR-A
t1152887237.518685_x-6.650980_y-0.191233_a0.002820.jpeg CR-A
t1152887237.722697_x-6.576337_y-0.190814_a0.001185.jpeg CR-A
t1152887237.926710_x-6.493306_y-0.192740_a-0.001286.jpeg CR-A
t1152887238.130726_x-6.423902_y-0.193041_a-0.002613.jpeg CR-A
t1152887238.334738_x-6.356262_y-0.193326_a-0.003114.jpeg CR-A
t1152887238.538754_x-6.323489_y-0.200621_a-0.004043.jpeg CR-A
t1152887238.742763_x-6.255446_y-0.203691_a-0.005001.jpeg CR-A
t1152887238.946775_x-6.187858_y-0.206175_a-0.009710.jpeg CR-A
t1152887239.150787_x-6.128356_y-0.206266_a-0.012107.jpeg CR-A
t1152887239.354900_x-6.058521_y-0.209823_a-0.020932.jpeg CR-A
t1152887239.558815_x-5.991808_y-0.210843_a-0.019398.jpeg CR-A
t1152887239.763020_x-5.922469_y-0.211990_a-0.024154.jpeg CR-A
t1152887239.966913_x-5.849407_y-0.211152_a-0.015075.jpeg CR-A
t1152887240.170852_x-5.807669_y-0.205668_a0.000577.jpeg CR-A
t1152887240.374865_x-5.737807_y-0.204480_a0.001950.jpeg CR-A
t1152887240.578876_x-5.668376_y-0.203991_a-0.002015.jpeg CR-A
t1152887240.782888_x-5.601723_y-0.202404_a-0.007394.jpeg CR-A
t1152887240.987108_x-5.564363_y-0.202017_a-0.006948.jpeg CR-A
t1152887241.190917_x-5.485097_y-0.195494_a0.008151.jpeg CR-A
t1152887241.395117_x-5.464895_y-0.184466_a0.023515.jpeg CR-A
t1152887241.598940_x-5.394555_y-0.182164_a0.022987.jpeg CR-A
t1152887241.802953_x-5.324768_y-0.182022_a0.020452.jpeg CR-A
t1152887242.006966_x-5.281315_y-0.179200_a0.015795.jpeg CR-A
t1152887242.210978_x-5.218489_y-0.175193_a0.010563.jpeg CR-A
t1152887242.415024_x-5.155994_y-0.175024_a0.009554.jpeg CR-A
t1152887242.619004_x-5.096537_y-0.176348_a0.009835.jpeg CR-A
t1152887242.823018_x-5.041442_y-0.178704_a0.011354.jpeg CR-A
t1152887243.027029_x-4.984424_y-0.173324_a0.025855.jpeg CR-A
t1152887243.231043_x-4.956482_y-0.171489_a0.033304.jpeg CR-A
t1152887243.435055_x-4.899760_y-0.172881_a0.029735.jpeg CR-A
t1152887243.639072_x-4.843432_y-0.171560_a0.026278.jpeg CR-A
t1152887243.843083_x-4.759945_y-0.170804_a0.025334.jpeg CR-A
t1152887244.047116_x-4.692635_y-0.169167_a0.025182.jpeg CR-A
t1152887244.251112_x-4.595247_y-0.167042_a0.024012.jpeg CR-A
t1152887244.455119_x-4.529905_y-0.172797_a0.017683.jpeg CR-A
t1152887244.659130_x-4.460771_y-0.171879_a0.015577.jpeg CR-A
t1152887244.863146_x-4.397727_y-0.171051_a0.017585.jpeg CR-A
t1152887245.067157_x-4.338674_y-0.170234_a0.014636.jpeg CR-A
t1152887245.271170_x-4.278238_y-0.168569_a0.011250.jpeg CR-A
t1152887245.475183_x-4.244801_y-0.167587_a0.009584.jpeg CR-A
t1152887245.679195_x-4.187280_y-0.165908_a0.005787.jpeg CR-A
t1152887245.883319_x-4.121245_y-0.170016_a0.008469.jpeg CR-A
t1152887246.087221_x-4.066026_y-0.171041_a0.006602.jpeg CR-A
t1152887246.291431_x-4.040709_y-0.170464_a0.005519.jpeg CR-A
t1152887246.495246_x-3.976459_y-0.172045_a0.006644.jpeg CR-A
t1152887246.699259_x-3.909323_y-0.171768_a0.006053.jpeg CR-A
t1152887246.903273_x-3.843122_y-0.171526_a0.010695.jpeg CR-A
t1152887247.107284_x-3.777249_y-0.173027_a0.006835.jpeg CR-A
t1152887247.311297_x-3.687358_y-0.172654_a0.004522.jpeg CR-A
t1152887247.515510_x-3.622231_y-0.173046_a0.002391.jpeg CR-A
t1152887247.719323_x-3.560269_y-0.171953_a0.002034.jpeg CR-A
t1152887247.923335_x-3.528929_y-0.172447_a0.004147.jpeg CR-A
t1152887248.127370_x-3.461303_y-0.173103_a0.001538.jpeg CR-A
t1152887248.331362_x-3.396766_y-0.173479_a-0.002578.jpeg CR-A
t1152887248.535374_x-3.324850_y-0.173952_a-0.008567.jpeg CR-A
t1152887248.739392_x-3.262820_y-0.175299_a-0.006703.jpeg CR-A
t1152887248.943402_x-3.194968_y-0.175648_a-0.006156.jpeg CR-A
t1152887249.147420_x-3.122634_y-0.181580_a-0.006882.jpeg CR-A
t1152887249.351428_x-3.057304_y-0.180039_a-0.004699.jpeg CR-A
t1152887249.555437_x-2.978704_y-0.191249_a-0.015429.jpeg CR-A
t1152887249.759478_x-2.905082_y-0.195445_a-0.021414.jpeg CR-A
t1152887249.963470_x-2.832825_y-0.198300_a-0.017703.jpeg CR-A
t1152887250.167530_x-2.795508_y-0.199381_a-0.019230.jpeg CR-A
t1152887250.371490_x-2.721499_y-0.200931_a-0.019606.jpeg CR-A
t1152887250.575501_x-2.636815_y-0.198944_a-0.003607.jpeg CR-A
t1152887250.779621_x-2.540677_y-0.196296_a0.010058.jpeg CR-A
t1152887250.983527_x-2.450594_y-0.193407_a0.014487.jpeg CR-A
t1152887251.187541_x-2.383514_y-0.192618_a0.013832.jpeg CR-A
t1152887251.391552_x-2.305645_y-0.193667_a0.040229.jpeg CR-A
t1152887251.595565_x-2.241396_y-0.170779_a0.127371.jpeg CR-A
t1152887251.799579_x-2.176790_y-0.153997_a0.162198.jpeg CR-A
t1152887252.003591_x-2.110119_y-0.144088_a0.158090.jpeg CR-A
t1152887252.472849_x-2.001824_y-0.140495_a0.154353.jpeg CR-A
t1152887252.679633_x-1.933463_y-0.134509_a0.151196.jpeg CR-A
t1152887252.883645_x-1.867176_y-0.124410_a0.151196.jpeg CR-A
t1152887253.087658_x-1.800719_y-0.114638_a0.149662.jpeg CR-A
t1152887253.291672_x-1.733613_y-0.107449_a0.148017.jpeg CR-A
t1152887253.495900_x-1.666989_y-0.097698_a0.147440.jpeg CR-A
t1152887253.699696_x-1.611445_y-0.092027_a0.137153.jpeg CR-A
t1152887253.903710_x-1.596395_y-0.092453_a0.127570.jpeg CR-A
t1152887254.107724_x-1.509872_y-0.077952_a0.130932.jpeg CR-A
t1152887254.311735_x-1.442842_y-0.069546_a0.125084.jpeg CR-A
t1152887254.515748_x-1.374281_y-0.064708_a0.109314.jpeg CR-A
t1152887254.719762_x-1.308408_y-0.058124_a0.106792.jpeg CR-A
t1152887254.923857_x-1.241079_y-0.056634_a0.094901.jpeg CR-A
t1152887255.127786_x-1.177198_y-0.055897_a0.084268.jpeg CR-A
t1152887255.331799_x-1.140951_y-0.051901_a0.050721.jpeg CR-A
t1152887255.535811_x-1.101295_y-0.053502_a0.004325.jpeg CR-A
t1152887255.739825_x-1.041201_y-0.053129_a0.005402.jpeg CR-A
t1152887255.943838_x-0.982441_y-0.061773_a0.005085.jpeg CR-A
t1152887256.147850_x-0.915729_y-0.062289_a0.007745.jpeg CR-A
t1152887256.351863_x-0.881843_y-0.063597_a0.006853.jpeg CR-A
t1152887256.555897_x-0.813685_y-0.065361_a0.004584.jpeg CR-A
t1152887256.759919_x-0.746701_y-0.065611_a0.005377.jpeg CR-A
t1152887256.963900_x-0.675085_y-0.065341_a-0.005269.jpeg CR-A
t1152887257.167968_x-0.602619_y-0.065620_a-0.005827.jpeg CR-A
t1152887257.371927_x-0.565243_y-0.056551_a-0.004754.jpeg CR-A
t1152887257.575939_x-0.568749_y-0.055184_a-0.004357.jpeg CR-A
t1152887257.779951_x-0.561081_y-0.054677_a-0.005980.jpeg CR-A
