t1152291930.750647_x0.2008560_y-0.0070142_a-0.0349152.jpeg CR-B
t1152291930.958658_x0.2024700_y-0.0070706_a-0.0349154.jpeg CR-B
t1152291931.166674_x0.2198360_y-0.0076917_a-0.0349993.jpeg CR-B
t1152291931.374643_x0.2198360_y-0.0076917_a-0.0349993.jpeg CR-B
t1152291931.582829_x0.2246930_y-0.0078619_a-0.0349999.jpeg CR-B
t1152291931.790698_x0.2606890_y-0.0091222_a-0.0349999.jpeg CR-B
t1152291931.994812_x0.2606890_y-0.0091222_a-0.0349999.jpeg CR-B
t1152291932.202781_x0.2879900_y-0.0100782_a-0.0349999.jpeg CR-B
t1152291932.406863_x0.3261000_y-0.0114126_a-0.0349999.jpeg CR-B
t1152291932.610831_x0.4190230_y-0.0129737_a-0.0284261.jpeg CR-B
t1152291932.814841_x0.4190230_y-0.0129737_a-0.0284261.jpeg CR-B
t1152291933.018851_x0.4695900_y-0.0122522_a-0.0187456.jpeg CR-B
t1152291933.222867_x0.5256280_y-0.0104251_a-0.0064880.jpeg CR-B
t1152291933.430733_x0.6521670_y-0.0035509_a0.0245194.jpeg CR-B
t1152291933.634881_x0.6521670_y-0.0035509_a0.0245194.jpeg CR-B
t1152291933.838958_x0.7520880_y-0.0017143_a0.0257882.jpeg CR-B
t1152291934.042869_x0.7520880_y-0.0017143_a0.0257882.jpeg CR-B
t1152291934.246881_x0.7842300_y0.0066596_a0.0313176.jpeg CR-B
t1152291934.455606_x0.8317450_y0.0148734_a0.0609951.jpeg CR-B
t1152291934.662904_x0.8317450_y0.0148734_a0.0609951.jpeg CR-B
t1152291934.870949_x0.8595110_y0.0260426_a0.0847165.jpeg CR-B
t1152291935.078988_x0.8802690_y0.0308227_a0.1066050.jpeg CR-B
t1152291935.286996_x0.8802690_y0.0308227_a0.1066050.jpeg CR-B
t1152291935.491006_x0.9107180_y0.0357829_a0.1146940.jpeg CR-B
t1152291935.698826_x0.9655960_y0.0452818_a0.1293540.jpeg CR-B
t1152291935.906903_x0.9655960_y0.0452818_a0.1293540.jpeg CR-B
t1152291936.114848_x0.9954070_y0.0493076_a0.1321470.jpeg CR-B
t1152291936.322623_x1.0222500_y0.0526083_a0.1321470.jpeg CR-B
t1152291936.530635_x1.0645600_y0.0578853_a0.1321470.jpeg CR-B
t1152291936.731058_x1.0645600_y0.0578853_a0.1321470.jpeg CR-B
t1152291936.935065_x1.0645600_y0.0578853_a0.1321470.jpeg CR-B
t1152291937.139109_x1.0736600_y0.0592048_a0.1321470.jpeg CR-B
t1152291937.347167_x1.0728600_y0.0584929_a0.1321470.jpeg CR-B
t1152291937.551106_x1.0728300_y0.0584606_a0.1321470.jpeg CR-B
t1152291937.755142_x1.0734000_y0.0584263_a0.1321470.jpeg CR-B
t1152291937.967119_x1.0734000_y0.0584263_a0.1321470.jpeg CR-B
t1152291938.175122_x1.0738200_y0.0584008_a0.1321470.jpeg CR-B
t1152291938.379153_x1.0629600_y0.0568972_a0.1321470.jpeg CR-B
t1152291938.587127_x1.0629600_y0.0568972_a0.1321470.jpeg CR-B
t1152291938.795145_x1.0561700_y0.0560020_a0.1321470.jpeg CR-B
t1152291938.999228_x1.0503300_y0.0552975_a0.1321470.jpeg CR-B
t1152291939.207235_x1.0307100_y0.0528293_a0.1321470.jpeg CR-B
t1152291939.411237_x1.0307100_y0.0528293_a0.1321470.jpeg CR-B
t1152291939.619184_x1.0161600_y0.0512689_a0.1321470.jpeg CR-B
t1152291939.827199_x1.0161600_y0.0512689_a0.1321470.jpeg CR-B
t1152291940.035217_x1.0045300_y0.0497887_a0.1321470.jpeg CR-B
t1152291940.243302_x0.9594320_y0.0408796_a0.1124500.jpeg CR-B
t1152291940.451879_x0.9594320_y0.0408796_a0.1124500.jpeg CR-B
t1152291940.663388_x0.9372720_y0.0378962_a0.1124500.jpeg CR-B
t1152291940.871279_x0.9372720_y0.0378962_a0.1124500.jpeg CR-B
t1152291941.079303_x0.9249550_y0.0343110_a0.0987828.jpeg CR-B
t1152291941.287301_x0.9188220_y0.0338096_a0.0987828.jpeg CR-B
t1152291941.507357_x0.9188220_y0.0338096_a0.0987828.jpeg CR-B
t1152291941.711441_x0.9164230_y0.0334265_a0.0987828.jpeg CR-B
t1152291941.917274_x0.9164230_y0.0334265_a0.0987828.jpeg CR-B
t1152291942.123420_x0.9158920_y0.0333029_a0.0987828.jpeg CR-B
t1152291942.331381_x0.9158920_y0.0333029_a0.0987828.jpeg CR-B
t1152291942.539401_x0.9147620_y0.0334085_a0.0987828.jpeg CR-B
t1152291942.743528_x0.9129050_y0.0335821_a0.0987828.jpeg CR-B
t1152291942.947474_x0.9129050_y0.0335821_a0.0987828.jpeg CR-B
t1152291943.159445_x0.9156340_y0.0328499_a0.0934425.jpeg CR-B
t1152291943.371446_x0.9155530_y0.0320231_a0.0934425.jpeg CR-B
t1152291943.579461_x0.9155530_y0.0320231_a0.0934425.jpeg CR-B
t1152291943.783591_x0.9155390_y0.0318892_a0.0934425.jpeg CR-B
t1152291943.987512_x0.9155390_y0.0318892_a0.0934425.jpeg CR-B
t1152291944.191602_x0.9155390_y0.0318892_a0.0934425.jpeg CR-B
t1152291944.399514_x0.9130160_y0.0316329_a0.0917054.jpeg CR-B
t1152291944.603531_x0.9130160_y0.0316329_a0.0917054.jpeg CR-B
t1152291944.815565_x0.9129160_y0.0316429_a0.0917054.jpeg CR-B
t1152291945.023747_x0.9111410_y0.0324530_a0.0926621.jpeg CR-B
t1152291945.227617_x0.9109430_y0.0324882_a0.0930330.jpeg CR-B
t1152291945.431630_x0.9109430_y0.0324882_a0.0930330.jpeg CR-B
t1152291945.635653_x0.9109430_y0.0324882_a0.0930330.jpeg CR-B
t1152291945.843603_x0.9120760_y0.0321712_a0.0941186.jpeg CR-B
t1152291946.051620_x0.9120730_y0.0321379_a0.0941186.jpeg CR-B
t1152291946.259634_x0.9119920_y0.0313106_a0.0941186.jpeg CR-B
t1152291946.473201_x0.9119920_y0.0313106_a0.0941186.jpeg CR-B
t1152291946.679644_x0.9119790_y0.0311759_a0.0941186.jpeg CR-B
t1152291946.887717_x0.9119790_y0.0311759_a0.0941186.jpeg CR-B
t1152291947.095652_x0.9115920_y0.0312139_a0.0941186.jpeg CR-B
t1152291947.299720_x0.9115920_y0.0312139_a0.0941186.jpeg CR-B
t1152291947.503790_x0.9111440_y0.0312579_a0.0941186.jpeg CR-B
t1152291947.707775_x0.9111440_y0.0312579_a0.0941186.jpeg CR-B
t1152291947.915837_x0.9109840_y0.0312736_a0.0941186.jpeg CR-B
t1152291948.119771_x0.9129020_y0.0314645_a0.0949246.jpeg CR-B
t1152291948.323777_x0.9129020_y0.0314645_a0.0949246.jpeg CR-B
t1152291948.527805_x0.9132910_y0.0316525_a0.0956405.jpeg CR-B
t1152291948.731838_x0.9139960_y0.0315276_a0.0958343.jpeg CR-B
t1152291948.943866_x0.9139960_y0.0315276_a0.0958343.jpeg CR-B
t1152291949.155827_x0.9138340_y0.0310535_a0.0953996.jpeg CR-B
t1152291949.363763_x0.9138340_y0.0310535_a0.0953996.jpeg CR-B
t1152291949.571779_x0.9138970_y0.0309067_a0.0953049.jpeg CR-B
t1152291949.779876_x0.9138970_y0.0309067_a0.0953049.jpeg CR-B
t1152291949.983914_x0.9142000_y0.0309846_a0.0959459.jpeg CR-B
t1152291950.187905_x0.9142000_y0.0309846_a0.0959459.jpeg CR-B
t1152291950.395909_x0.9142000_y0.0309846_a0.0959459.jpeg CR-B
t1152291950.599915_x0.9142000_y0.0309846_a0.0959459.jpeg CR-B
t1152291950.803921_x0.9140010_y0.0310038_a0.0959459.jpeg CR-B
t1152291951.007935_x0.9133160_y0.0310698_a0.0959459.jpeg CR-B
t1152291951.211940_x0.9133160_y0.0310698_a0.0959459.jpeg CR-B
t1152291951.419949_x0.9148950_y0.0312267_a0.0960601.jpeg CR-B
t1152291951.623980_x0.9153750_y0.0316947_a0.0956969.jpeg CR-B
t1152291951.828079_x0.9153420_y0.0313519_a0.0956969.jpeg CR-B
t1152291952.035908_x0.9153420_y0.0313519_a0.0956969.jpeg CR-B
t1152291952.240036_x0.9152950_y0.0308665_a0.0956969.jpeg CR-B
t1152291952.444041_x0.9152950_y0.0308665_a0.0956969.jpeg CR-B
t1152291952.648136_x0.9152790_y0.0306993_a0.0956969.jpeg CR-B
t1152291952.852064_x0.9151290_y0.0306371_a0.0953706.jpeg CR-B
t1152291953.056128_x0.9151290_y0.0306371_a0.0953706.jpeg CR-B
t1152291953.272063_x0.9151290_y0.0306371_a0.0953706.jpeg CR-B
t1152291953.476148_x0.9151290_y0.0306371_a0.0953706.jpeg CR-B
t1152291953.680136_x0.9138510_y0.0300303_a0.0952624.jpeg CR-B
t1152291953.888232_x0.9138510_y0.0300303_a0.0952624.jpeg CR-B
t1152291954.093976_x0.9133890_y0.0301934_a0.0947517.jpeg CR-B
t1152291954.300131_x0.9133890_y0.0301934_a0.0947517.jpeg CR-B
t1152291954.538244_x0.9130140_y0.0302300_a0.0947517.jpeg CR-B
t1152291954.744171_x0.9145040_y0.0299920_a0.0946221.jpeg CR-B
t1152291954.952119_x0.9145040_y0.0299920_a0.0946221.jpeg CR-B
t1152291955.160157_x0.9145040_y0.0299920_a0.0946221.jpeg CR-B
t1152291955.368184_x0.9145040_y0.0299920_a0.0946221.jpeg CR-B
t1152291955.576211_x0.9144760_y0.0297063_a0.0946221.jpeg CR-B
t1152291955.784209_x0.9144760_y0.0297063_a0.0946221.jpeg CR-B
t1152291955.989207_x0.9144070_y0.0289967_a0.0946221.jpeg CR-B
t1152291956.193208_x0.9144070_y0.0289967_a0.0946221.jpeg CR-B
t1152291956.397222_x0.9144070_y0.0289967_a0.0946221.jpeg CR-B
t1152291956.601306_x0.9144070_y0.0289967_a0.0946221.jpeg CR-B
t1152291956.809242_x0.9144070_y0.0289967_a0.0946221.jpeg CR-B
t1152291957.013252_x0.9144070_y0.0289967_a0.0946221.jpeg CR-B
t1152291957.224359_x0.9144070_y0.0289967_a0.0946221.jpeg CR-B
t1152291957.432307_x0.9144070_y0.0289967_a0.0946221.jpeg CR-B
t1152291957.636464_x0.9144070_y0.0289967_a0.0946221.jpeg CR-B
t1152291957.840364_x0.9144070_y0.0289967_a0.0946221.jpeg CR-B
t1152291958.044497_x0.9133050_y0.0300214_a0.0951931.jpeg CR-B
t1152291958.252483_x0.9133050_y0.0300214_a0.0951931.jpeg CR-B
t1152291958.464414_x0.9133050_y0.0300214_a0.0951931.jpeg CR-B
t1152291958.668475_x0.9133050_y0.0300214_a0.0951931.jpeg CR-B
t1152291958.872473_x0.9133050_y0.0300214_a0.0951931.jpeg CR-B
t1152291959.080418_x0.9133050_y0.0300214_a0.0951931.jpeg CR-B
t1152291959.284445_x0.9128320_y0.0300674_a0.0951931.jpeg CR-B
t1152291959.488497_x0.9128320_y0.0300674_a0.0951931.jpeg CR-B
t1152291959.696495_x0.9123100_y0.0301181_a0.0951931.jpeg CR-B
t1152291959.904436_x0.9123100_y0.0301181_a0.0951931.jpeg CR-B
t1152291960.108497_x0.9142170_y0.0307147_a0.0951285.jpeg CR-B
t1152291960.312659_x0.9142170_y0.0307147_a0.0951285.jpeg CR-B
t1152291960.520518_x0.9145880_y0.0311092_a0.0947700.jpeg CR-B
t1152291960.724638_x0.9145880_y0.0311092_a0.0947700.jpeg CR-B
t1152291960.928597_x0.9145880_y0.0311092_a0.0947700.jpeg CR-B
t1152291961.132609_x0.9145620_y0.0308514_a0.0947700.jpeg CR-B
t1152291961.336615_x0.9145660_y0.0300775_a0.0944265.jpeg CR-B
t1152291961.540681_x0.9145660_y0.0300775_a0.0944265.jpeg CR-B
t1152291961.748597_x0.9145210_y0.0303079_a0.0940431.jpeg CR-B
t1152291961.952666_x0.9145210_y0.0303079_a0.0940431.jpeg CR-B
t1152291962.164757_x0.9145210_y0.0303079_a0.0940431.jpeg CR-B
t1152291962.372663_x0.9145950_y0.0300735_a0.0939632.jpeg CR-B
t1152291962.576702_x0.9138650_y0.0301452_a0.0939632.jpeg CR-B
t1152291962.784711_x0.9136370_y0.0301677_a0.0939632.jpeg CR-B
t1152291962.988726_x0.9136370_y0.0301677_a0.0939632.jpeg CR-B
t1152291963.192714_x0.9136370_y0.0301677_a0.0939632.jpeg CR-B
t1152291963.396743_x0.9136020_y0.0301767_a0.0936037.jpeg CR-B
t1152291963.604767_x0.9135360_y0.0302376_a0.0932210.jpeg CR-B
t1152291963.808743_x0.9134830_y0.0296956_a0.0932210.jpeg CR-B
t1152291964.016679_x0.9134830_y0.0296956_a0.0932210.jpeg CR-B
t1152291964.222121_x0.9143150_y0.0289724_a0.0925816.jpeg CR-B
t1152291964.432822_x0.9143150_y0.0289724_a0.0925816.jpeg CR-B
t1152291964.640886_x0.9143150_y0.0289724_a0.0925816.jpeg CR-B
t1152291964.844923_x0.9143150_y0.0289724_a0.0925816.jpeg CR-B
t1152291965.052777_x0.9138010_y0.0290236_a0.0925816.jpeg CR-B
t1152291965.260776_x0.9138010_y0.0290236_a0.0925816.jpeg CR-B
t1152291965.464895_x0.9133190_y0.0290716_a0.0925816.jpeg CR-B
t1152291965.668864_x0.9133190_y0.0290716_a0.0925816.jpeg CR-B
t1152291965.876896_x0.9132500_y0.0289752_a0.0918355.jpeg CR-B
t1152291966.080894_x0.9132500_y0.0289752_a0.0918355.jpeg CR-B
t1152291966.284933_x0.9132500_y0.0289752_a0.0918355.jpeg CR-B
t1152291966.499663_x0.9132500_y0.0289752_a0.0918355.jpeg CR-B
t1152291966.705021_x0.9131800_y0.0282788_a0.0918355.jpeg CR-B
t1152291966.912764_x0.9131550_y0.0280220_a0.0918355.jpeg CR-B
t1152291967.120929_x0.9131550_y0.0280220_a0.0918355.jpeg CR-B
t1152291967.329000_x0.9131500_y0.0279802_a0.0918355.jpeg CR-B
t1152291967.533018_x0.9131500_y0.0279802_a0.0918355.jpeg CR-B
t1152291967.737029_x0.9131500_y0.0279802_a0.0918355.jpeg CR-B
t1152291967.941061_x0.9131500_y0.0279802_a0.0918355.jpeg CR-B
t1152291968.145184_x0.9131500_y0.0279802_a0.0918355.jpeg CR-B
t1152291968.353116_x0.9131500_y0.0279802_a0.0918355.jpeg CR-B
t1152291968.557066_x0.9122950_y0.0280662_a0.0918355.jpeg CR-B
t1152291968.765080_x0.9122950_y0.0280662_a0.0918355.jpeg CR-B
t1152291968.969172_x0.9121550_y0.0280802_a0.0918355.jpeg CR-B
t1152291969.173109_x0.9154290_y0.0271848_a0.0917445.jpeg CR-B
t1152291969.377120_x0.9154290_y0.0271848_a0.0917445.jpeg CR-B
t1152291969.581131_x0.9154290_y0.0271848_a0.0917445.jpeg CR-B
t1152291969.785136_x0.9153830_y0.0267319_a0.0917445.jpeg CR-B
t1152291969.989154_x0.9153830_y0.0267319_a0.0917445.jpeg CR-B
t1152291970.438921_x0.9153830_y0.0267319_a0.0917445.jpeg CR-B
t1152291970.645231_x0.9153830_y0.0267319_a0.0917445.jpeg CR-B
t1152291970.850574_x0.9155440_y0.0267485_a0.0910450.jpeg CR-B
t1152291971.053199_x0.9148070_y0.0259535_a0.0866398.jpeg CR-B
t1152291971.257208_x0.9148070_y0.0259535_a0.0866398.jpeg CR-B
t1152291971.462461_x0.9148070_y0.0240988_a0.0772566.jpeg CR-B
t1152291971.669273_x0.9148070_y0.0240988_a0.0772566.jpeg CR-B
t1152291971.879351_x0.9148620_y0.0233679_a0.0735920.jpeg CR-B
t1152291972.085194_x0.9146010_y0.0250818_a0.0856307.jpeg CR-B
t1152291972.289292_x0.9119300_y0.0248201_a0.0855335.jpeg CR-B
t1152291972.493300_x0.9119300_y0.0248201_a0.0855335.jpeg CR-B
t1152291972.697412_x0.9117920_y0.0262569_a0.0929944.jpeg CR-B
t1152291972.905401_x0.9117920_y0.0262569_a0.0929944.jpeg CR-B
t1152291973.113417_x0.9119720_y0.0242182_a0.0827611.jpeg CR-B
t1152291973.321424_x0.9119480_y0.0240423_a0.0818401.jpeg CR-B
t1152291973.525403_x0.9119480_y0.0240423_a0.0818401.jpeg CR-B
t1152291973.733330_x0.9115500_y0.0230407_a0.0765747.jpeg CR-B
t1152291973.945451_x0.9112850_y0.0261706_a0.0922803.jpeg CR-B
t1152291974.153284_x0.9111000_y0.0236901_a0.0789264.jpeg CR-B
t1152291974.357403_x0.9113120_y0.0207302_a0.0640887.jpeg CR-B
t1152291974.561425_x0.9111250_y0.0217849_a0.0725293.jpeg CR-B
t1152291974.767693_x0.9111170_y0.0209554_a0.0701968.jpeg CR-B
t1152291974.973398_x0.9112320_y0.0192145_a0.0614734.jpeg CR-B
t1152291975.181487_x0.9107680_y0.0192672_a0.0614734.jpeg CR-B
t1152291975.385488_x0.9083340_y0.0222375_a0.0734671.jpeg CR-B
t1152291975.589508_x0.9083340_y0.0222375_a0.0734671.jpeg CR-B
t1152291975.793602_x0.9083340_y0.0222375_a0.0734671.jpeg CR-B
t1152291976.001551_x0.9083340_y0.0222375_a0.0734671.jpeg CR-B
t1152291976.209500_x0.9083340_y0.0222375_a0.0734671.jpeg CR-B
t1152291976.417503_x0.9083340_y0.0222375_a0.0734671.jpeg CR-B
t1152291976.625517_x0.9083340_y0.0222375_a0.0734671.jpeg CR-B
t1152291976.830460_x0.9083340_y0.0222375_a0.0734671.jpeg CR-B
t1152291977.037614_x0.9083340_y0.0222375_a0.0734671.jpeg CR-B
t1152291977.244971_x0.9083340_y0.0222375_a0.0734671.jpeg CR-B
t1152291977.454324_x0.9083340_y0.0222375_a0.0734671.jpeg CR-B
t1152291977.661626_x0.9083340_y0.0222375_a0.0734671.jpeg CR-B
t1152291977.869662_x0.9083340_y0.0222375_a0.0734671.jpeg CR-B
t1152291978.077605_x0.9082470_y0.0213818_a0.0734671.jpeg CR-B
t1152291978.285682_x0.9082470_y0.0213818_a0.0734671.jpeg CR-B
t1152291978.496407_x0.9080010_y0.0212661_a0.0734671.jpeg CR-B
t1152291978.705776_x0.9073050_y0.0213368_a0.0734671.jpeg CR-B
t1152291978.909810_x0.9072380_y0.0213435_a0.0734671.jpeg CR-B
t1152291979.113965_x0.9095590_y0.0220058_a0.0773989.jpeg CR-B
t1152291979.321995_x0.9095590_y0.0220058_a0.0773989.jpeg CR-B
t1152291979.525990_x0.9095590_y0.0220058_a0.0773989.jpeg CR-B
t1152291979.729774_x0.9095590_y0.0220058_a0.0773989.jpeg CR-B
t1152291979.933865_x0.9095590_y0.0220058_a0.0773989.jpeg CR-B
t1152291980.141896_x0.9095590_y0.0220058_a0.0773989.jpeg CR-B
t1152291980.349805_x0.9095590_y0.0220058_a0.0773989.jpeg CR-B
t1152291980.553820_x0.9095590_y0.0220058_a0.0773989.jpeg CR-B
t1152291980.757833_x0.9093740_y0.0217073_a0.0766767.jpeg CR-B
t1152291980.965820_x0.9076940_y0.0201132_a0.0752685.jpeg CR-B
t1152291981.169825_x0.9067960_y0.0197706_a0.0752685.jpeg CR-B
t1152291981.373899_x0.9067960_y0.0197706_a0.0752685.jpeg CR-B
t1152291981.581948_x0.9066500_y0.0197149_a0.0752685.jpeg CR-B
t1152291981.788473_x0.9066500_y0.0197149_a0.0752685.jpeg CR-B
t1152291981.994524_x0.9066500_y0.0197149_a0.0752685.jpeg CR-B
t1152291982.197941_x0.9066500_y0.0197149_a0.0752685.jpeg CR-B
t1152291982.401934_x0.9066500_y0.0197149_a0.0752685.jpeg CR-B
t1152291982.609920_x0.9066500_y0.0197149_a0.0752685.jpeg CR-B
t1152291982.814774_x0.9066500_y0.0197149_a0.0752685.jpeg CR-B
t1152291983.026003_x0.9066500_y0.0197149_a0.0752685.jpeg CR-B
t1152291983.231091_x0.9066500_y0.0197149_a0.0752685.jpeg CR-B
t1152291983.434081_x0.9066350_y0.0195655_a0.0752685.jpeg CR-B
t1152291983.637989_x0.9065500_y0.0187198_a0.0752685.jpeg CR-B
t1152291983.842005_x0.9075330_y0.0188623_a0.0758694.jpeg CR-B
t1152291984.049952_x0.9066870_y0.0189460_a0.0758694.jpeg CR-B
t1152291984.254055_x0.9086650_y0.0193152_a0.0781865.jpeg CR-B
t1152291984.458121_x0.9092470_y0.0195362_a0.0792841.jpeg CR-B
t1152291984.666137_x0.9096730_y0.0198255_a0.0794197.jpeg CR-B
t1152291984.874055_x0.9098510_y0.0199522_a0.0801932.jpeg CR-B
t1152291985.081359_x0.9096610_y0.0197053_a0.0802961.jpeg CR-B
t1152291985.286118_x0.9096270_y0.0196868_a0.0806456.jpeg CR-B
t1152291985.498917_x0.9096270_y0.0196868_a0.0806456.jpeg CR-B
t1152291985.706090_x0.9094550_y0.0211446_a0.0796292.jpeg CR-B
t1152291985.910156_x0.9079530_y0.0202581_a0.0762728.jpeg CR-B
t1152291986.114300_x0.9060110_y0.0186353_a0.0692340.jpeg CR-B
t1152291986.319734_x0.9002930_y0.0109811_a0.0322505.jpeg CR-B
t1152291986.527750_x0.8932410_y-0.0077378_a-0.0687531.jpeg CR-B
t1152291986.734141_x0.8896550_y-0.0190565_a-0.1515360.jpeg CR-B
t1152291986.942240_x0.8822010_y-0.0212466_a-0.1684610.jpeg CR-B
t1152291987.150200_x0.8822010_y-0.0212466_a-0.1684610.jpeg CR-B
t1152291987.358160_x0.8767020_y-0.0212880_a-0.1723090.jpeg CR-B
t1152291987.566172_x0.8522560_y-0.0128418_a-0.1809910.jpeg CR-B
t1152291987.774169_x0.8160560_y-0.0065867_a-0.1809910.jpeg CR-B
t1152291987.981706_x0.7620170_y0.0004615_a-0.1851850.jpeg CR-B
t1152291988.190259_x0.7075140_y0.0188544_a-0.1663080.jpeg CR-B
t1152291988.402310_x0.6271400_y0.0427400_a-0.1415590.jpeg CR-B
t1152291988.610275_x0.5386130_y0.0606244_a-0.0974244.jpeg CR-B
t1152291988.822288_x0.4462750_y0.0848655_a-0.0448332.jpeg CR-B
t1152291989.026354_x0.3644200_y0.0941442_a-0.0118992.jpeg CR-B
t1152291989.234333_x0.2998830_y0.0960306_a-0.0129921.jpeg CR-B
t1152291989.442342_x0.2359000_y0.0959653_a-0.0145892.jpeg CR-B
t1152291989.649995_x0.2359000_y0.0959653_a-0.0145892.jpeg CR-B
t1152291989.854382_x0.1942010_y0.0961800_a-0.0170899.jpeg CR-B
t1152291990.058378_x0.1799140_y0.0962710_a-0.0171517.jpeg CR-B
t1152291990.266394_x0.1597060_y0.0932803_a-0.0334404.jpeg CR-B
t1152291990.474391_x0.1429340_y0.0922008_a-0.0403972.jpeg CR-B
t1152291990.682352_x0.1131200_y0.0923184_a-0.0465034.jpeg CR-B
t1152291990.886493_x0.0838919_y0.1026810_a-0.0424239.jpeg CR-B
t1152291991.098437_x0.0534658_y0.1047820_a-0.0424160.jpeg CR-B
t1152291991.304019_x0.0334621_y0.1045900_a-0.0410555.jpeg CR-B
t1152291991.506521_x0.0308751_y0.1062060_a-0.0423666.jpeg CR-B
t1152291991.710610_x0.0285699_y0.1101050_a-0.0432687.jpeg CR-B
t1152291991.922328_x0.0285699_y0.1101050_a-0.0432687.jpeg CR-B
t1152291992.126548_x0.0325392_y0.1082670_a-0.0410860.jpeg CR-B
t1152291992.330559_x0.0330986_y0.1103880_a-0.0419993.jpeg CR-B
t1152291992.534582_x0.0373064_y0.1114810_a-0.0414168.jpeg CR-B
t1152291992.742630_x0.0383565_y0.1131290_a-0.0421057.jpeg CR-B
t1152291992.947076_x0.0383565_y0.1131290_a-0.0421057.jpeg CR-B
t1152291993.158556_x0.0402673_y0.1134850_a-0.0422973.jpeg CR-B
t1152291993.366572_x0.0503344_y0.1126450_a-0.0421618.jpeg CR-B
t1152291993.572241_x0.1116060_y0.1166440_a-0.0402153.jpeg CR-B
t1152291993.786618_x0.1116060_y0.1166440_a-0.0402153.jpeg CR-B
t1152291993.990730_x0.1507620_y0.1148970_a-0.0406078.jpeg CR-B
t1152291994.198622_x0.2011250_y0.1099430_a-0.0398765.jpeg CR-B
t1152291994.406656_x0.2576500_y0.1155880_a-0.0195371.jpeg CR-B
t1152291994.610728_x0.3704680_y0.1185620_a-0.0046356.jpeg CR-B
t1152291994.814682_x0.3704680_y0.1185620_a-0.0046356.jpeg CR-B
t1152291995.018705_x0.4279870_y0.1251720_a-0.0022300.jpeg CR-B
t1152291995.222742_x0.5018560_y0.1239600_a-0.0040340.jpeg CR-B
t1152291995.426743_x0.5685800_y0.1284450_a-0.0023283.jpeg CR-B
t1152291995.634768_x0.6399540_y0.1250250_a-0.0060815.jpeg CR-B
t1152291995.842693_x0.7217170_y0.1272930_a-0.0073335.jpeg CR-B
t1152291996.046757_x0.7217170_y0.1272930_a-0.0073335.jpeg CR-B
t1152291996.250771_x0.8090280_y0.1267850_a-0.0098104.jpeg CR-B
t1152291996.458853_x0.9865390_y0.1239760_a-0.0100233.jpeg CR-B
t1152291996.662817_x0.9865390_y0.1239760_a-0.0100233.jpeg CR-B
t1152291996.868158_x1.0876400_y0.1239440_a-0.0058158.jpeg CR-B
t1152291997.074809_x1.1623700_y0.1248650_a-0.0089003.jpeg CR-B
t1152291997.278823_x1.2455800_y0.1241320_a-0.0047438.jpeg CR-B
t1152291997.483267_x1.3164500_y0.1298410_a0.0146741.jpeg CR-B
t1152291997.686902_x1.3787100_y0.1372100_a0.0464474.jpeg CR-B
t1152291997.890902_x1.4714900_y0.1624800_a0.1311040.jpeg CR-B
t1152291998.098972_x1.5525600_y0.1946750_a0.2210220.jpeg CR-B
t1152291998.306921_x1.6235600_y0.2328490_a0.3010540.jpeg CR-B
t1152291998.510950_x1.7046700_y0.2821590_a0.3990290.jpeg CR-B
t1152291998.718893_x1.7336600_y0.3244880_a0.4710450.jpeg CR-B
t1152291998.926944_x1.7923900_y0.3966970_a0.6117180.jpeg CR-B
t1152291999.134984_x1.8378600_y0.4565800_a0.7138050.jpeg CR-B
t1152291999.343101_x1.8905000_y0.5138990_a0.8044730.jpeg CR-B
t1152291999.547044_x1.9375100_y0.6456350_a1.0078700.jpeg CR-B
t1152291999.755025_x1.9375100_y0.6456350_a1.0078700.jpeg CR-B
t1152291999.962981_x1.9514000_y0.7005780_a1.1002300.jpeg CR-B
t1152292000.170973_x1.9584400_y0.7530170_a1.1808100.jpeg CR-B
t1152292000.375035_x1.9474900_y0.8342280_a1.3240400.jpeg CR-B
t1152292000.579101_x1.9518000_y0.9001400_a1.3748900.jpeg TL-B
t1152292000.787140_x1.9501500_y0.9710770_a1.4236600.jpeg TL-B
t1152292000.991052_x1.9531400_y1.0482600_a1.4592600.jpeg TL-B
t1152292001.199042_x1.9580300_y1.1516500_a1.4814000.jpeg TL-B
t1152292001.407130_x1.9634000_y1.2346700_a1.5282900.jpeg TL-B
t1152292001.611150_x1.9610200_y1.3057400_a1.5782100.jpeg TL-B
t1152292001.819204_x1.9416500_y1.3763800_a1.6445900.jpeg TL-B
t1152292002.027140_x1.9416500_y1.3763800_a1.6445900.jpeg TL-B
t1152292002.235137_x1.9314800_y1.4346200_a1.6809300.jpeg TL-B
t1152292002.439151_x1.9213000_y1.5017700_a1.6945700.jpeg TL-B
t1152292002.643162_x1.9121300_y1.5732700_a1.6945700.jpeg TL-B
t1152292002.855185_x1.9167300_y1.6527200_a1.6953100.jpeg TL-B
t1152292003.059194_x1.9106400_y1.7228000_a1.6926200.jpeg TL-B
t1152292003.263243_x1.9030800_y1.7777100_a1.6893500.jpeg TL-B
t1152292003.472862_x1.9014700_y1.8330400_a1.6868200.jpeg TL-B
t1152292003.675313_x1.8953100_y1.8672500_a1.6665800.jpeg TL-B
t1152292003.883196_x1.8929900_y1.9142200_a1.6392000.jpeg TL-B
t1152292004.087249_x1.8965100_y1.9452700_a1.6163100.jpeg TL-B
t1152292004.291307_x1.8981500_y1.9701000_a1.6040900.jpeg TL-B
t1152292004.495326_x1.8985300_y1.9900200_a1.6006000.jpeg TL-B
t1152292004.703304_x1.8961800_y2.0052500_a1.6059900.jpeg TL-B
t1152292004.907331_x1.8926400_y2.0190300_a1.6012700.jpeg TL-B
t1152292005.111356_x1.8916800_y2.0300700_a1.6004100.jpeg TL-B
t1152292005.319242_x1.8903600_y2.0421900_a1.5988500.jpeg TL-B
t1152292005.527343_x1.8902000_y2.0437300_a1.5988500.jpeg TL-B
t1152292005.735481_x1.8902000_y2.0437300_a1.5988500.jpeg TL-B
t1152292005.939527_x1.8901700_y2.0440200_a1.5988500.jpeg TL-B
t1152292006.147403_x1.8901700_y2.0440200_a1.5988500.jpeg TL-B
t1152292006.355382_x1.8901700_y2.0440200_a1.5988500.jpeg TL-B
t1152292006.563396_x1.8901700_y2.0440200_a1.5988500.jpeg TL-B
t1152292006.767426_x1.8900200_y2.0435900_a1.5977700.jpeg TL-B
t1152292006.971543_x1.8900200_y2.0435900_a1.5977700.jpeg TL-B
t1152292007.179539_x1.8900200_y2.0435900_a1.5977700.jpeg TL-B
t1152292007.383515_x1.8900200_y2.0435900_a1.5977700.jpeg TL-B
t1152292007.587571_x1.8900200_y2.0435900_a1.5977700.jpeg TL-B
t1152292007.791561_x1.8900200_y2.0435900_a1.5977700.jpeg TL-B
t1152292007.995618_x1.8900200_y2.0435900_a1.5977700.jpeg TL-B
t1152292008.203474_x1.8900200_y2.0435900_a1.5977700.jpeg TL-B
t1152292008.411617_x1.8897300_y2.0410800_a1.5972000.jpeg TL-B
t1152292008.615530_x1.8894800_y2.0409500_a1.5966500.jpeg TL-B
t1152292008.823486_x1.8893700_y2.0404700_a1.5957300.jpeg TL-B
t1152292009.027660_x1.8893700_y2.0404700_a1.5957300.jpeg TL-B
t1152292009.231629_x1.8894300_y2.0410800_a1.5957800.jpeg TL-B
t1152292009.435639_x1.8896100_y2.0413400_a1.5935600.jpeg TL-B
t1152292009.639656_x1.8860800_y2.0412100_a1.6112400.jpeg TL-B
t1152292009.843666_x1.8812500_y2.0409700_a1.6351900.jpeg TL-B
t1152292010.047672_x1.8684300_y2.0375800_a1.6992100.jpeg TL-B
t1152292010.251749_x1.8482500_y2.0343500_a1.8018400.jpeg TL-B
t1152292010.455673_x1.8482500_y2.0343500_a1.8018400.jpeg TL-B
t1152292010.663761_x1.8369100_y2.0310700_a1.8574300.jpeg TL-B
t1152292010.871775_x1.8280500_y2.0280600_a1.9038000.jpeg TL-B
t1152292011.079698_x1.8067700_y2.0192200_a2.0155400.jpeg TL-B
t1152292011.287796_x1.8067700_y2.0192200_a2.0155400.jpeg TL-B
t1152292011.492053_x1.7981200_y2.0153300_a2.0596100.jpeg TL-B
t1152292011.699758_x1.7784400_y2.0044600_a2.1693800.jpeg TL-B
t1152292011.903769_x1.7784400_y2.0044600_a2.1693800.jpeg TL-B
t1152292012.111782_x1.7699400_y1.9984000_a2.2214400.jpeg TL-B
t1152292012.319864_x1.7637200_y1.9916400_a2.2695100.jpeg TL-B
t1152292012.523854_x1.7490900_y1.9777600_a2.3690000.jpeg TL-B
t1152292012.727847_x1.7490900_y1.9777600_a2.3690000.jpeg TL-B
t1152292012.931817_x1.7422300_y1.9666700_a2.4237700.jpeg TL-B
t1152292013.139789_x1.7344700_y1.9571200_a2.4849100.jpeg TL-B
t1152292013.347923_x1.7283900_y1.9490100_a2.5353100.jpeg TL-B
t1152292013.555902_x1.7170300_y1.9314700_a2.6391600.jpeg TL-B
t1152292013.763888_x1.7170300_y1.9314700_a2.6391600.jpeg TL-B
t1152292013.971846_x1.7170300_y1.9314700_a2.6391600.jpeg TL-B
t1152292014.175995_x1.7135800_y1.9265800_a2.6678200.jpeg TL-B
t1152292014.379913_x1.7089200_y1.9168200_a2.7212900.jpeg TL-B
t1152292014.587965_x1.7040700_y1.9049200_a2.7852700.jpeg TL-B
t1152292014.795887_x1.6984500_y1.8882300_a2.8725800.jpeg TL-B
t1152292015.004037_x1.6906100_y1.8574000_a3.0316500.jpeg TL-B
t1152292015.211905_x1.6906100_y1.8574000_a3.0316500.jpeg TL-B
t1152292015.419897_x1.6890300_y1.8402300_a3.1180800.jpeg TL-B
t1152292015.628068_x1.6890000_y1.8294600_a-3.1110700.jpeg TL-B
t1152292015.832044_x1.6919600_y1.7997300_a-2.9668300.jpeg TL-B
t1152292016.039946_x1.6919600_y1.7997300_a-2.9668300.jpeg TL-B
t1152292016.248054_x1.6945600_y1.7865000_a-2.8976200.jpeg TL-B
t1152292016.452790_x1.6980800_y1.7739400_a-2.8309900.jpeg TL-B
t1152292016.660125_x1.6989300_y1.7704600_a-2.8126300.jpeg TL-B
t1152292016.864084_x1.6989300_y1.7704600_a-2.8126300.jpeg TL-B
t1152292017.072031_x1.6974800_y1.7707300_a-2.8145800.jpeg TL-B
t1152292017.280092_x1.6974800_y1.7707300_a-2.8145800.jpeg TL-B
t1152292017.484471_x1.6962200_y1.7720900_a-2.8211900.jpeg TL-B
t1152292017.688108_x1.6962200_y1.7720900_a-2.8211900.jpeg TL-B
t1152292017.896075_x1.6961000_y1.7712800_a-2.8173100.jpeg TL-B
t1152292018.104150_x1.6940000_y1.7774100_a-2.8473300.jpeg TL-B
t1152292018.308159_x1.6893800_y1.7837000_a-2.8828800.jpeg TL-B
t1152292018.512231_x1.6867800_y1.7915900_a-2.9276700.jpeg TL-B
t1152292018.716212_x1.6832400_y1.8050200_a-2.9987600.jpeg TL-B
t1152292018.920274_x1.6806100_y1.8362500_a3.1272100.jpeg TL-B
t1152292019.124212_x1.6806100_y1.8362500_a3.1272100.jpeg TL-B
t1152292019.332210_x1.6820700_y1.8513400_a3.0522300.jpeg TL-B
t1152292019.540194_x1.6847000_y1.8667000_a2.9753800.jpeg TL-B
t1152292019.744239_x1.6902800_y1.8922200_a2.8344200.jpeg TL-B
t1152292019.948251_x1.6902800_y1.8922200_a2.8344200.jpeg TL-B
t1152292020.152360_x1.6902800_y1.8922200_a2.8344200.jpeg TL-B
t1152292020.360280_x1.6961700_y1.9090900_a2.7445800.jpeg TL-B
t1152292020.568292_x1.7112200_y1.9341900_a2.5962000.jpeg TL-B
t1152292020.776206_x1.7112200_y1.9341900_a2.5962000.jpeg TL-B
t1152292020.980456_x1.7199800_y1.9472900_a2.5157400.jpeg TL-B
t1152292021.184333_x1.7413500_y1.9717700_a2.3543600.jpeg TL-B
t1152292021.388427_x1.7413500_y1.9717700_a2.3543600.jpeg TL-B
t1152292021.596444_x1.7533400_y1.9823000_a2.2761100.jpeg TL-B
t1152292021.808360_x1.7660200_y1.9913700_a2.1973700.jpeg TL-B
t1152292022.016391_x1.7936600_y2.0065800_a2.0421400.jpeg TL-B
t1152292022.224391_x1.7936600_y2.0065800_a2.0421400.jpeg TL-B
t1152292022.432440_x1.8079100_y2.0131100_a1.9636300.jpeg TL-B
t1152292022.636455_x1.8430300_y2.0239600_a1.7776000.jpeg TL-B
t1152292022.840544_x1.8430300_y2.0239600_a1.7776000.jpeg TL-B
t1152292023.044542_x1.8561300_y2.0261800_a1.7105600.jpeg TL-B
t1152292023.252411_x1.8686600_y2.0274200_a1.6485500.jpeg TL-B
t1152292023.460422_x1.8793400_y2.0279700_a1.5950900.jpeg TL-B
t1152292023.668323_x1.8979300_y2.0269800_a1.5019300.jpeg TL-B
t1152292023.872512_x1.8979300_y2.0269800_a1.5019300.jpeg TL-B
t1152292024.079425_x1.9080200_y2.0255800_a1.4509800.jpeg TL-B
t1152292024.288515_x1.9168300_y2.0269100_a1.4052200.jpeg TL-B
t1152292024.495319_x1.9258700_y2.0251000_a1.3592000.jpeg TL-B
t1152292024.700578_x1.9361800_y2.0225900_a1.3061200.jpeg TL-B
t1152292024.907242_x1.9553100_y2.0169400_a1.2054400.jpeg TL-B
t1152292025.112626_x1.9553100_y2.0169400_a1.2054400.jpeg TL-B
t1152292025.316704_x1.9631000_y2.0137800_a1.1636900.jpeg TL-B
t1152292025.520656_x1.9633600_y2.0136900_a1.1625000.jpeg TL-B
t1152292025.728645_x1.9629700_y2.0138500_a1.1617900.jpeg TL-B
t1152292025.936563_x1.9626300_y2.0136000_a1.1617500.jpeg TL-B
t1152292026.140738_x1.9626300_y2.0136000_a1.1617500.jpeg TL-B
t1152292026.344676_x1.9626300_y2.0136000_a1.1617500.jpeg TL-B
t1152292026.548690_x1.9628500_y2.0142800_a1.1616900.jpeg TL-B
t1152292026.756712_x1.9630100_y2.0148800_a1.1615500.jpeg TL-B
t1152292026.964692_x1.9630100_y2.0148800_a1.1615500.jpeg TL-B
t1152292027.172721_x1.9630000_y2.0148600_a1.1615500.jpeg TL-B
t1152292027.380804_x1.9632500_y2.0147700_a1.1611900.jpeg TL-B
t1152292027.584805_x1.9633700_y2.0150900_a1.1612100.jpeg TL-B
t1152292027.788789_x1.9635100_y2.0150300_a1.1610400.jpeg TL-B
t1152292027.996704_x1.9635100_y2.0150300_a1.1610400.jpeg TL-B
t1152292028.208755_x1.9635600_y2.0151900_a1.1610400.jpeg TL-B
t1152292028.416893_x1.9637200_y2.0150800_a1.1610200.jpeg TL-B
t1152292028.624787_x1.9637200_y2.0150800_a1.1610200.jpeg TL-B
t1152292028.828845_x1.9632900_y2.0152600_a1.1633500.jpeg TL-B
t1152292029.032845_x1.9606000_y2.0164300_a1.1783600.jpeg TL-B
t1152292029.240689_x1.9556800_y2.0183000_a1.2015100.jpeg TL-B
t1152292029.448868_x1.9548800_y2.0185800_a1.2048800.jpeg TL-B
t1152292029.652894_x1.9548800_y2.0185800_a1.2048800.jpeg TL-B
t1152292029.856971_x1.9549100_y2.0186400_a1.2050800.jpeg TL-B
t1152292030.060872_x1.9557800_y2.0222500_a1.2058200.jpeg TL-B
t1152292030.264955_x1.9587800_y2.0502600_a1.2430900.jpeg TL-B
t1152292030.472826_x1.9587800_y2.0502600_a1.2430900.jpeg TL-B
t1152292030.681014_x1.9611200_y2.0701500_a1.2642400.jpeg TL-B
t1152292030.888863_x1.9699600_y2.1210300_a1.3152000.jpeg TL-B
t1152292031.092955_x1.9699600_y2.1210300_a1.3152000.jpeg TL-B
t1152292031.297600_x1.9734300_y2.1469600_a1.3343200.jpeg TL-B
t1152292031.505624_x1.9736900_y2.1860800_a1.3794500.jpeg TL-B
t1152292031.709110_x1.9715900_y2.2246400_a1.4231400.jpeg TL-B
t1152292031.917087_x1.9669700_y2.3078200_a1.4933100.jpeg TL-B
t1152292032.120996_x1.9669700_y2.3078200_a1.4933100.jpeg TL-B
t1152292032.329005_x1.9669700_y2.3078200_a1.4933100.jpeg TL-B
t1152292032.537059_x1.9667800_y2.3557300_a1.5129400.jpeg TL-B
t1152292032.745085_x1.9764200_y2.4069700_a1.4897200.jpeg TL-B
t1152292032.952975_x1.9890100_y2.4750100_a1.4454500.jpeg TL-B
t1152292033.157060_x2.0085800_y2.5513300_a1.4090100.jpeg TL-B
t1152292033.361190_x2.0336500_y2.7116000_a1.4118800.jpeg TL-B
t1152292033.565135_x2.0336500_y2.7116000_a1.4118800.jpeg TL-B
t1152292033.769107_x2.0432900_y2.7768200_a1.4058300.jpeg TL-B
t1152292033.977046_x2.0547000_y2.8388100_a1.4058300.jpeg TL-B
t1152292034.181235_x2.0607300_y2.8948600_a1.3916400.jpeg TL-B
t1152292034.389111_x2.0739000_y2.9833900_a1.4031900.jpeg TL-B
t1152292034.597131_x2.0739000_y2.9833900_a1.4031900.jpeg TL-B
t1152292034.801211_x2.0771200_y3.0085700_a1.3956400.jpeg TL-B
t1152292035.009143_x2.0870200_y3.0724100_a1.3948900.jpeg TL-B
t1152292035.213238_x2.0870200_y3.0724100_a1.3948900.jpeg TL-B
t1152292035.417253_x2.0923900_y3.1022400_a1.3905300.jpeg TL-B
t1152292035.621312_x2.1029700_y3.1347000_a1.3882700.jpeg TL-B
t1152292035.825271_x2.1086900_y3.1740000_a1.4007000.jpeg TL-B
t1152292036.029313_x2.1265500_y3.2782900_a1.3967900.jpeg TL-B
t1152292036.233293_x2.1265500_y3.2782900_a1.3967900.jpeg TL-B
t1152292036.441365_x2.1286400_y3.3239100_a1.3988700.jpeg TL-B
t1152292036.645375_x2.1402900_y3.3760000_a1.3925900.jpeg TL-B
t1152292036.853307_x2.1515200_y3.4335500_a1.3913000.jpeg TL-B
t1152292037.061286_x2.1612500_y3.4860000_a1.3891800.jpeg TL-B
t1152292037.265474_x2.1711100_y3.5390800_a1.3891800.jpeg TL-B
t1152292037.469397_x2.1844100_y3.6464400_a1.4141400.jpeg TL-B
t1152292037.673399_x2.1844100_y3.6464400_a1.4141400.jpeg TL-B
t1152292037.877404_x2.1844100_y3.6464400_a1.4141400.jpeg TL-B
t1152292038.085289_x2.1790900_y3.7018000_a1.4212300.jpeg TL-B
t1152292038.293365_x2.1845300_y3.7584000_a1.4340700.jpeg TL-B
t1152292038.508028_x2.1906700_y3.8487800_a1.4586800.jpeg TL-B
t1152292038.709461_x2.1906700_y3.8487800_a1.4586800.jpeg TL-B
t1152292038.917525_x2.1926400_y3.8897200_a1.4717900.jpeg TL-B
t1152292039.121433_x2.1960400_y3.9686300_a1.4924800.jpeg TL-B
t1152292039.329474_x2.1960400_y3.9686300_a1.4924800.jpeg TL-B
t1152292039.533493_x2.1983100_y4.0118500_a1.5004300.jpeg TL-B
t1152292039.741637_x2.2019500_y4.0634800_a1.5008800.jpeg TL-B
t1152292039.945524_x2.2081400_y4.1578900_a1.5008800.jpeg TL-B
t1152292040.149585_x2.2081400_y4.1578900_a1.5008800.jpeg TL-B
t1152292040.361508_x2.2107100_y4.1927500_a1.5008800.jpeg TL-B
t1152292040.569523_x2.2117300_y4.2111900_a1.5008800.jpeg TL-B
t1152292040.773597_x2.2124900_y4.2172400_a1.5008800.jpeg TL-B
t1152292040.985021_x2.2125600_y4.2176400_a1.5008800.jpeg TL-B
t1152292041.193612_x2.2115800_y4.2178100_a1.5008800.jpeg TL-B
t1152292041.397625_x2.2115800_y4.2178100_a1.5008800.jpeg TL-B
t1152292041.605643_x2.2115800_y4.2178100_a1.5008800.jpeg TL-B
t1152292041.809602_x2.2115800_y4.2178100_a1.5008800.jpeg TL-B
t1152292042.021623_x2.2115800_y4.2178100_a1.5008800.jpeg TL-B
t1152292042.225633_x2.2115800_y4.2178100_a1.5008800.jpeg TL-B
t1152292042.437683_x2.2115800_y4.2178100_a1.5008800.jpeg TL-B
t1152292042.641689_x2.2115800_y4.2178100_a1.5008800.jpeg TL-B
t1152292042.845695_x2.2115800_y4.2178100_a1.5008800.jpeg TL-B
t1152292043.049786_x2.2115800_y4.2178100_a1.5008800.jpeg TL-B
t1152292043.257621_x2.2100200_y4.2179100_a1.5087000.jpeg TL-B
t1152292043.461755_x2.2100200_y4.2179100_a1.5087000.jpeg TL-B
t1152292043.665812_x2.1958600_y4.2199700_a1.5182900.jpeg TL-B
t1152292043.877315_x2.1882800_y4.2202200_a1.5562100.jpeg TL-B
t1152292044.081747_x2.1894900_y4.2208700_a1.5922400.jpeg TL-B
t1152292044.285797_x2.1683700_y4.1897800_a1.6901600.jpeg TL-B
t1152292044.489830_x2.1683700_y4.1897800_a1.6901600.jpeg TL-B
t1152292044.697859_x2.1683700_y4.1897800_a1.6901600.jpeg TL-B
t1152292044.901828_x2.1587700_y4.1883900_a1.7386800.jpeg TL-B
t1152292045.109825_x2.1454500_y4.1858200_a1.8108100.jpeg TL-B
t1152292045.313838_x2.1348900_y4.1834600_a1.8614300.jpeg TL-B
t1152292045.517856_x2.1243400_y4.1803000_a1.9138000.jpeg TL-B
t1152292045.725860_x2.1048400_y4.1716000_a2.0168000.jpeg TL-B
t1152292045.929907_x2.1048400_y4.1716000_a2.0168000.jpeg TL-B
t1152292046.137875_x2.0958000_y4.1669100_a2.0671400.jpeg TL-B
t1152292046.341956_x2.0859400_y4.1612000_a2.1241000.jpeg TL-B
t1152292046.545921_x2.0776400_y4.1580000_a2.1661800.jpeg TL-B
t1152292046.749911_x2.0590300_y4.1438500_a2.2831300.jpeg TL-B
t1152292046.961921_x2.0590300_y4.1438500_a2.2831300.jpeg TL-B
t1152292047.166018_x2.0553500_y4.1368500_a2.3076400.jpeg TL-B
t1152292047.369991_x2.0391900_y4.1203900_a2.4230700.jpeg TL-B
t1152292047.574006_x2.0391900_y4.1203900_a2.4230700.jpeg TL-B
t1152292047.778015_x2.0298800_y4.1092200_a2.4970200.jpeg TL-B
t1152292047.985975_x2.0212500_y4.0967800_a2.5727400.jpeg TL-B
t1152292048.194105_x2.0047600_y4.0653400_a2.7452600.jpeg TL-B
t1152292048.401966_x2.0047600_y4.0653400_a2.7452600.jpeg TL-B
t1152292048.610048_x1.9964700_y4.0519700_a2.8242000.jpeg TL-B
t1152292048.818087_x1.9919100_y4.0363300_a2.9062100.jpeg TL-B
t1152292049.025990_x1.9881700_y4.0227600_a2.9772400.jpeg TL-B
t1152292049.233979_x1.9854500_y3.9923800_a3.1303100.jpeg TL-B
t1152292049.441987_x1.9854500_y3.9923800_a3.1303100.jpeg TL-B
t1152292049.650002_x1.9858900_y3.9775500_a-3.0790800.jpeg TL-B
t1152292049.858010_x1.9880000_y3.9595200_a-2.9912800.jpeg TL-B
t1152292050.066020_x1.9910000_y3.9439200_a-2.9118400.jpeg TL-B
t1152292050.274037_x1.9948800_y3.9297100_a-2.8381800.jpeg TL-B
t1152292050.482053_x2.0051100_y3.9014700_a-2.6915400.jpeg TL-B
t1152292050.686253_x2.0051100_y3.9014700_a-2.6915400.jpeg TL-B
t1152292050.894217_x2.0051100_y3.9014700_a-2.6915400.jpeg TL-B
t1152292051.098237_x2.0114100_y3.8869300_a-2.6162700.jpeg TL-B
t1152292051.302286_x2.0297500_y3.8627000_a-2.4587600.jpeg TL-B
t1152292051.510169_x2.0297500_y3.8627000_a-2.4587600.jpeg TL-B
t1152292051.714293_x2.0410500_y3.8502000_a-2.3763100.jpeg TL-B
t1152292051.922342_x2.0518600_y3.8383800_a-2.2909500.jpeg TL-B
t1152292052.130224_x2.0747300_y3.8212700_a-2.1470300.jpeg TL-B
t1152292052.337733_x2.0747300_y3.8212700_a-2.1470300.jpeg TL-B
t1152292052.542371_x2.0871100_y3.8147700_a-2.0752100.jpeg TL-B
t1152292052.746331_x2.1041000_y3.8093500_a-1.9869200.jpeg TL-B
t1152292059.358717_x2.1869000_y3.8270100_a-1.5219600.jpeg TL-B
t1152292059.562785_x2.1866400_y3.8271400_a-1.5218200.jpeg TL-B
t1152292059.766839_x2.1863500_y3.8272800_a-1.5216900.jpeg TL-B
t1152292059.972739_x2.1860600_y3.8274100_a-1.5215500.jpeg TL-B
t1152292060.178798_x2.1860600_y3.8274100_a-1.5215500.jpeg TL-B
t1152292060.386812_x2.1858000_y3.8275400_a-1.5214300.jpeg TL-B
t1152292060.594792_x2.1891700_y3.8039400_a-1.5178300.jpeg TL-B
t1152292060.802889_x2.1891700_y3.8039400_a-1.5178300.jpeg TL-B
t1152292061.006838_x2.1879300_y3.7803100_a-1.5289500.jpeg TL-B
t1152292061.210832_x2.1875000_y3.7466000_a-1.5415200.jpeg TL-B
t1152292061.414901_x2.1769100_y3.6453000_a-1.5822100.jpeg TL-B
t1152292061.622889_x2.1769100_y3.6453000_a-1.5822100.jpeg TL-B
t1152292061.826883_x2.1702500_y3.5945000_a-1.6112900.jpeg TL-B
t1152292062.030864_x2.1623400_y3.4690500_a-1.6361100.jpeg TL-B
t1152292062.238821_x2.1623400_y3.4690500_a-1.6361100.jpeg TL-B
t1152292062.446851_x2.1578500_y3.4112100_a-1.6377600.jpeg TL-B
t1152292062.654859_x2.1532200_y3.3576500_a-1.6438500.jpeg TL-B
t1152292062.862867_x2.1429200_y3.2733400_a-1.6688500.jpeg TL-B
t1152292063.066956_x2.1261400_y3.1393800_a-1.6923300.jpeg TL-B
t1152292063.271008_x2.1261400_y3.1393800_a-1.6923300.jpeg TL-B
t1152292063.485038_x2.1261400_y3.1393800_a-1.6923300.jpeg TL-B
t1152292063.694756_x2.1155700_y3.0701400_a-1.7006400.jpeg TL-B
t1152292063.903039_x2.1073400_y3.0091800_a-1.7107200.jpeg TL-B
t1152292064.110952_x2.0956800_y2.9365900_a-1.7194400.jpeg TL-B
t1152292064.315045_x2.0832400_y2.8522300_a-1.7239900.jpeg TL-B
t1152292064.519038_x2.0711500_y2.7730000_a-1.7272200.jpeg TL-B
t1152292064.727081_x2.0402500_y2.5781800_a-1.7275500.jpeg TL-B
t1152292064.931154_x2.0402500_y2.5781800_a-1.7275500.jpeg TL-B
t1152292065.135075_x2.0234700_y2.4862400_a-1.7339000.jpeg TL-B
t1152292065.347162_x2.0101100_y2.3009800_a-1.6745500.jpeg TL-B
t1152292065.551151_x2.0101100_y2.3009800_a-1.6745500.jpeg TL-B
t1152292065.755176_x2.0015000_y2.2129800_a-1.6974100.jpeg TL-B
t1152292065.963084_x1.9756300_y2.0424400_a-1.6979800.jpeg TL-B
t1152292066.171230_x1.9756300_y2.0424400_a-1.6979800.jpeg TL-B
t1152292066.379240_x1.9690000_y1.9573600_a-1.6879700.jpeg TL-B
t1152292066.587270_x1.9682400_y1.8705000_a-1.6448300.jpeg TL-B
t1152292066.792416_x1.9767700_y1.7908700_a-1.5882400.jpeg TL-B
t1152292066.999222_x1.9935300_y1.6100800_a-1.5241000.jpeg TL-B
t1152292067.207159_x1.9935300_y1.6100800_a-1.5241000.jpeg TL-B
t1152292067.415177_x1.9929300_y1.5304900_a-1.5172100.jpeg TL-B
t1152292067.623193_x1.9940000_y1.4530600_a-1.5232700.jpeg TL-B
t1152292067.831201_x1.9974300_y1.3568200_a-1.5266000.jpeg TL-B
t1152292068.039268_x2.0004300_y1.2746100_a-1.5265300.jpeg TL-B
t1152292068.247250_x2.0042700_y1.1295100_a-1.5282700.jpeg TL-B
t1152292068.455384_x2.0042700_y1.1295100_a-1.5282700.jpeg TL-B
t1152292068.659348_x2.0041100_y1.0519900_a-1.5280100.jpeg TL-B
t1152292068.867316_x2.0045400_y0.9076140_a-1.5348900.jpeg TL-B
t1152292069.075293_x2.0045400_y0.9076140_a-1.5348900.jpeg TL-B
t1152292069.282875_x2.0103000_y0.8220810_a-1.5330600.jpeg CR-B
t1152292069.497247_x2.0084800_y0.6674340_a-1.5366500.jpeg CR-B
t1152292069.703429_x2.0084800_y0.6674340_a-1.5366500.jpeg CR-B
t1152292069.907414_x2.0048500_y0.5945360_a-1.5405500.jpeg CR-B
t1152292070.111392_x2.0116800_y0.4511450_a-1.5403400.jpeg CR-B
t1152292070.315590_x2.0116800_y0.4511450_a-1.5403400.jpeg CR-B
t1152292070.519467_x2.0116800_y0.4511450_a-1.5403400.jpeg CR-B
t1152292070.735428_x2.0145000_y0.3129750_a-1.5426000.jpeg CR-B
t1152292070.939605_x2.0145000_y0.3129750_a-1.5426000.jpeg CR-B
t1152292071.147412_x2.0304600_y0.2346940_a-1.5415800.jpeg CR-B
t1152292071.355428_x2.0319100_y0.1676500_a-1.5435600.jpeg CR-B
t1152292071.563447_x2.0376000_y0.0901361_a-1.5249800.jpeg CR-B
t1152292071.771525_x2.0513800_y0.0090405_a-1.4819000.jpeg CR-B
t1152292071.975544_x2.0654800_y-0.0306186_a-1.4074700.jpeg CR-B
t1152292072.181412_x2.0855500_y-0.0413141_a-1.3294900.jpeg CR-B
t1152292072.387609_x2.1021400_y-0.0882669_a-1.2660500.jpeg CR-B
t1152292072.591546_x2.1140700_y-0.1297430_a-1.2434000.jpeg CR-B
t1152292072.795552_x2.1298300_y-0.1613810_a-1.2233400.jpeg CR-B
t1152292072.999650_x2.1497900_y-0.2079070_a-1.2052300.jpeg CR-B
t1152292073.207566_x2.1800900_y-0.2554180_a-1.1511600.jpeg CR-B
t1152292073.419587_x2.2110900_y-0.3064550_a-1.0972000.jpeg CR-B
t1152292073.623620_x2.2465100_y-0.3476770_a-1.0403200.jpeg CR-B
t1152292073.835726_x2.2732500_y-0.3763830_a-0.9772950.jpeg CR-B
t1152292074.039688_x2.3146500_y-0.3918480_a-0.8671470.jpeg CR-B
t1152292074.251658_x2.3565400_y-0.3958360_a-0.7300820.jpeg CR-B
t1152292074.455687_x2.3976700_y-0.3951720_a-0.5941100.jpeg CR-B
t1152292074.659708_x2.4362100_y-0.3861570_a-0.4596630.jpeg CR-B
t1152292074.867666_x2.4781500_y-0.3773490_a-0.3372650.jpeg CR-B
t1152292075.071733_x2.5204600_y-0.3685030_a-0.2482510.jpeg CR-B
t1152292075.275743_x2.5885000_y-0.3758830_a-0.2113120.jpeg CR-B
t1152292075.483725_x2.6625500_y-0.3942910_a-0.2127840.jpeg CR-B
t1152292075.687775_x2.7561900_y-0.4173030_a-0.2082490.jpeg CR-B
t1152292075.899744_x2.8606100_y-0.4403520_a-0.1988480.jpeg CR-B
t1152292076.107800_x2.9593700_y-0.4530380_a-0.1642020.jpeg CR-B
t1152292076.315784_x3.0463700_y-0.4419590_a-0.0894832.jpeg CR-B
t1152292076.519808_x3.1438000_y-0.4365420_a-0.0121523.jpeg CR-B
t1152292076.723812_x3.2347000_y-0.4140740_a0.0690707.jpeg CR-B
t1152292076.927849_x3.2347000_y-0.4140740_a0.0690707.jpeg CR-B
t1152292077.131911_x3.3279600_y-0.3956300_a0.1361940.jpeg CR-B
t1152292077.335849_x3.4112400_y-0.3811190_a0.1680690.jpeg CR-B
t1152292077.539901_x3.6207300_y-0.3606760_a0.1373150.jpeg CR-B
t1152292077.743847_x3.6207300_y-0.3606760_a0.1373150.jpeg CR-B
t1152292077.951885_x3.7445100_y-0.3569830_a0.1075800.jpeg CR-B
t1152292078.156038_x3.8450400_y-0.3560020_a0.0824750.jpeg CR-B
t1152292078.363942_x3.9413800_y-0.3477690_a0.0788811.jpeg CR-B
t1152292078.567953_x4.0352900_y-0.3402610_a0.0853374.jpeg CR-B
t1152292078.775928_x4.1288600_y-0.3322020_a0.0852057.jpeg CR-B
t1152292078.983958_x4.2204700_y-0.3246820_a0.0852057.jpeg CR-B
t1152292079.190150_x4.3225600_y-0.3182130_a0.0784842.jpeg CR-B
t1152292079.399972_x4.4163200_y-0.3028100_a0.0672783.jpeg CR-B
t1152292079.608017_x4.6212000_y-0.2954240_a0.0495483.jpeg CR-B
t1152292079.812101_x4.6212000_y-0.2954240_a0.0495483.jpeg CR-B
t1152292080.020014_x4.7243900_y-0.2908890_a0.0484887.jpeg CR-B
t1152292080.224055_x4.8358800_y-0.2827870_a0.0521584.jpeg CR-B
t1152292080.435982_x4.9270800_y-0.2792340_a0.0491786.jpeg CR-B
t1152292080.640778_x5.0072800_y-0.2761830_a0.0536142.jpeg CR-B
t1152292080.844144_x5.1022700_y-0.2677680_a0.0698165.jpeg CR-B
t1152292081.052057_x5.1935600_y-0.2415030_a0.1708490.jpeg CR-B
t1152292081.260168_x5.2713500_y-0.2101390_a0.2426410.jpeg CR-B
t1152292081.472281_x5.3514700_y-0.1603890_a0.3468220.jpeg CR-B
t1152292081.676146_x5.4062700_y-0.1092560_a0.4418200.jpeg CR-B
t1152292081.888104_x5.4550800_y-0.0578146_a0.5492300.jpeg CR-B
t1152292082.092193_x5.4865800_y0.0007384_a0.6902500.jpeg CR-B
t1152292082.296136_x5.5066000_y0.0500189_a0.8174020.jpeg CR-B
t1152292082.500154_x5.5259500_y0.1205740_a0.9674400.jpeg CR-B
t1152292082.704160_x5.5369700_y0.1929640_a1.0972500.jpeg CR-B
t1152292082.908206_x5.5369700_y0.1929640_a1.0972500.jpeg CR-B
t1152292083.120195_x5.5743500_y0.3461040_a1.2047900.jpeg CR-B
t1152292083.328253_x5.5743500_y0.3461040_a1.2047900.jpeg CR-B
t1152292083.532264_x5.6120800_y0.4910190_a1.2608900.jpeg CR-B
t1152292083.736324_x5.6120800_y0.4910190_a1.2608900.jpeg CR-B
t1152292083.940298_x5.6219700_y0.5822370_a1.3143500.jpeg CR-B
t1152292084.148252_x5.6216800_y0.6664070_a1.3755100.jpeg KT-B
t1152292084.356172_x5.6069500_y0.7364390_a1.4939300.jpeg KT-B
t1152292084.564187_x5.5607000_y0.8510130_a1.6909800.jpeg KT-B
t1152292084.768337_x5.5607000_y0.8510130_a1.6909800.jpeg KT-B
t1152292084.972415_x5.5260200_y0.9139460_a1.7899700.jpeg KT-B
t1152292085.180289_x5.4890700_y0.9821180_a1.8616000.jpeg KT-B
t1152292085.392344_x5.4606900_y1.0330100_a1.9462900.jpeg KT-B
t1152292085.600347_x5.3664200_y1.1555300_a2.0981600.jpeg KT-B
t1152292085.804409_x5.3664200_y1.1555300_a2.0981600.jpeg KT-B
t1152292086.008367_x5.3266400_y1.1997000_a2.1834900.jpeg KT-B
t1152292086.212413_x5.2034500_y1.3050900_a2.3201400.jpeg KT-B
t1152292086.420408_x5.2034500_y1.3050900_a2.3201400.jpeg KT-B
t1152292086.625745_x5.0840400_y1.4115600_a2.3671800.jpeg KT-B
t1152292086.832375_x5.0840400_y1.4115600_a2.3671800.jpeg KT-B
t1152292087.040452_x5.0342700_y1.4628400_a2.3660900.jpeg KT-B
t1152292087.248543_x4.9548600_y1.5413900_a2.3508100.jpeg KT-B
t1152292087.453164_x4.8887500_y1.6026000_a2.3522900.jpeg KT-B
t1152292087.660520_x4.7554900_y1.7402600_a2.3441400.jpeg KT-B
t1152292087.864527_x4.7554900_y1.7402600_a2.3441400.jpeg KT-B
t1152292088.072534_x4.6987900_y1.8128500_a2.3267100.jpeg KT-B
t1152292088.276523_x4.6360400_y1.8817400_a2.3167000.jpeg KT-B
t1152292088.480602_x4.5773700_y1.9460000_a2.3124200.jpeg KT-B
t1152292088.688322_x4.5170700_y2.0080400_a2.3176500.jpeg KT-B
t1152292088.896541_x4.4126500_y2.1169400_a2.3076900.jpeg KT-B
t1152292089.100618_x4.4126500_y2.1169400_a2.3076900.jpeg KT-B
t1152292089.304584_x4.4126500_y2.1169400_a2.3076900.jpeg KT-B
t1152292089.508608_x4.3656700_y2.1675300_a2.3048200.jpeg KT-B
t1152292089.712649_x4.3199200_y2.2175000_a2.3046700.jpeg KT-B
t1152292089.920522_x4.2715000_y2.2713400_a2.3016600.jpeg KT-B
t1152292090.128646_x4.2154100_y2.3342400_a2.3018900.jpeg KT-B
t1152292090.336759_x4.1273400_y2.4762800_a2.1889500.jpeg KT-B
t1152292090.540732_x4.1273400_y2.4762800_a2.1889500.jpeg KT-B
t1152292090.748765_x4.1218800_y2.5478100_a2.0953100.jpeg KT-B
t1152292090.956704_x4.1158600_y2.6132300_a2.0097700.jpeg KT-B
t1152292091.164708_x4.0835700_y2.7299200_a1.9341000.jpeg KT-B
t1152292091.372748_x4.0835700_y2.7299200_a1.9341000.jpeg KT-B
t1152292091.576746_x4.0631000_y2.7825000_a1.9236300.jpeg KT-B
t1152292091.784731_x4.0143000_y2.8918800_a1.9229400.jpeg KT-B
t1152292091.992640_x4.0143000_y2.8918800_a1.9229400.jpeg KT-B
t1152292092.196847_x3.9947900_y2.9447000_a1.9227200.jpeg KT-B
t1152292092.404788_x3.9530200_y3.0599300_a1.9215000.jpeg KT-B
t1152292092.612832_x3.9530200_y3.0599300_a1.9215000.jpeg KT-B
t1152292092.816839_x3.9347000_y3.1076300_a1.9211600.jpeg KT-B
t1152292093.020851_x3.8892100_y3.2604800_a1.8897600.jpeg KT-B
t1152292093.226763_x3.8892100_y3.2604800_a1.8897600.jpeg KT-B
t1152292093.428866_x3.8721500_y3.3261900_a1.8632100.jpeg KT-B
t1152292093.632895_x3.8523500_y3.3957300_a1.8506800.jpeg KT-B
t1152292093.836897_x3.8398300_y3.5279600_a1.7314900.jpeg KT-B
t1152292094.044968_x3.8398300_y3.5279600_a1.7314900.jpeg KT-B
t1152292094.249014_x3.8437500_y3.5795700_a1.6858500.jpeg KT-B
t1152292094.452988_x3.8490700_y3.6201000_a1.6340500.jpeg KT-B
t1152292094.656980_x3.8484900_y3.6942200_a1.6163400.jpeg KT-B
t1152292094.860979_x3.8505200_y3.7395100_a1.5955100.jpeg KT-B
t1152292095.064990_x3.8505200_y3.7395100_a1.5955100.jpeg KT-B
t1152292095.269001_x3.8466500_y3.8025300_a1.5733300.jpeg KT-B
t1152292095.483207_x3.8790400_y3.9633300_a1.4601400.jpeg KT-B
t1152292095.685012_x3.8790400_y3.9633300_a1.4601400.jpeg KT-B
t1152292095.892954_x3.8921400_y4.0134700_a1.4281300.jpeg KT-B
t1152292096.100777_x3.9379900_y4.1489700_a1.3362600.jpeg KT-B
t1152292096.305027_x3.9379900_y4.1489700_a1.3362600.jpeg KT-B
t1152292096.509055_x3.9720800_y4.2113400_a1.3066100.jpeg KT-B
t1152292096.720963_x4.0022700_y4.2547200_a1.2670200.jpeg KT-B
t1152292096.928576_x4.0741300_y4.3810300_a1.1841700.jpeg KT-B
t1152292097.134727_x4.0741300_y4.3810300_a1.1841700.jpeg KT-B
t1152292097.337074_x4.1263400_y4.4941200_a1.1658000.jpeg KT-B
t1152292097.541140_x4.1263400_y4.4941200_a1.1658000.jpeg KT-B
t1152292097.749066_x4.1525200_y4.5500900_a1.1560500.jpeg KT-B
t1152292097.957081_x4.1752800_y4.6109400_a1.1484100.jpeg KT-B
t1152292098.169136_x4.2087900_y4.6705900_a1.1279000.jpeg KT-B
t1152292098.373265_x4.2417500_y4.7042400_a1.0812800.jpeg KT-B
t1152292098.577225_x4.3229400_y4.7860000_a0.9606190.jpeg KT-B
t1152292098.784677_x4.3229400_y4.7860000_a0.9606190.jpeg KT-B
t1152292098.991492_x4.3612000_y4.7962100_a0.8655530.jpeg KT-B
t1152292099.197186_x4.4034400_y4.8200700_a0.7986150.jpeg KT-B
t1152292099.405197_x4.4447800_y4.8424100_a0.7380010.jpeg KT-B
t1152292099.610247_x4.4980000_y4.8727400_a0.6875410.jpeg KT-B
t1152292099.813228_x4.5858400_y4.8957200_a0.5475820.jpeg KT-B
t1152292100.017347_x4.5858400_y4.8957200_a0.5475820.jpeg KT-B
t1152292100.225281_x4.6308900_y4.9055300_a0.4812590.jpeg KT-B
t1152292100.433279_x4.6767500_y4.9256600_a0.4409570.jpeg KT-B
t1152292100.641314_x4.7203000_y4.9328100_a0.3852480.jpeg KT-B
t1152292100.849408_x4.7558300_y4.9367000_a0.3393890.jpeg KT-B
t1152292101.053358_x4.7986200_y4.9431000_a0.2903550.jpeg KT-B
t1152292101.261250_x4.8482600_y4.9468800_a0.2396000.jpeg KT-B
t1152292101.474619_x4.9723400_y4.9626400_a0.1939460.jpeg KT-B
t1152292101.681395_x4.9723400_y4.9626400_a0.1939460.jpeg KT-B
t1152292101.889389_x4.9723400_y4.9626400_a0.1939460.jpeg KT-B
t1152292102.097486_x5.0492600_y4.9732200_a0.1972040.jpeg KT-B
t1152292102.301454_x5.1077800_y4.9738100_a0.1945140.jpeg KT-B
t1152292102.507333_x5.1822000_y4.9887200_a0.1881380.jpeg KT-B
t1152292102.709479_x5.2483100_y4.9968100_a0.1460590.jpeg KT-B
t1152292102.913463_x5.4195900_y4.9858300_a0.0542148.jpeg KT-B
t1152292103.121484_x5.4195900_y4.9858300_a0.0542148.jpeg KT-B
t1152292103.325474_x5.4906700_y4.9869200_a0.0159677.jpeg KT-B
t1152292103.529489_x5.5638100_y4.9853200_a-0.0028987.jpeg KT-B
t1152292103.733559_x5.6406100_y4.9797900_a-0.0294533.jpeg KT-B
t1152292103.941462_x5.7683800_y4.9668300_a-0.0554486.jpeg KT-B
t1152292104.149577_x5.7683800_y4.9668300_a-0.0554486.jpeg KT-B
t1152292104.357480_x5.8298100_y4.9598200_a-0.0585105.jpeg KT-B
t1152292104.565499_x5.8921700_y4.9471200_a-0.0948354.jpeg KT-B
t1152292104.773585_x5.9506700_y4.9276600_a-0.1562570.jpeg KT-B
t1152292104.978063_x6.0115400_y4.9090500_a-0.1982700.jpeg KT-B
t1152292105.181599_x6.0556000_y4.8926900_a-0.2499530.jpeg KT-B
t1152292105.389678_x6.1037900_y4.8757300_a-0.2911560.jpeg KT-B
t1152292105.597692_x6.1390400_y4.8528000_a-0.3582490.jpeg KT-B
t1152292105.805701_x6.1915300_y4.8182000_a-0.4380110.jpeg KT-B
t1152292106.009750_x6.2302600_y4.7960900_a-0.4724760.jpeg KT-B
t1152292106.217736_x6.3053100_y4.7487300_a-0.5147180.jpeg KT-B
t1152292106.425656_x6.4122800_y4.6594400_a-0.5996490.jpeg KT-B
t1152292106.633707_x6.4122800_y4.6594400_a-0.5996490.jpeg KT-B
t1152292106.837708_x6.4568500_y4.6232700_a-0.6334490.jpeg KT-B
t1152292107.045684_x6.5075800_y4.5767700_a-0.6736100.jpeg KT-B
t1152292107.253713_x6.5408500_y4.5165200_a-0.7418550.jpeg KT-B
t1152292107.457716_x6.5986000_y4.4046800_a-0.9052870.jpeg KT-B
t1152292107.662022_x6.5986000_y4.4046800_a-0.9052870.jpeg KT-B
t1152292107.869709_x6.6181000_y4.3451400_a-1.0069900.jpeg KT-B
t1152292108.077726_x6.6181000_y4.3451400_a-1.0069900.jpeg KT-B
t1152292108.285737_x6.6353500_y4.2286900_a-1.1835300.jpeg KT-B
t1152292108.496571_x6.6353500_y4.2286900_a-1.1835300.jpeg KT-B
t1152292108.697829_x6.6369800_y4.1902200_a-1.2489200.jpeg KT-B
t1152292108.901912_x6.6321700_y4.0556400_a-1.4168800.jpeg KT-B
t1152292109.109858_x6.6321700_y4.0556400_a-1.4168800.jpeg KT-B
t1152292109.317929_x6.6223500_y4.0151700_a-1.4957100.jpeg KT-B
t1152292109.521914_x6.6109400_y3.9008000_a-1.5602000.jpeg KT-B
t1152292109.729862_x6.6109400_y3.9008000_a-1.5602000.jpeg KT-B
t1152292109.937906_x6.6113300_y3.8190000_a-1.5616700.jpeg KT-B
t1152292110.146023_x6.6117200_y3.6292100_a-1.5676000.jpeg KT-B
t1152292110.353930_x6.6117200_y3.6292100_a-1.5676000.jpeg KT-B
t1152292110.557943_x6.6072600_y3.5311900_a-1.5899300.jpeg KT-B
t1152292110.765908_x6.5958700_y3.4569600_a-1.6319800.jpeg KT-B
t1152292110.973935_x6.5801800_y3.3803900_a-1.6797800.jpeg KT-B
t1152292111.181986_x6.5767000_y3.2909000_a-1.7032700.jpeg KT-B
t1152292111.389930_x6.5427200_y3.1390100_a-1.7499000.jpeg KT-B
t1152292111.596259_x6.5427200_y3.1390100_a-1.7499000.jpeg KT-B
t1152292111.797992_x6.5309200_y3.0766100_a-1.7562000.jpeg KT-B
t1152292112.002038_x6.5189300_y3.0140300_a-1.7558300.jpeg KT-B
t1152292112.209957_x6.5083500_y2.9558800_a-1.7580300.jpeg KT-B
t1152292112.418118_x6.4968000_y2.8919600_a-1.7520400.jpeg KT-B
t1152292112.630033_x6.4869300_y2.8372300_a-1.7518800.jpeg KT-B
t1152292112.834087_x6.4735700_y2.7694400_a-1.7533500.jpeg KT-B
t1152292113.042070_x6.4602900_y2.6947100_a-1.7526700.jpeg KT-B
t1152292113.246078_x6.4460500_y2.6214800_a-1.7564400.jpeg KT-B
t1152292113.454189_x6.4327300_y2.5514900_a-1.7570600.jpeg KT-B
t1152292113.662197_x6.4195200_y2.4862400_a-1.7567900.jpeg KT-B
t1152292113.870060_x6.3744800_y2.3637000_a-1.8454100.jpeg KT-B
t1152292114.078187_x6.3744800_y2.3637000_a-1.8454100.jpeg KT-B
t1152292114.286088_x6.3430200_y2.3048100_a-1.9038400.jpeg KT-B
t1152292114.494105_x6.3052000_y2.2586100_a-1.9946900.jpeg KT-B
t1152292114.702208_x6.2710000_y2.1822500_a-2.0481200.jpeg KT-B
t1152292114.910145_x6.2092600_y2.1008300_a-2.1053600.jpeg KT-B
t1152292115.114300_x6.2092600_y2.1008300_a-2.1053600.jpeg KT-B
t1152292115.318301_x6.2092600_y2.1008300_a-2.1053600.jpeg KT-B
t1152292115.526257_x6.1714500_y2.0427400_a-2.1187400.jpeg KT-B
t1152292115.734158_x6.1298400_y1.9826500_a-2.1315400.jpeg KT-B
t1152292115.938307_x6.0887400_y1.9259500_a-2.1498300.jpeg KT-B
t1152292116.142406_x5.9904600_y1.8053900_a-2.2084600.jpeg KT-B
t1152292116.346260_x5.9904600_y1.8053900_a-2.2084600.jpeg KT-B
t1152292116.550301_x5.9363900_y1.7462600_a-2.2510600.jpeg KT-B
t1152292116.758261_x5.8238800_y1.6400600_a-2.3168100.jpeg KT-B
t1152292116.964092_x5.8238800_y1.6400600_a-2.3168100.jpeg KT-B
t1152292117.170339_x5.7653500_y1.5771000_a-2.3115000.jpeg KT-B
t1152292117.374352_x5.7025500_y1.4644500_a-2.1788400.jpeg KT-B
t1152292117.579916_x5.7025500_y1.4644500_a-2.1788400.jpeg KT-B
t1152292117.786374_x5.6852300_y1.3618900_a-2.0059100.jpeg KT-B
t1152292117.994462_x5.6852300_y1.3618900_a-2.0059100.jpeg KT-B
t1152292118.198405_x5.6725800_y1.3161200_a-1.9563400.jpeg KT-B
t1152292118.402415_x5.6680900_y1.2741500_a-1.9058300.jpeg KT-B
t1152292118.610451_x5.6438500_y1.1304200_a-1.8227600.jpeg KT-B
t1152292118.818464_x5.6438500_y1.1304200_a-1.8227600.jpeg KT-B
t1152292119.026426_x5.6159800_y1.0309700_a-1.7908500.jpeg KT-B
t1152292119.234457_x5.6226900_y0.9517330_a-1.6883700.jpeg KT-B
t1152292119.438471_x5.6216200_y0.8552570_a-1.6122100.jpeg KT-B
t1152292119.642493_x5.6227200_y0.6691840_a-1.5782300.jpeg KT-B
t1152292119.846579_x5.6227200_y0.6691840_a-1.5782300.jpeg KT-B
t1152292120.050496_x5.6267000_y0.5904560_a-1.5786800.jpeg CR-B
t1152292120.254508_x5.6177200_y0.5142320_a-1.5848800.jpeg CR-B
t1152292120.467637_x5.6145800_y0.4331400_a-1.5952300.jpeg CR-B
t1152292120.678638_x5.6145800_y0.4331400_a-1.5952300.jpeg CR-B
t1152292120.886498_x5.6058200_y0.3580670_a-1.6274500.jpeg CR-B
t1152292121.090635_x5.6043800_y0.2852490_a-1.6383300.jpeg CR-B
t1152292121.298671_x5.5956700_y0.2001550_a-1.6509600.jpeg CR-B
t1152292121.502614_x5.5818300_y0.1205860_a-1.6566900.jpeg CR-B
t1152292121.714620_x5.5720200_y0.0509760_a-1.6713600.jpeg CR-B
t1152292121.922658_x5.5694300_y-0.0232409_a-1.6823800.jpeg CR-B
t1152292122.130594_x5.5581000_y-0.0993267_a-1.6959400.jpeg CR-B
t1152292122.342720_x5.5451600_y-0.1710300_a-1.7233900.jpeg CR-B
t1152292122.546685_x5.4790700_y-0.3129070_a-1.8699300.jpeg CR-B
t1152292122.754596_x5.4790700_y-0.3129070_a-1.8699300.jpeg CR-B
t1152292122.962647_x5.4489400_y-0.3718590_a-1.9303000.jpeg CR-B
t1152292123.170660_x5.4095900_y-0.4104190_a-2.0142900.jpeg CR-B
t1152292123.378705_x5.3660300_y-0.4516260_a-2.1064600.jpeg CR-B
t1152292123.586686_x5.2468500_y-0.5188640_a-2.3636300.jpeg CR-B
t1152292123.790786_x5.2468500_y-0.5188640_a-2.3636300.jpeg CR-B
t1152292123.994791_x5.1933900_y-0.5316390_a-2.4730600.jpeg CR-B
t1152292124.198765_x5.1255700_y-0.5488000_a-2.5937300.jpeg CR-B
t1152292124.402868_x4.9937700_y-0.5590890_a-2.8136500.jpeg CR-B
t1152292124.610881_x4.9937700_y-0.5590890_a-2.8136500.jpeg CR-B
t1152292124.818768_x4.9035000_y-0.5567900_a-2.9483700.jpeg CR-B
t1152292125.026905_x4.7481500_y-0.5315520_a-3.1228000.jpeg CR-B
t1152292125.238835_x4.7481500_y-0.5315520_a-3.1228000.jpeg CR-B
t1152292125.442932_x4.6438900_y-0.5142150_a3.1011700.jpeg CR-B
t1152292125.646945_x4.4600600_y-0.5048270_a3.0943800.jpeg CR-B
t1152292125.854839_x4.4600600_y-0.5048270_a3.0943800.jpeg CR-B
t1152292126.061098_x4.2282300_y-0.4915760_a3.0809600.jpeg CR-B
t1152292126.266902_x4.2282300_y-0.4915760_a3.0809600.jpeg CR-B
t1152292126.470951_x4.1148000_y-0.4856090_a3.0861000.jpeg CR-B
t1152292126.674925_x3.9014900_y-0.4563120_a3.0893900.jpeg CR-B
t1152292126.878967_x3.9014900_y-0.4563120_a3.0893900.jpeg CR-B
t1152292127.086786_x3.7944600_y-0.4464090_a3.0912900.jpeg CR-B
t1152292127.290992_x3.6870500_y-0.4365520_a3.0711400.jpeg CR-B
t1152292127.495023_x3.6870500_y-0.4365520_a3.0711400.jpeg CR-B
t1152292127.703024_x3.4886400_y-0.4160940_a3.0489500.jpeg CR-B
t1152292127.907024_x3.4886400_y-0.4160940_a3.0489500.jpeg CR-B
t1152292128.111154_x3.3899100_y-0.4032500_a3.0437400.jpeg CR-B
t1152292128.315073_x3.2795300_y-0.3912200_a3.0439400.jpeg CR-B
t1152292128.519097_x3.1899800_y-0.3806570_a3.0469200.jpeg CR-B
t1152292128.726972_x3.0698900_y-0.3711840_a3.0424700.jpeg CR-B
t1152292128.931066_x2.9603400_y-0.3563940_a3.0363600.jpeg CR-B
t1152292129.135102_x2.7512400_y-0.3418580_a3.0393300.jpeg CR-B
t1152292129.343225_x2.7512400_y-0.3418580_a3.0393300.jpeg CR-B
t1152292129.547124_x2.6440800_y-0.3457450_a3.0374000.jpeg CR-B
t1152292129.755036_x2.5503400_y-0.3410050_a3.0382800.jpeg CR-B
t1152292129.959233_x2.4485600_y-0.3330160_a3.0505100.jpeg CR-B
t1152292130.167041_x2.2554600_y-0.3156500_a3.0910800.jpeg CR-B
t1152292130.375091_x2.2554600_y-0.3156500_a3.0910800.jpeg CR-B
t1152292130.579240_x2.1554100_y-0.3245330_a3.1236800.jpeg CR-B
t1152292130.787213_x2.0498400_y-0.3293850_a3.1366800.jpeg CR-B
t1152292130.995230_x1.9319500_y-0.3316390_a-3.1344200.jpeg CR-B
t1152292131.203207_x1.8226700_y-0.3377270_a-3.1234000.jpeg CR-B
t1152292131.411159_x1.7565400_y-0.3362690_a-3.1287800.jpeg CR-B
t1152292131.619240_x1.6517900_y-0.3534890_a-3.0837000.jpeg CR-B
t1152292131.827230_x1.6517900_y-0.3534890_a-3.0837000.jpeg CR-B
t1152292132.035208_x1.6091300_y-0.3704260_a-3.0284000.jpeg CR-B
t1152292132.243300_x1.5905000_y-0.3856870_a-2.9763400.jpeg CR-B
t1152292132.451920_x1.5659100_y-0.4047380_a-2.9134000.jpeg CR-B
t1152292132.659384_x1.5291800_y-0.4233620_a-2.8751700.jpeg CR-B
t1152292132.867319_x1.4957000_y-0.4361400_a-2.8540200.jpeg CR-B
t1152292133.072662_x1.4606700_y-0.4468550_a-2.8556400.jpeg CR-B
t1152292133.276674_x1.4275300_y-0.4573600_a-2.8572400.jpeg CR-B
t1152292133.480694_x1.3878600_y-0.4720450_a-2.8514800.jpeg CR-B
t1152292133.687348_x1.3878600_y-0.4720450_a-2.8514800.jpeg CR-B
t1152292133.895371_x1.2766500_y-0.5269760_a-2.7701300.jpeg CR-B
t1152292134.103389_x1.2766500_y-0.5269760_a-2.7701300.jpeg CR-B
t1152292134.315413_x1.2019900_y-0.5643430_a-2.7095100.jpeg CR-B
t1152292134.519432_x1.1517500_y-0.6154740_a-2.6091000.jpeg CR-B
t1152292134.723439_x1.1228100_y-0.6540300_a-2.5219700.jpeg CR-B
t1152292134.931443_x1.0730900_y-0.7175420_a-2.4367100.jpeg CR-B
t1152292135.139518_x1.0517200_y-0.7637600_a-2.3390000.jpeg CR-B
t1152292135.343514_x1.0216900_y-0.8274740_a-2.2512000.jpeg CR-B
t1152292135.547471_x0.9893180_y-0.8993570_a-2.1652400.jpeg CR-B
t1152292135.755494_x0.9701840_y-0.9689610_a-2.0790100.jpeg CR-B
t1152292135.959604_x0.9531400_y-1.0374800_a-1.9890600.jpeg CR-B
t1152292136.167484_x0.9452580_y-1.1034900_a-1.8970700.jpeg CR-B
t1152292136.371534_x0.9338900_y-1.1750500_a-1.8315400.jpeg CR-B
t1152292136.575551_x0.9197090_y-1.2444800_a-1.8191700.jpeg CR-B
t1152292136.783571_x0.9083680_y-1.3130300_a-1.7950300.jpeg CR-B
t1152292136.987584_x0.8935690_y-1.3877400_a-1.7864600.jpeg CR-B
t1152292137.195531_x0.8842880_y-1.4615400_a-1.7567100.jpeg 1PO-B
t1152292137.399590_x0.8824140_y-1.5331000_a-1.7044200.jpeg 1PO-B
t1152292137.603603_x0.8882550_y-1.6008900_a-1.6426100.jpeg 1PO-B
t1152292137.811599_x0.9013590_y-1.6810500_a-1.6069800.jpeg 1PO-B
t1152292138.019563_x0.9006830_y-1.7614200_a-1.5916400.jpeg 1PO-B
t1152292138.223670_x0.8974730_y-1.8425100_a-1.5904200.jpeg 1PO-B
t1152292138.427678_x0.8955720_y-1.9241600_a-1.5880300.jpeg 1PO-B
t1152292138.631700_x0.8919660_y-2.0920200_a-1.5913400.jpeg 1PO-B
t1152292138.835689_x0.8919660_y-2.0920200_a-1.5913400.jpeg 1PO-B
t1152292139.039677_x0.8896490_y-2.1752800_a-1.5931300.jpeg 1PO-B
t1152292139.247693_x0.8877320_y-2.2658600_a-1.5962600.jpeg 1PO-B
t1152292139.455702_x0.8848900_y-2.3463200_a-1.6019300.jpeg 1PO-B
t1152292139.663715_x0.8848900_y-2.3463200_a-1.6019300.jpeg 1PO-B
t1152292139.871747_x0.8820410_y-2.4291000_a-1.6019300.jpeg 1PO-B
t1152292140.079730_x0.8737770_y-2.5124100_a-1.6045500.jpeg 1PO-B
t1152292140.287743_x0.8478970_y-2.5998700_a-1.6023100.jpeg 1PO-B
t1152292140.495773_x0.8444640_y-2.6794400_a-1.6016100.jpeg 1PO-B
t1152292140.699881_x0.8340160_y-2.7592500_a-1.6040500.jpeg 1PO-B
t1152292140.907839_x0.8259020_y-2.8428900_a-1.6079900.jpeg 1PO-B
t1152292141.115833_x0.8228020_y-2.9177300_a-1.6079900.jpeg 1PO-B
t1152292141.323770_x0.8133690_y-3.0133200_a-1.6181300.jpeg 1PO-B
t1152292141.531785_x0.8121830_y-3.0724100_a-1.6265700.jpeg 1PO-B
t1152292141.736427_x0.8057800_y-3.1453500_a-1.6251200.jpeg 1PO-B
t1152292141.943961_x0.8021530_y-3.2262800_a-1.6297400.jpeg 1PO-B
t1152292142.147969_x0.7974340_y-3.3045000_a-1.6357000.jpeg 1PO-B
t1152292142.355926_x0.7946190_y-3.3756700_a-1.6522800.jpeg 1PO-B
t1152292142.559937_x0.7867350_y-3.4480900_a-1.6575100.jpeg 1PO-B
t1152292142.767908_x0.7762370_y-3.5262000_a-1.6731300.jpeg 1PO-B
t1152292142.971926_x0.7660000_y-3.5966700_a-1.6856300.jpeg 1PO-B
t1152292143.175992_x0.7546760_y-3.6586000_a-1.7029600.jpeg 1PO-B
t1152292143.379997_x0.7448400_y-3.7343200_a-1.7088100.jpeg 1PO-B
t1152292143.584011_x0.7259410_y-3.8069800_a-1.7212100.jpeg 1PO-B
t1152292143.787991_x0.7046780_y-3.8720600_a-1.7710000.jpeg 1PO-B
t1152292143.996691_x0.6788920_y-3.9353500_a-1.8266500.jpeg 1PO-B
t1152292144.204646_x0.6458090_y-3.9895600_a-1.8971200.jpeg 1PO-B
t1152292144.408118_x0.6235660_y-4.0411000_a-1.9151400.jpeg 1PO-B
t1152292144.616133_x0.6060070_y-4.0905900_a-1.9204500.jpeg 1PO-B
t1152292144.824128_x0.5867220_y-4.1446100_a-1.9204500.jpeg 1PO-B
t1152292145.032104_x0.5647110_y-4.2028700_a-1.9243800.jpeg 1PO-B
t1152292145.236099_x0.5419170_y-4.2642200_a-1.9243800.jpeg 1PO-B
t1152292145.444033_x0.4875310_y-4.3862700_a-1.9591700.jpeg 1PO-B
t1152292145.652143_x0.4875310_y-4.3862700_a-1.9591700.jpeg 1PO-B
t1152292145.856223_x0.4875310_y-4.3862700_a-1.9591700.jpeg 1PO-B
t1152292146.064152_x0.4649190_y-4.4252900_a-1.9910200.jpeg 1PO-B
t1152292146.272114_x0.4472440_y-4.4437800_a-2.0300800.jpeg 1PO-B
t1152292146.494755_x0.4518950_y-4.4438600_a-2.0778400.jpeg 1PO-B
t1152292146.700179_x0.4379440_y-4.4449600_a-2.1262000.jpeg 1PO-B
t1152292146.904320_x0.4255530_y-4.4380500_a-2.1966300.jpeg 1PO-B
t1152292147.112167_x0.4143330_y-4.4300600_a-2.2651000.jpeg 1PO-B
t1152292147.316246_x0.3923320_y-4.4078900_a-2.4210000.jpeg 1PO-B
t1152292147.520262_x0.3923320_y-4.4078900_a-2.4210000.jpeg 1PO-B
t1152292147.732201_x0.3816930_y-4.3945300_a-2.5063200.jpeg 1PO-B
t1152292147.940382_x0.3731640_y-4.3819900_a-2.5821600.jpeg 1PO-B
t1152292148.144453_x0.3657900_y-4.3691800_a-2.6560600.jpeg 1PO-B
t1152292148.352311_x0.3530300_y-4.3405400_a-2.8141800.jpeg 1PO-B
t1152292148.556391_x0.3530300_y-4.3405400_a-2.8141800.jpeg 1PO-B
t1152292148.760338_x0.3480420_y-4.3251000_a-2.8969600.jpeg 1PO-B
t1152292148.964298_x0.3440010_y-4.3055500_a-2.9957400.jpeg 1PO-B
t1152292149.168427_x0.3424010_y-4.2633600_a3.0917800.jpeg 1PO-B
t1152292149.376297_x0.3424010_y-4.2633600_a3.0917800.jpeg 1PO-B
t1152292149.584315_x0.3450900_y-4.2368200_a2.9888500.jpeg 1PO-B
t1152292149.792398_x0.3509790_y-4.2068600_a2.8805600.jpeg 1PO-B
t1152292149.997082_x0.3582050_y-4.1836400_a2.7739100.jpeg 1PO-B
t1152292150.204291_x0.3663350_y-4.1651500_a2.6699000.jpeg 1PO-B
t1152292150.412353_x0.3759690_y-4.1482900_a2.5770900.jpeg 1PO-B
t1152292150.620507_x0.4017920_y-4.1164900_a2.3581100.jpeg 1PO-B
t1152292150.824970_x0.4017920_y-4.1164900_a2.3581100.jpeg 1PO-B
t1152292151.028484_x0.4156960_y-4.1046100_a2.2571700.jpeg 1PO-B
t1152292151.236506_x0.4256420_y-4.0973700_a2.1914900.jpeg 1PO-B
t1152292151.440554_x0.4370410_y-4.0896400_a2.1123500.jpeg 1PO-B
t1152292151.648595_x0.4500590_y-4.0799200_a2.0322600.jpeg 1PO-B
t1152292151.856585_x0.4591840_y-4.0722700_a1.9614800.jpeg 1PO-B
t1152292152.068498_x0.4877770_y-4.0600800_a1.8012400.jpeg 1PO-B
t1152292152.272650_x0.4877770_y-4.0600800_a1.8012400.jpeg 1PO-B
t1152292152.480454_x0.5040350_y-4.0466200_a1.6859700.jpeg 1PO-B
t1152292152.684561_x0.5198870_y-4.0407800_a1.5938200.jpeg 1PO-B
t1152292152.892540_x0.5198870_y-4.0407800_a1.5938200.jpeg 1PO-B
t1152292153.097213_x0.5405410_y-4.0358700_a1.4911200.jpeg 1PO-B
t1152292153.300698_x0.5535360_y-4.0328800_a1.4250700.jpeg 1PO-B
t1152292153.506493_x0.5595170_y-4.0311500_a1.3890300.jpeg 1PO-B
t1152292153.712646_x0.5595170_y-4.0311500_a1.3890300.jpeg 1PO-B
t1152292153.916660_x0.5607860_y-4.0276700_a1.3871900.jpeg 1PO-B
t1152292154.124722_x0.5513380_y-4.0133600_a1.4450800.jpeg 1PO-B
t1152292154.332633_x0.5424060_y-3.9811000_a1.5079500.jpeg 1PO-B
t1152292154.540709_x0.5303350_y-3.9331600_a1.5680000.jpeg 1PO-B
t1152292154.744766_x0.5309170_y-3.8844600_a1.5703800.jpeg 1PO-B
t1152292154.952636_x0.5316070_y-3.7728200_a1.5704100.jpeg 1PO-B
t1152292155.156809_x0.5316070_y-3.7728200_a1.5704100.jpeg 1PO-B
t1152292155.360716_x0.5341780_y-3.7123400_a1.5662700.jpeg 1PO-B
t1152292155.568766_x0.5341090_y-3.6400400_a1.5671300.jpeg 1PO-B
t1152292155.776726_x0.5324210_y-3.5780900_a1.5611700.jpeg 1PO-B
t1152292155.980782_x0.5340230_y-3.5013200_a1.5571100.jpeg 1PO-B
t1152292156.184807_x0.5339200_y-3.4238600_a1.5563200.jpeg 1PO-B
t1152292156.388849_x0.5384040_y-3.3397300_a1.5419700.jpeg 1PO-B
t1152292156.596827_x0.5476990_y-3.2548200_a1.5339100.jpeg 1PO-B
t1152292156.803679_x0.5585910_y-3.1744500_a1.4965000.jpeg 1PO-B
t1152292157.009061_x0.5701350_y-3.1136200_a1.4737800.jpeg 1PO-B
t1152292157.216681_x0.5853730_y-2.9743900_a1.4717300.jpeg 1PO-B
t1152292157.424839_x0.5853730_y-2.9743900_a1.4717300.jpeg 1PO-B
t1152292157.628863_x0.5938800_y-2.8885400_a1.4664700.jpeg 1PO-B
t1152292157.838752_x0.6129710_y-2.7910600_a1.4643400.jpeg 1PO-B
t1152292158.048891_x0.6225920_y-2.6996900_a1.4640000.jpeg 1PO-B
t1152292158.256901_x0.6268700_y-2.6022800_a1.4637600.jpeg 1PO-B
t1152292158.460958_x0.6448200_y-2.5018000_a1.4596500.jpeg 1PO-B
t1152292158.664958_x0.6553670_y-2.4104000_a1.4587700.jpeg 1PO-B
t1152292158.872936_x0.6673060_y-2.3065500_a1.4555400.jpeg 1PO-B
t1152292159.080896_x0.6673060_y-2.3065500_a1.4555400.jpeg 1PO-B
t1152292159.288931_x0.6881930_y-2.1183400_a1.4555400.jpeg 1PO-B
t1152292159.496933_x0.6881930_y-2.1183400_a1.4555400.jpeg 1PO-B
t1152292159.704822_x0.6987210_y-2.0227800_a1.4555400.jpeg 1PO-B
t1152292159.909124_x0.7126180_y-1.8968100_a1.4664400.jpeg 1PO-B
t1152292160.113153_x0.7329980_y-1.7204500_a1.4664200.jpeg 1PO-B
t1152292160.320955_x0.7329980_y-1.7204500_a1.4664200.jpeg 1PO-B
t1152292160.529107_x0.7417020_y-1.6356500_a1.4637400.jpeg 1PO-B
t1152292160.737111_x0.7498900_y-1.5506800_a1.4647900.jpeg 1PO-B
t1152292160.941220_x0.7717890_y-1.3449400_a1.4592900.jpeg CR-B
t1152292161.145107_x0.7717890_y-1.3449400_a1.4592900.jpeg CR-B
t1152292161.349251_x0.7774590_y-1.2944100_a1.4600400.jpeg CR-B
t1152292161.553154_x0.7953430_y-1.2131400_a1.4606300.jpeg CR-B
t1152292161.761101_x0.8003050_y-1.0703400_a1.5015300.jpeg CR-B
t1152292161.969115_x0.8003050_y-1.0703400_a1.5015300.jpeg CR-B
t1152292162.173174_x0.8093280_y-1.0134800_a1.5611200.jpeg CR-B
t1152292162.381190_x0.7970710_y-0.9559300_a1.6201100.jpeg CR-B
t1152292162.589267_x0.7819850_y-0.9003890_a1.6662500.jpeg CR-B
t1152292162.793201_x0.7411580_y-0.7899260_a1.7702700.jpeg CR-B
t1152292163.001122_x0.7411580_y-0.7899260_a1.7702700.jpeg CR-B
t1152292163.205240_x0.7084750_y-0.7399180_a1.8582900.jpeg CR-B
t1152292163.409250_x0.6694530_y-0.6900760_a1.9572800.jpeg CR-B
t1152292163.613265_x0.6112170_y-0.6154040_a2.0657800.jpeg CR-B
t1152292163.817270_x0.6112170_y-0.6154040_a2.0657800.jpeg CR-B
t1152292164.025222_x0.5811080_y-0.5491170_a2.0978200.jpeg CR-B
t1152292164.233305_x0.5359540_y-0.4982120_a2.1572100.jpeg CR-B
t1152292164.437333_x0.4863420_y-0.4636000_a2.2513000.jpeg CR-B
t1152292164.641361_x0.3834000_y-0.4033340_a2.4370700.jpeg CR-B
t1152292164.845340_x0.3834000_y-0.4033340_a2.4370700.jpeg CR-B
t1152292165.049422_x0.3834000_y-0.4033340_a2.4370700.jpeg CR-B
t1152292165.257314_x0.3293970_y-0.3822570_a2.5248900.jpeg CR-B
t1152292165.466364_x0.2738840_y-0.3654510_a2.6171000.jpeg CR-B
t1152292165.669345_x0.2193050_y-0.3520760_a2.6739300.jpeg CR-B
t1152292165.877464_x0.1587340_y-0.3352880_a2.7204800.jpeg CR-B
t1152292166.085346_x0.0846732_y-0.3216610_a2.7539700.jpeg CR-B
t1152292166.293391_x0.0030754_y-0.2882720_a2.7706900.jpeg CR-B
t1152292166.509586_x-0.0752372_y-0.2601140_a2.7890700.jpeg CR-B
t1152292166.717514_x-0.1575560_y-0.2360870_a2.8120400.jpeg CR-B
t1152292166.921543_x-0.2505940_y-0.2232910_a2.8597700.jpeg CR-B
t1152292167.129539_x-0.4069550_y-0.2091610_a2.9738300.jpeg CR-B
t1152292167.333507_x-0.4069550_y-0.2091610_a2.9738300.jpeg CR-B
t1152292167.537508_x-0.4873140_y-0.2038680_a3.0088400.jpeg CR-B
t1152292167.741621_x-0.5674460_y-0.2055050_a3.0248100.jpeg CR-B
t1152292167.945605_x-0.6518430_y-0.2072840_a3.0646400.jpeg CR-B
t1152292168.153451_x-0.7389930_y-0.2026640_a3.0894800.jpeg CR-B
t1152292168.357511_x-0.8284160_y-0.2002160_a3.0875800.jpeg CR-B
t1152292168.561527_x-0.9136810_y-0.1937940_a3.0879000.jpeg CR-B
t1152292168.765562_x-1.0023900_y-0.1835880_a3.0860300.jpeg CR-B
t1152292168.976908_x-1.0793600_y-0.1794650_a3.0844600.jpeg CR-B
t1152292169.177598_x-1.1678300_y-0.1773220_a3.0651800.jpeg CR-B
t1152292169.381621_x-1.2635100_y-0.1731280_a3.0616100.jpeg CR-B
t1152292169.589707_x-1.3445600_y-0.1663020_a3.0590900.jpeg CR-B
t1152292169.793687_x-1.4499000_y-0.1684900_a3.0575900.jpeg CR-B
t1152292169.998777_x-1.5493800_y-0.1662030_a3.0548600.jpeg CR-B
t1152292170.201739_x-1.6495700_y-0.1538860_a3.0457800.jpeg CR-B
t1152292170.413563_x-1.7570500_y-0.1446890_a3.0269900.jpeg CR-B
t1152292170.621623_x-1.9760000_y-0.1232460_a3.0127400.jpeg CR-B
t1152292170.825706_x-1.9760000_y-0.1232460_a3.0127400.jpeg CR-B
t1152292171.029714_x-1.9760000_y-0.1232460_a3.0127400.jpeg CR-B
t1152292171.237715_x-2.0675900_y-0.1187800_a3.0210900.jpeg CR-B
t1152292171.445752_x-2.1646200_y-0.1247200_a3.0612200.jpeg CR-B
t1152292171.653886_x-2.2572800_y-0.1286870_a3.1095500.jpeg CR-B
t1152292171.861829_x-2.3703500_y-0.1284140_a3.1174900.jpeg CR-B
t1152292172.069700_x-2.5824300_y-0.1272090_a3.1253200.jpeg CR-B
t1152292172.277817_x-2.5824300_y-0.1272090_a3.1253200.jpeg CR-B
t1152292172.481822_x-2.6833900_y-0.1218770_a3.1194700.jpeg CR-B
t1152292172.685878_x-2.7777300_y-0.1140030_a3.1182600.jpeg CR-B
t1152292172.893805_x-2.8892200_y-0.1059610_a3.1181100.jpeg CR-B
t1152292173.101845_x-2.9739400_y-0.0953620_a3.1154400.jpeg CR-B
t1152292173.309838_x-3.0692400_y-0.0930500_a3.1127100.jpeg CR-B
t1152292173.513850_x-3.1736400_y-0.0810377_a3.1066500.jpeg CR-B
t1152292173.717855_x-3.2765600_y-0.0681609_a3.1034600.jpeg CR-B
t1152292173.925964_x-3.3900400_y-0.0593658_a3.1047400.jpeg CR-B
t1152292174.133896_x-3.4957000_y-0.0358985_a3.1035500.jpeg CR-B
t1152292174.337908_x-3.5959400_y-0.0452983_a3.1024300.jpeg CR-B
t1152292174.541971_x-3.6963700_y-0.0417446_a3.1020800.jpeg CR-B
t1152292174.749812_x-3.8059400_y-0.0374973_a3.1021500.jpeg CR-B
t1152292174.954020_x-3.8901700_y-0.0311706_a3.0984100.jpeg CR-B
t1152292175.157972_x-3.9916600_y-0.0268989_a3.0948100.jpeg CR-B
t1152292175.362086_x-4.1030200_y-0.0115695_a3.0862800.jpeg CR-B
t1152292175.565995_x-4.1887400_y-0.0039047_a3.0846300.jpeg CR-B
t1152292175.774003_x-4.2621900_y0.0047775_a3.0822800.jpeg CR-B
t1152292175.982010_x-4.3756600_y0.0117758_a3.0778100.jpeg CR-B
t1152292176.186048_x-4.4760100_y0.0241092_a3.0801000.jpeg CR-B
t1152292176.394067_x-4.5630800_y0.0305150_a3.0764900.jpeg CR-B
t1152292176.598048_x-4.6597100_y0.0384045_a3.0754900.jpeg CR-B
t1152292176.802063_x-4.7491100_y0.0452910_a3.0706600.jpeg CR-B
t1152292177.006147_x-4.7491100_y0.0452910_a3.0706600.jpeg CR-B
t1152292177.214049_x-4.8399700_y0.0509167_a3.0702200.jpeg CR-B
t1152292177.422094_x-4.9298600_y0.0606433_a3.0687700.jpeg CR-B
t1152292177.630142_x-5.0162300_y0.0697701_a3.0679800.jpeg CR-B
t1152292177.838092_x-5.0920000_y0.0749670_a3.0606000.jpeg CR-B
t1152292178.042235_x-5.2373000_y0.0984190_a3.0242300.jpeg CR-B
t1152292178.250172_x-5.2373000_y0.0984190_a3.0242300.jpeg CR-B
t1152292178.458249_x-5.3092300_y0.1154940_a2.9848700.jpeg CR-B
t1152292178.662220_x-5.3744600_y0.1368280_a2.9324300.jpeg CR-B
t1152292178.866230_x-5.4414200_y0.1613620_a2.9076700.jpeg CR-B
t1152292179.070315_x-5.5713500_y0.2019400_a2.8706900.jpeg CR-B
t1152292179.282217_x-5.5713500_y0.2019400_a2.8706900.jpeg CR-B
t1152292179.486228_x-5.6337700_y0.2227730_a2.8570200.jpeg CR-B
t1152292179.690325_x-5.6862000_y0.2511030_a2.8065300.jpeg CR-B
t1152292179.898250_x-5.7456100_y0.2800960_a2.7645100.jpeg CR-B
t1152292180.106286_x-5.7998300_y0.3104090_a2.7259300.jpeg CR-B
t1152292180.314275_x-5.9170100_y0.3681840_a2.6966400.jpeg CR-B
t1152292180.518289_x-5.9170100_y0.3681840_a2.6966400.jpeg CR-B
t1152292180.726285_x-5.9800900_y0.3981260_a2.6807000.jpeg CR-B
t1152292180.934401_x-6.0316000_y0.4404460_a2.6144900.jpeg CR-B
t1152292181.142388_x-6.1224600_y0.5412020_a2.4612400.jpeg CR-B
t1152292181.346405_x-6.1224600_y0.5412020_a2.4612400.jpeg CR-B
t1152292181.550372_x-6.1595300_y0.5894880_a2.3814900.jpeg CR-B
t1152292181.754351_x-6.1918800_y0.6445670_a2.3036100.jpeg CR-B
t1152292181.958375_x-6.2222600_y0.7093990_a2.2455500.jpeg CR-B
t1152292182.166351_x-6.2422600_y0.7637980_a2.1779700.jpeg CR-B
t1152292182.374366_x-6.2701900_y0.8248040_a2.1157900.jpeg CR-B
t1152292182.578521_x-6.2861900_y0.8805690_a2.0508600.jpeg CR-B
t1152292182.786463_x-6.2973600_y0.9369220_a1.9809200.jpeg CR-B
t1152292182.994514_x-6.3200000_y1.0680800_a1.8608400.jpeg CR-B
t1152292183.202363_x-6.3200000_y1.0680800_a1.8608400.jpeg CR-B
t1152292183.410431_x-6.3296700_y1.1444400_a1.8141900.jpeg CR-B
t1152292183.618449_x-6.3296700_y1.1444400_a1.8141900.jpeg CR-B
t1152292183.826457_x-6.3268100_y1.2101500_a1.7320900.jpeg PA-B
t1152292184.038519_x-6.3100800_y1.2653400_a1.6413900.jpeg PA-B
t1152292184.242532_x-6.3056300_y1.3300500_a1.5979300.jpeg PA-B
t1152292184.446542_x-6.2986200_y1.3891100_a1.5612800.jpeg PA-B
t1152292184.650560_x-6.2921400_y1.4446000_a1.5362800.jpeg PA-B
t1152292184.854565_x-6.2836200_y1.5152900_a1.5420500.jpeg PA-B
t1152292185.058576_x-6.2682800_y1.6164600_a1.4923200.jpeg PA-B
t1152292185.262611_x-6.2682800_y1.6164600_a1.4923200.jpeg PA-B
t1152292185.466609_x-6.2524800_y1.6660700_a1.4432300.jpeg PA-B
t1152292185.670599_x-6.2369800_y1.7149800_a1.4235200.jpeg PA-B
t1152292185.878705_x-6.2244900_y1.7595500_a1.3983300.jpeg PA-B
t1152292186.090629_x-6.1947200_y1.8477600_a1.3386900.jpeg PA-B
t1152292186.298607_x-6.1947200_y1.8477600_a1.3386900.jpeg PA-B
t1152292186.507278_x-6.1780300_y1.8889000_a1.3028000.jpeg PA-B
t1152292186.710757_x-6.1538300_y1.9459800_a1.2810800.jpeg PA-B
t1152292186.914686_x-6.1332000_y1.9661700_a1.2345200.jpeg PA-B
t1152292187.118788_x-6.1030900_y2.0076400_a1.1962600.jpeg PA-B
t1152292187.326672_x-6.0765600_y2.0351300_a1.1453400.jpeg PA-B
t1152292187.533941_x-6.0765600_y2.0351300_a1.1453400.jpeg PA-B
t1152292187.742792_x-6.0648800_y2.0516000_a1.1259000.jpeg PA-B
t1152292187.954699_x-6.0598000_y2.0549700_a1.1202100.jpeg PA-B
t1152292188.162886_x-6.0536000_y2.0581300_a1.1005600.jpeg PA-B
t1152292188.369364_x-6.0532200_y2.0588500_a1.0979400.jpeg PA-B
t1152292188.577373_x-6.0535000_y2.0591400_a1.0979400.jpeg PA-B
t1152292188.785382_x-6.0535000_y2.0591400_a1.0979400.jpeg PA-B
t1152292188.990895_x-6.0535000_y2.0591400_a1.0979400.jpeg PA-B
t1152292189.194983_x-6.0537700_y2.0603600_a1.1028500.jpeg PA-B
t1152292189.398847_x-6.0537700_y2.0603600_a1.1028500.jpeg PA-B
t1152292189.610590_x-6.0537700_y2.0603600_a1.1028500.jpeg PA-B
t1152292189.822891_x-6.0537700_y2.0603600_a1.1028500.jpeg PA-B
t1152292190.030971_x-6.0537700_y2.0603600_a1.1028500.jpeg PA-B
t1152292190.238991_x-6.0537700_y2.0603600_a1.1028500.jpeg PA-B
t1152292190.442930_x-6.0508200_y2.0588400_a1.0862900.jpeg PA-B
t1152292190.646986_x-6.0508200_y2.0588400_a1.0862900.jpeg PA-B
t1152292190.854947_x-6.0445400_y2.0552000_a1.0497400.jpeg PA-B
t1152292191.062888_x-6.0322300_y2.0466700_a0.9740530.jpeg PA-B
t1152292191.270901_x-6.0008100_y2.0200900_a0.7678670.jpeg PA-B
t1152292191.475006_x-6.0008100_y2.0200900_a0.7678670.jpeg PA-B
t1152292191.679075_x-5.9869600_y2.0041200_a0.6621410.jpeg PA-B
t1152292191.890547_x-5.9757600_y1.9882100_a0.5647890.jpeg PA-B
t1152292192.095016_x-5.9658100_y1.9706100_a0.4636850.jpeg PA-B
t1152292192.299051_x-5.9582200_y1.9534500_a0.3697950.jpeg PA-B
t1152292192.504918_x-5.9524300_y1.9362500_a0.2790540.jpeg PA-B
t1152292192.711071_x-5.9486300_y1.9206500_a0.1987560.jpeg PA-B
t1152292192.922574_x-5.9458100_y1.8906000_a0.0456396.jpeg PA-B
t1152292193.131108_x-5.9458100_y1.8906000_a0.0456396.jpeg PA-B
t1152292193.335175_x-5.9455700_y1.8761600_a-0.0281364.jpeg PA-B
t1152292193.539154_x-5.9470200_y1.8610500_a-0.1014410.jpeg PA-B
t1152292193.743189_x-5.9458900_y1.8402400_a-0.2177080.jpeg PA-B
t1152292193.947291_x-5.9523000_y1.8116700_a-0.3685860.jpeg PA-B
t1152292194.151134_x-5.9523000_y1.8116700_a-0.3685860.jpeg PA-B
t1152292194.355229_x-5.9587600_y1.7967700_a-0.4498270.jpeg PA-B
t1152292194.559199_x-5.9778300_y1.7638100_a-0.6459890.jpeg PA-B
t1152292194.763200_x-5.9778300_y1.7638100_a-0.6459890.jpeg PA-B
t1152292194.967226_x-5.9920300_y1.7483800_a-0.7566220.jpeg PA-B
t1152292195.171232_x-6.0044800_y1.7368000_a-0.8406290.jpeg PA-B
t1152292195.377053_x-6.0204800_y1.7241600_a-0.9396810.jpeg PA-B
t1152292195.584276_x-6.0359600_y1.7139400_a-1.0322700.jpeg PA-B
t1152292195.787246_x-6.0359600_y1.7139400_a-1.0322700.jpeg PA-B
t1152292195.995235_x-6.0525300_y1.7048600_a-1.1238900.jpeg PA-B
t1152292196.199298_x-6.0913500_y1.6915600_a-1.3260500.jpeg PA-B
t1152292196.407212_x-6.0913500_y1.6915600_a-1.3260500.jpeg PA-B
t1152292196.615231_x-6.1107100_y1.6878200_a-1.4240800.jpeg PA-B
t1152292196.823321_x-6.1228400_y1.6864000_a-1.4851700.jpeg PA-B
t1152292197.031594_x-6.1238900_y1.6863100_a-1.4904000.jpeg PA-B
t1152292197.239326_x-6.1224100_y1.6693000_a-1.4904000.jpeg PA-B
t1152292197.451358_x-6.1224100_y1.6693000_a-1.4904000.jpeg PA-B
t1152292197.655395_x-6.1222100_y1.6578000_a-1.4933100.jpeg PA-B
t1152292197.863379_x-6.1318100_y1.6334300_a-1.5394900.jpeg PA-B
t1152292198.067371_x-6.1315400_y1.6166600_a-1.5402900.jpeg PA-B
t1152292198.271433_x-6.1300900_y1.5694000_a-1.5388000.jpeg PA-B
t1152292198.477705_x-6.1300900_y1.5694000_a-1.5388000.jpeg PA-B
t1152292198.679459_x-6.1298500_y1.5456500_a-1.5390800.jpeg PA-B
t1152292198.883466_x-6.1289800_y1.4945400_a-1.5390800.jpeg PA-B
t1152292199.295495_x-6.1286500_y1.4683600_a-1.5390800.jpeg PA-B
t1152292207.155869_x-6.0945800_y1.3219200_a-1.5383800.jpeg PA-B
t1152292207.360028_x-6.0948200_y1.3221400_a-1.5382000.jpeg PA-B
t1152292207.563987_x-6.0947000_y1.3220000_a-1.5380500.jpeg PA-B
t1152292207.768019_x-6.0946800_y1.3184800_a-1.5378600.jpeg PA-B
t1152292207.976089_x-6.0961300_y1.3101000_a-1.5384000.jpeg PA-B
t1152292208.184104_x-6.0957300_y1.2940500_a-1.5384000.jpeg PA-B
t1152292208.388010_x-6.0955500_y1.2736100_a-1.5387600.jpeg PA-B
t1152292208.592028_x-6.1001000_y1.2191400_a-1.5418900.jpeg PA-B
t1152292208.800035_x-6.1001000_y1.2191400_a-1.5418900.jpeg PA-B
t1152292209.004051_x-6.1001000_y1.2191400_a-1.5418900.jpeg PA-B
t1152292209.215801_x-6.1003700_y1.1892100_a-1.5415300.jpeg CR-B
t1152292209.424076_x-6.1006300_y1.1573300_a-1.5376400.jpeg CR-B
t1152292209.628092_x-6.1001000_y1.0959100_a-1.5336600.jpeg CR-B
t1152292209.836125_x-6.0973600_y1.0089300_a-1.5306800.jpeg CR-B
t1152292210.040200_x-6.0973600_y1.0089300_a-1.5306800.jpeg CR-B
t1152292210.248088_x-6.1135600_y0.9660950_a-1.5319500.jpeg CR-B
t1152292210.452189_x-6.1099600_y0.8546570_a-1.5339100.jpeg CR-B
t1152292210.656270_x-6.1099600_y0.8546570_a-1.5339100.jpeg CR-B
t1152292210.860183_x-6.1087800_y0.7975300_a-1.5358800.jpeg CR-B
t1152292211.064234_x-6.1031000_y0.6811720_a-1.5367600.jpeg CR-B
t1152292211.276191_x-6.1031000_y0.6811720_a-1.5367600.jpeg CR-B
t1152292211.486207_x-6.1015100_y0.6249770_a-1.5394800.jpeg CR-B
t1152292211.692203_x-6.0913500_y0.5033190_a-1.5152200.jpeg CR-B
t1152292211.900229_x-6.0913500_y0.5033190_a-1.5152200.jpeg CR-B
t1152292212.108202_x-6.0708500_y0.4265820_a-1.4598500.jpeg CR-B
t1152292212.312289_x-6.0553500_y0.3945920_a-1.4004600.jpeg CR-B
t1152292212.516309_x-6.0350000_y0.3514760_a-1.3414800.jpeg CR-B
t1152292212.720286_x-6.0061600_y0.2358790_a-1.3293900.jpeg CR-B
t1152292212.927772_x-6.0061600_y0.2358790_a-1.3293900.jpeg CR-B
t1152292213.136268_x-5.9959200_y0.1778160_a-1.3163700.jpeg CR-B
t1152292213.344356_x-5.9623900_y0.1104890_a-1.2470900.jpeg CR-B
t1152292213.552319_x-5.8935400_y0.0705685_a-0.9932580.jpeg CR-B
t1152292213.760330_x-5.8935400_y0.0705685_a-0.9932580.jpeg CR-B
t1152292213.968341_x-5.8619500_y0.0568220_a-0.8655120.jpeg CR-B
t1152292214.176397_x-5.8231000_y0.0529957_a-0.7391810.jpeg CR-B
t1152292214.384421_x-5.7766400_y0.0533085_a-0.5833770.jpeg CR-B
t1152292214.592479_x-5.6588400_y0.0422821_a-0.3812110.jpeg CR-B
t1152292214.796463_x-5.6588400_y0.0422821_a-0.3812110.jpeg CR-B
t1152292215.000473_x-5.6063300_y0.0419053_a-0.2874250.jpeg CR-B
t1152292215.208388_x-5.6063300_y0.0419053_a-0.2874250.jpeg CR-B
t1152292215.416383_x-5.5414700_y0.0473233_a-0.2014040.jpeg CR-B
t1152292215.624567_x-5.4191100_y0.0670101_a-0.0402856.jpeg CR-B
t1152292215.828514_x-5.4191100_y0.0670101_a-0.0402856.jpeg CR-B
t1152292216.032896_x-5.3619400_y0.0736435_a-0.0025935.jpeg CR-B
t1152292216.244513_x-5.2994900_y0.0820779_a0.0222105.jpeg CR-B
t1152292216.453227_x-5.2245700_y0.0876232_a0.0208935.jpeg CR-B
t1152292216.660526_x-5.1521400_y0.0855155_a0.0167369.jpeg CR-B
t1152292216.868561_x-4.9974500_y0.0896225_a0.0174798.jpeg CR-B
t1152292217.076625_x-4.9974500_y0.0896225_a0.0174798.jpeg CR-B
t1152292217.283276_x-4.9291900_y0.0904939_a0.0186113.jpeg CR-B
t1152292217.496987_x-4.8472300_y0.0895396_a0.0131134.jpeg CR-B
t1152292217.704528_x-4.7567700_y0.0885895_a0.0239026.jpeg CR-B
t1152292217.908646_x-4.5919700_y0.1007120_a0.0483540.jpeg CR-B
t1152292218.116724_x-4.5919700_y0.1007120_a0.0483540.jpeg CR-B
t1152292218.320703_x-4.5036800_y0.1034720_a0.0622486.jpeg CR-B
t1152292218.524672_x-4.4171000_y0.1066600_a0.0759637.jpeg CR-B
t1152292218.728682_x-4.3293000_y0.1177480_a0.0884800.jpeg CR-B
t1152292218.932690_x-4.2418600_y0.1254390_a0.0936415.jpeg CR-B
t1152292219.136719_x-4.1418200_y0.1345630_a0.0930534.jpeg CR-B
t1152292219.340760_x-4.0525600_y0.1414190_a0.0914281.jpeg CR-B
t1152292219.544722_x-3.9431400_y0.1510040_a0.0913843.jpeg CR-B
t1152292219.748728_x-3.7344500_y0.1680720_a0.0756503.jpeg CR-B
t1152292219.952741_x-3.7344500_y0.1680720_a0.0756503.jpeg CR-B
t1152292220.156749_x-3.6311800_y0.1722640_a0.0611495.jpeg CR-B
t1152292220.364781_x-3.5251500_y0.1745350_a0.0563522.jpeg CR-B
t1152292220.572812_x-3.4228100_y0.1806080_a0.0556525.jpeg CR-B
t1152292220.780759_x-3.3119300_y0.1885260_a0.0529964.jpeg CR-B
t1152292220.988764_x-3.2014300_y0.1910050_a0.0554031.jpeg CR-B
t1152292221.192908_x-3.0997200_y0.1963590_a0.0463351.jpeg CR-B
t1152292221.396876_x-2.9916900_y0.1987990_a0.0479214.jpeg CR-B
t1152292221.604890_x-2.9916900_y0.1987990_a0.0479214.jpeg CR-B
t1152292221.812819_x-2.7806300_y0.2056200_a0.0467353.jpeg CR-B
t1152292222.016969_x-2.7806300_y0.2056200_a0.0467353.jpeg CR-B
t1152292222.220988_x-2.6717000_y0.2104990_a0.0439766.jpeg CR-B
t1152292222.424953_x-2.5849800_y0.2167870_a0.0446448.jpeg CR-B
t1152292222.628955_x-2.4931000_y0.2172050_a0.0400376.jpeg CR-B
t1152292222.836961_x-2.3208700_y0.2228670_a0.0333942.jpeg CR-B
t1152292223.045032_x-2.3208700_y0.2228670_a0.0333942.jpeg CR-B
t1152292223.253106_x-2.2390700_y0.2166180_a0.0159828.jpeg CR-B
t1152292223.460968_x-2.1466500_y0.2172040_a0.0060161.jpeg CR-B
t1152292223.668966_x-2.0607600_y0.2151680_a-0.0080537.jpeg CR-B
t1152292223.876976_x-1.9798100_y0.2096900_a-0.0220247.jpeg CR-B
t1152292224.084979_x-1.8879200_y0.2018890_a-0.0368895.jpeg CR-B
t1152292224.297044_x-1.6990000_y0.1959620_a-0.0444900.jpeg CR-B
t1152292224.501065_x-1.6990000_y0.1959620_a-0.0444900.jpeg CR-B
t1152292224.713063_x-1.6102400_y0.1900690_a-0.0444982.jpeg CR-B
t1152292224.920522_x-1.5096400_y0.1848070_a-0.0438075.jpeg CR-B
t1152292225.129059_x-1.4086600_y0.1784980_a-0.0436036.jpeg CR-B
t1152292225.337111_x-1.3134400_y0.1711390_a-0.0456959.jpeg CR-B
t1152292225.541177_x-1.1193600_y0.1625330_a-0.0483634.jpeg CR-B
t1152292225.745249_x-1.1193600_y0.1625330_a-0.0483634.jpeg CR-B
t1152292225.952996_x-1.0256400_y0.1546940_a-0.0514524.jpeg CR-B
t1152292226.161253_x-0.9241960_y0.1490520_a-0.0506366.jpeg CR-B
t1152292226.368919_x-0.8222870_y0.1420970_a-0.0492300.jpeg CR-B
t1152292226.577002_x-0.7135250_y0.1355190_a-0.0511846.jpeg CR-B
t1152292226.781212_x-0.5109940_y0.1273510_a-0.0435838.jpeg CR-B
t1152292226.985228_x-0.5109940_y0.1273510_a-0.0435838.jpeg CR-B
t1152292227.193234_x-0.4177770_y0.1232360_a-0.0435838.jpeg CR-B
t1152292227.397318_x-0.3687610_y0.1212910_a-0.0502384.jpeg CR-B
t1152292227.607259_x-0.2902620_y0.1166620_a-0.0544608.jpeg CR-B
t1152292227.817160_x-0.2437090_y0.1100060_a-0.0587968.jpeg CR-B
t1152292228.022867_x-0.2027090_y0.1074620_a-0.0587968.jpeg CR-B
