t1152292394.730711_x0.1913420_y0.0028768_a0.0014430.jpeg CR-B
t1152292394.938662_x0.2012730_y0.0028894_a0.0014430.jpeg CR-B
t1152292395.146807_x0.2305720_y0.0033633_a0.0014430.jpeg CR-B
t1152292395.353624_x0.3299840_y0.0028617_a0.0014430.jpeg CR-B
t1152292395.562710_x0.3299840_y0.0028617_a0.0014430.jpeg CR-B
t1152292395.766767_x0.3889510_y0.0029301_a0.0014430.jpeg CR-B
t1152292395.974729_x0.4484710_y0.0028726_a0.0020472.jpeg CR-B
t1152292396.182755_x0.5760420_y0.0026156_a0.0020472.jpeg CR-B
t1152292396.386775_x0.5760420_y0.0026156_a0.0020472.jpeg CR-B
t1152292396.594794_x0.6401140_y0.0027037_a0.0020472.jpeg CR-B
t1152292396.798801_x0.7067440_y0.0061266_a0.0019736.jpeg CR-B
t1152292397.002814_x0.7775980_y0.0052463_a0.0019736.jpeg CR-B
t1152292397.206931_x0.8486750_y0.0079187_a0.0130280.jpeg CR-B
t1152292397.410860_x0.9248560_y0.0099985_a0.0194276.jpeg CR-B
t1152292397.618834_x1.0006000_y0.0185865_a0.0258478.jpeg CR-B
t1152292397.830404_x1.1555900_y0.0321461_a0.0561467.jpeg CR-B
t1152292398.038796_x1.1555900_y0.0321461_a0.0561467.jpeg CR-B
t1152292398.242903_x1.2036600_y0.0328183_a0.0390071.jpeg CR-B
t1152292398.446940_x1.2629900_y0.0472465_a0.0915830.jpeg CR-B
t1152292398.651005_x1.3341400_y0.0723575_a0.1704220.jpeg CR-B
t1152292398.859012_x1.3828400_y0.0997902_a0.2557510.jpeg CR-B
t1152292399.067025_x1.4397100_y0.1221510_a0.2861880.jpeg CR-B
t1152292399.274996_x1.4922300_y0.1479980_a0.3270610.jpeg CR-B
t1152292399.478987_x1.5396700_y0.1716260_a0.3580480.jpeg CR-B
t1152292399.686940_x1.5895500_y0.1992640_a0.3927360.jpeg CR-B
t1152292399.891072_x1.6574300_y0.2341870_a0.4325380.jpeg CR-B
t1152292400.098985_x1.7177600_y0.2699360_a0.4718790.jpeg CR-B
t1152292400.307048_x1.7610700_y0.3000070_a0.5048820.jpeg CR-B
t1152292400.515140_x1.8158800_y0.3422520_a0.5452730.jpeg CR-B
t1152292400.719114_x1.8158800_y0.3422520_a0.5452730.jpeg CR-B
t1152292400.927099_x1.8560400_y0.3876680_a0.6204130.jpeg CR-B
t1152292401.135102_x1.8959200_y0.4394000_a0.7018570.jpeg CR-B
t1152292401.339126_x1.9305100_y0.4917390_a0.7738570.jpeg CR-B
t1152292401.543232_x1.9563600_y0.5403830_a0.8327690.jpeg CR-B
t1152292401.747159_x1.9912100_y0.5994360_a0.8934080.jpeg CR-B
t1152292401.951170_x2.0159400_y0.6563940_a0.9615710.jpeg CR-B
t1152292402.159132_x2.0465300_y0.7734960_a1.1133300.jpeg CR-B
t1152292402.367132_x2.0465300_y0.7734960_a1.1133300.jpeg CR-B
t1152292402.571185_x2.0618100_y0.8397930_a1.2004400.jpeg CR-B
t1152292402.775264_x2.0772900_y0.9418870_a1.2792400.jpeg TL-B
t1152292402.983271_x2.0671200_y1.0407400_a1.4072500.jpeg TL-B
t1152292403.191186_x2.0671200_y1.0407400_a1.4072500.jpeg TL-B
t1152292403.395237_x2.0612100_y1.0800400_a1.4452700.jpeg TL-B
t1152292403.603208_x2.0674500_y1.1453400_a1.4529200.jpeg TL-B
t1152292403.811268_x2.0774400_y1.2301500_a1.4537500.jpeg TL-B
t1152292404.019201_x2.0774400_y1.2301500_a1.4537500.jpeg TL-B
t1152292404.227224_x2.0816200_y1.2717300_a1.4560800.jpeg TL-B
t1152292404.435235_x2.0746500_y1.3001700_a1.5010400.jpeg TL-B
t1152292404.639347_x2.0693600_y1.3339600_a1.5350100.jpeg TL-B
t1152292404.845323_x2.0540800_y1.3567900_a1.5838800.jpeg TL-B
t1152292405.055248_x2.0417200_y1.4220600_a1.6521200.jpeg TL-B
t1152292405.263361_x2.0417200_y1.4220600_a1.6521200.jpeg TL-B
t1152292405.467360_x2.0378600_y1.4559600_a1.6638600.jpeg TL-B
t1152292405.675386_x2.0326900_y1.4999900_a1.6596800.jpeg TL-B
t1152292405.883289_x2.0275700_y1.5547900_a1.6596800.jpeg TL-B
t1152292406.091386_x2.0187800_y1.6240500_a1.6558900.jpeg TL-B
t1152292406.299479_x2.0144000_y1.6771300_a1.6587200.jpeg TL-B
t1152292406.507425_x2.0054200_y1.7386000_a1.6604300.jpeg TL-B
t1152292406.715451_x2.0026700_y1.7993400_a1.6391300.jpeg TL-B
t1152292406.919478_x2.0010400_y1.8585800_a1.6267500.jpeg TL-B
t1152292407.127310_x2.0010400_y1.8585800_a1.6267500.jpeg TL-B
t1152292407.335813_x2.0002200_y1.9159400_a1.6190500.jpeg TL-B
t1152292407.543392_x2.0034900_y1.9652900_a1.5933300.jpeg TL-B
t1152292407.751517_x2.0068600_y2.0204400_a1.5723700.jpeg TL-B
t1152292407.955555_x2.0070800_y2.0704800_a1.5723700.jpeg TL-B
t1152292408.159543_x2.0086200_y2.1201300_a1.5650800.jpeg TL-B
t1152292408.363563_x2.0197700_y2.1399900_a1.5621000.jpeg TL-B
t1152292408.567594_x2.0194400_y2.1543700_a1.5578200.jpeg TL-B
t1152292408.771560_x2.0191500_y2.1555000_a1.5560100.jpeg TL-B
t1152292408.975595_x2.0184000_y2.1523300_a1.5490700.jpeg TL-B
t1152292409.179657_x2.0178600_y2.1517600_a1.5467800.jpeg TL-B
t1152292409.383605_x2.0178300_y2.1516500_a1.5466800.jpeg TL-B
t1152292409.591553_x2.0174900_y2.1511900_a1.5450500.jpeg TL-B
t1152292409.795609_x2.0182200_y2.1511400_a1.5449100.jpeg TL-B
t1152292410.003637_x2.0182700_y2.1511100_a1.5447900.jpeg TL-B
t1152292410.211604_x2.0182900_y2.1510900_a1.5447000.jpeg TL-B
t1152292410.419567_x2.0182200_y2.1511000_a1.5447300.jpeg TL-B
t1152292410.631736_x2.0182000_y2.1510800_a1.5446600.jpeg TL-B
t1152292410.835659_x2.0182000_y2.1510800_a1.5446600.jpeg TL-B
t1152292411.043738_x2.0181500_y2.1503900_a1.5445900.jpeg TL-B
t1152292411.251646_x2.0181200_y2.1503600_a1.5445100.jpeg TL-B
t1152292411.459670_x2.0181000_y2.1498700_a1.5444700.jpeg TL-B
t1152292411.663733_x2.0180900_y2.1494300_a1.5444700.jpeg TL-B
t1152292411.867733_x2.0185400_y2.1476200_a1.5445600.jpeg TL-B
t1152292412.071738_x2.0135000_y2.1480100_a1.5684000.jpeg TL-B
t1152292412.279851_x1.9887400_y2.1459400_a1.6885000.jpeg TL-B
t1152292412.487890_x1.9887400_y2.1459400_a1.6885000.jpeg TL-B
t1152292412.691839_x1.9717500_y2.1437200_a1.7717300.jpeg TL-B
t1152292412.899888_x1.9549300_y2.1391200_a1.8586400.jpeg TL-B
t1152292413.103818_x1.9169300_y2.1223600_a2.0647200.jpeg TL-B
t1152292413.311861_x1.9169300_y2.1223600_a2.0647200.jpeg TL-B
t1152292413.515878_x1.9169300_y2.1223600_a2.0647200.jpeg TL-B
t1152292413.723953_x1.8992000_y2.1117000_a2.1677700.jpeg TL-B
t1152292413.927876_x1.8813600_y2.0983200_a2.2786000.jpeg TL-B
t1152292414.131911_x1.8527900_y2.0672600_a2.4867600.jpeg TL-B
t1152292414.339842_x1.8527900_y2.0672600_a2.4867600.jpeg TL-B
t1152292414.545846_x1.8409900_y2.0501200_a2.5908200.jpeg TL-B
t1152292414.751935_x1.8245100_y2.0188300_a2.7660300.jpeg TL-B
t1152292414.955934_x1.8245100_y2.0188300_a2.7660300.jpeg TL-B
t1152292415.160058_x1.8169500_y1.9965800_a2.8833400.jpeg TL-B
t1152292415.366943_x1.8088900_y1.9747100_a2.9981400.jpeg TL-B
t1152292415.571999_x1.8070000_y1.9543300_a3.1005400.jpeg TL-B
t1152292415.776029_x1.8071100_y1.9356000_a-3.0889800.jpeg TL-B
t1152292415.980019_x1.8093900_y1.9142500_a-2.9815400.jpeg TL-B
t1152292416.184031_x1.8198900_y1.8753900_a-2.7817900.jpeg TL-B
t1152292416.388045_x1.8198900_y1.8753900_a-2.7817900.jpeg TL-B
t1152292416.592134_x1.8260900_y1.8608100_a-2.7020700.jpeg TL-B
t1152292416.800086_x1.8272400_y1.8589500_a-2.6958600.jpeg TL-B
t1152292417.004096_x1.8266100_y1.8585100_a-2.6926600.jpeg TL-B
t1152292417.208158_x1.8266100_y1.8585100_a-2.6926600.jpeg TL-B
t1152292417.412120_x1.8264300_y1.8584300_a-2.6917000.jpeg TL-B
t1152292417.620184_x1.8264300_y1.8584300_a-2.6917000.jpeg TL-B
t1152292417.828095_x1.8252400_y1.8586500_a-2.6917000.jpeg TL-B
t1152292418.032108_x1.8252400_y1.8586500_a-2.6917000.jpeg TL-B
t1152292418.240231_x1.8249200_y1.8584900_a-2.6931200.jpeg TL-B
t1152292418.448241_x1.8249300_y1.8581900_a-2.6942600.jpeg TL-B
t1152292418.652266_x1.8226900_y1.8630200_a-2.7209300.jpeg TL-B
t1152292418.856173_x1.8226900_y1.8630200_a-2.7209300.jpeg TL-B
t1152292419.064215_x1.8226900_y1.8630200_a-2.7209300.jpeg TL-B
t1152292419.275362_x1.8204900_y1.8653700_a-2.7348100.jpeg TL-B
t1152292419.484255_x1.8176000_y1.8717800_a-2.7687100.jpeg TL-B
t1152292419.692261_x1.8153800_y1.8777300_a-2.8004800.jpeg TL-B
t1152292419.896249_x1.8132200_y1.8839700_a-2.8350000.jpeg TL-B
t1152292420.104258_x1.8081400_y1.9021400_a-2.9298500.jpeg TL-B
t1152292420.308269_x1.8081400_y1.9021400_a-2.9298500.jpeg TL-B
t1152292420.512315_x1.8058300_y1.9137400_a-2.9883600.jpeg TL-B
t1152292420.716320_x1.8038700_y1.9236400_a-3.0393800.jpeg TL-B
t1152292420.924196_x1.8033400_y1.9334200_a-3.0899500.jpeg TL-B
t1152292421.132360_x1.8032800_y1.9464100_a3.1289700.jpeg TL-B
t1152292421.338640_x1.8025600_y1.9552500_a3.0838400.jpeg TL-B
t1152292421.548438_x1.8011800_y1.9742300_a2.9872500.jpeg TL-B
t1152292421.756315_x1.8011800_y1.9742300_a2.9872500.jpeg TL-B
t1152292421.964332_x1.8027600_y1.9844700_a2.9345900.jpeg TL-B
t1152292422.172338_x1.8086300_y2.0039400_a2.8353500.jpeg TL-B
t1152292422.380358_x1.8086300_y2.0039400_a2.8353500.jpeg TL-B
t1152292422.588500_x1.8121300_y2.0137500_a2.7795100.jpeg TL-B
t1152292422.796509_x1.8257600_y2.0403700_a2.6257900.jpeg TL-B
t1152292423.004426_x1.8257600_y2.0403700_a2.6257900.jpeg TL-B
t1152292423.212512_x1.8349200_y2.0537400_a2.5449900.jpeg TL-B
t1152292423.416465_x1.8456500_y2.0679600_a2.4560500.jpeg TL-B
t1152292423.620467_x1.8536700_y2.0770400_a2.3956600.jpeg TL-B
t1152292423.824541_x1.8645800_y2.0879700_a2.3184600.jpeg TL-B
t1152292424.035221_x1.8789300_y2.0998800_a2.2256700.jpeg TL-B
t1152292424.244601_x1.9049600_y2.1166800_a2.0712200.jpeg TL-B
t1152292424.460550_x1.9049600_y2.1166800_a2.0712200.jpeg TL-B
t1152292424.664571_x1.9184800_y2.1234200_a1.9957200.jpeg TL-B
t1152292424.872638_x1.9330600_y2.1289900_a1.9199400.jpeg TL-B
t1152292425.076548_x1.9491800_y2.1339000_a1.8353900.jpeg TL-B
t1152292425.288532_x1.9789400_y2.1396300_a1.6837200.jpeg TL-B
t1152292425.496753_x1.9789400_y2.1396300_a1.6837200.jpeg TL-B
t1152292425.700637_x1.9834300_y2.1402500_a1.6611400.jpeg TL-B
t1152292425.908585_x1.9834300_y2.1402500_a1.6611400.jpeg TL-B
t1152292426.116665_x1.9808500_y2.1404400_a1.6738200.jpeg TL-B
t1152292426.324575_x1.9797700_y2.1399700_a1.6735800.jpeg TL-B
t1152292426.532589_x1.9797700_y2.1399700_a1.6735800.jpeg TL-B
t1152292426.736728_x1.9796300_y2.1398400_a1.6733500.jpeg TL-B
t1152292426.940711_x1.9797100_y2.1396400_a1.6730300.jpeg TL-B
t1152292427.144717_x1.9788700_y2.1401500_a1.6761800.jpeg TL-B
t1152292427.348958_x1.9788700_y2.1401500_a1.6761800.jpeg TL-B
t1152292427.556831_x1.9784200_y2.1406500_a1.6776900.jpeg TL-B
t1152292427.764769_x1.9784300_y2.1402400_a1.6779200.jpeg TL-B
t1152292427.972834_x1.9783900_y2.1401400_a1.6787000.jpeg TL-B
t1152292428.180869_x1.9783800_y2.1400700_a1.6786300.jpeg TL-B
t1152292428.384824_x1.9783700_y2.1400600_a1.6786100.jpeg TL-B
t1152292428.588825_x1.9774700_y2.1410300_a1.6785500.jpeg TL-B
t1152292428.792824_x1.9774700_y2.1410300_a1.6785500.jpeg TL-B
t1152292429.002207_x1.9769400_y2.1408400_a1.6785500.jpeg TL-B
t1152292429.204916_x1.9799800_y2.1427900_a1.6641900.jpeg TL-B
t1152292429.408921_x1.9833500_y2.1485400_a1.6439900.jpeg TL-B
t1152292429.612890_x1.9878900_y2.1572700_a1.6187200.jpeg TL-B
t1152292429.819791_x1.9858700_y2.1931800_a1.6195000.jpeg TL-B
t1152292430.024969_x1.9858700_y2.1931800_a1.6195000.jpeg TL-B
t1152292430.228938_x1.9883800_y2.2271300_a1.6012100.jpeg TL-B
t1152292430.432934_x1.9987400_y2.2534100_a1.5605000.jpeg TL-B
t1152292430.636980_x2.0298500_y2.3468600_a1.4488900.jpeg TL-B
t1152292430.844878_x2.0298500_y2.3468600_a1.4488900.jpeg TL-B
t1152292431.052905_x2.0386900_y2.4177800_a1.4221300.jpeg TL-B
t1152292431.260963_x2.0622500_y2.5285800_a1.4027800.jpeg TL-B
t1152292431.464998_x2.0622500_y2.5285800_a1.4027800.jpeg TL-B
t1152292431.672974_x2.0789800_y2.5672700_a1.3822500.jpeg TL-B
t1152292431.876991_x2.0789800_y2.5672700_a1.3822500.jpeg TL-B
t1152292432.081001_x2.0880500_y2.6106900_a1.3782300.jpeg TL-B
t1152292432.285037_x2.0971300_y2.6486600_a1.3641400.jpeg TL-B
t1152292432.493056_x2.1091000_y2.7058400_a1.3619200.jpeg TL-B
t1152292432.701127_x2.1198600_y2.7645200_a1.3658600.jpeg TL-B
t1152292432.908417_x2.1296500_y2.8151800_a1.3675900.jpeg TL-B
t1152292433.113101_x2.1182900_y2.8981700_a1.4515400.jpeg TL-B
t1152292433.321769_x2.1182900_y2.8981700_a1.4515400.jpeg TL-B
t1152292433.529042_x2.1125700_y2.9349900_a1.4906300.jpeg TL-B
t1152292433.737071_x2.1134200_y2.9723600_a1.5078900.jpeg TL-B
t1152292433.941174_x2.1232400_y3.0571900_a1.5052300.jpeg TL-B
t1152292434.145678_x2.1232400_y3.0571900_a1.5052300.jpeg TL-B
t1152292434.353127_x2.1255700_y3.0994800_a1.4976500.jpeg TL-B
t1152292434.561069_x2.1330000_y3.1947100_a1.4964300.jpeg TL-B
t1152292434.765167_x2.1330000_y3.1947100_a1.4964300.jpeg TL-B
t1152292434.973267_x2.1342600_y3.2305800_a1.4965100.jpeg TL-B
t1152292435.181180_x2.1371300_y3.2734500_a1.4953600.jpeg TL-B
t1152292435.389174_x2.1442400_y3.3656000_a1.4953600.jpeg TL-B
t1152292435.597312_x2.1442400_y3.3656000_a1.4953600.jpeg TL-B
t1152292435.805324_x2.1464700_y3.4134700_a1.4922600.jpeg TL-B
t1152292436.013263_x2.1502100_y3.4633700_a1.4937600.jpeg TL-B
t1152292436.217274_x2.1579800_y3.5106100_a1.4946500.jpeg TL-B
t1152292436.421317_x2.1598600_y3.5583300_a1.4936400.jpeg TL-B
t1152292436.629271_x2.1670300_y3.6514400_a1.4936400.jpeg TL-B
t1152292436.837300_x2.1670300_y3.6514400_a1.4936400.jpeg TL-B
t1152292437.041337_x2.1705100_y3.6986400_a1.4936400.jpeg TL-B
t1152292437.245311_x2.1740300_y3.7456200_a1.4936400.jpeg TL-B
t1152292437.449326_x2.1775200_y3.7806900_a1.4891700.jpeg TL-B
t1152292437.657383_x2.1816700_y3.8305700_a1.4891700.jpeg TL-B
t1152292437.861464_x2.1908300_y3.9170100_a1.4779900.jpeg TL-B
t1152292438.069248_x2.1908300_y3.9170100_a1.4779900.jpeg TL-B
t1152292438.277477_x2.1908300_y3.9170100_a1.4779900.jpeg TL-B
t1152292438.481492_x2.1949100_y3.9558400_a1.4758900.jpeg TL-B
t1152292438.685424_x2.1988600_y4.0014600_a1.4758900.jpeg TL-B
t1152292438.893348_x2.1988600_y4.0014600_a1.4758900.jpeg TL-B
t1152292439.101385_x2.1998800_y4.0118800_a1.4758900.jpeg TL-B
t1152292439.305471_x2.1998800_y4.0118800_a1.4758900.jpeg TL-B
t1152292439.513505_x2.1990900_y4.0039900_a1.4763400.jpeg TL-B
t1152292439.717514_x2.1991200_y4.0022300_a1.4742900.jpeg TL-B
t1152292439.925472_x2.1991700_y4.0025200_a1.4746500.jpeg TL-B
t1152292440.129540_x2.1991700_y4.0025200_a1.4746500.jpeg TL-B
t1152292440.334362_x2.1991700_y4.0025200_a1.4746500.jpeg TL-B
t1152292440.541570_x2.1991700_y4.0025200_a1.4746500.jpeg TL-B
t1152292440.749511_x2.1991700_y4.0025200_a1.4746500.jpeg TL-B
t1152292440.957592_x2.1991700_y4.0025200_a1.4746500.jpeg TL-B
t1152292441.165579_x2.1974700_y4.0026800_a1.4831500.jpeg TL-B
t1152292441.369594_x2.1974700_y4.0026800_a1.4831500.jpeg TL-B
t1152292441.573632_x2.1894800_y4.0030000_a1.4863300.jpeg TL-B
t1152292441.777713_x2.1836700_y4.0034200_a1.5265400.jpeg TL-B
t1152292441.985554_x2.1728400_y4.0036400_a1.5765700.jpeg TL-B
t1152292442.189630_x2.1616100_y4.0030600_a1.6293900.jpeg TL-B
t1152292442.393651_x2.1511600_y4.0019200_a1.6809900.jpeg TL-B
t1152292442.597690_x2.1286800_y3.9981500_a1.7916300.jpeg TL-B
t1152292442.805757_x2.1286800_y3.9981500_a1.7916300.jpeg TL-B
t1152292443.009733_x2.1169800_y3.9952200_a1.8485800.jpeg TL-B
t1152292443.213762_x2.1080500_y3.9915700_a1.8872200.jpeg TL-B
t1152292443.417723_x2.0973200_y3.9883300_a1.9410900.jpeg TL-B
t1152292443.629736_x2.0778800_y3.9797500_a2.0453400.jpeg TL-B
t1152292443.837703_x2.0778800_y3.9797500_a2.0453400.jpeg TL-B
t1152292444.045746_x2.0778800_y3.9797500_a2.0453400.jpeg TL-B
t1152292444.250947_x2.0683700_y3.9746800_a2.0973800.jpeg TL-B
t1152292444.453843_x2.0600400_y3.9695600_a2.1462500.jpeg TL-B
t1152292444.661703_x2.0435200_y3.9580200_a2.2471900.jpeg TL-B
t1152292444.865814_x2.0435200_y3.9580200_a2.2471900.jpeg TL-B
t1152292445.069875_x2.0356000_y3.9520300_a2.2972100.jpeg TL-B
t1152292445.277918_x2.0195300_y3.9372700_a2.4057900.jpeg TL-B
t1152292445.485850_x2.0195300_y3.9372700_a2.4057900.jpeg TL-B
t1152292445.693788_x2.0131300_y3.9298700_a2.4546900.jpeg TL-B
t1152292445.897867_x2.0048300_y3.9212800_a2.5135700.jpeg TL-B
t1152292446.105967_x2.0003300_y3.9137400_a2.5539500.jpeg TL-B
t1152292446.313911_x1.9897200_y3.8950900_a2.6600100.jpeg TL-B
t1152292446.517965_x1.9897200_y3.8950900_a2.6600100.jpeg TL-B
t1152292446.721920_x1.9852000_y3.8858500_a2.7114300.jpeg TL-B
t1152292446.933766_x1.9813400_y3.8768700_a2.7603000.jpeg TL-B
t1152292447.141849_x1.9772500_y3.8657300_a2.8196400.jpeg TL-B
t1152292447.349879_x1.9743900_y3.8563900_a2.8685200.jpeg TL-B
t1152292447.557879_x1.9719800_y3.8469200_a2.9173900.jpeg TL-B
t1152292447.765934_x1.9679400_y3.8295100_a3.0085200.jpeg TL-B
t1152292447.974034_x1.9679400_y3.8295100_a3.0085200.jpeg TL-B
t1152292448.181977_x1.9660500_y3.8146500_a3.0812900.jpeg TL-B
t1152292448.390018_x1.9664100_y3.7939100_a-3.1007400.jpeg TL-B
t1152292448.597892_x1.9664100_y3.7939100_a-3.1007400.jpeg TL-B
t1152292448.806041_x1.9675700_y3.7844300_a-3.0530900.jpeg TL-B
t1152292449.014110_x1.9689900_y3.7663000_a-2.9488700.jpeg TL-B
t1152292449.221970_x1.9689900_y3.7663000_a-2.9488700.jpeg TL-B
t1152292449.429992_x1.9691600_y3.7568300_a-2.8972300.jpeg TL-B
t1152292449.638026_x1.9743600_y3.7391000_a-2.8032200.jpeg TL-B
t1152292449.842145_x1.9743600_y3.7391000_a-2.8032200.jpeg TL-B
t1152292450.050007_x1.9784600_y3.7284900_a-2.7463200.jpeg TL-B
t1152292450.258120_x1.9821900_y3.7194600_a-2.6998800.jpeg TL-B
t1152292450.466134_x1.9897200_y3.7014300_a-2.5997100.jpeg TL-B
t1152292450.674197_x1.9897200_y3.7014300_a-2.5997100.jpeg TL-B
t1152292450.882175_x1.9937600_y3.6911000_a-2.5470100.jpeg TL-B
t1152292451.089589_x2.0054500_y3.6733500_a-2.4427400.jpeg TL-B
t1152292451.294230_x2.0054500_y3.6733500_a-2.4427400.jpeg TL-B
t1152292451.498220_x2.0054500_y3.6733500_a-2.4427400.jpeg TL-B
t1152292451.710165_x2.0125200_y3.6653500_a-2.3898300.jpeg TL-B
t1152292451.918277_x2.0175500_y3.6582700_a-2.3418200.jpeg TL-B
t1152292452.126246_x2.0255000_y3.6504100_a-2.2871500.jpeg TL-B
t1152292452.333276_x2.0417500_y3.6377800_a-2.1835900.jpeg TL-B
t1152292452.538275_x2.0417500_y3.6377800_a-2.1835900.jpeg TL-B
t1152292452.742494_x2.0503700_y3.6320100_a-2.1319500.jpeg TL-B
t1152292452.946315_x2.0590500_y3.6266700_a-2.0813000.jpeg TL-B
t1152292453.154247_x2.0674700_y3.6217600_a-2.0312600.jpeg TL-B
t1152292453.358355_x2.0777100_y3.6173300_a-1.9761200.jpeg TL-B
t1152292453.562385_x2.0968300_y3.6102200_a-1.8737700.jpeg TL-B
t1152292453.774329_x2.0968300_y3.6102200_a-1.8737700.jpeg TL-B
t1152292453.978466_x2.1056400_y3.6072100_a-1.8274400.jpeg TL-B
t1152292454.182411_x2.1162100_y3.6057800_a-1.7769800.jpeg TL-B
t1152292454.386423_x2.1372200_y3.6026100_a-1.6711100.jpeg TL-B
t1152292454.598243_x2.1372200_y3.6026100_a-1.6711100.jpeg TL-B
t1152292454.802531_x2.1407800_y3.6022200_a-1.6544000.jpeg TL-B
t1152292455.010486_x2.1413800_y3.6021700_a-1.6514000.jpeg TL-B
t1152292455.214839_x2.1413800_y3.6021700_a-1.6514000.jpeg TL-B
t1152292461.426803_x2.1408700_y3.5993500_a-1.6614200.jpeg TL-B
t1152292461.634809_x2.1409700_y3.5992900_a-1.6615200.jpeg TL-B
t1152292461.838876_x2.1409700_y3.5992900_a-1.6615200.jpeg TL-B
t1152292462.043975_x2.1401500_y3.5864600_a-1.6609100.jpeg TL-B
t1152292462.254923_x2.1401500_y3.5864600_a-1.6609100.jpeg TL-B
t1152292462.458935_x2.1397300_y3.5766200_a-1.6591600.jpeg TL-B
t1152292462.662945_x2.1412200_y3.5525800_a-1.6400900.jpeg TL-B
t1152292462.870956_x2.1412800_y3.4757800_a-1.6107200.jpeg TL-B
t1152292463.074961_x2.1412800_y3.4757800_a-1.6107200.jpeg TL-B
t1152292463.282916_x2.1429900_y3.4208800_a-1.5992700.jpeg TL-B
t1152292463.487019_x2.1588200_y3.3399100_a-1.5462200.jpeg TL-B
t1152292463.694962_x2.1588200_y3.3399100_a-1.5462200.jpeg TL-B
t1152292463.902931_x2.1667000_y3.3002100_a-1.5237300.jpeg TL-B
t1152292464.106988_x2.1690200_y3.2743100_a-1.5244600.jpeg TL-B
t1152292464.315037_x2.1690200_y3.2743100_a-1.5244600.jpeg TL-B
t1152292464.523036_x2.1706100_y3.2395600_a-1.5243200.jpeg TL-B
t1152292464.731048_x2.1746500_y3.1913900_a-1.5309700.jpeg TL-B
t1152292464.938996_x2.1762800_y3.1473300_a-1.5301200.jpeg TL-B
t1152292465.147037_x2.1795500_y3.0651200_a-1.5301200.jpeg TL-B
t1152292465.351129_x2.1795500_y3.0651200_a-1.5301200.jpeg TL-B
t1152292465.555155_x2.1801400_y3.0273200_a-1.5318900.jpeg TL-B
t1152292465.763108_x2.1685800_y2.9862000_a-1.5440200.jpeg TL-B
t1152292465.971108_x2.1618200_y2.9449500_a-1.5716600.jpeg TL-B
t1152292466.175246_x2.1523000_y2.9055300_a-1.6001300.jpeg TL-B
t1152292466.379588_x2.1378200_y2.8270600_a-1.6259900.jpeg TL-B
t1152292466.587155_x2.1378200_y2.8270600_a-1.6259900.jpeg TL-B
t1152292466.791167_x2.1345600_y2.7876100_a-1.6251500.jpeg TL-B
t1152292466.995240_x2.1290700_y2.6913000_a-1.6268100.jpeg TL-B
t1152292467.203212_x2.1290700_y2.6913000_a-1.6268100.jpeg TL-B
t1152292467.407269_x2.1252900_y2.6195900_a-1.6259900.jpeg TL-B
t1152292467.611222_x2.1176900_y2.5035100_a-1.6215600.jpeg TL-B
t1152292467.823229_x2.1176900_y2.5035100_a-1.6215600.jpeg TL-B
t1152292468.031337_x2.1143100_y2.4450100_a-1.6215600.jpeg TL-B
t1152292468.239295_x2.1102700_y2.3926200_a-1.6246900.jpeg TL-B
t1152292468.443468_x2.1094000_y2.3432700_a-1.6238000.jpeg TL-B
t1152292468.647322_x2.1047900_y2.2658300_a-1.6275400.jpeg TL-B
t1152292468.851334_x2.0999700_y2.1885400_a-1.6284100.jpeg TL-B
t1152292469.055432_x2.0915000_y2.0610100_a-1.6264100.jpeg TL-B
t1152292469.262033_x2.0915000_y2.0610100_a-1.6264100.jpeg TL-B
t1152292469.469186_x2.0873400_y1.9959700_a-1.6247300.jpeg TL-B
t1152292469.683365_x2.0829300_y1.9333100_a-1.6267200.jpeg TL-B
t1152292469.891397_x2.0783900_y1.8605000_a-1.6285000.jpeg TL-B
t1152292470.099365_x2.0735300_y1.7928100_a-1.6286500.jpeg TL-B
t1152292470.307377_x2.0630100_y1.6442600_a-1.6341000.jpeg TL-B
t1152292470.511411_x2.0630100_y1.6442600_a-1.6341000.jpeg TL-B
t1152292470.715603_x2.0630100_y1.6442600_a-1.6341000.jpeg TL-B
t1152292470.927443_x2.0573100_y1.5715300_a-1.6341000.jpeg TL-B
t1152292471.135411_x2.0472800_y1.4264300_a-1.6341000.jpeg TL-B
t1152292471.343442_x2.0472800_y1.4264300_a-1.6341000.jpeg TL-B
t1152292471.547477_x2.0525900_y1.3571300_a-1.6392200.jpeg TL-B
t1152292471.751650_x2.0492700_y1.2087000_a-1.6455300.jpeg TL-B
t1152292471.955550_x2.0492700_y1.2087000_a-1.6455300.jpeg TL-B
t1152292472.163595_x2.0431000_y1.1425800_a-1.6449800.jpeg TL-B
t1152292472.375910_x2.0349800_y1.0508000_a-1.6543900.jpeg TL-B
t1152292472.579546_x2.0349800_y1.0508000_a-1.6543900.jpeg TL-B
t1152292472.783529_x2.0286300_y0.9830860_a-1.6490000.jpeg TL-B
t1152292472.991506_x2.0286300_y0.9830860_a-1.6490000.jpeg TL-B
t1152292473.199500_x2.0261600_y0.9527750_a-1.6517800.jpeg TL-B
t1152292473.407515_x2.0203100_y0.9017250_a-1.6539400.jpeg TL-B
t1152292473.615567_x2.0120100_y0.8012130_a-1.6565600.jpeg CR-B
t1152292473.821566_x2.0120100_y0.8012130_a-1.6565600.jpeg CR-B
t1152292474.031659_x2.0130600_y0.7691120_a-1.6552500.jpeg CR-B
t1152292474.235641_x2.0043600_y0.6786330_a-1.6557900.jpeg CR-B
t1152292474.439690_x2.0043600_y0.6786330_a-1.6557900.jpeg CR-B
t1152292474.643775_x2.0003700_y0.6435450_a-1.6582700.jpeg CR-B
t1152292474.851537_x1.9925300_y0.6055260_a-1.6591300.jpeg CR-B
t1152292475.059618_x1.9952200_y0.5665950_a-1.6280400.jpeg CR-B
t1152292475.263739_x1.9990200_y0.5403950_a-1.6120800.jpeg CR-B
t1152292475.467750_x1.9989600_y0.4871800_a-1.5982300.jpeg CR-B
t1152292475.675668_x2.0022600_y0.3854340_a-1.5759800.jpeg CR-B
t1152292475.883774_x2.0022600_y0.3854340_a-1.5759800.jpeg CR-B
t1152292476.091697_x1.9914900_y0.3383250_a-1.5649100.jpeg CR-B
t1152292476.299770_x1.9986400_y0.2959580_a-1.5431400.jpeg CR-B
t1152292476.503782_x1.9963900_y0.2463380_a-1.5406300.jpeg CR-B
t1152292476.713828_x2.0020100_y0.1766880_a-1.5230800.jpeg CR-B
t1152292476.923842_x2.0050000_y0.1321890_a-1.5179700.jpeg CR-B
t1152292477.131798_x2.0061700_y0.1073180_a-1.5050300.jpeg CR-B
t1152292477.343414_x2.0008700_y0.0631091_a-1.5078400.jpeg CR-B
t1152292477.549835_x2.0104200_y-0.0429329_a-1.5221700.jpeg CR-B
t1152292477.755903_x2.0104200_y-0.0429329_a-1.5221700.jpeg CR-B
t1152292477.963961_x2.0104200_y-0.0429329_a-1.5221700.jpeg CR-B
t1152292478.167865_x2.0065300_y-0.0817151_a-1.5597100.jpeg CR-B
t1152292478.371896_x1.9880600_y-0.1358250_a-1.6299400.jpeg CR-B
t1152292478.575942_x1.9703900_y-0.1765530_a-1.6997200.jpeg CR-B
t1152292478.787946_x1.9614000_y-0.2072750_a-1.7094700.jpeg CR-B
t1152292478.992043_x1.9603900_y-0.2421660_a-1.7100600.jpeg CR-B
t1152292479.196059_x1.9449900_y-0.2750060_a-1.7572100.jpeg CR-B
t1152292479.399985_x1.9449900_y-0.2750060_a-1.7572100.jpeg CR-B
t1152292479.607914_x1.9250300_y-0.2941930_a-1.8239700.jpeg CR-B
t1152292479.815934_x1.9095700_y-0.3185300_a-1.8561300.jpeg CR-B
t1152292480.024030_x1.8915300_y-0.3642500_a-1.8707500.jpeg CR-B
t1152292480.232044_x1.8763100_y-0.3892820_a-1.8858200.jpeg CR-B
t1152292480.436058_x1.8617600_y-0.4254110_a-1.8944100.jpeg CR-B
t1152292480.644073_x1.8307300_y-0.4777110_a-1.9303600.jpeg CR-B
t1152292480.852060_x1.7972000_y-0.5181490_a-2.0122300.jpeg CR-B
t1152292481.056118_x1.7585600_y-0.5601970_a-2.0869800.jpeg CR-B
t1152292481.260164_x1.7189200_y-0.5986060_a-2.1623300.jpeg CR-B
t1152292481.464112_x1.6767900_y-0.6360600_a-2.2304900.jpeg CR-B
t1152292481.672187_x1.5855000_y-0.7075900_a-2.3438300.jpeg CR-B
t1152292481.876189_x1.5855000_y-0.7075900_a-2.3438300.jpeg CR-B
t1152292482.080161_x1.5393100_y-0.7374530_a-2.3792100.jpeg CR-B
t1152292482.284239_x1.4878100_y-0.7776820_a-2.4133100.jpeg CR-B
t1152292482.488204_x1.4392500_y-0.8122130_a-2.4409700.jpeg CR-B
t1152292482.696281_x1.3890100_y-0.8511160_a-2.4475900.jpeg CR-B
t1152292482.900171_x1.3453600_y-0.8883240_a-2.4489000.jpeg CR-B
t1152292483.108190_x1.2934000_y-0.9275090_a-2.4501000.jpeg CR-B
t1152292483.312292_x1.2384000_y-0.9736700_a-2.4499100.jpeg CR-B
t1152292483.516228_x1.2384000_y-0.9736700_a-2.4499100.jpeg CR-B
t1152292483.724322_x1.2054800_y-1.0092600_a-2.4498900.jpeg CR-B
t1152292483.928277_x1.1694100_y-1.0379300_a-2.4485000.jpeg CR-B
t1152292484.132263_x1.1129700_y-1.0864500_a-2.4499900.jpeg CR-B
t1152292484.340158_x1.0573100_y-1.1258100_a-2.4506400.jpeg CR-B
t1152292484.548161_x1.0210100_y-1.1536700_a-2.4522100.jpeg CR-B
t1152292484.756256_x0.9724240_y-1.1860100_a-2.4455000.jpeg CR-B
t1152292484.964392_x0.9365410_y-1.2224700_a-2.4274300.jpeg CR-B
t1152292485.168379_x0.9294530_y-1.2371200_a-2.3807900.jpeg CR-B
t1152292485.372340_x0.9239970_y-1.2610400_a-2.3203000.jpeg CR-B
t1152292485.576338_x0.9095390_y-1.2934000_a-2.2899000.jpeg CR-B
t1152292485.780427_x0.8428310_y-1.3930700_a-2.2570500.jpeg CR-B
t1152292485.988400_x0.8428310_y-1.3930700_a-2.2570500.jpeg CR-B
t1152292486.200392_x0.8081680_y-1.4446900_a-2.2295700.jpeg 1PO-B
t1152292486.404407_x0.7903970_y-1.5008200_a-2.1430300.jpeg 1PO-B
t1152292486.612539_x0.7902960_y-1.5466000_a-2.0660100.jpeg 1PO-B
t1152292486.820261_x0.7857430_y-1.5926900_a-1.9819700.jpeg 1PO-B
t1152292487.024548_x0.7773370_y-1.6294800_a-1.9180600.jpeg 1PO-B
t1152292487.231422_x0.7718140_y-1.6743500_a-1.8723500.jpeg 1PO-B
t1152292487.439426_x0.7624070_y-1.7308900_a-1.8276700.jpeg 1PO-B
t1152292487.647435_x0.7584960_y-1.7844200_a-1.7849500.jpeg 1PO-B
t1152292487.856437_x0.7644100_y-1.8352200_a-1.7172400.jpeg 1PO-B
t1152292488.068457_x0.7615320_y-1.8850000_a-1.6782600.jpeg 1PO-B
t1152292488.276601_x0.7582430_y-1.9372500_a-1.6681400.jpeg 1PO-B
t1152292488.484622_x0.7507680_y-1.9885000_a-1.6865800.jpeg 1PO-B
t1152292488.688630_x0.7442310_y-2.0419700_a-1.6865800.jpeg 1PO-B
t1152292488.892617_x0.7371240_y-2.0986000_a-1.6858400.jpeg 1PO-B
t1152292489.100570_x0.7340080_y-2.1478400_a-1.6911800.jpeg 1PO-B
t1152292489.308665_x0.7273000_y-2.2047800_a-1.6911800.jpeg 1PO-B
t1152292489.512653_x0.7192350_y-2.2679800_a-1.6917400.jpeg 1PO-B
t1152292489.720541_x0.7131980_y-2.3698100_a-1.6663400.jpeg 1PO-B
t1152292489.928543_x0.7131980_y-2.3698100_a-1.6663400.jpeg 1PO-B
t1152292490.136662_x0.7131980_y-2.3698100_a-1.6663400.jpeg 1PO-B
t1152292490.340661_x0.7085140_y-2.4248200_a-1.6577100.jpeg 1PO-B
t1152292490.544780_x0.7101360_y-2.4657200_a-1.6134100.jpeg 1PO-B
t1152292490.752756_x0.7057200_y-2.5225100_a-1.6115900.jpeg 1PO-B
t1152292490.960700_x0.7020100_y-2.6025200_a-1.6147800.jpeg 1PO-B
t1152292491.168715_x0.6986340_y-2.6795600_a-1.6165300.jpeg 1PO-B
t1152292491.373966_x0.6968270_y-2.7541000_a-1.6120300.jpeg 1PO-B
t1152292491.584724_x0.6953790_y-2.8328800_a-1.6113000.jpeg 1PO-B
t1152292491.792769_x0.6829590_y-2.9937900_a-1.6329800.jpeg 1PO-B
t1152292492.000694_x0.6829590_y-2.9937900_a-1.6329800.jpeg 1PO-B
t1152292492.204793_x0.6765820_y-3.0878200_a-1.6350100.jpeg 1PO-B
t1152292492.408867_x0.6750840_y-3.1654600_a-1.6284700.jpeg 1PO-B
t1152292492.612816_x0.6612330_y-3.2398600_a-1.6574900.jpeg 1PO-B
t1152292492.820817_x0.6521690_y-3.3039900_a-1.6746300.jpeg 1PO-B
t1152292493.032814_x0.6446270_y-3.3708100_a-1.6978000.jpeg 1PO-B
t1152292493.236858_x0.6326290_y-3.4122500_a-1.6957600.jpeg 1PO-B
t1152292493.440834_x0.6176210_y-3.4690600_a-1.7225900.jpeg 1PO-B
t1152292493.644869_x0.5984290_y-3.5779900_a-1.7301200.jpeg 1PO-B
t1152292493.852952_x0.5984290_y-3.5779900_a-1.7301200.jpeg 1PO-B
t1152292494.060842_x0.5889560_y-3.6312300_a-1.7319400.jpeg 1PO-B
t1152292494.268914_x0.5872270_y-3.6898500_a-1.7303900.jpeg 1PO-B
t1152292494.472959_x0.5666060_y-3.8133800_a-1.7303900.jpeg 1PO-B
t1152292494.680865_x0.5666060_y-3.8133800_a-1.7303900.jpeg 1PO-B
t1152292494.885015_x0.5477670_y-3.8767600_a-1.7238500.jpeg 1PO-B
t1152292495.092946_x0.5292950_y-3.9882100_a-1.7521600.jpeg 1PO-B
t1152292495.300904_x0.5292950_y-3.9882100_a-1.7521600.jpeg 1PO-B
t1152292495.504971_x0.5183950_y-4.0441000_a-1.7649400.jpeg 1PO-B
t1152292495.712960_x0.5005400_y-4.0877800_a-1.8086400.jpeg 1PO-B
t1152292495.918039_x0.4556990_y-4.1672700_a-1.8849200.jpeg 1PO-B
t1152292496.121089_x0.4556990_y-4.1672700_a-1.8849200.jpeg 1PO-B
t1152292496.338740_x0.4018090_y-4.2341800_a-2.0055600.jpeg 1PO-B
t1152292496.548968_x0.4018090_y-4.2341800_a-2.0055600.jpeg 1PO-B
t1152292496.753030_x0.3697090_y-4.2700700_a-2.0858700.jpeg 1PO-B
t1152292496.961090_x0.3697090_y-4.2700700_a-2.0858700.jpeg 1PO-B
t1152292497.169162_x0.3114410_y-4.2871400_a-2.2382800.jpeg 1PO-B
t1152292497.373126_x0.3114410_y-4.2871400_a-2.2382800.jpeg 1PO-B
t1152292497.577131_x0.2897950_y-4.2851800_a-2.3267000.jpeg 1PO-B
t1152292497.781095_x0.2807840_y-4.2834000_a-2.3640500.jpeg 1PO-B
t1152292497.989087_x0.2692060_y-4.2870900_a-2.3924300.jpeg 1PO-B
t1152292498.197218_x0.2621880_y-4.2795300_a-2.4439100.jpeg 1PO-B
t1152292498.401222_x0.2465970_y-4.2590700_a-2.5721400.jpeg 1PO-B
t1152292498.609219_x0.2465970_y-4.2590700_a-2.5721400.jpeg 1PO-B
t1152292498.813256_x0.2375140_y-4.2421200_a-2.6714400.jpeg 1PO-B
t1152292499.021061_x0.2306480_y-4.2262800_a-2.7573600.jpeg 1PO-B
t1152292499.232185_x0.2254250_y-4.2070300_a-2.8583100.jpeg 1PO-B
t1152292499.439604_x0.2204150_y-4.1854200_a-2.9692800.jpeg 1PO-B
t1152292499.645256_x0.2182150_y-4.1645200_a-3.0748200.jpeg 1PO-B
t1152292499.853253_x0.2180490_y-4.1481300_a3.1267900.jpeg 1PO-B
t1152292500.057838_x0.2198990_y-4.1286000_a3.0418900.jpeg 1PO-B
t1152292500.261264_x0.2202300_y-4.1157500_a2.9778300.jpeg 1PO-B
t1152292500.469264_x0.2186620_y-4.1003500_a2.9034600.jpeg 1PO-B
t1152292500.673408_x0.2279810_y-4.0709200_a2.7492400.jpeg 1PO-B
t1152292500.885317_x0.2279810_y-4.0709200_a2.7492400.jpeg 1PO-B
t1152292501.089428_x0.2344910_y-4.0562000_a2.6696000.jpeg 1PO-B
t1152292501.301285_x0.2443950_y-4.0350900_a2.5594000.jpeg 1PO-B
t1152292501.509323_x0.2583700_y-4.0099100_a2.4279700.jpeg 1PO-B
t1152292501.713380_x0.2656630_y-3.9838800_a2.3164100.jpeg 1PO-B
t1152292501.921459_x0.3048040_y-3.9343400_a2.0346000.jpeg 1PO-B
t1152292502.125409_x0.3048040_y-3.9343400_a2.0346000.jpeg 1PO-B
t1152292502.345459_x0.3249860_y-3.9197200_a1.9090300.jpeg 1PO-B
t1152292502.549487_x0.3466500_y-3.9065500_a1.7872200.jpeg 1PO-B
t1152292502.757373_x0.3812210_y-3.8944100_a1.6083600.jpeg 1PO-B
t1152292502.965466_x0.3812210_y-3.8944100_a1.6083600.jpeg 1PO-B
t1152292503.173406_x0.3862880_y-3.8903100_a1.5786200.jpeg 1PO-B
t1152292503.381443_x0.3954040_y-3.8863800_a1.5343500.jpeg 1PO-B
t1152292503.589477_x0.3954040_y-3.8863800_a1.5343500.jpeg 1PO-B
t1152292503.793484_x0.4024680_y-3.8851500_a1.5104800.jpeg 1PO-B
t1152292503.997524_x0.4024680_y-3.8851500_a1.5104800.jpeg 1PO-B
t1152292504.209536_x0.4187600_y-3.8868300_a1.4286800.jpeg 1PO-B
t1152292504.413511_x0.4187600_y-3.8868300_a1.4286800.jpeg 1PO-B
t1152292504.621623_x0.4279540_y-3.8880800_a1.3875600.jpeg 1PO-B
t1152292504.829477_x0.4279540_y-3.8880800_a1.3875600.jpeg 1PO-B
t1152292505.041572_x0.4308750_y-3.8884500_a1.3770800.jpeg 1PO-B
t1152292505.245597_x0.4327330_y-3.8748600_a1.3880700.jpeg 1PO-B
t1152292505.449609_x0.4327330_y-3.8748600_a1.3880700.jpeg 1PO-B
t1152292505.653615_x0.4284760_y-3.8473100_a1.4352900.jpeg 1PO-B
t1152292505.857628_x0.4318380_y-3.7647800_a1.4858100.jpeg 1PO-B
t1152292506.061638_x0.4318380_y-3.7647800_a1.4858100.jpeg 1PO-B
t1152292506.265648_x0.4434040_y-3.7232100_a1.4862400.jpeg 1PO-B
t1152292506.469664_x0.4536130_y-3.6563000_a1.4835600.jpeg 1PO-B
t1152292506.673773_x0.4648190_y-3.5138600_a1.4804200.jpeg 1PO-B
t1152292506.881627_x0.4648190_y-3.5138600_a1.4804200.jpeg 1PO-B
t1152292507.087596_x0.4706480_y-3.4458600_a1.4811700.jpeg 1PO-B
t1152292507.289719_x0.4757950_y-3.3862900_a1.4796100.jpeg 1PO-B
t1152292507.493711_x0.4892160_y-3.2560600_a1.4774900.jpeg 1PO-B
t1152292507.697721_x0.4892160_y-3.2560600_a1.4774900.jpeg 1PO-B
t1152292507.909074_x0.4993700_y-3.1913400_a1.4788300.jpeg 1PO-B
t1152292508.113786_x0.5058250_y-3.1091100_a1.4750400.jpeg 1PO-B
t1152292508.321855_x0.5262050_y-2.9693200_a1.4756900.jpeg 1PO-B
t1152292508.529597_x0.5262050_y-2.9693200_a1.4756900.jpeg 1PO-B
t1152292508.737775_x0.5327950_y-2.8907100_a1.4739000.jpeg 1PO-B
t1152292508.941967_x0.5395710_y-2.8182100_a1.4750200.jpeg 1PO-B
t1152292509.149815_x0.5549560_y-2.7374500_a1.4727100.jpeg 1PO-B
t1152292509.353873_x0.5717950_y-2.5984500_a1.4657700.jpeg 1PO-B
t1152292509.557851_x0.5717950_y-2.5984500_a1.4657700.jpeg 1PO-B
t1152292509.765948_x0.5717950_y-2.5984500_a1.4657700.jpeg 1PO-B
t1152292509.973963_x0.5790680_y-2.5330000_a1.4655700.jpeg 1PO-B
t1152292510.181872_x0.5876760_y-2.4818800_a1.4514600.jpeg 1PO-B
t1152292510.385894_x0.6209190_y-2.3729700_a1.3823500.jpeg 1PO-B
t1152292510.593949_x0.6209190_y-2.3729700_a1.3823500.jpeg 1PO-B
t1152292510.801903_x0.6402840_y-2.3140300_a1.3413000.jpeg 1PO-B
t1152292511.009917_x0.6574490_y-2.2570800_a1.3253400.jpeg 1PO-B
t1152292511.214039_x0.6921450_y-2.1096700_a1.3293400.jpeg 1PO-B
t1152292511.417995_x0.6921450_y-2.1096700_a1.3293400.jpeg 1PO-B
t1152292511.625895_x0.7087750_y-2.0319500_a1.3381400.jpeg 1PO-B
t1152292511.833926_x0.7377240_y-1.8901200_a1.3750200.jpeg 1PO-B
t1152292512.038032_x0.7524870_y-1.8038400_a1.3898000.jpeg 1PO-B
t1152292512.245997_x0.7506320_y-1.7299600_a1.4560200.jpeg 1PO-B
t1152292512.454006_x0.7581320_y-1.6645700_a1.4846600.jpeg 1PO-B
t1152292512.662009_x0.7569400_y-1.5470400_a1.5206800.jpeg 1PO-B
t1152292512.866081_x0.7569400_y-1.5470400_a1.5206800.jpeg 1PO-B
t1152292513.074100_x0.7582330_y-1.4797600_a1.5256400.jpeg 1PO-B
t1152292513.282078_x0.7649110_y-1.3947000_a1.5216500.jpeg CR-B
t1152292513.486125_x0.7559240_y-1.3114600_a1.5263700.jpeg CR-B
t1152292513.690108_x0.7676340_y-1.1552100_a1.5200700.jpeg CR-B
t1152292513.898066_x0.7676340_y-1.1552100_a1.5200700.jpeg CR-B
t1152292514.106162_x0.7730480_y-1.0896600_a1.5154600.jpeg CR-B
t1152292514.314110_x0.7678310_y-1.0311900_a1.5154000.jpeg CR-B
t1152292514.522043_x0.7729380_y-0.9667580_a1.5166700.jpeg CR-B
t1152292514.726150_x0.7827140_y-0.9033560_a1.5213500.jpeg CR-B
t1152292514.930268_x0.7840390_y-0.8362900_a1.5390100.jpeg CR-B
t1152292515.134221_x0.7785840_y-0.7572640_a1.5602800.jpeg CR-B
t1152292515.338234_x0.7682610_y-0.6867230_a1.6073900.jpeg CR-B
t1152292515.542256_x0.7314690_y-0.5406780_a1.7069000.jpeg CR-B
t1152292515.750138_x0.7314690_y-0.5406780_a1.7069000.jpeg CR-B
t1152292515.954232_x0.7314690_y-0.5406780_a1.7069000.jpeg CR-B
t1152292516.158370_x0.7106570_y-0.4663690_a1.7610300.jpeg CR-B
t1152292516.362293_x0.6797400_y-0.3964860_a1.8228900.jpeg CR-B
t1152292516.566284_x0.6415470_y-0.3563170_a1.9438700.jpeg CR-B
t1152292516.774333_x0.6041750_y-0.3247060_a2.0384300.jpeg CR-B
t1152292516.982259_x0.5630100_y-0.2928820_a2.1387000.jpeg CR-B
t1152292517.186319_x0.5159350_y-0.2606970_a2.2449100.jpeg CR-B
t1152292517.390343_x0.4842610_y-0.2414570_a2.3017100.jpeg CR-B
t1152292517.594343_x0.4407470_y-0.2246160_a2.3853000.jpeg CR-B
t1152292517.798361_x0.3930240_y-0.2089610_a2.4837200.jpeg CR-B
t1152292518.006352_x0.3547450_y-0.2103770_a2.5877900.jpeg CR-B
t1152292518.214473_x0.3051960_y-0.2004750_a2.6937900.jpeg CR-B
t1152292518.418447_x0.2562340_y-0.2006870_a2.7841700.jpeg CR-B
t1152292518.622394_x0.1885360_y-0.1995990_a2.8607100.jpeg CR-B
t1152292518.830384_x0.1346930_y-0.1994880_a2.9471000.jpeg CR-B
t1152292519.034493_x0.0690430_y-0.2048660_a3.0224100.jpeg CR-B
t1152292519.242481_x0.0037377_y-0.2108910_a3.0755600.jpeg CR-B
t1152292519.450424_x-0.0594288_y-0.2194140_a3.1177500.jpeg CR-B
t1152292519.658493_x-0.2271000_y-0.2174350_a3.1202800.jpeg CR-B
t1152292519.871021_x-0.2271000_y-0.2174350_a3.1202800.jpeg CR-B
t1152292520.078435_x-0.3269030_y-0.2075180_a3.1112500.jpeg CR-B
t1152292520.282530_x-0.4107300_y-0.2026390_a3.1075500.jpeg CR-B
t1152292520.486584_x-0.4944460_y-0.2013780_a3.1123200.jpeg CR-B
t1152292520.694488_x-0.5748080_y-0.1936620_a3.1075300.jpeg CR-B
t1152292520.898597_x-0.6621010_y-0.1883730_a3.1071400.jpeg CR-B
t1152292521.102555_x-0.7462640_y-0.1846230_a3.1061700.jpeg CR-B
t1152292521.310528_x-0.9132420_y-0.1880400_a3.1053100.jpeg CR-B
t1152292521.514595_x-0.9132420_y-0.1880400_a3.1053100.jpeg CR-B
t1152292521.722441_x-0.9668140_y-0.1869500_a3.1096800.jpeg CR-B
t1152292521.934295_x-1.0374100_y-0.1836860_a3.1093300.jpeg CR-B
t1152292522.138667_x-1.0374100_y-0.1836860_a3.1093300.jpeg CR-B
t1152292522.346607_x-1.1177800_y-0.1818880_a3.1063900.jpeg CR-B
t1152292522.554701_x-1.2039300_y-0.1826850_a3.1031700.jpeg CR-B
t1152292522.762625_x-1.2906300_y-0.1804050_a3.1064700.jpeg CR-B
t1152292522.966722_x-1.3816500_y-0.1801570_a3.1208400.jpeg CR-B
t1152292523.174817_x-1.5607800_y-0.1780120_a3.1381700.jpeg CR-B
t1152292523.378748_x-1.5607800_y-0.1780120_a3.1381700.jpeg CR-B
t1152292523.586689_x-1.6389500_y-0.1811240_a-3.1260600.jpeg CR-B
t1152292523.790731_x-1.7057300_y-0.1834260_a-3.1214200.jpeg CR-B
t1152292523.994848_x-1.7927200_y-0.1840910_a-3.1215700.jpeg CR-B
t1152292524.206792_x-1.9979200_y-0.1887690_a-3.1214400.jpeg CR-B
t1152292524.410761_x-1.9979200_y-0.1887690_a-3.1214400.jpeg CR-B
t1152292524.614789_x-2.0984300_y-0.1803240_a-3.1261100.jpeg CR-B
t1152292524.818916_x-2.2095000_y-0.1795960_a-3.1273500.jpeg CR-B
t1152292525.022854_x-2.3113200_y-0.1788010_a-3.1221400.jpeg CR-B
t1152292525.226820_x-2.4091100_y-0.1789150_a-3.1248300.jpeg CR-B
t1152292525.434818_x-2.4774800_y-0.1740090_a-3.1307000.jpeg CR-B
t1152292525.642858_x-2.6606500_y-0.1671800_a3.1381300.jpeg CR-B
t1152292525.850798_x-2.6606500_y-0.1671800_a3.1381300.jpeg CR-B
t1152292526.054912_x-2.7681100_y-0.1677750_a3.1318300.jpeg CR-B
t1152292526.258915_x-2.8531600_y-0.1684650_a3.1201500.jpeg CR-B
t1152292526.466990_x-2.9463000_y-0.1718310_a3.1162500.jpeg CR-B
t1152292526.675002_x-3.0205000_y-0.1696020_a3.1156500.jpeg CR-B
t1152292526.878961_x-3.1066200_y-0.1623370_a3.1146100.jpeg CR-B
t1152292527.083024_x-3.2076600_y-0.1556880_a3.1111300.jpeg CR-B
t1152292527.286998_x-3.2983800_y-0.1553520_a3.1090600.jpeg CR-B
t1152292527.493977_x-3.3937500_y-0.1519960_a3.1065800.jpeg CR-B
t1152292527.698998_x-3.4830600_y-0.1489250_a3.1093700.jpeg CR-B
t1152292527.910917_x-3.5791300_y-0.1448620_a3.1053700.jpeg CR-B
t1152292528.118943_x-3.6645200_y-0.1385990_a3.0946800.jpeg CR-B
t1152292528.323058_x-3.6645200_y-0.1385990_a3.0946800.jpeg CR-B
t1152292528.527122_x-3.7555100_y-0.1243520_a3.0769900.jpeg CR-B
t1152292528.735060_x-3.8320900_y-0.1180820_a3.0619300.jpeg CR-B
t1152292528.939081_x-3.9238900_y-0.1079590_a3.0443500.jpeg CR-B
t1152292529.143101_x-3.9873600_y-0.1015790_a3.0388500.jpeg CR-B
t1152292529.347088_x-4.0852400_y-0.0913625_a3.0355600.jpeg CR-B
t1152292529.555114_x-4.1867700_y-0.0777924_a3.0364300.jpeg CR-B
t1152292529.763118_x-4.2916700_y-0.0702776_a3.0299300.jpeg CR-B
t1152292529.971082_x-4.4048700_y-0.0589666_a3.0289700.jpeg CR-B
t1152292530.179115_x-4.5117400_y-0.0436973_a3.0266100.jpeg CR-B
t1152292530.387140_x-4.6126900_y-0.0336111_a3.0270400.jpeg CR-B
t1152292530.591170_x-4.7163200_y-0.0246765_a3.0415900.jpeg CR-B
t1152292530.795207_x-4.8187500_y-0.0218118_a3.0478000.jpeg CR-B
t1152292530.999169_x-4.9169400_y-0.0059460_a3.0500900.jpeg CR-B
t1152292531.207098_x-5.0308800_y0.0004890_a3.0459800.jpeg CR-B
t1152292531.415143_x-5.2345300_y0.0237124_a3.0394700.jpeg CR-B
t1152292531.619298_x-5.2345300_y0.0237124_a3.0394700.jpeg CR-B
t1152292531.827171_x-5.3370300_y0.0373324_a3.0258500.jpeg CR-B
t1152292532.031284_x-5.4208800_y0.0542094_a3.0012700.jpeg CR-B
t1152292532.235261_x-5.5118500_y0.0681393_a2.9946000.jpeg CR-B
t1152292532.443367_x-5.5949500_y0.0834535_a2.9744700.jpeg CR-B
t1152292532.647335_x-5.6750300_y0.1018450_a2.9652100.jpeg CR-B
t1152292532.851350_x-5.7462800_y0.1315490_a2.9137800.jpeg CR-B
t1152292533.059334_x-5.8107300_y0.1518450_a2.8751400.jpeg CR-B
t1152292533.267359_x-5.8800000_y0.1764040_a2.8372400.jpeg CR-B
t1152292533.471353_x-5.9378800_y0.2100760_a2.7821100.jpeg CR-B
t1152292533.675447_x-6.0038200_y0.2454850_a2.7488100.jpeg CR-B
t1152292533.879364_x-6.0573800_y0.2889750_a2.6563800.jpeg CR-B
t1152292534.083466_x-6.0573800_y0.2889750_a2.6563800.jpeg CR-B
t1152292534.291336_x-6.1034300_y0.3288810_a2.5788700.jpeg CR-B
t1152292534.499228_x-6.1964800_y0.4234330_a2.4537200.jpeg CR-B
t1152292534.706485_x-6.1964800_y0.4234330_a2.4537200.jpeg CR-B
t1152292534.911461_x-6.2338300_y0.4650830_a2.4003200.jpeg CR-B
t1152292535.119426_x-6.2626400_y0.5181860_a2.3132100.jpeg CR-B
t1152292535.331490_x-6.2901700_y0.5696550_a2.2543200.jpeg CR-B
t1152292535.539532_x-6.3158600_y0.6267420_a2.1901100.jpeg CR-B
t1152292535.745562_x-6.3245400_y0.7207180_a2.0146300.jpeg CR-B
t1152292535.955358_x-6.3245400_y0.7207180_a2.0146300.jpeg CR-B
t1152292536.159574_x-6.3323300_y0.7743850_a1.9281500.jpeg CR-B
t1152292536.363562_x-6.3326600_y0.8256110_a1.8576700.jpeg CR-B
t1152292536.567572_x-6.3296500_y0.8651030_a1.7912700.jpeg CR-B
t1152292536.771616_x-6.3231800_y0.9108300_a1.7127600.jpeg CR-B
t1152292536.983585_x-6.3117400_y0.9461560_a1.6387600.jpeg CR-B
t1152292537.191553_x-6.2962700_y1.0066900_a1.5319900.jpeg CR-B
t1152292537.399567_x-6.2962700_y1.0066900_a1.5319900.jpeg CR-B
t1152292537.607569_x-6.2953400_y1.0322200_a1.5211200.jpeg CR-B
t1152292537.815582_x-6.2926200_y1.1003200_a1.5211200.jpeg CR-B
t1152292538.023643_x-6.2926200_y1.1003200_a1.5211200.jpeg CR-B
t1152292538.231636_x-6.2912600_y1.1385700_a1.5211200.jpeg CR-B
t1152292538.436280_x-6.2890900_y1.1865200_a1.5211200.jpeg CR-B
t1152292538.639703_x-6.2866600_y1.2337000_a1.5211200.jpeg PA-B
t1152292538.843763_x-6.2848300_y1.2771300_a1.5211200.jpeg PA-B
t1152292539.051748_x-6.2834200_y1.3142500_a1.5211200.jpeg PA-B
t1152292539.259788_x-6.2802500_y1.3466300_a1.5132600.jpeg PA-B
t1152292539.467750_x-6.2666200_y1.4084200_a1.4674400.jpeg PA-B
t1152292539.671756_x-6.2666200_y1.4084200_a1.4674400.jpeg PA-B
t1152292539.879736_x-6.2596500_y1.4367500_a1.4466500.jpeg PA-B
t1152292540.087733_x-6.2504400_y1.4656700_a1.4222100.jpeg PA-B
t1152292540.298105_x-6.2481100_y1.5456300_a1.4416100.jpeg PA-B
t1152292540.507868_x-6.2437800_y1.5853100_a1.4425000.jpeg PA-B
t1152292540.715804_x-6.2328000_y1.6094000_a1.4433700.jpeg PA-B
t1152292540.923895_x-6.2252700_y1.6529300_a1.4391100.jpeg PA-B
t1152292541.131798_x-6.2252700_y1.6529300_a1.4391100.jpeg PA-B
t1152292541.356288_x-6.2154400_y1.7359900_a1.4391100.jpeg PA-B
t1152292541.563950_x-6.2097900_y1.7804700_a1.4391100.jpeg PA-B
t1152292541.772000_x-6.2097900_y1.7804700_a1.4391100.jpeg PA-B
t1152292541.978394_x-6.2030900_y1.8187700_a1.4321200.jpeg PA-B
t1152292542.187891_x-6.1944700_y1.8516000_a1.4138000.jpeg PA-B
t1152292542.392256_x-6.1841500_y1.8848100_a1.3913200.jpeg PA-B
t1152292542.599997_x-6.1727300_y1.9160900_a1.3656100.jpeg PA-B
t1152292542.803951_x-6.1597500_y1.9445000_a1.3309000.jpeg PA-B
t1152292543.011964_x-6.1341700_y2.0051500_a1.2818700.jpeg PA-B
t1152292543.216775_x-6.1341700_y2.0051500_a1.2818700.jpeg PA-B
t1152292543.420763_x-6.1224900_y2.0285700_a1.2587300.jpeg PA-B
t1152292543.631294_x-6.1106800_y2.0496600_a1.2331500.jpeg PA-B
t1152292543.840018_x-6.0960100_y2.0670900_a1.1947900.jpeg PA-B
t1152292544.048106_x-6.0832700_y2.0784800_a1.1581300.jpeg PA-B
t1152292544.252044_x-6.0699800_y2.0891200_a1.1197300.jpeg PA-B
t1152292544.460005_x-6.0502400_y2.0961000_a1.0456700.jpeg PA-B
t1152292544.664057_x-6.0502400_y2.0961000_a1.0456700.jpeg PA-B
t1152292544.872138_x-6.0409600_y2.0908100_a0.9996020.jpeg PA-B
t1152292545.080106_x-6.0310000_y2.0922400_a0.9629400.jpeg PA-B
t1152292545.284063_x-6.0197400_y2.0895300_a0.9134830.jpeg PA-B
t1152292545.492124_x-6.0085400_y2.0877800_a0.8622810.jpeg PA-B
t1152292545.699992_x-5.9877000_y2.0798800_a0.7602150.jpeg PA-B
t1152292545.908123_x-5.9877000_y2.0798800_a0.7602150.jpeg PA-B
t1152292546.112217_x-5.9781100_y2.0751200_a0.7110210.jpeg PA-B
t1152292546.316224_x-5.9719600_y2.0683100_a0.6621550.jpeg PA-B
t1152292546.520196_x-5.9561300_y2.0524100_a0.5580360.jpeg PA-B
t1152292546.728154_x-5.9561300_y2.0524100_a0.5580360.jpeg PA-B
t1152292546.932183_x-5.9510000_y2.0434000_a0.5057800.jpeg PA-B
t1152292547.140284_x-5.9469800_y2.0341300_a0.4545850.jpeg PA-B
t1152292547.344264_x-5.9425900_y2.0242500_a0.4004800.jpeg PA-B
t1152292547.549503_x-5.9397300_y2.0171200_a0.3620790.jpeg PA-B
t1152292547.753509_x-5.9362800_y2.0072500_a0.3097840.jpeg PA-B
t1152292547.961546_x-5.9362800_y2.0072500_a0.3097840.jpeg PA-B
t1152292548.170679_x-5.9333100_y1.9970200_a0.2564890.jpeg PA-B
t1152292548.372293_x-5.9309800_y1.9871100_a0.2055720.jpeg PA-B
t1152292548.584304_x-5.9289400_y1.9711200_a0.1253640.jpeg PA-B
t1152292548.788325_x-5.9289400_y1.9711200_a0.1253640.jpeg PA-B
t1152292548.992343_x-5.9284100_y1.9618000_a0.0775918.jpeg PA-B
t1152292549.204344_x-5.9279600_y1.9518800_a0.0263979.jpeg PA-B
t1152292549.408421_x-5.9411700_y1.9237900_a-0.0891250.jpeg PA-B
t1152292549.612422_x-5.9424000_y1.9134200_a-0.1417760.jpeg PA-B
t1152292549.816344_x-5.9464000_y1.8930500_a-0.2456020.jpeg PA-B
t1152292550.024286_x-5.9464000_y1.8930500_a-0.2456020.jpeg PA-B
t1152292550.228394_x-5.9490400_y1.8835200_a-0.2950810.jpeg PA-B
t1152292550.432406_x-5.9629000_y1.8633200_a-0.4060930.jpeg PA-B
t1152292550.636410_x-5.9629000_y1.8633200_a-0.4060930.jpeg PA-B
t1152292550.840420_x-5.9680900_y1.8521900_a-0.4675430.jpeg PA-B
t1152292551.044433_x-5.9755400_y1.8387600_a-0.5443390.jpeg PA-B
t1152292551.248445_x-5.9877500_y1.8214100_a-0.6433530.jpeg PA-B
t1152292551.452471_x-5.9969700_y1.8100200_a-0.7166540.jpeg PA-B
t1152292551.656495_x-6.0085800_y1.7990400_a-0.7957300.jpeg PA-B
t1152292551.860501_x-6.0200000_y1.7893000_a-0.8702410.jpeg PA-B
t1152292552.068505_x-6.0457300_y1.7708800_a-1.0286200.jpeg PA-B
t1152292552.272526_x-6.0457300_y1.7708800_a-1.0286200.jpeg PA-B
t1152292552.476639_x-6.0602000_y1.7629600_a-1.1111000.jpeg PA-B
t1152292552.680592_x-6.0735600_y1.7569400_a-1.1844000.jpeg PA-B
t1152292552.884608_x-6.0886300_y1.7515000_a-1.2645000.jpeg PA-B
t1152292553.088665_x-6.0886300_y1.7515000_a-1.2645000.jpeg PA-B
t1152292553.292938_x-6.1027900_y1.7475900_a-1.3379900.jpeg PA-B
t1152292553.500579_x-6.1279300_y1.7433000_a-1.4655800.jpeg PA-B
t1152292553.704612_x-6.1279300_y1.7433000_a-1.4655800.jpeg PA-B
t1152292553.912596_x-6.1372800_y1.7425400_a-1.5125200.jpeg PA-B
t1152292554.120733_x-6.1372800_y1.7425400_a-1.5125200.jpeg PA-B
t1152292554.324686_x-6.1378600_y1.7144900_a-1.5205200.jpeg PA-B
t1152292554.528712_x-6.1378600_y1.7144900_a-1.5205200.jpeg PA-B
t1152292554.740634_x-6.1388600_y1.6929000_a-1.5299700.jpeg PA-B
t1152292554.948724_x-6.1378300_y1.6660700_a-1.5299700.jpeg PA-B
t1152292555.152700_x-6.1387800_y1.6452400_a-1.5381100.jpeg PA-B
t1152292555.356719_x-6.1447600_y1.6260500_a-1.5716700.jpeg PA-B
t1152292555.564807_x-6.1447600_y1.6260500_a-1.5716700.jpeg PA-B
t1152292555.772818_x-6.1487800_y1.6203900_a-1.5919600.jpeg PA-B
t1152292555.976849_x-6.1544700_y1.6160300_a-1.6172300.jpeg PA-B
t1152292556.180803_x-6.1601300_y1.6023000_a-1.6393400.jpeg PA-B
t1152292556.384771_x-6.1718900_y1.5245000_a-1.6938000.jpeg PA-B
t1152292556.588905_x-6.1872700_y1.4948700_a-1.7467500.jpeg PA-B
t1152292556.796884_x-6.2051300_y1.4554800_a-1.7967600.jpeg PA-B
t1152292557.212866_x-6.2289800_y1.3672800_a-1.8095400.jpeg PA-B
t1152292564.430551_x-6.2349500_y1.2653300_a-1.7745100.jpeg PA-B
t1152292564.637303_x-6.2349500_y1.2653300_a-1.7745100.jpeg PA-B
t1152292564.841309_x-6.2184900_y1.2359300_a-1.7011500.jpeg PA-B
t1152292565.049242_x-6.2085700_y1.2057500_a-1.6421100.jpeg PA-B
t1152292565.253309_x-6.1675300_y1.0869200_a-1.5111700.jpeg CR-B
t1152292565.457325_x-6.1675300_y1.0869200_a-1.5111700.jpeg CR-B
t1152292565.665436_x-6.1675300_y1.0869200_a-1.5111700.jpeg CR-B
t1152292565.873363_x-6.1503000_y1.0164800_a-1.4466200.jpeg CR-B
t1152292566.077433_x-6.1253700_y0.9528170_a-1.3761400.jpeg CR-B
t1152292566.285425_x-6.1030600_y0.8914520_a-1.3359400.jpeg CR-B
t1152292566.489413_x-6.0775700_y0.8327240_a-1.2879100.jpeg CR-B
t1152292566.697408_x-6.0286200_y0.7621070_a-1.2243700.jpeg CR-B
t1152292566.905436_x-5.9778100_y0.6930300_a-1.1800600.jpeg CR-B
t1152292567.109529_x-5.9280300_y0.6108430_a-1.1022500.jpeg CR-B
t1152292567.321501_x-5.9280300_y0.6108430_a-1.1022500.jpeg CR-B
t1152292567.529479_x-5.8967900_y0.5453080_a-1.1006300.jpeg CR-B
t1152292567.737571_x-5.8647700_y0.4786560_a-1.1016500.jpeg CR-B
t1152292567.941517_x-5.7872800_y0.3307540_a-1.1000300.jpeg CR-B
t1152292568.145527_x-5.7872800_y0.3307540_a-1.1000300.jpeg CR-B
t1152292568.349529_x-5.7501800_y0.2587760_a-1.1025900.jpeg CR-B
t1152292568.557563_x-5.7089700_y0.1941760_a-1.0687800.jpeg CR-B
t1152292568.761555_x-5.6199800_y0.1074630_a-0.9027200.jpeg CR-B
t1152292568.965591_x-5.6199800_y0.1074630_a-0.9027200.jpeg CR-B
t1152292569.173605_x-5.5589000_y0.0719709_a-0.8055810.jpeg CR-B
t1152292569.377631_x-5.4531600_y0.0250234_a-0.6587060.jpeg CR-B
t1152292569.581640_x-5.4531600_y0.0250234_a-0.6587060.jpeg CR-B
t1152292569.785629_x-5.4096300_y-0.0016433_a-0.6235740.jpeg CR-B
t1152292569.989710_x-5.3641600_y-0.0148286_a-0.5624150.jpeg CR-B
t1152292570.193686_x-5.3096900_y-0.0378868_a-0.5196650.jpeg CR-B
t1152292570.397661_x-5.2445900_y-0.0632048_a-0.4835920.jpeg CR-B
t1152292570.605618_x-5.1833400_y-0.0859114_a-0.4457170.jpeg CR-B
t1152292570.809789_x-5.1151100_y-0.1113140_a-0.4067790.jpeg CR-B
t1152292571.017781_x-5.0495700_y-0.1191620_a-0.3222570.jpeg CR-B
t1152292571.221781_x-4.9804200_y-0.1171850_a-0.2232490.jpeg CR-B
t1152292571.425745_x-4.9804200_y-0.1171850_a-0.2232490.jpeg CR-B
t1152292571.633757_x-4.8491800_y-0.1054440_a-0.0709779.jpeg CR-B
t1152292571.841754_x-4.8491800_y-0.1054440_a-0.0709779.jpeg CR-B
t1152292572.049819_x-4.7924100_y-0.1061190_a-0.0508273.jpeg CR-B
t1152292572.257797_x-4.7307500_y-0.1017350_a-0.0338749.jpeg CR-B
t1152292572.465759_x-4.5850800_y-0.0994012_a0.0053977.jpeg CR-B
t1152292572.673768_x-4.5850800_y-0.0994012_a0.0053977.jpeg CR-B
t1152292572.881756_x-4.4998900_y-0.0863457_a0.0656027.jpeg CR-B
t1152292573.089765_x-4.4141400_y-0.0649059_a0.1164660.jpeg CR-B
t1152292573.297835_x-4.2417700_y-0.0219031_a0.1778430.jpeg CR-B
t1152292573.501917_x-4.2417700_y-0.0219031_a0.1778430.jpeg CR-B
t1152292573.705899_x-4.1449400_y-0.0111665_a0.1678910.jpeg CR-B
t1152292573.913862_x-4.0464200_y0.0076114_a0.1692720.jpeg CR-B
t1152292574.118041_x-3.8586600_y0.0420287_a0.1673240.jpeg CR-B
t1152292574.322644_x-3.8586600_y0.0420287_a0.1673240.jpeg CR-B
t1152292574.529896_x-3.7649600_y0.0596708_a0.1674480.jpeg CR-B
t1152292574.737880_x-3.6656600_y0.0780587_a0.1628720.jpeg CR-B
t1152292574.942085_x-3.5694000_y0.0856870_a0.1467470.jpeg CR-B
t1152292575.153985_x-3.4746300_y0.0893955_a0.1047650.jpeg CR-B
t1152292575.357995_x-3.3793400_y0.1022380_a0.0963201.jpeg CR-B
t1152292575.565953_x-3.2256200_y0.1153270_a0.0672223.jpeg CR-B
t1152292575.774069_x-3.2256200_y0.1153270_a0.0672223.jpeg CR-B
t1152292575.982053_x-3.1452400_y0.1210460_a0.0604863.jpeg CR-B
t1152292576.194099_x-2.9723500_y0.1304160_a0.0510575.jpeg CR-B
t1152292576.398051_x-2.9723500_y0.1304160_a0.0510575.jpeg CR-B
t1152292576.606070_x-2.8864700_y0.1367840_a0.0537188.jpeg CR-B
t1152292576.810125_x-2.7960700_y0.1368020_a0.0471164.jpeg CR-B
t1152292577.014054_x-2.6133900_y0.1553540_a0.0439129.jpeg CR-B
t1152292577.222028_x-2.6133900_y0.1553540_a0.0439129.jpeg CR-B
t1152292577.430037_x-2.5154300_y0.1554580_a0.0432314.jpeg CR-B
t1152292577.641006_x-2.4239200_y0.1601400_a0.0427975.jpeg CR-B
t1152292577.850146_x-2.2346100_y0.1691750_a0.0444762.jpeg CR-B
t1152292578.054157_x-2.2346100_y0.1691750_a0.0444762.jpeg CR-B
t1152292578.258171_x-2.2346100_y0.1691750_a0.0444762.jpeg CR-B
t1152292578.466089_x-2.1422800_y0.1534080_a0.0409285.jpeg CR-B
t1152292578.674124_x-2.0485600_y0.1571450_a0.0409170.jpeg CR-B
t1152292578.878202_x-1.9572700_y0.1530140_a0.0395232.jpeg CR-B
t1152292579.086174_x-1.7546400_y0.1546510_a0.0356628.jpeg CR-B
t1152292579.290229_x-1.7546400_y0.1546510_a0.0356628.jpeg CR-B
t1152292579.494306_x-1.6557600_y0.1551050_a0.0386124.jpeg CR-B
t1152292579.702138_x-1.5589200_y0.1587480_a0.0367622.jpeg CR-B
t1152292579.910187_x-1.3663200_y0.1754470_a0.0621420.jpeg CR-B
t1152292580.114260_x-1.3663200_y0.1754470_a0.0621420.jpeg CR-B
t1152292580.318305_x-1.2753800_y0.1985800_a0.1233150.jpeg CR-B
t1152292580.526372_x-1.1797000_y0.2164740_a0.1669840.jpeg CR-B
t1152292580.734297_x-1.0785600_y0.2414980_a0.1834790.jpeg CR-B
t1152292580.942424_x-0.9549200_y0.2583830_a0.1787300.jpeg CR-B
t1152292581.146316_x-0.8656410_y0.2647290_a0.1874650.jpeg CR-B
t1152292581.350367_x-0.7688840_y0.2800780_a0.1809090.jpeg CR-B
t1152292581.558352_x-0.5700070_y0.3143680_a0.1578130.jpeg CR-B
t1152292581.762377_x-0.5700070_y0.3143680_a0.1578130.jpeg CR-B
t1152292581.970391_x-0.4591710_y0.3296390_a0.1408050.jpeg CR-B
t1152292582.174428_x-0.3688010_y0.3283120_a0.0937915.jpeg CR-B
t1152292582.378964_x-0.3001560_y0.3172510_a0.0143272.jpeg CR-B
t1152292582.586507_x-0.2115270_y0.3021320_a-0.0552808.jpeg CR-B
t1152292582.794444_x-0.1444800_y0.2912780_a-0.0917617.jpeg CR-B
t1152292582.998456_x-0.0906609_y0.2918380_a-0.0876211.jpeg CR-B
t1152292583.202464_x-0.0234776_y0.2840380_a-0.0768953.jpeg CR-B
t1152292583.406538_x0.0231066_y0.2831430_a-0.0718564.jpeg CR-B
t1152292583.614351_x0.1354190_y0.2754850_a-0.0711084.jpeg CR-B
t1152292583.818619_x0.1354190_y0.2754850_a-0.0711084.jpeg CR-B
t1152292584.026587_x0.1354190_y0.2754850_a-0.0711084.jpeg CR-B
t1152292584.230643_x0.1796370_y0.2713200_a-0.0762219.jpeg CR-B
t1152292584.434565_x0.1775350_y0.2801220_a-0.0333132.jpeg CR-B
t1152292584.642571_x0.1896040_y0.2833090_a-0.0286318.jpeg CR-B
t1152292584.850440_x0.1868070_y0.2812010_a-0.0285289.jpeg CR-B
